10:04:37 <INFO> Started REINVENT 4.6.27 (C) AstraZeneca 2017, 2023 on 2025-10-09
10:04:37 <INFO> Command line: /home/cheriong/miniconda3/envs/reinvent4-gpu/bin/reinvent experiments/runs/run11_run7_moresteps/config.toml
10:04:37 <INFO> Reading run configuration from /mnt/c/Users/ucsaheu/python_projects/DENV_Drug_Discovery/05_Generative_AI_REINVENT/REINVENT4-main/experiments/runs/run11_run7_moresteps/config.toml using format toml
10:04:37 <INFO> User cheriong on host CS00050812
10:04:37 <INFO> Python version 3.10.18
10:04:37 <INFO> PyTorch version 2.5.1, git a8d6afb511a69687bbb2b7e88a3cf67917e1697e
10:04:37 <INFO> PyTorch compiled with CUDA version 11.8
10:04:37 <INFO> RDKit version 2025.03.2
10:04:37 <INFO> Platform Linux-5.10.102.1-microsoft-standard-WSL2-x86_64-with-glibc2.39
10:04:38 <INFO> Number of PyTorch CUDA devices 1
10:04:38 <WARN> 'use_cuda' is deprecated, use 'device' instead
10:04:38 <INFO> Using CUDA device:0 NVIDIA T1200 Laptop GPU
10:04:38 <INFO> GPU memory: 3295 MiB free, 4095 MiB total
10:04:38 <INFO> Writing TensorBoard summary to /mnt/c/Users/ucsaheu/python_projects/DENV_Drug_Discovery/05_Generative_AI_REINVENT/REINVENT4-main/experiments/runs/run11_run7_moresteps/tensorboard
10:04:38 <INFO> Writing JSON config file to /mnt/c/Users/ucsaheu/python_projects/DENV_Drug_Discovery/05_Generative_AI_REINVENT/REINVENT4-main/experiments/runs/run11_run7_moresteps/_config.json
10:04:38 <INFO> Starting 1 stage of Reinforcement Learning
10:04:38 <INFO> /mnt/c/Users/ucsaheu/python_projects/DENV_Drug_Discovery/05_Generative_AI_REINVENT/REINVENT4-main/priors/libinvent.prior has valid hash:
{ 'comments': [],
  'creation_date': 0,
  'date_format': 'UNIX epoch',
  'hash_id': '99944413c8f0b152c2bca0dca31aa6d3',
  'hash_id_format': 'xxhash.xxh3_128_hex 3.4.1',
  'model_id': '558e4fbd038c4b0ba67b03a025e657c4',
  'model_id_format': 'uuid.uuid4 3.10.12',
  'origina_data_source': 'ChEMBL 27',
  'updates': []}
10:04:38 <INFO> Number of network parameters: 23,686,692
10:04:38 <INFO> Network architecture:
Decorator(
  (_encoder): Encoder(
    (_embedding): Sequential(
      (0): Embedding(38, 512)
      (1): Dropout(p=0.2, inplace=False)
    )
    (_rnn): LSTM(512, 512, num_layers=3, batch_first=True, dropout=0.2, bidirectional=True)
  )
  (_decoder): Decoder(
    (_embedding): Sequential(
      (0): Embedding(36, 512)
      (1): Dropout(p=0.2, inplace=False)
    )
    (_rnn): LSTM(512, 512, num_layers=3, batch_first=True, dropout=0.2)
    (_attention): AttentionLayer(
      (_attention_linear): Sequential(
        (0): Linear(in_features=1024, out_features=512, bias=True)
        (1): Tanh()
      )
    )
    (_linear): Linear(in_features=512, out_features=36, bias=True)
  )
)
10:04:39 <INFO> /mnt/c/Users/ucsaheu/python_projects/DENV_Drug_Discovery/05_Generative_AI_REINVENT/REINVENT4-main/priors/libinvent.prior has valid hash:
{ 'comments': [],
  'creation_date': 0,
  'date_format': 'UNIX epoch',
  'hash_id': '99944413c8f0b152c2bca0dca31aa6d3',
  'hash_id_format': 'xxhash.xxh3_128_hex 3.4.1',
  'model_id': '558e4fbd038c4b0ba67b03a025e657c4',
  'model_id_format': 'uuid.uuid4 3.10.12',
  'origina_data_source': 'ChEMBL 27',
  'updates': []}
10:04:39 <INFO> Number of network parameters: 23,686,692
10:04:39 <INFO> Network architecture:
Decorator(
  (_encoder): Encoder(
    (_embedding): Sequential(
      (0): Embedding(38, 512)
      (1): Dropout(p=0.2, inplace=False)
    )
    (_rnn): LSTM(512, 512, num_layers=3, batch_first=True, dropout=0.2, bidirectional=True)
  )
  (_decoder): Decoder(
    (_embedding): Sequential(
      (0): Embedding(36, 512)
      (1): Dropout(p=0.2, inplace=False)
    )
    (_rnn): LSTM(512, 512, num_layers=3, batch_first=True, dropout=0.2)
    (_attention): AttentionLayer(
      (_attention_linear): Sequential(
        (0): Linear(in_features=1024, out_features=512, bias=True)
        (1): Tanh()
      )
    )
    (_linear): Linear(in_features=512, out_features=36, bias=True)
  )
)
10:04:39 <INFO> Using generator Libinvent
10:04:39 <INFO> Prior read from priors/libinvent.prior
10:04:39 <INFO> Agent read from priors/libinvent.prior
10:04:39 <INFO> Input molecules/fragments read from file data/pyrrolidine_libinvent.smi
10:04:39 <INFO> Using reward strategy dap
10:04:39 <INFO> Using diversity filter IdenticalMurckoScaffold
10:04:39 <INFO> Diversity filter memories are retained between stages
10:04:39 <ERRO> Component reinvent_plugins.components.OpenEye.comp_rocs could not be imported: No module named 'openeye'
10:04:39 <INFO> Registered scoring component GroupCount
10:04:39 <INFO> Registered scoring component FragmentQed
10:04:39 <INFO> Registered scoring component FragmentSlogP
10:04:39 <INFO> Registered scoring component FragmentMolecularWeight
10:04:39 <INFO> Registered scoring component FragmentTPSA
10:04:39 <INFO> Registered scoring component FragmentDistanceMatrix
10:04:39 <INFO> Registered scoring component FragmentNumAtomStereoCenters
10:04:39 <INFO> Registered scoring component FragmentHBondAcceptors
10:04:39 <INFO> Registered scoring component FragmentHBondDonors
10:04:39 <INFO> Registered scoring component FragmentNumRotBond
10:04:39 <INFO> Registered scoring component FragmentCsp3
10:04:39 <INFO> Registered scoring component Fragmentnumsp
10:04:39 <INFO> Registered scoring component Fragmentnumsp2
10:04:39 <INFO> Registered scoring component Fragmentnumsp3
10:04:39 <INFO> Registered scoring component FragmentEffectiveLength
10:04:39 <INFO> Registered scoring component FragmentGraphLength
10:04:39 <INFO> Registered scoring component FragmentLengthRatio
10:04:39 <INFO> Registered scoring component FragmentNumHeavyAtoms
10:04:39 <INFO> Registered scoring component FragmentNumHeteroAtoms
10:04:39 <INFO> Registered scoring component FragmentNumRings
10:04:39 <INFO> Registered scoring component FragmentNumAromaticRings
10:04:39 <INFO> Registered scoring component FragmentNumAliphaticRings
10:04:39 <INFO> Registered scoring component FragmentSlogP
10:04:39 <INFO> Registered scoring component MatchingSubstructure
10:04:39 <INFO> Registered scoring component MolVolume
10:04:39 <INFO> Registered scoring component Qed
10:04:39 <INFO> Registered scoring component LargestRingSize
10:04:39 <INFO> Registered scoring component MolecularWeight
10:04:39 <INFO> Registered scoring component GraphLength
10:04:39 <INFO> Registered scoring component NumAtomStereoCenters
10:04:39 <INFO> Registered scoring component HBondAcceptors
10:04:39 <INFO> Registered scoring component HBondDonors
10:04:39 <INFO> Registered scoring component NumRotBond
10:04:39 <INFO> Registered scoring component Csp3
10:04:39 <INFO> Registered scoring component numsp
10:04:39 <INFO> Registered scoring component numsp2
10:04:39 <INFO> Registered scoring component numsp3
10:04:39 <INFO> Registered scoring component NumHeavyAtoms
10:04:39 <INFO> Registered scoring component NumHeteroAtoms
10:04:39 <INFO> Registered scoring component NumRings
10:04:39 <INFO> Registered scoring component NumAromaticRings
10:04:39 <INFO> Registered scoring component NumAliphaticRings
10:04:39 <INFO> Registered scoring component SlogP
10:04:39 <INFO> Registered scoring component LargestRingSize
10:04:39 <INFO> Registered scoring component PMI
10:04:39 <INFO> Registered scoring component RDKitDescriptors
10:04:39 <INFO> Registered scoring component TanimotoSimilarity
10:04:39 <INFO> Registered scoring component TanimotoDistance
10:04:39 <INFO> Registered scoring component TPSA
10:04:39 <INFO> Registered scoring component SAScore
10:04:39 <INFO> Registered scoring component Cazp
10:04:40 <INFO> Registered scoring component ChemProp
10:04:40 <INFO> Registered scoring component CustomAlerts
10:04:40 <INFO> Registered scoring component DockStream
10:04:40 <INFO> Registered scoring component ExternalProcess
10:04:40 <INFO> Registered scoring component REST
10:04:40 <INFO> Registered scoring component Icolos
10:04:40 <INFO> Registered scoring component Maize
10:04:40 <INFO> Registered scoring component MMP
10:04:40 <INFO> Registered scoring component Qptuna
10:04:40 <INFO> Registered scoring component QSARScorer
10:04:40 <INFO> Registered scoring component ReactionFilter
10:04:40 <INFO> Registered scoring component ScaffoldMatcher
10:04:40 <INFO> Registered scoring component RingPrecedence
10:04:40 <INFO> Creating scoring component QSARScorer
10:04:40 <INFO> Creating scoring component NumAtomStereoCenters
10:04:40 <INFO> Creating filter component CustomAlerts
10:04:40 <INFO> Creating scoring component Qed
10:04:40 <INFO> Creating scoring component SAScore
10:04:40 <INFO> Creating scoring component MolecularWeight
10:04:40 <INFO> Creating scoring component NumHeavyAtoms
10:04:40 <INFO> Creating scoring component SlogP
10:04:40 <INFO> Creating scoring component TPSA
10:04:40 <INFO> Creating scoring component HBondAcceptors
10:04:40 <INFO> Creating scoring component HBondDonors
10:04:40 <INFO> Creating scoring component NumRotBond
10:04:40 <INFO> Creating scoring component NumRings
10:04:40 <INFO> Creating scoring component NumAromaticRings
10:04:40 <INFO> Writing tabular data for stage to experiments/runs/run11_run7_moresteps/results_1.csv
10:04:40 <INFO> Starting stage 1 <<<
10:04:40 <INFO> Current GPU memory usage: 1152 MiB used, 2943 MiB free
10:04:41 <WARN> reinvent_plugins.normalizers.rdkit_smiles: [*]C1C([*])C(C(N1)c1ccc([*])cc1)C(=O)N[*]c1cc(C)ccc1*|O1c2ccc(*)cc2OC1|*N(*)C|*C(=O)C could not be converted
10:04:49 <INFO> Score: 0.41 Agent NLL: 20.18 Valid:  99% Step: 1
 | Agent Prior Target Score SMILES SMILES_state Input_Scaffold R-groups Scaffold DENV_Activity DENV_Activity (raw) Stereo_Centers Stereo_Centers (raw) QED QED (raw) SA SA (raw) MW MW (raw) Heavy_Atoms Heavy_Atoms (raw) LogP LogP (raw) TPSA TPSA (raw) HBA HBA (raw) HBD HBD (raw) Rotatable_Bonds Rotatable_Bonds (raw) Ring_Count Ring_Count (raw) Aromatic_Rings Aromatic_Rings (raw) Stability_Alerts Stability_Alerts (raw) matchting_patterns (Stability_Alerts)
 | 24.3687 15.8860 56.0022 0.5990684 CCCC1NC(c2ccc(C(C)C)cc2)C(C(=O)NC(N)=O)C1C1CC1 1 [*]C1C([*])C(C(N1)c1ccc([*])cc1)C(=O)N[*] *CCC|*C1CC1|C(C)(*)C|O=C(*)N c1ccc(C2CC(C3CC3)CN2)cc1 0.9615015 7.7422 0.0000000 4.0000 0.7287918 0.7288 0.0005728 3.8846 0.9950122 357.4980 0.8780020 26.0000 0.9571708 3.4603 0.9993023 84.2200 0.9693466 3.0000 0.0031523 3.0000 0.0161150 6.0000 0.5000000 3.0000 0.9968477 1.0000 1.0000000 1.0000 []
 | 15.4646 13.8900 51.4035 0.5441122 CCCC1NC(c2ccc(N)cc2)C(C(=O)NC(N)=O)C1CC 1 [*]C1C([*])C(C(N1)c1ccc([*])cc1)C(=O)N[*] *CCC|*CC|*N|O=C(*)N c1ccc(C2CCCN2)cc1 0.9617448 7.7397 0.0000000 4.0000 0.6215474 0.6215 0.0005038 3.9042 0.8450948 318.4210 0.7284598 23.0000 0.9949874 1.9191 0.0088742 110.2400 0.7597469 4.0000 0.0000682 4.0000 0.0782003 5.0000 0.9968477 2.0000 0.9968477 1.0000 1.0000000 1.0000 []
 | 18.6890 16.2263 58.6329 0.6238265 CCCC1NC(c2ccc(C)cc2)C(C(=O)NC(=O)NCC)C1CC 1 [*]C1C([*])C(C(N1)c1ccc([*])cc1)C(=O)N[*] *CCC|*CC|C*|CCNC(=O)* c1ccc(C2CCCN2)cc1 0.9687876 7.6573 0.0000000 4.0000 0.7407682 0.7408 0.0012016 3.7719 0.9850724 345.4870 0.8381740 25.0000 0.9829072 3.2961 0.9999989 70.2300 0.9693466 3.0000 0.0031523 3.0000 0.0161150 6.0000 0.9968477 2.0000 0.9968477 1.0000 1.0000000 1.0000 []
 | 14.1671 12.6881 63.0506 0.6311555 CCCC1NC(c2ccc(C)cc2)C(C(=O)NC(C)=O)C1CCC 1 [*]C1C([*])C(C(N1)c1ccc([*])cc1)C(=O)N[*] *CCC|CCC*|*C|*C(=O)C c1ccc(C2CCCN2)cc1 0.9739354 7.5848 0.0000000 4.0000 0.8390795 0.8391 0.0011010 3.7852 0.9430299 330.4720 0.7884759 24.0000 0.9458177 3.5032 0.9997709 58.2000 0.9693466 3.0000 0.1279931 2.0000 0.0161150 6.0000 0.9968477 2.0000 0.9968477 1.0000 1.0000000 1.0000 []
 | 15.9713 14.5022 43.6504 0.4846050 COc1ccc(S(=O)(=O)NC(=O)C2C(c3ccc(C(C)C)cc3)NC(C)C2C(C)C)cc1 1 [*]C1C([*])C(C(N1)c1ccc([*])cc1)C(=O)N[*] *C|*C(C)C|*C(C)C|O=S(=O)(*)c1ccc(OC)cc1 O=C(NS(=O)(=O)c1ccccc1)C1CCNC1c1ccccc1 0.9675179 7.6734 0.0000000 4.0000 0.6481541 0.6482 0.0016424 3.7243 0.9783502 458.6240 0.7284598 32.0000 0.1962721 4.2449 0.9992063 84.5000 0.2402531 5.0000 0.1279931 2.0000 0.0031523 7.0000 0.5000000 3.0000 0.5000000 2.0000 1.0000000 1.0000 []
 | 23.8626 20.0997 40.2508 0.5029212 CC(C)C1C(C)NC(c2ccc(C3CCCC3)cc2)C1C(=O)NC(=O)c1ccccc1 1 [*]C1C([*])C(C(N1)c1ccc([*])cc1)C(=O)N[*] *C|*C(C)C|C1CCCC1*|c1ccc(C(*)=O)cc1 O=C(NC(=O)C1CCNC1c1ccc(C2CCCC2)cc1)c1ccccc1 0.9686237 7.6594 0.0000000 4.0000 0.6545016 0.6545 0.0027579 3.6454 0.9994466 418.5810 0.7884759 31.0000 0.0008803 5.2220 0.9997709 58.2000 0.9693466 3.0000 0.1279931 2.0000 0.0782003 5.0000 0.0031523 4.0000 0.5000000 2.0000 1.0000000 1.0000 []
 | 14.9531 12.9732 42.6295 0.4633557 CC(C)C1C(C)NC(c2ccc(-c3ccccc3)cc2)C1C(=O)NC(=O)Nc1ccccc1 1 [*]C1C([*])C(C(N1)c1ccc([*])cc1)C(=O)N[*] *C|*C(C)C|c1ccc(*)cc1|c1cc(NC(*)=O)ccc1 O=C(NC(=O)C1CCNC1c1ccc(-c2ccccc2)cc1)Nc1ccccc1 0.9721056 7.6120 0.0000000 4.0000 0.4810227 0.4810 0.0059741 3.5274 0.9954185 441.5750 0.6587843 33.0000 0.0000875 5.6231 0.9999989 70.2300 0.9693466 3.0000 0.0031523 3.0000 0.0782003 5.0000 0.0031523 4.0000 0.0031523 3.0000 1.0000000 1.0000 []
 | 14.3580 12.6569 54.8637 0.5626716 Cc1ccc(C2NC(C)C(C3CC3)C2C(=O)NS(=O)(=O)c2ccc(C)cc2)cc1 1 [*]C1C([*])C(C(N1)c1ccc([*])cc1)C(=O)N[*] *C|*C1CC1|*C|O=S(=O)(*)c1ccc(C)cc1 O=C(NS(=O)(=O)c1ccccc1)C1C(c2ccccc2)NCC1C1CC1 0.9675073 7.6735 0.0000000 4.0000 0.7883804 0.7884 0.0023796 3.6679 0.9996822 412.5550 0.8780020 29.0000 0.9512852 3.4837 0.9999887 75.2700 0.7597469 4.0000 0.1279931 2.0000 0.0782003 5.0000 0.0031523 4.0000 0.5000000 2.0000 1.0000000 1.0000 []
 | 18.8857 15.2289 -15.2289 0.0000000 CC1NC(c2ccc(C(F)(F)F)cc2)C(C(=O)NC(N)=O)C1C1CC1 1 [*]C1C([*])C(C(N1)c1ccc([*])cc1)C(=O)N[*] *C|*C1CC1|C(F)(*)(F)F|C(=O)(*)N c1ccc(C2CC(C3CC3)CN2)cc1 0.0000000 0.0000 0.0000000 0.0000 0.0000000 0.0000 0.0000000 0.0000 0.0000000 0.0000 0.0000000 0.0000 0.0000000 0.0000 0.0000000 0.0000 0.0000000 0.0000 0.0000000 0.0000 0.0000000 0.0000 0.0000000 0.0000 0.0000000 0.0000 0.0000000 0.0000 ['[F,Cl,Br,I][C,c][F,Cl,Br,I]']
 | 19.1310 18.2233 45.9737 0.5349754 CC(=O)NC(=O)C1C(c2ccc(-c3ccccc3)cc2)NC(C)C1CCC(C)C 1 [*]C1C([*])C(C(N1)c1ccc([*])cc1)C(=O)N[*] *C|*CCC(C)C|c1ccccc1*|C(C)(=O)* c1ccc(-c2ccc(C3CCCN3)cc2)cc1 0.9673722 7.6752 0.0000000 4.0000 0.7479257 0.7479 0.0029557 3.6348 0.9998013 392.5430 0.8780020 29.0000 0.0158063 4.7177 0.9997709 58.2000 0.9693466 3.0000 0.1279931 2.0000 0.0161150 6.0000 0.5000000 3.0000 0.5000000 2.0000 1.0000000 1.0000 []
10:04:57 <INFO> Score: 0.38 Agent NLL: 20.71 Valid: 100% Step: 2
 | Agent Prior Target Score SMILES SMILES_state Input_Scaffold R-groups Scaffold DENV_Activity DENV_Activity (raw) Stereo_Centers Stereo_Centers (raw) QED QED (raw) SA SA (raw) MW MW (raw) Heavy_Atoms Heavy_Atoms (raw) LogP LogP (raw) TPSA TPSA (raw) HBA HBA (raw) HBD HBD (raw) Rotatable_Bonds Rotatable_Bonds (raw) Ring_Count Ring_Count (raw) Aromatic_Rings Aromatic_Rings (raw) Stability_Alerts Stability_Alerts (raw) matchting_patterns (Stability_Alerts)
 | 19.3595 31.9187 23.0771 0.4582984 CCCCCC1NC(c2ccc(-c3ccc(S(N)(=O)=O)cc3)cc2)C(C(=O)NC(N)=O)C1C 1 [*]C1C([*])C(C(N1)c1ccc([*])cc1)C(=O)N[*] *CCCCC|*C|c1(*)ccc(S(=O)(N)=O)cc1|*C(=O)N c1ccc(-c2ccc(C3CCCN3)cc2)cc1 0.9648802 7.7050 0.0000000 4.0000 0.4365012 0.4365 0.0012383 3.7673 0.9257125 472.6110 0.6587843 33.0000 0.9960027 3.0414 0.0000000 144.3800 0.2402531 5.0000 0.0000682 4.0000 0.0006102 8.0000 0.5000000 3.0000 0.5000000 2.0000 1.0000000 1.0000 []
 | 19.0020 18.5368 -18.5368 0.0000000 CCCCC1NC(c2ccc(C(F)(F)F)cc2)C(C(=O)NC(N)=O)C1CC 1 [*]C1C([*])C(C(N1)c1ccc([*])cc1)C(=O)N[*] *CCCC|C(C)*|FC(F)(F)*|O=C(N)* c1ccc(C2CCCN2)cc1 0.0000000 0.0000 0.0000000 0.0000 0.0000000 0.0000 0.0000000 0.0000 0.0000000 0.0000 0.0000000 0.0000 0.0000000 0.0000 0.0000000 0.0000 0.0000000 0.0000 0.0000000 0.0000 0.0000000 0.0000 0.0000000 0.0000 0.0000000 0.0000 0.0000000 0.0000 ['[F,Cl,Br,I][C,c][F,Cl,Br,I]']
 | 20.9946 27.1971 33.4698 0.5055573 CCCCC1NC(c2ccc(N3CCC(C)CC3)cc2)C(C(=O)NC(N)=O)C1CC(C)C 1 [*]C1C([*])C(C(N1)c1ccc([*])cc1)C(=O)N[*] *CCCC|CC(C)C*|N1(*)CCC(C)CC1|*C(=O)N c1cc(N2CCCCC2)ccc1C1CCCN1 0.9527010 7.8263 0.0000000 4.0000 0.5490158 0.5490 0.0004611 3.9176 0.9949450 442.6480 0.7284598 32.0000 0.0307562 4.5994 0.9969050 87.4600 0.7597469 4.0000 0.0031523 3.0000 0.0006102 8.0000 0.5000000 3.0000 0.9968477 1.0000 1.0000000 1.0000 []
 | 18.8863 17.5666 46.7596 0.5360516 CCCC1NC(c2ccc(C)cc2)C(C(=O)NS(=O)(=O)c2ccc(F)cc2)C1CC 1 [*]C1C([*])C(C(N1)c1ccc([*])cc1)C(=O)N[*] *CCC|*CC|*C|O=S(=O)(*)c1ccc(F)cc1 O=C(NS(=O)(=O)c1ccccc1)C1CCNC1c1ccccc1 0.9646198 7.7080 0.0000000 4.0000 0.6909274 0.6909 0.0020203 3.6928 0.9979975 432.5610 0.8381740 30.0000 0.3671001 4.0946 0.9999887 75.2700 0.7597469 4.0000 0.1279931 2.0000 0.0031523 7.0000 0.5000000 3.0000 0.5000000 2.0000 1.0000000 1.0000 []
 | 13.6832 16.8817 47.4961 0.5364813 CCCC1NC(c2ccc(N)cc2)C(C(=O)NS(C)(=O)=O)C1C 1 [*]C1C([*])C(C(N1)c1ccc([*])cc1)C(=O)N[*] *CCC|*C|*N|O=S(=O)(*)C c1ccc(C2CCCN2)cc1 0.9569670 7.7876 0.0000000 4.0000 0.7041920 0.7042 0.0003562 3.9568 0.9742815 339.4610 0.7284598 23.0000 0.9136922 1.4099 0.3557022 101.2900 0.2402531 5.0000 0.0031523 3.0000 0.0782003 5.0000 0.9968477 2.0000 0.9968477 1.0000 1.0000000 1.0000 []
 | 20.4284 23.0738 49.5638 0.6053134 CCCC1NC(c2ccc(C3CC3)cc2)C(C(=O)NC(C)=O)C1CC 1 [*]C1C([*])C(C(N1)c1ccc([*])cc1)C(=O)N[*] *CCC|C(*)C|C1C(*)C1|CC(=O)* c1cc(C2CCCN2)ccc1C1CC1 0.9673432 7.6756 0.0000000 4.0000 0.8289316 0.8289 0.0007766 3.8383 0.9804077 342.4830 0.8381740 25.0000 0.8617592 3.6821 0.9997709 58.2000 0.9693466 3.0000 0.1279931 2.0000 0.0161150 6.0000 0.5000000 3.0000 0.9968477 1.0000 1.0000000 1.0000 []
 | 24.1638 33.8014 21.8274 0.4635738 CCCC1NC(c2ccc(CC(=O)N3CC(C)NC(C)C3)cc2)C(C(=O)NS(C)(=O)=O)C1C 1 [*]C1C([*])C(C(N1)c1ccc([*])cc1)C(=O)N[*] *CCC|C*|C(*)C(=O)N1CC(C)NC(C)C1|CS(=O)(=O)* O=C(Cc1ccc(C2CCCN2)cc1)N1CCNCC1 0.9543942 7.8114 0.0000000 6.0000 0.5492852 0.5493 0.0000204 4.3915 0.8771355 478.6590 0.6587843 33.0000 0.9655435 1.5790 0.0291835 107.6100 0.0306534 6.0000 0.0031523 3.0000 0.0031523 7.0000 0.5000000 3.0000 0.9968477 1.0000 1.0000000 1.0000 []
 | 23.5979 23.5243 32.7008 0.4685424 CCC1NC(c2ccc(-c3ccc4ccccc4c3)cc2)C(C(=O)NC(N)=O)C1C(C)C 1 [*]C1C([*])C(C(N1)c1ccc([*])cc1)C(=O)N[*] *CC|C(C)(*)C|c1cc(*)cc2ccccc12|O=C(*)N c1ccc2cc(-c3ccc(C4CCCN4)cc3)ccc2c1 0.9637213 7.7181 0.0000000 4.0000 0.5327907 0.5328 0.0015616 3.7320 0.9984798 429.5640 0.7284598 32.0000 0.0029256 5.0130 0.9993023 84.2200 0.9693466 3.0000 0.0031523 3.0000 0.0782003 5.0000 0.0031523 4.0000 0.0031523 3.0000 1.0000000 1.0000 []
 | 11.3451 11.6417 -11.6417 0.0000000 CC(=O)NC(=O)C1C(c2ccc(C(C)C)cc2)NC(C)C1C(C)C 1 [*]C1C([*])C(C(N1)c1ccc([*])cc1)C(=O)N[*] *C|*C(C)C|CC(*)C|CC(=O)* c1ccc(C2CCCN2)cc1 0.9700829 7.6402 0.0000000 4.0000 0.8894582 0.8895 0.0008429 3.8258 0.9430299 330.4720 0.7884759 24.0000 0.9703730 3.3939 0.9997709 58.2000 0.9693466 3.0000 0.1279931 2.0000 0.3052647 4.0000 0.9968477 2.0000 0.9968477 1.0000 1.0000000 1.0000 []
 | 11.1352 12.9211 58.0065 0.5910638 CC(C)C1C(C)NC(c2ccc(-c3ccccc3)cc2)C1C(=O)NS(C)(=O)=O 1 [*]C1C([*])C(C(N1)c1ccc([*])cc1)C(=O)N[*] *C|*C(C)C|c1cc(*)ccc1|O=S(=O)(*)C c1ccc(-c2ccc(C3CCCN3)cc2)cc1 0.9719505 7.6143 0.0000000 4.0000 0.8070811 0.8071 0.0021789 3.6813 0.9998949 400.5440 0.9090909 28.0000 0.9767573 3.3506 0.9999887 75.2700 0.7597469 4.0000 0.1279931 2.0000 0.0782003 5.0000 0.5000000 3.0000 0.5000000 2.0000 1.0000000 1.0000 []
10:04:58 <WARN> reinvent_plugins.normalizers.rdkit_smiles: [*]C1C([*])C(C(N1)c1ccc([*])cc1)C(=O)N[*]*C|CC(C)C*|*c1ccc2c(=O)cc(C(=O)O)nc2c1|O=S(C)(=O)* could not be converted
10:04:58 <WARN> reinvent_plugins.normalizers.rdkit_smiles: [*]C1C([*])C(C(N1)c1ccc([*])cc1)C(=O)N[*]C*|C*|*c1ccc(OC2CN(C3CCC(C3CC4CC4)C4)CC2)cc1|C(*)(=O)C could not be converted
10:04:58 <WARN> reinvent_plugins.normalizers.rdkit_smiles: [*]C1C([*])C(C(N1)c1ccc([*])cc1)C(=O)N[*]C*|CC(C)*|n12c3c(cc1ccc1ncnc(*)c11)CCC21CC(C3)N1|C(*)(N)=O could not be converted
10:04:58 <WARN> reinvent_plugins.normalizers.rdkit_smiles: [*]C1C([*])C(C(N1)c1ccc([*])cc1)C(=O)N[*]C*|CC(C*)C|c1c(*)n2ncc3ncnc(N)c12cc1=O|O=S(=O)(C)* could not be converted
10:05:04 <INFO> Score: 0.36 Agent NLL: 25.85 Valid:  97% Step: 3
 | Agent Prior Target Score SMILES SMILES_state Input_Scaffold R-groups Scaffold DENV_Activity DENV_Activity (raw) Stereo_Centers Stereo_Centers (raw) QED QED (raw) SA SA (raw) MW MW (raw) Heavy_Atoms Heavy_Atoms (raw) LogP LogP (raw) TPSA TPSA (raw) HBA HBA (raw) HBD HBD (raw) Rotatable_Bonds Rotatable_Bonds (raw) Ring_Count Ring_Count (raw) Aromatic_Rings Aromatic_Rings (raw) Stability_Alerts Stability_Alerts (raw) matchting_patterns (Stability_Alerts)
 | 29.8236 42.3104 -10.7206 0.2632479 CCCC1NC(c2ccc(C3CCC(C(=O)N4CCC(C(N)=O)CC4)CC3)cc2)C(C(=O)NS(=O)(=O)c2ccc(F)cc2)C1C(C)C 1 [*]C1C([*])C(C(N1)c1ccc([*])cc1)C(=O)N[*] *CCC|CC(C)*|N1(C(=O)C2CCC(*)CC2)CCC(C(N)=O)CC1|*S(=O)(c1ccc(F)cc1)=O O=C(NS(=O)(=O)c1ccccc1)C1CCNC1c1ccc(C2CCC(C(=O)N3CCCCC3)CC2)cc1 0.9524565 7.8284 0.0000000 4.0000 0.3248371 0.3248 0.0000782 4.1874 0.0000001 668.8760 0.0189413 47.0000 0.0026552 5.0299 0.0000000 138.6700 0.0306534 6.0000 0.0031523 3.0000 0.0000228 10.0000 0.0000100 5.0000 0.5000000 2.0000 1.0000000 1.0000 []
 | 18.1458 26.1162 30.3504 0.4705545 CCC1NC(c2ccc(-c3cccc4ccccc34)cc2)C(C(=O)NC(N)=O)C1C(C)C 1 [*]C1C([*])C(C(N1)c1ccc([*])cc1)C(=O)N[*] *CC|CC(*)C|*c1c2c(ccc1)cccc2|NC(=O)* c1ccc2c(-c3ccc(C4CCCN4)cc3)cccc2c1 0.9724234 7.6074 0.0000000 4.0000 0.5327907 0.5328 0.0016050 3.7278 0.9984798 429.5640 0.7284598 32.0000 0.0029256 5.0130 0.9993023 84.2200 0.9693466 3.0000 0.0031523 3.0000 0.0782003 5.0000 0.0031523 4.0000 0.0031523 3.0000 1.0000000 1.0000 []
 | 13.7932 22.3665 50.4738 0.6070021 CC(C)C1C(C)NC(c2ccc(C3CCC3)cc2)C1C(=O)NS(C)(=O)=O 1 [*]C1C([*])C(C(N1)c1ccc([*])cc1)C(=O)N[*] *C|*C(C)C|C1CC(*)C1|O=S(*)(=O)C c1cc(C2CCCN2)ccc1C1CCC1 0.9699889 7.6415 0.0000000 4.0000 0.8259707 0.8260 0.0004379 3.9254 0.9992786 378.5380 0.8780020 26.0000 0.9976193 2.9511 0.9999887 75.2700 0.7597469 4.0000 0.1279931 2.0000 0.0782003 5.0000 0.5000000 3.0000 0.9968477 1.0000 1.0000000 1.0000 []
 | 22.4049 22.9370 28.2105 0.4262293 CC1CC1C1C(C)NC(c2ccc(-c3ccccc3)cc2)C1C(=O)NS(=O)(=O)c1ccc(F)cc1 1 [*]C1C([*])C(C(N1)c1ccc([*])cc1)C(=O)N[*] *C|*C1CC1C|c1c(*)cccc1|O=S(*)(=O)c1ccc(F)cc1 O=C(NS(=O)(=O)c1ccccc1)C1C(c2ccc(-c3ccccc3)cc2)NCC1C1CC1 0.9658610 7.6935 0.0000000 6.0000 0.5123249 0.5123 0.0004429 3.9237 0.6637592 492.6160 0.5000000 35.0000 0.0050155 4.9190 0.9999887 75.2700 0.7597469 4.0000 0.1279931 2.0000 0.0161150 6.0000 0.0000100 5.0000 0.0031523 3.0000 1.0000000 1.0000 []
 | 46.7077 58.4845 -58.4845 0.0000000 CCCC1C(C)NC(c2ccc(N3CCC(CCC(=O)NCC#Cc4ccc(CC5CCCC5)c(F)c4)CC3)cc2)C1C(=O)NC(N)=O 1 [*]C1C([*])C(C(N1)c1ccc([*])cc1)C(=O)N[*] *C|*CCC|C1N(*)CCC(CCC(=O)NCC#Cc2cc(F)c(CC3CCCC3)cc2)C1|C(=O)(*)N O=C(CCC1CCN(c2ccc(C3CCCN3)cc2)CC1)NCC#Cc1ccc(CC2CCCC2)cc1 0.0000000 0.0000 0.0000000 0.0000 0.0000000 0.0000 0.0000000 0.0000 0.0000000 0.0000 0.0000000 0.0000 0.0000000 0.0000 0.0000000 0.0000 0.0000000 0.0000 0.0000000 0.0000 0.0000000 0.0000 0.0000000 0.0000 0.0000000 0.0000 0.0000000 0.0000 ['C#C']
 | 22.3155 30.8005 23.6653 0.4538816 CCCC1C(C)NC(c2ccc(-c3cccc4[nH]c(C)cc(=O)c34)cc2)C1C(=O)NC(N)=O 1 [*]C1C([*])C(C(N1)c1ccc([*])cc1)C(=O)N[*] *C|*CCC|c1(*)c2c(=O)cc(C)[nH]c2ccc1|*C(=O)N O=c1cc[nH]c2cccc(-c3ccc(C4CCCN4)cc3)c12 0.9795753 7.4872 0.0000000 4.0000 0.4772422 0.4772 0.0001977 4.0464 0.9927741 446.5510 0.6587843 33.0000 0.7957820 3.7637 0.0003836 117.0800 0.7597469 4.0000 0.0000682 4.0000 0.0782003 5.0000 0.0031523 4.0000 0.0031523 3.0000 1.0000000 1.0000 []
 | 35.8282 60.6448 -27.0878 0.2796416 CCCC1C(C)NC(c2ccc(CC3CCC(n4c(C)c(-c5cn(C)c(C)n5)c5ccccc54)C3)cc2)C1C(=O)NS(C)(=O)=O 1 [*]C1C([*])C(C(N1)c1ccc([*])cc1)C(=O)N[*] *C|*CCC|c1c(-c2c(C)n(C3CC(C*)CC3)c3ccccc32)nc(C)n1C|O=S(C)(*)=O c1ccc2c(c1)c(-c1c[nH]cn1)cn2C1CCC(Cc2ccc(C3CCCN3)cc2)C1 0.9608217 7.7494 0.0000000 6.0000 0.2238878 0.2239 0.0000031 4.6804 0.0000064 629.8710 0.0359364 45.0000 0.0000011 6.3836 0.7133735 98.0200 0.0031523 7.0000 0.1279931 2.0000 0.0001179 9.0000 0.0000000 6.0000 0.0000100 4.0000 1.0000000 1.0000 []
 | 13.7627 21.4515 52.2363 0.6140649 CCC1C(C)NC(c2ccc(C3CCC3)cc2)C1C(=O)NC(N)=O 1 [*]C1C([*])C(C(N1)c1ccc([*])cc1)C(=O)N[*] *C|*CC|C1(*)CCC1|NC(*)=O c1cc(C2CCCN2)ccc1C1CCC1 0.9688881 7.6560 0.0000000 4.0000 0.7939423 0.7939 0.0008693 3.8212 0.9377248 329.4440 0.7884759 24.0000 0.9988518 2.8242 0.9993023 84.2200 0.9693466 3.0000 0.0031523 3.0000 0.3052647 4.0000 0.5000000 3.0000 0.9968477 1.0000 1.0000000 1.0000 []
 | 12.1631 12.4842 -12.4842 0.0000000 CC(C)c1ccc(C2NC(C)C(C)C2C(=O)NS(C)(=O)=O)cc1 1 [*]C1C([*])C(C(N1)c1ccc([*])cc1)C(=O)N[*] *C|*C|*C(C)C|O=S(=O)(C)* c1ccc(C2CCCN2)cc1 0.9701600 7.6392 0.0000000 4.0000 0.8821492 0.8821 0.0010380 3.7942 0.9719002 338.4730 0.7284598 23.0000 0.9988191 2.1709 0.9999887 75.2700 0.7597469 4.0000 0.1279931 2.0000 0.3052647 4.0000 0.9968477 2.0000 0.9968477 1.0000 1.0000000 1.0000 []
 | 23.0430 36.2809 24.8800 0.5096739 CC1NC(c2ccc(C3CC3CC(=O)O)cc2)C(C(=O)NS(C)(=O)=O)C1C 1 [*]C1C([*])C(C(N1)c1ccc([*])cc1)C(=O)N[*] *C|*C|*C1CC1CC(=O)O|CS(=O)(*)=O c1cc(C2CCCN2)ccc1C1CC1 0.9737924 7.5870 0.0000000 6.0000 0.6759124 0.6759 0.0000472 4.2641 0.9998339 394.4930 0.9090909 27.0000 0.9734501 1.6257 0.0030527 112.5700 0.2402531 5.0000 0.0031523 3.0000 0.0161150 6.0000 0.5000000 3.0000 0.9968477 1.0000 1.0000000 1.0000 []
10:05:05 <WARN> reinvent_plugins.normalizers.rdkit_smiles: [*]C1C([*])C(C(N1)c1ccc([*])cc1)C(=O)N[*]*C|*CCC|c1c(*)nc2c(c1)ccc(OCC(=O)N1C(C#N)C1)c(C)c2|CNC(*)=O could not be converted
10:05:05 <WARN> reinvent_plugins.normalizers.rdkit_smiles: [*]C1C([*])C(C(N1)c1ccc([*])cc1)C(=O)N[*]*C|C*|C1C(*)CC1(C(=O)N(C1CN(C(C)C)C(=O)O1)CC1CC1)=O|*S(=O)(=O)C could not be converted
10:05:05 <WARN> reinvent_plugins.normalizers.rdkit_smiles: [*]C1C([*])C(C(N1)c1ccc([*])cc1)C(=O)N[*]C*|*C|c1cc(*)cn(C)c1=O|O=S(=O)(NC1CC1)=O could not be converted
10:05:05 <WARN> reinvent_plugins.normalizers.rdkit_smiles: [*]C1C([*])C(C(N1)c1ccc([*])cc1)C(=O)N[*]C*|C*|n1(C)c(*)n(-c2ccc(C(=O)NC(C)C)cc2)c(=O)c1|*C(C)=O could not be converted
10:05:05 <WARN> reinvent_plugins.normalizers.rdkit_smiles: [*]C1C([*])C(C(N1)c1ccc([*])cc1)C(=O)N[*]C*|C*|n1(C*)c(=O)c2ccc(OCCOCC)cc2n1|*S(C)(=O)=O could not be converted
10:05:12 <INFO> Score: 0.34 Agent NLL: 26.74 Valid:  96% Step: 4
 | Agent Prior Target Score SMILES SMILES_state Input_Scaffold R-groups Scaffold DENV_Activity DENV_Activity (raw) Stereo_Centers Stereo_Centers (raw) QED QED (raw) SA SA (raw) MW MW (raw) Heavy_Atoms Heavy_Atoms (raw) LogP LogP (raw) TPSA TPSA (raw) HBA HBA (raw) HBD HBD (raw) Rotatable_Bonds Rotatable_Bonds (raw) Ring_Count Ring_Count (raw) Aromatic_Rings Aromatic_Rings (raw) Stability_Alerts Stability_Alerts (raw) matchting_patterns (Stability_Alerts)
 | 23.4145 21.0968 -21.0968 0.0000000 CCCC1C(C(C)C)NC(c2ccc(C)cc2)C1C(=O)NC(=O)NCC 1 [*]C1C([*])C(C(N1)c1ccc([*])cc1)C(=O)N[*] *C(C)C|*CCC|C*|CCNC(*)=O c1ccc(C2CCCN2)cc1 0.9714258 7.6217 0.0000000 4.0000 0.7274417 0.7274 0.0008257 3.8290 0.9958540 359.5140 0.8780020 26.0000 0.9331285 3.5421 0.9999989 70.2300 0.9693466 3.0000 0.0031523 3.0000 0.0161150 6.0000 0.9968477 2.0000 0.9968477 1.0000 1.0000000 1.0000 []
 | 22.1552 34.7168 14.1028 0.4068300 CCCCC1NC(c2ccc(-c3cccc(NS(C)(=O)=O)c3)cc2)C(C(=O)NS(C)(=O)=O)C1C 1 [*]C1C([*])C(C(N1)c1ccc([*])cc1)C(=O)N[*] *CCCC|C*|CS(Nc1cc(*)ccc1)(=O)=O|O=S(=O)(C)* c1ccc(-c2ccc(C3CCCN3)cc2)cc1 0.9601182 7.7566 0.0000000 4.0000 0.4790327 0.4790 0.0005990 3.8778 0.3302243 507.6780 0.5815016 34.0000 0.9863609 3.2563 0.0000515 121.4400 0.0306534 6.0000 0.0031523 3.0000 0.0001179 9.0000 0.5000000 3.0000 0.5000000 2.0000 1.0000000 1.0000 []
 | 17.5925 22.2302 35.8551 0.4840437 CC(C)C1C(C)NC(c2ccc(-c3ccc(C(N)=O)cc3)cc2)C1C(=O)NS(C)(=O)=O 1 [*]C1C([*])C(C(N1)c1ccc([*])cc1)C(=O)N[*] *C|*C(C)C|c1c(*)ccc(C(N)=O)c1|CS(*)(=O)=O c1ccc(-c2ccc(C3CCCN3)cc2)cc1 0.9617049 7.7401 0.0000000 4.0000 0.6337158 0.6337 0.0011269 3.7817 0.9945000 443.5690 0.7884759 31.0000 0.9997622 2.4495 0.0002127 118.3600 0.2402531 5.0000 0.0031523 3.0000 0.0161150 6.0000 0.5000000 3.0000 0.5000000 2.0000 1.0000000 1.0000 []
 | 27.2827 51.4327 4.6261 0.4671562 CCCCC1C(C)NC(c2ccc(-c3ccc(F)cc3NC(=O)NC)cc2)C1C(=O)NC(N)=O 1 [*]C1C([*])C(C(N1)c1ccc([*])cc1)C(=O)N[*] *C|*CCCC|*c1c(NC(NC)=O)cc(F)cc1|NC(*)=O c1ccc(-c2ccc(C3CCCN3)cc2)cc1 0.9732363 7.5954 0.0000000 4.0000 0.4217046 0.4217 0.0005483 3.8913 0.9428666 469.5610 0.5815016 34.0000 0.6475890 3.8943 0.0000085 125.3500 0.7597469 4.0000 0.0000014 5.0000 0.0031523 7.0000 0.5000000 3.0000 0.5000000 2.0000 1.0000000 1.0000 []
 | 39.9211 68.3056 -68.3056 0.0000000 [*]C1C([*])C(C(N1)c1ccc([*])cc1)C(=O)N[*]*C|*CCC|c1c(*)nc2c(c1)ccc(OCC(=O)N1C(C#N)C1)c(C)c2|CNC(*)=O 0 [*]C1C([*])C(C(N1)c1ccc([*])cc1)C(=O)N[*] *C|*CCC|c1c(*)nc2c(c1)ccc(OCC(=O)N1C(C#N)C1)c(C)c2|CNC(*)=O -- 0.0000000 0.0000 0.0000000 0.0000 0.0000000 0.0000 0.0000000 0.0000 0.0000000 0.0000 0.0000000 0.0000 0.0000000 0.0000 0.0000000 0.0000 0.0000000 0.0000 0.0000000 0.0000 0.0000000 0.0000 0.0000000 0.0000 0.0000000 0.0000 0.0000000 0.0000 None
 | 26.8076 25.7017 29.2366 0.4578187 CCC1C(C)NC(c2ccc(-c3ccc(C(=O)N4CC(C)OC(C)C4)cc3)cc2)C1C(=O)NC(C)=O 1 [*]C1C([*])C(C(N1)c1ccc([*])cc1)C(=O)N[*] *C|*CC|*c1ccc(C(N2CC(C)OC(C)C2)=O)cc1|O=C(*)C O=C(c1ccc(-c2ccc(C3CCCN3)cc2)cc1)N1CCOCC1 0.9695756 7.6470 0.0000000 6.0000 0.6616023 0.6616 0.0001531 4.0853 0.6836771 491.6320 0.4184983 36.0000 0.5842407 3.9409 0.9964806 87.7400 0.2402531 5.0000 0.1279931 2.0000 0.0782003 5.0000 0.0031523 4.0000 0.5000000 2.0000 1.0000000 1.0000 []
 | 18.5141 34.3143 36.6339 0.5912351 CC1NC(c2ccc(CCCC3CCCC3)cc2)C(C(=O)NS(C)(=O)=O)C1C 1 [*]C1C([*])C(C(N1)c1ccc([*])cc1)C(=O)N[*] *C|*C|*CCCC1CCCC1|*S(=O)(C)=O c1cc(C2CCCN2)ccc1CCCC1CCCC1 0.9624510 7.7321 0.0000000 4.0000 0.7259465 0.7259 0.0010235 3.7963 0.9998165 406.5920 0.9090909 28.0000 0.9262553 3.5604 0.9999887 75.2700 0.7597469 4.0000 0.1279931 2.0000 0.0031523 7.0000 0.5000000 3.0000 0.9968477 1.0000 1.0000000 1.0000 []
 | 17.8485 18.2891 53.2109 0.5958333 Cc1ccc(C2NC(C)C(C)C2C(=O)NC(=O)n2ccnc2)cc1 1 [*]C1C([*])C(C(N1)c1ccc([*])cc1)C(=O)N[*] *C|*C|*C|n1(C(*)=O)cncc1 O=C(NC(=O)n1ccnc1)C1CCNC1c1ccccc1 0.9759993 7.5517 0.0000000 4.0000 0.8874401 0.8874 0.0003704 3.9509 0.9192002 326.4000 0.7884759 24.0000 0.9992970 2.2611 0.9999840 76.0200 0.2402531 5.0000 0.1279931 2.0000 0.9217998 2.0000 0.5000000 3.0000 0.5000000 2.0000 1.0000000 1.0000 []
 | 24.5409 31.0809 22.3142 0.4449593 CC1NC(c2ccc(-c3ccc4c(=O)n(C)c(=O)n(C)c4c3)cc2)C(C(=O)NC(N)=O)C1C 1 [*]C1C([*])C(C(N1)c1ccc([*])cc1)C(=O)N[*] *C|*C|*c1ccc2c(n(C)c(=O)n(C)c2=O)c1|O=C(*)N O=c1[nH]c(=O)c2ccc(-c3ccc(C4CCCN4)cc3)cc2[nH]1 0.9646640 7.7075 0.0000000 4.0000 0.5566124 0.5566 0.0006102 3.8750 0.9905309 449.5110 0.6587843 33.0000 0.9012893 1.3842 0.0000023 128.2200 0.0031523 7.0000 0.0031523 3.0000 0.6947353 3.0000 0.0031523 4.0000 0.0031523 3.0000 1.0000000 1.0000 []
 | 45.3852 55.5142 -24.8694 0.2553732 CC(C)CN(Cc1cccc(-c2ccc(C3NC(C)C(C)C3C(=O)NS(C)(=O)=O)cc2)n1)Cc1ncnc2ccccc12 1 [*]C1C([*])C(C(N1)c1ccc([*])cc1)C(=O)N[*] *C|*C|*c1cccc(CN(CC(C)C)Cc2c3ccccc3ncn2)n1|O=S(*)(C)=O c1cc(CNCc2ncnc3ccccc23)nc(-c2ccc(C3CCCN3)cc2)c1 0.9733704 7.5934 0.0000000 4.0000 0.2688756 0.2689 0.0000625 4.2214 0.0000930 600.7890 0.0671368 43.0000 0.0164270 4.7109 0.0003663 117.1800 0.0003161 8.0000 0.1279931 2.0000 0.0000228 10.0000 0.0000100 5.0000 0.0000100 4.0000 1.0000000 1.0000 []
10:05:13 <WARN> reinvent_plugins.normalizers.rdkit_smiles: [*]C1C([*])C(C(N1)c1ccc([*])cc1)C(=O)N[*]*C|*CCC|c1(*)c2c(cc(NC(=O)Cn1nnnc1)CC1CCCC1)n(C)cc2|C(=O)(*)N could not be converted
10:05:13 <WARN> reinvent_plugins.normalizers.rdkit_smiles: [*]C1C([*])C(C(N1)c1ccc([*])cc1)C(=O)N[*]*C|*C|C(N)(C1CCCN1)=Oc1ccc(*)cc1|O=S(=O)(C)* could not be converted
10:05:13 <WARN> reinvent_plugins.normalizers.rdkit_smiles: [*]C1C([*])C(C(N1)c1ccc([*])cc1)C(=O)N[*]*C|C*|CN*|O=S(=O)(c1ccc(OC)c(*)c1)=O could not be converted
10:05:13 <WARN> reinvent_plugins.normalizers.rdkit_smiles: [*]C1C([*])C(C(N1)c1ccc([*])cc1)C(=O)N[*]C*|*C|C1(*)CC1|c1(S(*)(=O)=O)ccc(OC(C(=O)N2CCC3(CC1)OCC2=O)CC3)(C)C could not be converted
10:05:13 <WARN> reinvent_plugins.normalizers.rdkit_smiles: [*]C1C([*])C(C(N1)c1ccc([*])cc1)C(=O)N[*]C*|C*|C(C(=O)NCc1ccccc1)#Nc1cc(*)ccc1|CC(*)=O could not be converted
10:05:19 <INFO> Score: 0.37 Agent NLL: 26.00 Valid:  96% Step: 5
 | Agent Prior Target Score SMILES SMILES_state Input_Scaffold R-groups Scaffold DENV_Activity DENV_Activity (raw) Stereo_Centers Stereo_Centers (raw) QED QED (raw) SA SA (raw) MW MW (raw) Heavy_Atoms Heavy_Atoms (raw) LogP LogP (raw) TPSA TPSA (raw) HBA HBA (raw) HBD HBD (raw) Rotatable_Bonds Rotatable_Bonds (raw) Ring_Count Ring_Count (raw) Aromatic_Rings Aromatic_Rings (raw) Stability_Alerts Stability_Alerts (raw) matchting_patterns (Stability_Alerts)
 | 32.5980 41.4594 -3.2474 0.3184338 CCCCCC1NC(c2ccc(C3CCC(C#N)CC3)cc2)C(C(=O)NS(=O)(=O)c2ccccc2)C1C(C)C 1 [*]C1C([*])C(C(N1)c1ccc([*])cc1)C(=O)N[*] *CCCCC|CC(C)*|C1C(C#N)CCC(*)C1|O=S(*)(c1ccccc1)=O O=C(NS(=O)(=O)c1ccccc1)C1CCNC1c1ccc(C2CCCCC2)cc1 0.9462173 7.8792 0.0000000 4.0000 0.3309794 0.3310 0.0001434 4.0952 0.0101007 549.7810 0.2115241 39.0000 0.0000007 6.4707 0.6065629 99.0600 0.2402531 5.0000 0.1279931 2.0000 0.0000228 10.0000 0.0031523 4.0000 0.5000000 2.0000 1.0000000 1.0000 []
 | 51.8676 55.4187 -55.4187 0.0000000 CCCC1NC(c2ccc(-c3cccc(Cl)c3)cc2)C(C(=O)NC(=O)C2(NC(C)=O)CCN(C(=O)C(F)(F)F)CC2)C1C(C)C 1 [*]C1C([*])C(C(N1)c1ccc([*])cc1)C(=O)N[*] *CCC|C(C)(C)*|*c1cccc(Cl)c1|C1CC(NC(C)=O)(C(*)=O)CCN1C(C(F)(F)F)=O O=C(NC(=O)C1CCNC1c1ccc(-c2ccccc2)cc1)C1CCNCC1 0.0000000 0.0000 0.0000000 0.0000 0.0000000 0.0000 0.0000000 0.0000 0.0000000 0.0000 0.0000000 0.0000 0.0000000 0.0000 0.0000000 0.0000 0.0000000 0.0000 0.0000000 0.0000 0.0000000 0.0000 0.0000000 0.0000 0.0000000 0.0000 0.0000000 0.0000 ['[F,Cl,Br,I][C,c][F,Cl,Br,I]']
 | 29.3969 35.0839 15.9498 0.4252804 CC(C)C1C(C)NC(c2ccc(-c3cnc4c(C(N)=O)cccc4c3)cc2)C1C(=O)NC(N)=O 1 [*]C1C([*])C(C(N1)c1ccc([*])cc1)C(=O)N[*] *C|*C(C)C|c1c(*)cc2cccc(C(N)=O)c2n1|C(*)(N)=O c1ccc2ncc(-c3ccc(C4CCCN4)cc3)cc2c1 0.9655762 7.6969 0.0000000 4.0000 0.4640003 0.4640 0.0003756 3.9488 0.9764681 459.5500 0.5815016 34.0000 0.9938437 3.1168 0.0000000 140.2000 0.2402531 5.0000 0.0000682 4.0000 0.0782003 5.0000 0.0031523 4.0000 0.0031523 3.0000 1.0000000 1.0000 []
 | 27.8963 29.4794 29.1295 0.4884079 CSC(=O)NC(=O)C1C(c2ccc(-c3ccccc3)cc2)NC(C)C1CCC1CC1 1 [*]C1C([*])C(C(N1)c1ccc([*])cc1)C(=O)N[*] *C|*CCC1CC1|c1c(*)cccc1|O=C(SC)* c1ccc(-c2ccc(C3CC(CCC4CC4)CN3)cc2)cc1 0.9654991 7.6978 0.0000000 4.0000 0.6536080 0.6536 0.0005640 3.8870 0.9991994 422.5940 0.8381740 30.0000 0.0003015 5.4082 0.9997709 58.2000 0.7597469 4.0000 0.1279931 2.0000 0.0161150 6.0000 0.0031523 4.0000 0.5000000 2.0000 1.0000000 1.0000 []
 | 28.8701 39.8439 -39.8439 0.0000000 CCCCC1C(C)NC(c2ccc(-c3ccc(C(=O)NCCC(=O)NC)cc3)cc2)C1C(=O)NS(=O)(=O)C(F)(F)F 1 [*]C1C([*])C(C(N1)c1ccc([*])cc1)C(=O)N[*] *C|*CCCC|*c1ccc(C(=O)NCCC(NC)=O)cc1|O=S(C(F)(F)F)(*)=O c1ccc(-c2ccc(C3CCCN3)cc2)cc1 0.0000000 0.0000 0.0000000 0.0000 0.0000000 0.0000 0.0000000 0.0000 0.0000000 0.0000 0.0000000 0.0000 0.0000000 0.0000 0.0000000 0.0000 0.0000000 0.0000 0.0000000 0.0000 0.0000000 0.0000 0.0000000 0.0000 0.0000000 0.0000 0.0000000 0.0000 ['[F,Cl,Br,I][C,c][F,Cl,Br,I]']
 | 16.6126 28.5920 -28.5920 0.0000000 CCCC1C(C)NC(c2ccc(CCN3C(=O)CCC3=O)cc2)C1C(=O)NC(N)=O 1 [*]C1C([*])C(C(N1)c1ccc([*])cc1)C(=O)N[*] *C|*CCC|C1C(=O)N(CC*)C(=O)C1|*C(=O)N O=C1CCC(=O)N1CCc1ccc(C2CCCN2)cc1 0.0000000 0.0000 0.0000000 0.0000 0.0000000 0.0000 0.0000000 0.0000 0.0000000 0.0000 0.0000000 0.0000 0.0000000 0.0000 0.0000000 0.0000 0.0000000 0.0000 0.0000000 0.0000 0.0000000 0.0000 0.0000000 0.0000 0.0000000 0.0000 0.0000000 0.0000 ['C(=O)N([!#1])C(=O)']
 | 17.7770 14.2171 51.0844 0.5441793 CCCC1C(C)NC(c2ccc(N(C)C)cc2)C1C(=O)NS(=O)(=O)c1ccccc1 1 [*]C1C([*])C(C(N1)c1ccc([*])cc1)C(=O)N[*] *C|*CCC|CN(*)C|c1(S(=O)(=O)*)ccccc1 O=C(NS(=O)(=O)c1ccccc1)C1CCNC1c1ccccc1 0.9699576 7.6419 0.0000000 4.0000 0.7059359 0.7059 0.0015789 3.7303 0.9984767 429.5860 0.8381740 30.0000 0.9801037 3.3230 0.9999496 78.5100 0.2402531 5.0000 0.1279931 2.0000 0.0031523 7.0000 0.5000000 3.0000 0.5000000 2.0000 1.0000000 1.0000 []
 | 46.1373 75.5108 -75.5108 0.0000000 [*]C1C([*])C(C(N1)c1ccc([*])cc1)C(=O)N[*]*C|*CCC|c1(*)c2c(cc(NC(=O)Cn1nnnc1)CC1CCCC1)n(C)cc2|C(=O)(*)N 0 [*]C1C([*])C(C(N1)c1ccc([*])cc1)C(=O)N[*] *C|*CCC|c1(*)c2c(cc(NC(=O)Cn1nnnc1)CC1CCCC1)n(C)cc2|C(=O)(*)N -- 0.0000000 0.0000 0.0000000 0.0000 0.0000000 0.0000 0.0000000 0.0000 0.0000000 0.0000 0.0000000 0.0000 0.0000000 0.0000 0.0000000 0.0000 0.0000000 0.0000 0.0000000 0.0000 0.0000000 0.0000 0.0000000 0.0000 0.0000000 0.0000 0.0000000 0.0000 None
 | 21.6049 27.0969 -27.0969 0.0000000 CCC(=O)NC(=O)C1C(c2ccc(CC(=O)NC(C)(C)C)cc2)NC(C)C1C 1 [*]C1C([*])C(C(N1)c1ccc([*])cc1)C(=O)N[*] *C|*C|*CC(=O)NC(C)(C)C|CCC(*)=O c1ccc(C2CCCN2)cc1 0.9763241 7.5462 0.0000000 4.0000 0.7243415 0.7243 0.0010301 3.7953 0.9996846 387.5240 0.9090909 28.0000 0.9998025 2.4817 0.9971243 87.3000 0.7597469 4.0000 0.0031523 3.0000 0.0782003 5.0000 0.9968477 2.0000 0.9968477 1.0000 1.0000000 1.0000 []
 | 28.4265 39.1485 3.3469 0.3541283 CC1NC(c2ccc(-c3ccc4c(c3)CC(NC(=O)C(O)CCl)C4)cc2)C(C(=O)NS(C)(=O)=O)C1C 1 [*]C1C([*])C(C(N1)c1ccc([*])cc1)C(=O)N[*] *C|*C|*c1ccc2c(c1)CC(NC(C(O)CCl)=O)C2|O=S(*)(=O)C c1cc(C2CCCN2)ccc1-c1ccc2c(c1)CCC2 0.9641995 7.7128 0.0000000 6.0000 0.4029017 0.4029 0.0000163 4.4250 0.0415389 534.0780 0.4184983 36.0000 0.9943306 1.8976 0.0000120 124.6000 0.0306534 6.0000 0.0000682 4.0000 0.0031523 7.0000 0.0031523 4.0000 0.5000000 2.0000 1.0000000 1.0000 []
10:05:20 <WARN> reinvent_plugins.normalizers.rdkit_smiles: [*]C1C([*])C(C(N1)c1ccc([*])cc1)C(=O)N[*]C(C)CC*|C*|C1(CS(=O)(NC(O)=O)=O)CC(*)CC1C(N)=O|*S(=O)(*)=O could not be converted
10:05:27 <INFO> Score: 0.35 Agent NLL: 26.16 Valid:  99% Step: 6
 | Agent Prior Target Score SMILES SMILES_state Input_Scaffold R-groups Scaffold DENV_Activity DENV_Activity (raw) Stereo_Centers Stereo_Centers (raw) QED QED (raw) SA SA (raw) MW MW (raw) Heavy_Atoms Heavy_Atoms (raw) LogP LogP (raw) TPSA TPSA (raw) HBA HBA (raw) HBD HBD (raw) Rotatable_Bonds Rotatable_Bonds (raw) Ring_Count Ring_Count (raw) Aromatic_Rings Aromatic_Rings (raw) Stability_Alerts Stability_Alerts (raw) matchting_patterns (Stability_Alerts)
 | 29.2842 32.8978 23.6452 0.4711915 CC(C)C1C(C)NC(c2ccc(-c3ccc(S(N)(=O)=O)s3)cc2)C1C(=O)NC(N)=O 1 [*]C1C([*])C(C(N1)c1ccc([*])cc1)C(=O)N[*] *C|*C(C)C|NS(=O)(=O)c1sc(*)cc1|C(=O)(N)* c1csc(-c2ccc(C3CCCN3)cc2)c1 0.9694810 7.6482 0.0000000 4.0000 0.5516961 0.5517 0.0001858 4.0558 0.9895557 450.5860 0.8381740 30.0000 0.9988702 2.1786 0.0000000 144.3800 0.0306534 6.0000 0.0000682 4.0000 0.0782003 5.0000 0.5000000 3.0000 0.5000000 2.0000 1.0000000 1.0000 []
 | 21.3378 25.8108 25.4764 0.4273931 CCC1C(C)NC(c2ccc(N3CCNCC3)cc2)C1C(=O)NS(N)(=O)=O 1 [*]C1C([*])C(C(N1)c1ccc([*])cc1)C(=O)N[*] *C|*CC|*N1CCNCC1|O=S(=O)(N)* c1cc(N2CCNCC2)ccc1C1CCCN1 0.9580824 7.7769 0.0000000 4.0000 0.5615263 0.5615 0.0001982 4.0459 0.9998491 395.5290 0.9090909 27.0000 0.0053142 0.0911 0.0004873 116.5600 0.0306534 6.0000 0.0000682 4.0000 0.0782003 5.0000 0.5000000 3.0000 0.9968477 1.0000 1.0000000 1.0000 []
 | 25.0706 34.4742 21.2776 0.4645984 CNC(=O)c1ccc(CCc2ccc(C3NC(C)C(C)C3C(=O)NS(N)(=O)=O)cc2)cc1 1 [*]C1C([*])C(C(N1)c1ccc([*])cc1)C(=O)N[*] *C|*C|*CCc1ccc(C(NC)=O)cc1|NS(=O)(=O)* c1ccc(CCc2ccc(C3CCCN3)cc2)cc1 0.9619699 7.7373 0.0000000 4.0000 0.4987155 0.4987 0.0010625 3.7906 0.9784281 458.5840 0.7284598 32.0000 0.9249072 1.4362 0.0000008 130.3900 0.2402531 5.0000 0.0000682 4.0000 0.0031523 7.0000 0.5000000 3.0000 0.5000000 2.0000 1.0000000 1.0000 []
 | 11.6384 8.0614 -8.0614 0.0000000 Cc1ccc(C2NC(C)C(C)C2C(=O)NC(N)=O)cc1 1 [*]C1C([*])C(C(N1)c1ccc([*])cc1)C(=O)N[*] *C|*C|*C|O=C(*)N c1ccc(C2CCCN2)cc1 0.9740142 7.5836 0.0000000 4.0000 0.7639562 0.7640 0.0019122 3.7012 0.0936241 275.3520 0.5000000 20.0000 0.9390283 1.4750 0.9993023 84.2200 0.9693466 3.0000 0.0031523 3.0000 0.9217998 2.0000 0.9968477 2.0000 0.9968477 1.0000 1.0000000 1.0000 []
 | 27.8494 38.6572 6.6765 0.3777805 CC(C)CN(CC(C)C)C(=O)c1ccc(F)c(-c2ccc(C3NC(C)C(C)C3C(=O)NS(C)(=O)=O)cc2)c1 1 [*]C1C([*])C(C(N1)c1ccc([*])cc1)C(=O)N[*] *C|*C|*c1cc(C(N(CC(C)C)CC(C)C)=O)ccc1F|O=S(*)(=O)C c1ccc(-c2ccc(C3CCCN3)cc2)cc1 0.9776670 7.5229 0.0000000 4.0000 0.4799994 0.4800 0.0002509 4.0102 0.0146139 545.7210 0.2715402 38.0000 0.0293471 4.6078 0.8844727 95.5800 0.2402531 5.0000 0.1279931 2.0000 0.0001179 9.0000 0.5000000 3.0000 0.5000000 2.0000 1.0000000 1.0000 []
 | 14.3425 31.3825 24.8750 0.4688122 CC1NC(c2ccc(-c3cc(N)nn3C)cc2)C(C(=O)NS(C)(=O)=O)C1C 1 [*]C1C([*])C(C(N1)c1ccc([*])cc1)C(=O)N[*] *C|*C|*c1n(C)nc(N)c1|O=S(C)(*)=O c1cc(-c2ccc(C3CCCN3)cc2)[nH]n1 0.9702070 7.6385 0.0000000 4.0000 0.7161756 0.7162 0.0001158 4.1277 0.9997812 391.4970 0.9090909 27.0000 0.5433522 1.0302 0.0001507 119.1100 0.0031523 7.0000 0.0031523 3.0000 0.3052647 4.0000 0.5000000 3.0000 0.5000000 2.0000 1.0000000 1.0000 []
 | 16.5607 28.1260 35.5020 0.5302332 CC1NC(c2ccc(-c3c4c(nn3C)CCC4)cc2)C(C(=O)NS(C)(=O)=O)C1C 1 [*]C1C([*])C(C(N1)c1ccc([*])cc1)C(=O)N[*] *C|*C|*c1n(C)nc2c1CCC2|O=S(*)(=O)C c1cc(C2CCCN2)ccc1-c1[nH]nc2c1CCC2 0.9710256 7.6273 0.0000000 4.0000 0.7945560 0.7946 0.0001059 4.1413 0.9995412 416.5470 0.8780020 29.0000 0.9954681 1.9367 0.9601579 93.0900 0.0306534 6.0000 0.1279931 2.0000 0.3052647 4.0000 0.0031523 4.0000 0.5000000 2.0000 1.0000000 1.0000 []
 | 29.2438 39.9938 -3.4247 0.3047429 CSc1ccccc1C(=O)NC(=O)C1C(c2ccc(-c3nnc(-c4ccc(C)cc4)o3)cc2)NC(C)C1C 1 [*]C1C([*])C(C(N1)c1ccc([*])cc1)C(=O)N[*] *C|*C|*c1oc(-c2ccc(C)cc2)nn1|C(=O)(*)c1c(SC)cccc1 O=C(NC(=O)C1CCNC1c1ccc(-c2nnc(-c3ccccc3)o2)cc1)c1ccccc1 0.9749282 7.5692 0.0000000 4.0000 0.2465713 0.2466 0.0008113 3.8317 0.0790257 526.6620 0.2715402 38.0000 0.0000647 5.6756 0.7902259 97.1200 0.0031523 7.0000 0.1279931 2.0000 0.0161150 6.0000 0.0000100 5.0000 0.0000100 4.0000 1.0000000 1.0000 []
 | 45.2788 67.7959 -67.7959 0.0000000 Cc1ccc(-c2cc(NC(=O)NC(=O)C3C(c4ccc(CC#CCN5C(=O)c6ccccc6C5=O)cc4)NC(C)C3C)ncn2)nc1 1 [*]C1C([*])C(C(N1)c1ccc([*])cc1)C(=O)N[*] *C|*C|C(#CC*)CN1C(=O)c2c(cccc2)C1=O|c1(NC(*)=O)ncnc(-c2ncc(C)cc2)c1 O=C(NC(=O)C1CCNC1c1ccc(CC#CCN2C(=O)c3ccccc3C2=O)cc1)Nc1cc(-c2ccccn2)ncn1 0.0000000 0.0000 0.0000000 0.0000 0.0000000 0.0000 0.0000000 0.0000 0.0000000 0.0000 0.0000000 0.0000 0.0000000 0.0000 0.0000000 0.0000 0.0000000 0.0000 0.0000000 0.0000 0.0000000 0.0000 0.0000000 0.0000 0.0000000 0.0000 0.0000000 0.0000 ['C#C', 'C(=O)N([!#1])C(=O)']
 | 12.7917 20.2541 -20.2541 0.0000000 CC1NC(c2ccc(-c3ccc(C#N)cc3)cc2)C(C(=O)NS(C)(=O)=O)C1C 1 [*]C1C([*])C(C(N1)c1ccc([*])cc1)C(=O)N[*] *C|*C|C(#N)c1ccc(*)cc1|O=S(C)(=O)* c1ccc(-c2ccc(C3CCCN3)cc2)cc1 0.9723486 7.6085 0.0000000 4.0000 0.8261257 0.8261 0.0015497 3.7332 0.9998741 397.5000 0.9090909 28.0000 0.9997081 2.5862 0.6065629 99.0600 0.2402531 5.0000 0.1279931 2.0000 0.3052647 4.0000 0.5000000 3.0000 0.5000000 2.0000 1.0000000 1.0000 []
10:05:35 <INFO> Score: 0.38 Agent NLL: 25.54 Valid: 100% Step: 7
 | Agent Prior Target Score SMILES SMILES_state Input_Scaffold R-groups Scaffold DENV_Activity DENV_Activity (raw) Stereo_Centers Stereo_Centers (raw) QED QED (raw) SA SA (raw) MW MW (raw) Heavy_Atoms Heavy_Atoms (raw) LogP LogP (raw) TPSA TPSA (raw) HBA HBA (raw) HBD HBD (raw) Rotatable_Bonds Rotatable_Bonds (raw) Ring_Count Ring_Count (raw) Aromatic_Rings Aromatic_Rings (raw) Stability_Alerts Stability_Alerts (raw) matchting_patterns (Stability_Alerts)
 | 36.0353 36.7610 16.5728 0.4444485 CCC1CC(C2NC(c3ccc(-c4ccccc4)cc3)C(C(=O)NS(C)(=O)=O)C2CC)C(=O)O1 1 [*]C1C([*])C(C(N1)c1ccc([*])cc1)C(=O)N[*] *C1CC(CC)OC1=O|C(C)*|*c1ccccc1|CS(*)(=O)=O O=C1OCCC1C1CCC(c2ccc(-c3ccccc3)cc2)N1 0.9760335 7.5511 0.0000000 6.0000 0.5841699 0.5842 0.0000539 4.2439 0.8048258 484.6180 0.5815016 34.0000 0.9644942 3.4264 0.3267301 101.5700 0.0306534 6.0000 0.1279931 2.0000 0.0031523 7.0000 0.0031523 4.0000 0.5000000 2.0000 1.0000000 1.0000 []
 | 34.7948 61.3628 -3.3885 0.4831194 CCC1NC(c2ccc(C3CNC(CC(=O)NC)C3)cc2)C(C(=O)NCCN2CCCCC2)C1C 1 [*]C1C([*])C(C(N1)c1ccc([*])cc1)C(=O)N[*] *CC|C*|N(C)C(CC1CC(*)CN1)=O|C1CCCCN1CC* O=C(NCCN1CCCCC1)C1CCNC1c1ccc(C2CCNC2)cc1 0.9668260 7.6819 0.0000000 6.0000 0.4338324 0.4338 0.0000294 4.3357 0.8177525 483.7010 0.5000000 35.0000 0.9997690 2.5455 0.9987426 85.5000 0.2402531 5.0000 0.0000682 4.0000 0.0001179 9.0000 0.0031523 4.0000 0.9968477 1.0000 1.0000000 1.0000 []
 | 15.3661 14.0710 -14.0710 0.0000000 CC(C)C1C(C)NC(c2ccc(N(C)C)cc2)C1C(=O)NS(C)(=O)=O 1 [*]C1C([*])C(C(N1)c1ccc([*])cc1)C(=O)N[*] *C|*C(C)C|CN(*)C|*S(=O)(C)=O c1ccc(C2CCCN2)cc1 0.9743313 7.5786 0.0000000 4.0000 0.8289268 0.8289 0.0003524 3.9585 0.9980115 367.5150 0.8381740 25.0000 0.9868103 1.7496 0.9999496 78.5100 0.2402531 5.0000 0.1279931 2.0000 0.0782003 5.0000 0.9968477 2.0000 0.9968477 1.0000 1.0000000 1.0000 []
 | 21.4113 41.5799 6.8400 0.4034994 CCCCCC1C(C)NC(c2ccc(-c3cccc(S(N)(=O)=O)c3)cc2)C1C(=O)NS(C)(=O)=O 1 [*]C1C([*])C(C(N1)c1ccc([*])cc1)C(=O)N[*] *C|*CCCCC|*c1cc(S(=O)(N)=O)ccc1|CS(*)(=O)=O c1ccc(-c2ccc(C3CCCN3)cc2)cc1 0.9533229 7.8209 0.0000000 4.0000 0.4467040 0.4467 0.0007237 3.8491 0.3302243 507.6780 0.5815016 34.0000 0.9979822 2.9223 0.0000001 135.4300 0.0306534 6.0000 0.0031523 3.0000 0.0001179 9.0000 0.5000000 3.0000 0.5000000 2.0000 1.0000000 1.0000 []
 | 40.2491 62.2648 -29.2178 0.2753916 CC1CCC(CCN2CCC(c3ccc(C4NC(C)C(C)C4C(=O)Nc4cc(C(N)=O)nc(=O)n4C)cc3)C(C)C2)CC1 1 [*]C1C([*])C(C(N1)c1ccc([*])cc1)C(=O)N[*] *C|*C|*C1CCN(CCC2CCC(C)CC2)CC1C|c1c(C(=O)N)nc(=O)n(C)c1* O=C(Nc1ccnc(=O)[nH]1)C1CCNC1c1ccc(C2CCN(CCC3CCCCC3)CC2)cc1 0.9532019 7.8219 0.0000000 6.0000 0.4178255 0.4178 0.0000044 4.6228 0.0002330 590.8130 0.0671368 43.0000 0.0717260 4.4448 0.0000339 122.3500 0.0031523 7.0000 0.0031523 3.0000 0.0006102 8.0000 0.0000100 5.0000 0.5000000 2.0000 1.0000000 1.0000 []
 | 12.4059 21.2849 44.1611 0.5453837 CC1CN(c2ccc(C3NC(C)C(C)C3C(=O)NS(C)(=O)=O)cc2)CC(C)N1 1 [*]C1C([*])C(C(N1)c1ccc([*])cc1)C(=O)N[*] *C|*C|*N1CC(C)NC(C)C1|O=S(=O)(*)C c1cc(N2CCNCC2)ccc1C1CCCN1 0.9715258 7.6203 0.0000000 6.0000 0.6943923 0.6944 0.0000316 4.3252 0.9997799 408.5680 0.9090909 28.0000 0.7937350 1.2341 0.9873390 90.5400 0.0306534 6.0000 0.0031523 3.0000 0.3052647 4.0000 0.5000000 3.0000 0.9968477 1.0000 1.0000000 1.0000 []
 | 21.9818 37.2449 23.0973 0.5028513 C=Nc1cccnc1NC(=O)C1C(c2ccc(N3CCNCC3)cc2)NC(C)C1C 1 [*]C1C([*])C(C(N1)c1ccc([*])cc1)C(=O)N[*] *C|*C|*N1CCNCC1|c1ccc(N=C)c(*)n1 O=C(Nc1ccccn1)C1CCNC1c1ccc(N2CCNCC2)cc1 0.9647290 7.7067 0.0000000 4.0000 0.6654684 0.6655 0.0001220 4.1198 0.9998175 406.5340 0.8381740 30.0000 0.9992630 2.7471 0.9997863 81.6500 0.0306534 6.0000 0.0031523 3.0000 0.0782003 5.0000 0.0031523 4.0000 0.5000000 2.0000 1.0000000 1.0000 []
 | 26.1218 38.4979 23.8856 0.5198626 CC1NC(c2ccc(N)cc2)C(C(=O)NS(=O)(=O)C(=O)N2CCCC2)C1C 1 [*]C1C([*])C(C(N1)c1ccc([*])cc1)C(=O)N[*] *C|*C|*N|C1CCCN1C(S(=O)(=O)*)=O O=C(NS(=O)(=O)C(=O)N1CCCC1)C1CCNC1c1ccccc1 0.9551192 7.8048 0.0000000 4.0000 0.6484935 0.6485 0.0000808 4.1824 0.9998339 394.4970 0.9090909 27.0000 0.7758544 1.2157 0.0000479 121.6000 0.0306534 6.0000 0.0031523 3.0000 0.9217998 2.0000 0.5000000 3.0000 0.9968477 1.0000 1.0000000 1.0000 []
 | 16.8847 26.8043 42.1393 0.5745303 Cc1ccc(-c2ccc(C3NC(C)C(C)C3C(=O)NS(C)(=O)=O)cc2)nc1 1 [*]C1C([*])C(C(N1)c1ccc([*])cc1)C(=O)N[*] *C|*C|*c1ccc(C)cn1|O=S(=O)(C)* c1ccc(-c2ccc(C3CCCN3)cc2)nc1 0.9773142 7.5291 0.0000000 4.0000 0.8411417 0.8411 0.0010332 3.7949 0.9996841 387.5050 0.9090909 27.0000 0.9997148 2.4179 0.9957328 88.1600 0.2402531 5.0000 0.1279931 2.0000 0.3052647 4.0000 0.5000000 3.0000 0.5000000 2.0000 1.0000000 1.0000 []
 | 18.4356 28.9856 -28.9856 0.0000000 CC(C)CC(C#N)c1ccc(C2NC(C)C(C)C2C(=O)NC(N)=O)cc1 1 [*]C1C([*])C(C(N1)c1ccc([*])cc1)C(=O)N[*] *C|*C|C(#N)C(*)CC(C)C|NC(=O)* c1ccc(C2CCCN2)cc1 0.9666330 7.6843 0.0000000 5.0000 0.7535609 0.7536 0.0000687 4.2070 0.9945197 356.4700 0.8780020 26.0000 0.9988800 2.8199 0.0243935 108.0100 0.7597469 4.0000 0.0031523 3.0000 0.0782003 5.0000 0.9968477 2.0000 0.9968477 1.0000 1.0000000 1.0000 []
10:05:36 <WARN> reinvent_plugins.normalizers.rdkit_smiles: [*]C1C([*])C(C(N1)c1ccc([*])cc1)C(=O)N[*]CC(C)*|C*|C1(*)CCC(CNc2c3c(n(C)cc2)cc(OC)cc3C(NC)=O)CC1|O=S(*)(C)=O could not be converted
10:05:43 <INFO> Score: 0.36 Agent NLL: 23.60 Valid:  99% Step: 8
 | Agent Prior Target Score SMILES SMILES_state Input_Scaffold R-groups Scaffold DENV_Activity DENV_Activity (raw) Stereo_Centers Stereo_Centers (raw) QED QED (raw) SA SA (raw) MW MW (raw) Heavy_Atoms Heavy_Atoms (raw) LogP LogP (raw) TPSA TPSA (raw) HBA HBA (raw) HBD HBD (raw) Rotatable_Bonds Rotatable_Bonds (raw) Ring_Count Ring_Count (raw) Aromatic_Rings Aromatic_Rings (raw) Stability_Alerts Stability_Alerts (raw) matchting_patterns (Stability_Alerts)
 | 40.6675 72.7963 -32.0048 0.3399293 CC1=CC(=NOCCc2ccc(C3NC(CC(C)CC(C)C)C(C)C3C(=O)NS(C)(=O)=O)cc2)C=CCN1 1 [*]C1C([*])C(C(N1)c1ccc([*])cc1)C(=O)N[*] *CC(CC(C)C)C|C*|N1C(C)=CC(=NOCC*)C=CC1|O=S(C)(*)=O C1=CC(=NOCCc2ccc(C3CCCN3)cc2)C=CNC1 0.9775826 7.5244 0.0000000 5.0000 0.2862022 0.2862 0.0000007 4.8951 0.0159419 544.7620 0.2715402 38.0000 0.3893240 4.0782 0.0163991 108.8900 0.0031523 7.0000 0.0031523 3.0000 0.0000044 11.0000 0.5000000 3.0000 0.9968477 1.0000 1.0000000 1.0000 []
 | 22.7759 42.3318 15.9172 0.4854085 CCCCCC1NC(c2ccc(N3CCN(C(C)=O)CC3C)cc2)C(C(=O)NC(N)=O)C1C 1 [*]C1C([*])C(C(N1)c1ccc([*])cc1)C(=O)N[*] *CCCCC|*C|C1N(*)C(C)CN(C(C)=O)C1|*C(=O)N c1cc(N2CCNCC2)ccc1C1CCCN1 0.9581794 7.7759 0.0000000 5.0000 0.5458869 0.5459 0.0001162 4.1271 0.9802264 457.6190 0.6587843 33.0000 0.9990888 2.7840 0.0271668 107.7700 0.2402531 5.0000 0.0031523 3.0000 0.0031523 7.0000 0.5000000 3.0000 0.9968477 1.0000 1.0000000 1.0000 []
 | 23.7161 37.0055 17.5378 0.4545276 CCCC1C(C)NC(c2ccc(Cc3c(C)n(C)n(-c4ccccc4)c3=O)cc2)C1C(=O)NC=O 1 [*]C1C([*])C(C(N1)c1ccc([*])cc1)C(=O)N[*] *C|*CCC|c1(C*)c(C)n(C)n(-c2ccccc2)c1=O|C(=O)* O=c1c(Cc2ccc(C3CCCN3)cc2)c[nH]n1-c1ccccc1 0.9703467 7.6366 0.0000000 4.0000 0.4902074 0.4902 0.0001266 4.1141 0.9120531 474.6050 0.5000000 35.0000 0.9670211 3.4131 0.9989395 85.1300 0.0306534 6.0000 0.1279931 2.0000 0.0006102 8.0000 0.0031523 4.0000 0.0031523 3.0000 1.0000000 1.0000 []
 | 27.3534 28.3463 20.2476 0.4049497 CCCCS(=O)(=O)Nc1ccc(C2NC(C)C(CC)C2C(=O)NS(=O)(=O)c2ccccc2)cc1 1 [*]C1C([*])C(C(N1)c1ccc([*])cc1)C(=O)N[*] *C|*CC|O=S(N*)(CCCC)=O|O=S(c1ccccc1)(=O)* O=C(NS(=O)(=O)c1ccccc1)C1CCNC1c1ccccc1 0.9654613 7.6982 0.0000000 4.0000 0.4531355 0.4531 0.0008578 3.8232 0.3302243 507.6780 0.5815016 34.0000 0.9678230 3.4087 0.0000515 121.4400 0.0306534 6.0000 0.0031523 3.0000 0.0000228 10.0000 0.5000000 3.0000 0.5000000 2.0000 1.0000000 1.0000 []
 | 22.1426 30.8183 21.0687 0.4323915 CC1NC(c2ccc(CCN3CCN(C(C)C)CC3)cc2)C(C(=O)NS(=O)(=O)c2ccccc2)C1C 1 [*]C1C([*])C(C(N1)c1ccc([*])cc1)C(=O)N[*] *C|*C|*CCN1CCN(C(C)C)CC1|O=S(c1ccccc1)(*)=O O=C(NS(=O)(=O)c1ccccc1)C1CCNC1c1ccc(CCN2CCNCC2)cc1 0.9710039 7.6276 0.0000000 4.0000 0.5659680 0.5660 0.0013172 3.7579 0.2365745 512.7200 0.4184983 36.0000 0.9959124 3.0453 0.9997762 81.7500 0.0306534 6.0000 0.1279931 2.0000 0.0006102 8.0000 0.0031523 4.0000 0.5000000 2.0000 1.0000000 1.0000 []
 | 16.8520 23.3326 47.0322 0.5863732 Cc1ccc(C2NC(C)C(C)C2C(=O)NC(=O)c2cnn(C)c2)cc1 1 [*]C1C([*])C(C(N1)c1ccc([*])cc1)C(=O)N[*] *C|*C|*C|Cn1ncc(C(*)=O)c1 O=C(NC(=O)C1CCNC1c1ccccc1)c1cn[nH]c1 0.9722226 7.6103 0.0000000 4.0000 0.8378214 0.8378 0.0012376 3.7674 0.9764193 340.4270 0.8381740 25.0000 0.9962604 1.9702 0.9999840 76.0200 0.2402531 5.0000 0.1279931 2.0000 0.6947353 3.0000 0.5000000 3.0000 0.5000000 2.0000 1.0000000 1.0000 []
 | 14.7265 17.5001 37.5783 0.4589868 Cc1ccc(C2NC(C)C(C)C2C(=O)NC(=O)CC2NC(=O)NC2=O)cc1 1 [*]C1C([*])C(C(N1)c1ccc([*])cc1)C(=O)N[*] *C|*C|*C|N1C(=O)NC(=O)C1CC(*)=O O=C(CC1NC(=O)NC1=O)NC(=O)C1CCNC1c1ccccc1 0.9749254 7.5692 0.0000000 5.0000 0.5752183 0.5752 0.0001611 4.0775 0.9987339 372.4250 0.9090909 27.0000 0.0596796 0.5210 0.0005245 116.4000 0.2402531 5.0000 0.0000682 4.0000 0.3052647 4.0000 0.5000000 3.0000 0.9968477 1.0000 1.0000000 1.0000 []
 | 15.6628 24.4640 46.8264 0.5940870 Cc1ccc(C2NC(C)C(C)C2C(=O)Nc2cc(=O)n(C)c(C)n2)cc1 1 [*]C1C([*])C(C(N1)c1ccc([*])cc1)C(=O)N[*] *C|*C|*C|c1(C)n(C)c(=O)cc(*)n1 O=C(Nc1cc(=O)[nH]cn1)C1CCNC1c1ccccc1 0.9761479 7.5492 0.0000000 4.0000 0.8869012 0.8869 0.0006891 3.8565 0.9934088 354.4540 0.8780020 26.0000 0.9995017 2.3209 0.9999840 76.0200 0.2402531 5.0000 0.1279931 2.0000 0.6947353 3.0000 0.5000000 3.0000 0.5000000 2.0000 1.0000000 1.0000 []
 | 26.8349 43.4765 19.2549 0.5227613 C=CCNC(=O)NC(=O)C1C(c2ccc(NC3CCC(COC)CC3)cc2)NC(C)C1C 1 [*]C1C([*])C(C(N1)c1ccc([*])cc1)C(=O)N[*] *C|*C|*NC1CCC(COC)CC1|*C(=O)NCC=C c1cc(C2CCCN2)ccc1NC1CCCCC1 0.9646289 7.7079 0.0000000 4.0000 0.4619373 0.4619 0.0002643 4.0022 0.9949654 442.6040 0.7284598 32.0000 0.9088051 3.6006 0.9805259 91.4900 0.2402531 5.0000 0.0000682 4.0000 0.0006102 8.0000 0.5000000 3.0000 0.9968477 1.0000 1.0000000 1.0000 []
 | 20.6004 38.0659 25.9654 0.5335937 Cc1nc(NC(=O)C2C(c3ccc(CCO)cc3)NC(C)C2C)n(C)n1 1 [*]C1C([*])C(C(N1)c1ccc([*])cc1)C(=O)N[*] *C|*C|C(C*)O|c1(C)nn(C)c(*)n1 O=C(Nc1ncn[nH]1)C1CCNC1c1ccccc1 0.9756285 7.5578 0.0000000 4.0000 0.7556153 0.7556 0.0002919 3.9871 0.9949939 357.4580 0.8780020 26.0000 0.9661360 1.5821 0.9747142 92.0700 0.0306534 6.0000 0.0031523 3.0000 0.0782003 5.0000 0.5000000 3.0000 0.5000000 2.0000 1.0000000 1.0000 []
10:05:44 <WARN> reinvent_plugins.normalizers.rdkit_smiles: [*]C1C([*])C(C(N1)c1ccc([*])cc1)C(=O)N[*]*C|*C|C(c1cc2c(nc1C)c(*)cc(C)cc2)N|C(*)(=O)N could not be converted
10:05:44 <WARN> reinvent_plugins.normalizers.rdkit_smiles: [*]C1C([*])C(C(N1)c1ccc([*])cc1)C(=O)N[*]*C|*C|C1(C#C*)NCCC1|c1cccc(S(*)==O)n1 could not be converted
10:05:44 <WARN> reinvent_plugins.normalizers.rdkit_smiles: [*]C1C([*])C(C(N1)c1ccc([*])cc1)C(=O)N[*]*C|*C|CN(CCC*)C|c1(*)c(S(=O)(*)=O)cccc1 could not be converted
10:05:44 <WARN> reinvent_plugins.normalizers.rdkit_smiles: [*]C1C([*])C(C(N1)c1ccc([*])cc1)C(=O)N[*]*C|C*|c1(*)ncc(C)nc1|O=S(*)(=O)=O could not be converted
10:05:44 <WARN> reinvent_plugins.normalizers.rdkit_smiles: [*]C1C([*])C(C(N1)c1ccc([*])cc1)C(=O)N[*]C*|*C|Cc1cc(*)[nH]nc1=O|NC(*)=O could not be converted
10:05:51 <INFO> Score: 0.34 Agent NLL: 23.36 Valid:  96% Step: 9
 | Agent Prior Target Score SMILES SMILES_state Input_Scaffold R-groups Scaffold DENV_Activity DENV_Activity (raw) Stereo_Centers Stereo_Centers (raw) QED QED (raw) SA SA (raw) MW MW (raw) Heavy_Atoms Heavy_Atoms (raw) LogP LogP (raw) TPSA TPSA (raw) HBA HBA (raw) HBD HBD (raw) Rotatable_Bonds Rotatable_Bonds (raw) Ring_Count Ring_Count (raw) Aromatic_Rings Aromatic_Rings (raw) Stability_Alerts Stability_Alerts (raw) matchting_patterns (Stability_Alerts)
 | 17.5632 34.1718 -34.1718 0.0000000 CCCCCC1NC(c2ccc(CCNC(C)=O)cc2)C(C(=O)NC(N)=O)C1C 1 [*]C1C([*])C(C(N1)c1ccc([*])cc1)C(=O)N[*] *CCCCC|*C|C(NCC*)(C)=O|*C(=O)N c1ccc(C2CCCN2)cc1 0.9553897 7.8023 0.0000000 4.0000 0.4750415 0.4750 0.0011055 3.7846 0.9998737 402.5390 0.8780020 29.0000 0.9996939 2.4056 0.0021630 113.3200 0.7597469 4.0000 0.0000682 4.0000 0.0001179 9.0000 0.9968477 2.0000 0.9968477 1.0000 1.0000000 1.0000 []
 | 27.1235 50.0831 -2.2959 0.3982273 CCCCCC1C(C)NC(c2ccc(CCNC(=O)c3ccc(Cl)nc3)cc2)C1C(=O)NC(N)=O 1 [*]C1C([*])C(C(N1)c1ccc([*])cc1)C(=O)N[*] *C|*CCCCC|*CCNC(c1ccc(Cl)nc1)=O|*C(N)=O O=C(NCCc1ccc(C2CCCN2)cc1)c1cccnc1 0.9480379 7.8650 0.0000000 4.0000 0.2923434 0.2923 0.0007355 3.8466 0.4990099 500.0430 0.5000000 35.0000 0.8101837 3.7479 0.0000057 126.2100 0.2402531 5.0000 0.0000682 4.0000 0.0000228 10.0000 0.5000000 3.0000 0.5000000 2.0000 1.0000000 1.0000 []
 | 25.0966 46.1737 2.9551 0.4094066 CCCCCC1C(C)NC(c2ccc(CCC3CCNCC3)cc2)C1C(=O)Nc1nccs1 1 [*]C1C([*])C(C(N1)c1ccc([*])cc1)C(=O)N[*] *C|*CCCCC|C1(CC*)CCNCC1|c1sc(*)nc1 O=C(Nc1nccs1)C1CCNC1c1ccc(CCC2CCNCC2)cc1 0.9244329 8.0212 0.0000000 4.0000 0.3995102 0.3995 0.0004659 3.9160 0.9469405 468.7110 0.6587843 33.0000 0.0001262 5.5595 0.9999938 66.0500 0.2402531 5.0000 0.0031523 3.0000 0.0000228 10.0000 0.0031523 4.0000 0.5000000 2.0000 1.0000000 1.0000 []
 | 38.6836 54.9719 -21.5154 0.2788042 CCCCC1C(C)NC(c2ccc(C3CC(C)N(C(=O)Cn4cc(C)c5cccc(C)c54)C3)cc2)C1C(=O)NS(C)(=O)=O 1 [*]C1C([*])C(C(N1)c1ccc([*])cc1)C(=O)N[*] *C|*CCCC|CC1CC(*)CN1C(=O)Cn1cc(C)c2cccc(C)c12|CS(*)(=O)=O O=C(Cn1ccc2ccccc21)N1CCC(c2ccc(C3CCCN3)cc2)C1 0.9555156 7.8012 0.0000000 6.0000 0.3491615 0.3492 0.0000060 4.5778 0.0000533 606.8330 0.0671368 43.0000 0.0010344 5.1939 0.4415522 100.5100 0.0306534 6.0000 0.1279931 2.0000 0.0001179 9.0000 0.0000100 5.0000 0.0031523 3.0000 1.0000000 1.0000 []
 | 30.8887 48.4128 -6.7303 0.3473538 CCC1C(C)NC(c2ccc(-c3ccc4cnn(CCN(C)C)c(=O)c4c3)cc2)C1C(=O)NS(C)(=O)=O 1 [*]C1C([*])C(C(N1)c1ccc([*])cc1)C(=O)N[*] *C|*CC|c1c(*)ccc2cnn(CCN(C)C)c(=O)c12|*S(=O)(C)=O O=c1[nH]ncc2ccc(-c3ccc(C4CCCN4)cc3)cc12 0.9654039 7.6989 0.0000000 4.0000 0.4642395 0.4642 0.0001427 4.0959 0.0859002 525.6750 0.3412157 37.0000 0.9996372 2.3761 0.0020849 113.4000 0.0003161 8.0000 0.1279931 2.0000 0.0006102 8.0000 0.0031523 4.0000 0.0031523 3.0000 1.0000000 1.0000 []
 | 16.3002 28.1310 -28.1310 0.0000000 CC(=O)NCCCCc1ccc(C2NC(C)C(C)C2C(=O)NC(N)=O)cc1 1 [*]C1C([*])C(C(N1)c1ccc([*])cc1)C(=O)N[*] *C|*C|*CCCCNC(=O)C|NC(*)=O c1ccc(C2CCCN2)cc1 0.9593742 7.7641 0.0000000 4.0000 0.5432172 0.5432 0.0016245 3.7260 0.9989525 374.4850 0.9090909 27.0000 0.9734054 1.6254 0.0021630 113.3200 0.7597469 4.0000 0.0000682 4.0000 0.0031523 7.0000 0.9968477 2.0000 0.9968477 1.0000 1.0000000 1.0000 []
 | 21.5253 26.3288 37.8723 0.5350097 CC(=O)N1CCNCC1C(=O)NC(=O)C1C(c2ccc(C)cc2)NC(C)C1C 1 [*]C1C([*])C(C(N1)c1ccc([*])cc1)C(=O)N[*] *C|*C|*C|CC(=O)N1CCNCC1C(*)=O O=C(NC(=O)C1CCNC1c1ccccc1)C1CNCCN1 0.9640255 7.7147 0.0000000 5.0000 0.6670104 0.6670 0.0001829 4.0581 0.9996532 386.4960 0.9090909 28.0000 0.1857078 0.7432 0.9873390 90.5400 0.2402531 5.0000 0.0031523 3.0000 0.6947353 3.0000 0.5000000 3.0000 0.9968477 1.0000 1.0000000 1.0000 []
 | 28.9089 39.5200 16.1207 0.4636727 CC(=N)N1CCc2ccc(S(=O)(=O)NC(=O)C3C(c4ccc(C)cc4)NC(C)C3C)cc2C1 1 [*]C1C([*])C(C(N1)c1ccc([*])cc1)C(=O)N[*] *C|*C|*C|c12c(cc(S(*)(=O)=O)cc1)CN(C(C)=N)CC2 O=C(NS(=O)(=O)c1ccc2c(c1)CNCC2)C1CCNC1c1ccccc1 0.9589425 7.7684 0.0000000 4.0000 0.4726230 0.4726 0.0002604 4.0045 0.9473464 468.6230 0.6587843 33.0000 0.9929506 3.1405 0.2522175 102.3600 0.2402531 5.0000 0.0031523 3.0000 0.3052647 4.0000 0.0031523 4.0000 0.5000000 2.0000 1.0000000 1.0000 []
 | 28.9311 40.4972 2.8896 0.3615561 CC1NC(c2ccc(N3CCC(CC(=O)O)CC3)cc2)C(C(=O)Nc2ccc(N3CCCC3)nc2)C1C 1 [*]C1C([*])C(C(N1)c1ccc([*])cc1)C(=O)N[*] *C|*C|*N1CCC(CC(O)=O)CC1|c1(*)ccc(N2CCCC2)nc1 O=C(Nc1ccc(N2CCCC2)nc1)C1CCNC1c1ccc(N2CCCCC2)cc1 0.9629821 7.7263 0.0000000 4.0000 0.5162308 0.5162 0.0009177 3.8129 0.3724826 505.6630 0.3412157 37.0000 0.1534308 4.2967 0.7336334 97.8000 0.0306534 6.0000 0.0031523 3.0000 0.0031523 7.0000 0.0000100 5.0000 0.5000000 2.0000 1.0000000 1.0000 []
 | 29.2422 55.0122 -19.2181 0.2982847 Cc1cc(NCCCNc2ccc(C3NC(C)C(C)C3C(=O)NS(C)(=O)=O)cc2)nc(-c2ccc(F)cc2)n1 1 [*]C1C([*])C(C(N1)c1ccc([*])cc1)C(=O)N[*] *C|*C|*NCCCNc1nc(-c2ccc(F)cc2)nc(C)c1|S(=O)(C)(*)=O c1ccc(-c2nccc(NCCCNc3ccc(C4CCCN4)cc3)n2)cc1 0.9721175 7.6119 0.0000000 4.0000 0.2785729 0.2786 0.0002533 4.0087 0.0064492 554.6920 0.2115241 39.0000 0.6836668 3.8661 0.0000095 125.1100 0.0003161 8.0000 0.0000682 4.0000 0.0000228 10.0000 0.0031523 4.0000 0.0031523 3.0000 1.0000000 1.0000 []
10:05:52 <WARN> reinvent_plugins.normalizers.rdkit_smiles: [*]C1C([*])C(C(N1)c1ccc([*])cc1)C(=O)N[*]*C|c1(*)ccccc1|O=C(NC)C*|C1(*)=Nc2n(c(C)c3nc(C)ncc3c2=O)CC1 could not be converted
10:05:52 <WARN> reinvent_plugins.normalizers.rdkit_smiles: [*]C1C([*])C(C(N1)c1ccc([*])cc1)C(=O)N[*]C*|*C|*c1c(=O)cc(O)cn1C|C(N)(=O)* could not be converted
10:05:59 <INFO> Score: 0.35 Agent NLL: 22.77 Valid:  98% Step: 10
 | Agent Prior Target Score SMILES SMILES_state Input_Scaffold R-groups Scaffold DENV_Activity DENV_Activity (raw) Stereo_Centers Stereo_Centers (raw) QED QED (raw) SA SA (raw) MW MW (raw) Heavy_Atoms Heavy_Atoms (raw) LogP LogP (raw) TPSA TPSA (raw) HBA HBA (raw) HBD HBD (raw) Rotatable_Bonds Rotatable_Bonds (raw) Ring_Count Ring_Count (raw) Aromatic_Rings Aromatic_Rings (raw) Stability_Alerts Stability_Alerts (raw) matchting_patterns (Stability_Alerts)
 | 32.1389 40.5891 2.2370 0.3568845 CCC1NC(c2ccc(Nc3cccc(-c4ccc(C)cc4)c3)cc2)C(C(=O)NS(C)(=O)=O)C1CC 1 [*]C1C([*])C(C(N1)c1ccc([*])cc1)C(=O)N[*] *CC|*CC|c1(N*)cccc(-c2ccc(C)cc2)c1|O=S(*)(=O)C c1ccc(-c2cccc(Nc3ccc(C4CCCN4)cc3)c2)cc1 0.9732019 7.5959 0.0000000 4.0000 0.3738108 0.3738 0.0011365 3.7804 0.3720307 505.6840 0.4184983 36.0000 0.0001359 5.5467 0.9971243 87.3000 0.2402531 5.0000 0.0031523 3.0000 0.0006102 8.0000 0.0031523 4.0000 0.0031523 3.0000 1.0000000 1.0000 []
 | 25.9841 35.5805 9.6039 0.3765364 CNS(=O)(=O)c1cccc(-c2ccc(C3NC(C)C(Cn4cccc4)C3C(=O)NC(N)=O)cc2)c1 1 [*]C1C([*])C(C(N1)c1ccc([*])cc1)C(=O)N[*] *C|*Cn1cccc1|O=S(NC)(=O)c1cc(*)ccc1|NC(*)=O c1ccc(-c2ccc(C3CC(Cn4cccc4)CN3)cc2)cc1 0.9624486 7.7321 0.0000000 4.0000 0.3986202 0.3986 0.0001891 4.0531 0.5998388 495.6050 0.5000000 35.0000 0.9991273 2.2235 0.0000001 135.3200 0.0306534 6.0000 0.0000682 4.0000 0.0031523 7.0000 0.0031523 4.0000 0.0031523 3.0000 1.0000000 1.0000 []
 | 23.6120 39.6668 25.4888 0.5429634 CCCC1CNCCC1Cc1ccc(C2NC(C)C(C)C2C(=O)NS(C)(=O)=O)cc1 1 [*]C1C([*])C(C(N1)c1ccc([*])cc1)C(=O)N[*] *C|*C|*CC1CCNCC1CCC|*S(C)(=O)=O c1cc(C2CCCN2)ccc1CC1CCNCC1 0.9507179 7.8432 0.0000000 6.0000 0.6128424 0.6128 0.0000225 4.3767 0.9973441 435.6340 0.8381740 30.0000 0.9996538 2.6158 0.9971243 87.3000 0.2402531 5.0000 0.0031523 3.0000 0.0031523 7.0000 0.5000000 3.0000 0.9968477 1.0000 1.0000000 1.0000 []
 | 15.2900 22.6085 38.9701 0.5131553 CC1NC(c2ccc(CCN3CCCC3)cc2)C(C(=O)NC(=O)Nc2ccccc2)C1C 1 [*]C1C([*])C(C(N1)c1ccc([*])cc1)C(=O)N[*] *C|*C|*CCN1CCCC1|c1(NC(*)=O)ccccc1 O=C(NC(=O)C1CCNC1c1ccc(CCN2CCCC2)cc1)Nc1ccccc1 0.9725522 7.6055 0.0000000 4.0000 0.6435199 0.6435 0.0047258 3.5632 0.9975883 434.5840 0.7284598 32.0000 0.5597245 3.9583 0.9999951 73.4700 0.7597469 4.0000 0.0031523 3.0000 0.0161150 6.0000 0.0031523 4.0000 0.5000000 2.0000 1.0000000 1.0000 []
 | 30.0493 46.3783 2.7940 0.4097691 CCN1CCN(CC(=O)Nc2ccc(NC(=O)C3C(c4ccc(N)cc4)NC(C)C3C)nc2)CC1 1 [*]C1C([*])C(C(N1)c1ccc([*])cc1)C(=O)N[*] *C|*C|*N|C(=O)(CN1CCN(CC)CC1)Nc1ccc(*)nc1 O=C(CN1CCNCC1)Nc1ccc(NC(=O)C2CCNC2c2ccccc2)nc1 0.9585932 7.7719 0.0000000 4.0000 0.4499486 0.4499 0.0014311 3.7453 0.8671784 479.6290 0.5000000 35.0000 0.9987684 2.1636 0.0007511 115.6200 0.0031523 7.0000 0.0000682 4.0000 0.0031523 7.0000 0.0031523 4.0000 0.5000000 2.0000 1.0000000 1.0000 []
 | 13.9373 22.6644 -22.6644 0.0000000 CNC(=O)c1ccc(-c2ccc(C3NC(C)C(C)C3C(=O)NC(N)=O)cc2)cc1 1 [*]C1C([*])C(C(N1)c1ccc([*])cc1)C(=O)N[*] *C|*C|*c1ccc(C(NC)=O)cc1|*C(N)=O c1ccc(-c2ccc(C3CCCN3)cc2)cc1 0.9642237 7.7125 0.0000000 4.0000 0.6364950 0.6365 0.0036852 3.6012 0.9998337 394.4750 0.8780020 29.0000 0.9989612 2.1932 0.0021630 113.3200 0.7597469 4.0000 0.0000682 4.0000 0.3052647 4.0000 0.5000000 3.0000 0.5000000 2.0000 1.0000000 1.0000 []
 | 16.2852 27.4513 29.1776 0.4719073 CC1NC(c2ccc(-c3n[nH]c4ccccc34)cc2)C(C(=O)NS(C)(=O)=O)C1C 1 [*]C1C([*])C(C(N1)c1ccc([*])cc1)C(=O)N[*] *C|*C|*c1n[nH]c2c1cccc2|O=S(*)(=O)C c1ccc2c(-c3ccc(C4CCCN4)cc3)n[nH]c2c1 0.9774708 7.5264 0.0000000 4.0000 0.6110533 0.6111 0.0007400 3.8457 0.9996834 412.5150 0.8780020 29.0000 0.9997002 2.5908 0.1395490 103.9500 0.2402531 5.0000 0.0031523 3.0000 0.3052647 4.0000 0.0031523 4.0000 0.0031523 3.0000 1.0000000 1.0000 []
 | 23.9168 38.0974 33.9595 0.6004739 CCCc1ccc(C2NC(C)C(C)C2C(=O)NC(=O)C2(C)CCN(C)CC2)cc1 1 [*]C1C([*])C(C(N1)c1ccc([*])cc1)C(=O)N[*] *C|*C|C(C)C*|CN1CCC(C(=O)*)(C)CC1 O=C(NC(=O)C1CCNC1c1ccccc1)C1CCNCC1 0.9722509 7.6099 0.0000000 4.0000 0.7460640 0.7461 0.0002473 4.0124 0.9998960 399.5790 0.8780020 29.0000 0.9826363 3.2989 0.9999485 61.4400 0.7597469 4.0000 0.1279931 2.0000 0.0782003 5.0000 0.5000000 3.0000 0.9968477 1.0000 1.0000000 1.0000 []
 | 29.2175 46.0530 11.0464 0.4758287 Cc1cccc(NC(=S)NC(=O)C2C(c3ccc(CCCCCN)cc3)NC(C)C2C)c1 1 [*]C1C([*])C(C(N1)c1ccc([*])cc1)C(=O)N[*] *C|*C|C(CC*)CCN|c1c(NC(=S)*)cc(C)cc1 O=C(NC(=S)Nc1ccccc1)C1CCNC1c1ccccc1 0.9484997 7.8613 0.0000000 4.0000 0.3511859 0.3512 0.0020092 3.6936 0.9873759 452.6680 0.7284598 32.0000 0.0644214 4.4648 0.9999315 79.1800 0.7597469 4.0000 0.0000682 4.0000 0.0006102 8.0000 0.5000000 3.0000 0.5000000 2.0000 1.0000000 1.0000 []
 | 18.4149 28.1451 -28.1451 0.0000000 CCCCc1ccc(-c2ccc(C3NC(C)C(C)C3C(=O)NS(C)(=O)=O)cc2)cc1 1 [*]C1C([*])C(C(N1)c1ccc([*])cc1)C(=O)N[*] *C|*C|C(CCc1ccc(*)cc1)C|O=S(*)(=O)C c1ccc(-c2ccc(C3CCCN3)cc2)cc1 0.9643272 7.7113 0.0000000 4.0000 0.6974301 0.6974 0.0029973 3.6327 0.9986091 428.5980 0.8381740 30.0000 0.4185587 4.0571 0.9999887 75.2700 0.7597469 4.0000 0.1279931 2.0000 0.0031523 7.0000 0.5000000 3.0000 0.5000000 2.0000 1.0000000 1.0000 []
10:06:00 <WARN> reinvent_plugins.normalizers.rdkit_smiles: [*]C1C([*])C(C(N1)c1ccc([*])cc1)C(=O)N[*]C*|*C|C1(NC(OCC)=O)CCCC(*)C1|*c1ccc(NC(*)=O)cc1 could not be converted
10:06:00 <WARN> reinvent_plugins.normalizers.rdkit_smiles: [*]C1C([*])C(C(N1)c1ccc([*])cc1)C(=O)N[*]C*|*C|C1N(*)CCC(C(N)=O)C1|*C(C1CCCCCN1=O)=O could not be converted
10:06:00 <WARN> reinvent_plugins.normalizers.rdkit_smiles: [*]C1C([*])C(C(N1)c1ccc([*])cc1)C(=O)N[*]C1CCCCC1C*|*C|*CCCN|n1c(C(*)=O)nn(-c2ccc(NC(=O)*)cc2)n1 could not be converted
10:06:06 <INFO> Score: 0.39 Agent NLL: 23.16 Valid:  98% Step: 11
 | Agent Prior Target Score SMILES SMILES_state Input_Scaffold R-groups Scaffold DENV_Activity DENV_Activity (raw) Stereo_Centers Stereo_Centers (raw) QED QED (raw) SA SA (raw) MW MW (raw) Heavy_Atoms Heavy_Atoms (raw) LogP LogP (raw) TPSA TPSA (raw) HBA HBA (raw) HBD HBD (raw) Rotatable_Bonds Rotatable_Bonds (raw) Ring_Count Ring_Count (raw) Aromatic_Rings Aromatic_Rings (raw) Stability_Alerts Stability_Alerts (raw) matchting_patterns (Stability_Alerts)
 | 29.0320 45.6215 -3.8502 0.3480937 CCC1NC(c2ccc(N3CCCC(CNc4ccc(C)c(C)c4)C3)cc2)C(C(=O)NS(C)(=O)=O)C1C 1 [*]C1C([*])C(C(N1)c1ccc([*])cc1)C(=O)N[*] *CC|*C|*N1CCCC(CNc2cc(C)c(C)cc2)C1|*S(=O)(=O)C c1ccc(NCC2CCCN(c3ccc(C4CCCN4)cc3)C2)cc1 0.9613489 7.7439 0.0000000 5.0000 0.4729487 0.4729 0.0001385 4.1005 0.0784576 526.7470 0.3412157 37.0000 0.0993580 4.3829 0.9873390 90.5400 0.0306534 6.0000 0.0031523 3.0000 0.0006102 8.0000 0.0031523 4.0000 0.5000000 2.0000 1.0000000 1.0000 []
 | 22.9717 25.5892 -25.5892 0.0000000 CCC1NC(c2ccc(-c3ccc(OC)cc3)cc2)C(C(=O)NC=O)C1CC 1 [*]C1C([*])C(C(N1)c1ccc([*])cc1)C(=O)N[*] *CC|CC*|O(C)c1ccc(*)cc1|*C=O c1ccc(-c2ccc(C3CCCN3)cc2)cc1 0.9658839 7.6932 0.0000000 4.0000 0.7189730 0.7190 0.0012626 3.7644 0.9993972 380.4880 0.9090909 28.0000 0.8489467 3.7001 0.9999968 67.4300 0.7597469 4.0000 0.1279931 2.0000 0.0031523 7.0000 0.5000000 3.0000 0.5000000 2.0000 1.0000000 1.0000 []
 | 19.5235 42.9113 12.0497 0.4580079 CCCCCC1C(C)NC(c2ccc(N)cc2)C1C(=O)Nc1ccc(N)nn1 1 [*]C1C([*])C(C(N1)c1ccc([*])cc1)C(=O)N[*] *C|*CCCCC|N*|c1c(*)nnc(N)c1 O=C(Nc1cccnn1)C1CCNC1c1ccccc1 0.9518559 7.8336 0.0000000 4.0000 0.4314146 0.4314 0.0005683 3.8858 0.9994996 382.5120 0.9090909 28.0000 0.9935407 3.1252 0.0001621 118.9500 0.0306534 6.0000 0.0000682 4.0000 0.0031523 7.0000 0.5000000 3.0000 0.5000000 2.0000 1.0000000 1.0000 []
 | 22.0393 48.4162 7.7433 0.4679954 CCCCCC1C(C)NC(c2ccc(Cn3ncc(C)n3)cc2)C1C(=O)NC(N)=O 1 [*]C1C([*])C(C(N1)c1ccc([*])cc1)C(=O)N[*] *C|*CCCCC|c1nn(C*)nc1C|NC(*)=O c1cnn(Cc2ccc(C3CCCN3)cc2)n1 0.9591296 7.7666 0.0000000 4.0000 0.5767551 0.5768 0.0001146 4.1294 0.9996828 412.5380 0.8381740 30.0000 0.9995127 2.6752 0.0010316 114.9300 0.0306534 6.0000 0.0031523 3.0000 0.0006102 8.0000 0.5000000 3.0000 0.5000000 2.0000 1.0000000 1.0000 []
 | 24.0633 35.0197 15.2256 0.4187108 CC1NC(c2ccc(-c3ccccc3)cc2)C(C(=O)NC(N)=O)C1CCCCn1ccnc1 1 [*]C1C([*])C(C(N1)c1ccc([*])cc1)C(=O)N[*] *C|*CCCCn1ccnc1|c1ccc(*)cc1|*C(=O)N c1ccc(-c2ccc(C3CC(CCCCn4ccnc4)CN3)cc2)cc1 0.9652104 7.7011 0.0000000 4.0000 0.4580018 0.4580 0.0010067 3.7988 0.9933961 445.5670 0.6587843 33.0000 0.6652426 3.8807 0.2810104 102.0400 0.2402531 5.0000 0.0031523 3.0000 0.0006102 8.0000 0.0031523 4.0000 0.0031523 3.0000 1.0000000 1.0000 []
 | 22.2119 37.8426 25.9842 0.5318898 CCC1C(C)NC(c2ccc(CCN3CCCC(COC)C3)cc2)C1C(=O)NC(N)=O 1 [*]C1C([*])C(C(N1)c1ccc([*])cc1)C(=O)N[*] *C|*CC|C1N(CC*)CCCC1COC|*C(=O)N c1cc(C2CCCN2)ccc1CCN1CCCCC1 0.9560484 7.7962 0.0000000 5.0000 0.5886942 0.5887 0.0002163 4.0326 0.9983289 430.5930 0.7884759 31.0000 0.9997731 2.4576 0.8211723 96.6900 0.2402531 5.0000 0.0031523 3.0000 0.0006102 8.0000 0.5000000 3.0000 0.9968477 1.0000 1.0000000 1.0000 []
 | 23.9003 46.8375 15.5647 0.5200185 Cc1cnn(Cc2ccc(C3NC(C)C(C)C3C(=O)NCC3CCCN(C)C3)cc2)c1 1 [*]C1C([*])C(C(N1)c1ccc([*])cc1)C(=O)N[*] *C|*C|*Cn1ncc(C)c1|C1N(C)CCCC1C* O=C(NCC1CCCNC1)C1CCNC1c1ccc(Cn2cccn2)cc1 0.9531206 7.8227 0.0000000 5.0000 0.7499016 0.7499 0.0002878 3.9893 0.9991214 423.6050 0.7884759 31.0000 0.9971420 2.9829 0.9999635 62.1900 0.2402531 5.0000 0.1279931 2.0000 0.0161150 6.0000 0.0031523 4.0000 0.5000000 2.0000 1.0000000 1.0000 []
 | 17.7008 27.2130 28.9712 0.4682015 Cc1ccc(C2NC(C)C(C)C2C(=O)NC(=O)Cn2cnnn2)cc1 1 [*]C1C([*])C(C(N1)c1ccc([*])cc1)C(=O)N[*] *C|*C|*C|C(*)(=O)Cn1nnnc1 O=C(Cn1cnnn1)NC(=O)C1CCNC1c1ccccc1 0.9778726 7.5192 0.0000000 4.0000 0.8440202 0.8440 0.0004953 3.9067 0.9802656 342.4030 0.8381740 25.0000 0.0955906 0.6096 0.3038709 101.8000 0.0031523 7.0000 0.1279931 2.0000 0.3052647 4.0000 0.5000000 3.0000 0.5000000 2.0000 1.0000000 1.0000 []
 | 9.6523 8.0614 -8.0614 0.0000000 Cc1ccc(C2NC(C)C(C)C2C(=O)NC(N)=O)cc1 1 [*]C1C([*])C(C(N1)c1ccc([*])cc1)C(=O)N[*] *C|*C|*C|O=C(*)N c1ccc(C2CCCN2)cc1 0.9740142 7.5836 0.0000000 4.0000 0.7639562 0.7640 0.0019122 3.7012 0.0936241 275.3520 0.5000000 20.0000 0.9390283 1.4750 0.9993023 84.2200 0.9693466 3.0000 0.0031523 3.0000 0.9217998 2.0000 0.9968477 2.0000 0.9968477 1.0000 1.0000000 1.0000 []
 | 14.9016 15.9922 48.0711 0.5338607 CSc1ccc(NC(=O)NC(=O)C2C(c3ccc(C)cc3)NC(C)C2C)cc1 1 [*]C1C([*])C(C(N1)c1ccc([*])cc1)C(=O)N[*] *C|*C|*C|c1c(SC)ccc(NC(*)=O)c1 O=C(NC(=O)C1CCNC1c1ccccc1)Nc1ccccc1 0.9777786 7.5209 0.0000000 4.0000 0.6710057 0.6710 0.0030591 3.6296 0.9998746 397.5440 0.9090909 28.0000 0.1174707 4.3503 0.9999989 70.2300 0.7597469 4.0000 0.0031523 3.0000 0.3052647 4.0000 0.5000000 3.0000 0.5000000 2.0000 1.0000000 1.0000 []
10:06:14 <INFO> Score: 0.37 Agent NLL: 22.74 Valid: 100% Step: 12
 | Agent Prior Target Score SMILES SMILES_state Input_Scaffold R-groups Scaffold DENV_Activity DENV_Activity (raw) Stereo_Centers Stereo_Centers (raw) QED QED (raw) SA SA (raw) MW MW (raw) Heavy_Atoms Heavy_Atoms (raw) LogP LogP (raw) TPSA TPSA (raw) HBA HBA (raw) HBD HBD (raw) Rotatable_Bonds Rotatable_Bonds (raw) Ring_Count Ring_Count (raw) Aromatic_Rings Aromatic_Rings (raw) Stability_Alerts Stability_Alerts (raw) matchting_patterns (Stability_Alerts)
 | 19.7614 26.0687 46.5081 0.6048066 CC(C)C1NC(c2ccc(N3CCCCC3)cc2)C(C(=O)NC=O)C1C 1 [*]C1C([*])C(C(N1)c1ccc([*])cc1)C(=O)N[*] *C(C)C|*C|C1CCCN(*)C1|O=C* c1cc(N2CCCCC2)ccc1C1CCCN1 0.9714921 7.6208 0.0000000 4.0000 0.7957130 0.7957 0.0003880 3.9438 0.9950122 357.4980 0.8780020 26.0000 0.9985000 2.8707 0.9999485 61.4400 0.7597469 4.0000 0.1279931 2.0000 0.0782003 5.0000 0.5000000 3.0000 0.9968477 1.0000 1.0000000 1.0000 []
 | 36.7115 61.5715 -10.5617 0.4250816 Cc1ccc(C2NC(C(C)C)C(C)C2C(=O)NS(=N)c2ccccc2-n2cccn2)cc1 1 [*]C1C([*])C(C(N1)c1ccc([*])cc1)C(=O)N[*] *C(C)C|C*|*C|S(c1c(-n2cccn2)cccc1)(*)=N N=S(NC(=O)C1CCNC1c1ccccc1)c1ccccc1-n1cccn1 0.9820179 7.4364 0.0000000 5.0000 0.5153598 0.5154 0.0000098 4.5037 0.9904328 449.6240 0.7284598 32.0000 0.0356461 4.5729 0.9996371 82.8000 0.2402531 5.0000 0.0031523 3.0000 0.0161150 6.0000 0.0031523 4.0000 0.0031523 3.0000 1.0000000 1.0000 []
 | 36.0025 43.1786 0.4881 0.3638886 CCCCNC(=O)c1ccc(-c2ccc(C3NC(CCC)C(CCC)C3C(=O)NS(C)(=O)=O)cc2)nn1 1 [*]C1C([*])C(C(N1)c1ccc([*])cc1)C(=O)N[*] *CCC|C(C)C*|c1cc(*)nnc1C(NCCCC)=O|*S(=O)(C)=O c1cnnc(-c2ccc(C3CCCN3)cc2)c1 0.9616619 7.7405 0.0000000 4.0000 0.3582494 0.3582 0.0002049 4.0410 0.0608758 529.7070 0.3412157 37.0000 0.9115347 3.5948 0.0000010 130.1500 0.0031523 7.0000 0.0031523 3.0000 0.0000008 12.0000 0.5000000 3.0000 0.5000000 2.0000 1.0000000 1.0000 []
 | 18.9212 21.8631 49.7015 0.5963716 CC(=O)NC(=O)C1C(c2ccc(C)cc2)NC(Cc2ccc(O)cc2)C1C 1 [*]C1C([*])C(C(N1)c1ccc([*])cc1)C(=O)N[*] *Cc1ccc(O)cc1|*C|*C|*C(=O)C c1ccc(CC2CCC(c3ccccc3)N2)cc1 0.9790289 7.4977 0.0000000 4.0000 0.7774718 0.7775 0.0024633 3.6626 0.9978092 366.4610 0.9090909 27.0000 0.9984955 2.8712 0.9999515 78.4300 0.7597469 4.0000 0.0031523 3.0000 0.3052647 4.0000 0.5000000 3.0000 0.5000000 2.0000 1.0000000 1.0000 []
 | 16.3225 21.2206 49.1618 0.5865204 CCC1C(C)NC(c2ccc(C3CCNCC3)cc2)C1C(=O)NC(N)=O 1 [*]C1C([*])C(C(N1)c1ccc([*])cc1)C(=O)N[*] *C|*CC|C1CNCCC1*|O=C(*)N c1cc(C2CCCN2)ccc1C1CCNCC1 0.9473947 7.8700 0.0000000 4.0000 0.6620362 0.6620 0.0003678 3.9520 0.9954441 358.4860 0.8780020 26.0000 0.9972486 2.0237 0.8490205 96.2500 0.7597469 4.0000 0.0000682 4.0000 0.3052647 4.0000 0.5000000 3.0000 0.9968477 1.0000 1.0000000 1.0000 []
 | 24.3222 45.6734 -45.6734 0.0000000 CC1NC(c2ccc(Cc3ccccc3)cc2)C(C(=O)NC2CCCCNCCC2)C1C 1 [*]C1C([*])C(C(N1)c1ccc([*])cc1)C(=O)N[*] *C|*C|*Cc1ccccc1|N1CCCC(*)CCCC1 O=C(NC1CCCCNCCC1)C1CCNC1c1ccc(Cc2ccccc2)cc1 0.0000000 0.0000 0.0000000 0.0000 0.0000000 0.0000 0.0000000 0.0000 0.0000000 0.0000 0.0000000 0.0000 0.0000000 0.0000 0.0000000 0.0000 0.0000000 0.0000 0.0000000 0.0000 0.0000000 0.0000 0.0000000 0.0000 0.0000000 0.0000 0.0000000 0.0000 ['[*;r9]']
 | 15.2013 16.5174 59.2734 0.6315904 Cc1ccc(C2NC(C)C(C)C2C(=O)NC(=O)C2CCC2)cc1 1 [*]C1C([*])C(C(N1)c1ccc([*])cc1)C(=O)N[*] *C|*C|*C|C1CC(C(=O)*)C1 O=C(NC(=O)C1CCNC1c1ccccc1)C1CCC1 0.9756049 7.5582 0.0000000 4.0000 0.8435078 0.8435 0.0029502 3.6351 0.7906683 314.4290 0.7284598 23.0000 0.9993584 2.7230 0.9997709 58.2000 0.9693466 3.0000 0.1279931 2.0000 0.6947353 3.0000 0.5000000 3.0000 0.9968477 1.0000 1.0000000 1.0000 []
 | 10.4539 9.8991 -9.8991 0.0000000 CC(=O)NC(=O)C1C(c2ccc(C)cc2)NC(C)C1C 1 [*]C1C([*])C(C(N1)c1ccc([*])cc1)C(=O)N[*] *C|*C|*C|CC(*)=O c1ccc(C2CCCN2)cc1 0.9767953 7.5382 0.0000000 4.0000 0.8662681 0.8663 0.0021901 3.6805 0.0861827 274.3640 0.5000000 20.0000 0.9956244 1.9428 0.9997709 58.2000 0.9693466 3.0000 0.1279931 2.0000 0.9217998 2.0000 0.9968477 2.0000 0.9968477 1.0000 1.0000000 1.0000 []
 | 16.8371 21.7556 43.9975 0.5479424 CNc1ccc(C2NC(C)C(C)C2C(=O)NS(=O)(=O)c2cccc(C)c2)cc1 1 [*]C1C([*])C(C(N1)c1ccc([*])cc1)C(=O)N[*] *C|*C|*NC|O=S(*)(=O)c1cc(C)ccc1 O=C(NS(=O)(=O)c1ccccc1)C1CCNC1c1ccccc1 0.9734693 7.5919 0.0000000 4.0000 0.7171426 0.7171 0.0016528 3.7234 0.9998848 401.5320 0.9090909 28.0000 0.9988338 2.8269 0.9971243 87.3000 0.2402531 5.0000 0.0031523 3.0000 0.0782003 5.0000 0.5000000 3.0000 0.5000000 2.0000 1.0000000 1.0000 []
 | 19.2927 27.0294 38.6747 0.5475346 CC1NC(c2ccc(N)cc2)C(C(=O)NC(=O)N2CCOc3ccccc32)C1C 1 [*]C1C([*])C(C(N1)c1ccc([*])cc1)C(=O)N[*] *C|*C|*N|N1(C(*)=O)CCOc2ccccc21 O=C(NC(=O)N1CCOc2ccccc21)C1CCNC1c1ccccc1 0.9561519 7.7953 0.0000000 4.0000 0.6807637 0.6808 0.0005974 3.8782 0.9998337 394.4750 0.8780020 29.0000 0.9994721 2.6891 0.8211723 96.6900 0.2402531 5.0000 0.0031523 3.0000 0.9217998 2.0000 0.0031523 4.0000 0.5000000 2.0000 1.0000000 1.0000 []
10:06:15 <WARN> reinvent_plugins.normalizers.rdkit_smiles: [*]C1C([*])C(C(N1)c1ccc([*])cc1)C(=O)N[*]*C|C*|n1(C*)ncc(C(=O)N)n1|OC(CCC)=O could not be converted
10:06:22 <INFO> Score: 0.41 Agent NLL: 22.30 Valid:  99% Step: 13
 | Agent Prior Target Score SMILES SMILES_state Input_Scaffold R-groups Scaffold DENV_Activity DENV_Activity (raw) Stereo_Centers Stereo_Centers (raw) QED QED (raw) SA SA (raw) MW MW (raw) Heavy_Atoms Heavy_Atoms (raw) LogP LogP (raw) TPSA TPSA (raw) HBA HBA (raw) HBD HBD (raw) Rotatable_Bonds Rotatable_Bonds (raw) Ring_Count Ring_Count (raw) Aromatic_Rings Aromatic_Rings (raw) Stability_Alerts Stability_Alerts (raw) matchting_patterns (Stability_Alerts)
 | 24.4444 34.2609 32.3891 0.5554165 CCC(=O)CC1C(C)NC(c2ccc(C3CCCCC3)cc2)C1C(=O)NS(C)(=O)=O 1 [*]C1C([*])C(C(N1)c1ccc([*])cc1)C(=O)N[*] *C|*CC(=O)CC|C1C(*)CCCC1|O=S(*)(C)=O c1cc(C2CCCN2)ccc1C1CCCCC1 0.9707458 7.6312 0.0000000 4.0000 0.6857503 0.6858 0.0002930 3.9866 0.9975844 434.6020 0.8381740 30.0000 0.9607482 3.4445 0.9714619 92.3400 0.2402531 5.0000 0.1279931 2.0000 0.0031523 7.0000 0.5000000 3.0000 0.9968477 1.0000 1.0000000 1.0000 []
 | 17.6157 25.9278 45.7569 0.5973729 CNC(=O)NC(=O)C1C(c2ccc(CC3CCCN3)cc2)NC(C)C1C 1 [*]C1C([*])C(C(N1)c1ccc([*])cc1)C(=O)N[*] *C|*C|*CC1CCCN1|CNC(*)=O c1cc(C2CCCN2)ccc1CC1CCCN1 0.9682406 7.6643 0.0000000 5.0000 0.6605631 0.6606 0.0001631 4.0756 0.9954441 358.4860 0.8780020 26.0000 0.9845567 1.7218 0.9997169 82.2600 0.7597469 4.0000 0.0000682 4.0000 0.3052647 4.0000 0.5000000 3.0000 0.9968477 1.0000 1.0000000 1.0000 []
 | 18.9610 32.2261 40.1339 0.6030001 CNCCc1ccc(C2NC(C)C(C)C2C(=O)NC2CCCC2)cc1 1 [*]C1C([*])C(C(N1)c1ccc([*])cc1)C(=O)N[*] *C|*C|*CCNC|C1CCC(*)C1 O=C(NC1CCCC1)C1CCNC1c1ccccc1 0.9729377 7.5999 0.0000000 4.0000 0.7443901 0.7444 0.0029651 3.6343 0.9821524 343.5150 0.8381740 25.0000 0.9990437 2.7924 0.9976720 53.1600 0.9693466 3.0000 0.0031523 3.0000 0.0161150 6.0000 0.5000000 3.0000 0.9968477 1.0000 1.0000000 1.0000 []
 | 11.0259 17.0902 56.7633 0.6154453 Cc1ccc(C2NC(C)C(C)C2C(=O)NC2CCNCC2)cc1 1 [*]C1C([*])C(C(N1)c1ccc([*])cc1)C(=O)N[*] *C|*C|*C|C1CC(*)CCN1 O=C(NC1CCNCC1)C1CCNC1c1ccccc1 0.9417729 7.9121 0.0000000 4.0000 0.8009708 0.8010 0.0018126 3.7093 0.8059663 315.4610 0.7284598 23.0000 0.9986553 2.1483 0.9976720 53.1600 0.9693466 3.0000 0.0031523 3.0000 0.6947353 3.0000 0.5000000 3.0000 0.9968477 1.0000 1.0000000 1.0000 []
 | 12.7812 11.2954 -11.2954 0.0000000 CC1NC(c2ccc(N(C)C)cc2)C(C(=O)NC(N)=O)C1C 1 [*]C1C([*])C(C(N1)c1ccc([*])cc1)C(=O)N[*] *C|*C|*N(C)C|O=C(N)* c1ccc(C2CCCN2)cc1 0.9725412 7.6057 0.0000000 4.0000 0.7836471 0.7836 0.0009920 3.8011 0.5998172 304.3940 0.6587843 22.0000 0.7923177 1.2326 0.9969050 87.4600 0.7597469 4.0000 0.0031523 3.0000 0.6947353 3.0000 0.9968477 2.0000 0.9968477 1.0000 1.0000000 1.0000 []
 | 10.0281 12.6921 44.3562 0.4754027 CC1NC(c2ccc(N)cc2)C(C(=O)NC(N)=O)C1C 1 [*]C1C([*])C(C(N1)c1ccc([*])cc1)C(=O)N[*] *C|*C|*N|*C(N)=O c1ccc(C2CCCN2)cc1 0.9617281 7.7398 0.0000000 4.0000 0.5972350 0.5972 0.0007708 3.8394 0.1016370 276.3400 0.5000000 20.0000 0.1906143 0.7488 0.0088742 110.2400 0.7597469 4.0000 0.0000682 4.0000 0.9217998 2.0000 0.9968477 2.0000 0.9968477 1.0000 1.0000000 1.0000 []
 | 25.3243 46.0802 2.1923 0.4022711 CC1NC(c2ccc(N)cc2)C(C(=O)NCn2ccnc2C(=N)N)C1C 1 [*]C1C([*])C(C(N1)c1ccc([*])cc1)C(=O)N[*] *C|*C|*N|c1(C(=N)N)n(C*)ccn1 O=C(NCn1ccnc1)C1CCNC1c1ccccc1 0.9431709 7.9020 0.0000000 4.0000 0.3072011 0.3072 0.0000457 4.2692 0.9939809 355.4460 0.8780020 26.0000 0.2491574 0.8084 0.0000001 134.8400 0.0306534 6.0000 0.0000014 5.0000 0.0782003 5.0000 0.5000000 3.0000 0.5000000 2.0000 1.0000000 1.0000 []
 | 20.4250 28.9389 32.0795 0.5084866 CNC(=O)NC(=O)C1C(c2ccc(-c3ccc(=O)n(C)n3)cc2)NC(C)C1C 1 [*]C1C([*])C(C(N1)c1ccc([*])cc1)C(=O)N[*] *C|*C|*c1ccc(=O)n(C)n1|O=C(NC)* O=c1ccc(-c2ccc(C3CCCN3)cc2)n[nH]1 0.9778211 7.5201 0.0000000 4.0000 0.7383884 0.7384 0.0006130 3.8743 0.9995412 383.4520 0.9090909 28.0000 0.7469129 1.1880 0.0864440 105.1200 0.0306534 6.0000 0.0031523 3.0000 0.6947353 3.0000 0.5000000 3.0000 0.5000000 2.0000 1.0000000 1.0000 []
 | 22.2150 29.3876 28.5688 0.4829701 CNC(=O)NC(=O)C1C(c2ccc(-c3ccc(C(N)=O)c(OC)c3)cc2)NC(C)C1C 1 [*]C1C([*])C(C(N1)c1ccc([*])cc1)C(=O)N[*] *C|*C|*c1ccc(C(N)=O)c(OC)c1|C(=O)(*)NC c1ccc(-c2ccc(C3CCCN3)cc2)cc1 0.9599997 7.7578 0.0000000 4.0000 0.5860883 0.5861 0.0015095 3.7372 0.9990458 424.5010 0.7884759 31.0000 0.9990113 2.2018 0.0000309 122.5500 0.2402531 5.0000 0.0000682 4.0000 0.0782003 5.0000 0.5000000 3.0000 0.5000000 2.0000 1.0000000 1.0000 []
 | 12.4932 14.1006 44.4483 0.4879074 CC1NC(c2ccc(-c3ccccc3)cc2)C(C(=O)NC(=O)Nc2ccccc2)C1C 1 [*]C1C([*])C(C(N1)c1ccc([*])cc1)C(=O)N[*] *C|*C|*c1ccccc1|c1ccc(NC(=O)*)cc1 O=C(NC(=O)C1CCNC1c1ccc(-c2ccccc2)cc1)Nc1ccccc1 0.9741544 7.5814 0.0000000 4.0000 0.5644975 0.5645 0.0138603 3.3983 0.9996527 413.5210 0.7884759 31.0000 0.0033964 4.9870 0.9999989 70.2300 0.9693466 3.0000 0.0031523 3.0000 0.3052647 4.0000 0.0031523 4.0000 0.0031523 3.0000 1.0000000 1.0000 []
10:06:30 <INFO> Score: 0.42 Agent NLL: 21.98 Valid: 100% Step: 14
 | Agent Prior Target Score SMILES SMILES_state Input_Scaffold R-groups Scaffold DENV_Activity DENV_Activity (raw) Stereo_Centers Stereo_Centers (raw) QED QED (raw) SA SA (raw) MW MW (raw) Heavy_Atoms Heavy_Atoms (raw) LogP LogP (raw) TPSA TPSA (raw) HBA HBA (raw) HBD HBD (raw) Rotatable_Bonds Rotatable_Bonds (raw) Ring_Count Ring_Count (raw) Aromatic_Rings Aromatic_Rings (raw) Stability_Alerts Stability_Alerts (raw) matchting_patterns (Stability_Alerts)
 | 20.2030 26.9969 36.3490 0.5278831 C=Nc1ccc(NC(=O)C2C(c3ccc(N(C)C)cc3)NC(CC)C2C)cc1 1 [*]C1C([*])C(C(N1)c1ccc([*])cc1)C(=O)N[*] *CC|*C|*N(C)C|c1(*)ccc(N=C)cc1 O=C(Nc1ccccc1)C1CCNC1c1ccccc1 0.9723104 7.6091 0.0000000 4.0000 0.7327565 0.7328 0.0005524 3.8901 0.9992774 378.5200 0.9090909 28.0000 0.0915773 4.3986 0.9995493 56.7300 0.7597469 4.0000 0.1279931 2.0000 0.0161150 6.0000 0.5000000 3.0000 0.5000000 2.0000 1.0000000 1.0000 []
 | 22.3205 33.2065 26.6509 0.4988114 CCC1NC(c2ccc(N3CCC(CN)CC3)cc2)C(C(=O)NC(N)=O)C1CC 1 [*]C1C([*])C(C(N1)c1ccc([*])cc1)C(=O)N[*] *CC|C(*)C|N1(*)CCC(CN)CC1|NC(*)=O c1cc(N2CCCCC2)ccc1C1CCCN1 0.9579018 7.7786 0.0000000 4.0000 0.5830594 0.5831 0.0003921 3.9422 0.9998846 401.5550 0.8780020 29.0000 0.9984348 2.1219 0.0020096 113.4800 0.2402531 5.0000 0.0000682 4.0000 0.0161150 6.0000 0.5000000 3.0000 0.9968477 1.0000 1.0000000 1.0000 []
 | 23.1537 38.9027 24.5758 0.5289873 CCC1NC(c2ccc(-c3nn(C)cc3C)cc2)C(C(=O)NC(N)=O)C1C 1 [*]C1C([*])C(C(N1)c1ccc([*])cc1)C(=O)N[*] *CC|C*|n1(C)nc(*)c(C)c1|C(*)(N)=O c1cc(-c2ccc(C3CCCN3)cc2)n[nH]1 0.9726710 7.6038 0.0000000 4.0000 0.7691634 0.7692 0.0001865 4.0552 0.9983385 369.4690 0.9090909 27.0000 0.9993150 2.2656 0.2810104 102.0400 0.2402531 5.0000 0.0031523 3.0000 0.3052647 4.0000 0.5000000 3.0000 0.5000000 2.0000 1.0000000 1.0000 []
 | 30.7945 33.6579 31.4127 0.5422549 CCCC1C(Cc2cc(C)oc2C)NC(c2ccc(C)cc2)C1C(=O)NC(C)=O 1 [*]C1C([*])C(C(N1)c1ccc([*])cc1)C(=O)N[*] *Cc1c(C)oc(C)c1|*CCC|*C|CC(*)=O c1ccc(C2CCC(Cc3ccoc3)N2)cc1 0.9756541 7.5574 0.0000000 4.0000 0.7692366 0.7692 0.0002273 4.0252 0.9998623 396.5310 0.8780020 29.0000 0.2898625 4.1557 0.9999982 71.3400 0.7597469 4.0000 0.1279931 2.0000 0.0161150 6.0000 0.5000000 3.0000 0.5000000 2.0000 1.0000000 1.0000 []
 | 26.6419 34.8398 23.0743 0.4826174 CCC1C(C)NC(c2ccc(C)cc2)C1C(=O)NC(=O)CC1=NS(=O)(=O)c2ccccc21 1 [*]C1C([*])C(C(N1)c1ccc([*])cc1)C(=O)N[*] *C|*CC|*C|C(C(=O)*)C1=NS(=O)(=O)c2ccccc21 O=C(CC1=NS(=O)(=O)c2ccccc21)NC(=O)C1CCNC1c1ccccc1 0.9817286 7.4428 0.0000000 4.0000 0.7243785 0.7244 0.0000976 4.1536 0.9863047 453.5640 0.7284598 32.0000 0.9982779 2.8947 0.1029906 104.7000 0.2402531 5.0000 0.1279931 2.0000 0.0782003 5.0000 0.0031523 4.0000 0.5000000 2.0000 1.0000000 1.0000 []
 | 13.8944 19.5015 -19.5015 0.0000000 C=CCNC(=O)C1C(c2ccc(C)cc2)NC(C)C1C 1 [*]C1C([*])C(C(N1)c1ccc([*])cc1)C(=O)N[*] *C|*C|*C|C(=C)C* c1ccc(C2CCCN2)cc1 0.9714018 7.6220 0.0000000 4.0000 0.8272047 0.8272 0.0018548 3.7058 0.0729123 272.3920 0.5000000 20.0000 0.9997144 2.5823 0.6272377 41.1300 0.9968477 2.0000 0.1279931 2.0000 0.3052647 4.0000 0.9968477 2.0000 0.9968477 1.0000 1.0000000 1.0000 []
 | 20.3389 24.2532 45.7425 0.5832975 Cc1ccc(C2NC(C)C(C)C2C(=O)NCc2ccc(F)cc2F)cc1 1 [*]C1C([*])C(C(N1)c1ccc([*])cc1)C(=O)N[*] *C|*C|*C|Fc1cc(F)ccc1C* O=C(NCc1ccccc1)C1CCNC1c1ccccc1 0.9694891 7.6481 0.0000000 4.0000 0.8709965 0.8710 0.0068330 3.5068 0.9954215 358.4320 0.8780020 26.0000 0.6728644 3.8747 0.6272377 41.1300 0.9968477 2.0000 0.1279931 2.0000 0.3052647 4.0000 0.5000000 3.0000 0.5000000 2.0000 1.0000000 1.0000 []
 | 10.7979 10.4116 -10.4116 0.0000000 Cc1ccc(C2NC(C)C(C)C2C(=O)NS(C)(=O)=O)cc1 1 [*]C1C([*])C(C(N1)c1ccc([*])cc1)C(=O)N[*] *C|*C|*C|O=S(=O)(C)* c1ccc(C2CCCN2)cc1 0.9751131 7.5662 0.0000000 4.0000 0.8836606 0.8837 0.0012848 3.7617 0.7230469 310.4190 0.5815017 21.0000 0.8858303 1.3559 0.9999887 75.2700 0.7597469 4.0000 0.1279931 2.0000 0.6947353 3.0000 0.9968477 2.0000 0.9968477 1.0000 1.0000000 1.0000 []
 | 22.2798 33.2859 20.7073 0.4499434 CC1NC(c2ccc(N)cc2)C(C(=O)NC(=O)c2ccccc2-n2cccn2)C1C 1 [*]C1C([*])C(C(N1)c1ccc([*])cc1)C(=O)N[*] *C|*C|*N|c1(-n2cccn2)c(C(*)=O)cccc1 O=C(NC(=O)C1CCNC1c1ccccc1)c1ccccc1-n1cccn1 0.9683980 7.6623 0.0000000 4.0000 0.4591903 0.4592 0.0009955 3.8005 0.9998621 403.4860 0.8381740 30.0000 0.9994501 2.6962 0.2810104 102.0400 0.0306534 6.0000 0.0031523 3.0000 0.3052647 4.0000 0.0031523 4.0000 0.0031523 3.0000 1.0000000 1.0000 []
 | 13.7395 23.8782 42.4996 0.5531486 CC1NC(c2ccc(N)cc2)C(C(=O)Nc2ccn(C)n2)C1C 1 [*]C1C([*])C(C(N1)c1ccc([*])cc1)C(=O)N[*] *C|*C|*N|n1n(C)ccc1* O=C(Nc1cc[nH]n1)C1CCNC1c1ccccc1 0.9568900 7.7883 0.0000000 4.0000 0.7559193 0.7559 0.0008932 3.8170 0.7746307 313.4050 0.7284598 23.0000 0.9951844 1.9261 0.9990147 84.9700 0.2402531 5.0000 0.0031523 3.0000 0.6947353 3.0000 0.5000000 3.0000 0.5000000 2.0000 1.0000000 1.0000 []
10:06:31 <WARN> reinvent_plugins.normalizers.rdkit_smiles: [*]C1C([*])C(C(N1)c1ccc([*])cc1)C(=O)N[*]*CC|*C|c1(*)ccn(CC(C)CCCCC)nc1|c1(N)ccc(*)cn1 could not be converted
10:06:31 <WARN> reinvent_plugins.normalizers.rdkit_smiles: [*]C1C([*])C(C(N1)c1ccc([*])cc1)C(=O)N[*]*C|*C|C1CCC(*)CC1|c1(*)nnc(SC)n1 could not be converted
10:06:31 <WARN> reinvent_plugins.normalizers.rdkit_smiles: [*]C1C([*])C(C(N1)c1ccc([*])cc1)C(=O)N[*]*C|C*|C(CCCC*)=C|c1(=O)n(C)cnc(*)c1|*C(C)=O could not be converted
