18:23:22 <INFO> Started REINVENT 4.6.27 (C) AstraZeneca 2017, 2023 on 2025-10-04
18:23:22 <INFO> Command line: /home/cheriong/miniconda3/envs/reinvent4-gpu/bin/reinvent config.toml
18:23:22 <INFO> Reading run configuration from /mnt/c/Users/ucsaheu/python_projects/DENV_Drug_Discovery/05_Generative_AI_REINVENT/REINVENT4-main/experiments/runs/run2_corrected_smarts/config.toml using format toml
18:23:22 <INFO> User cheriong on host CS00050812
18:23:22 <INFO> Python version 3.10.18
18:23:22 <INFO> PyTorch version 2.5.1, git a8d6afb511a69687bbb2b7e88a3cf67917e1697e
18:23:22 <INFO> PyTorch compiled with CUDA version 11.8
18:23:22 <INFO> RDKit version 2025.03.2
18:23:22 <INFO> Platform Linux-5.10.102.1-microsoft-standard-WSL2-x86_64-with-glibc2.39
18:23:23 <INFO> Number of PyTorch CUDA devices 1
18:23:23 <WARN> 'use_cuda' is deprecated, use 'device' instead
18:23:23 <INFO> Using CUDA device:0 NVIDIA T1200 Laptop GPU
18:23:23 <INFO> GPU memory: 3295 MiB free, 4095 MiB total
18:23:23 <INFO> Writing TensorBoard summary to /mnt/c/Users/ucsaheu/python_projects/DENV_Drug_Discovery/05_Generative_AI_REINVENT/REINVENT4-main/experiments/runs/run2_corrected_smarts/tb_run2_corrected
18:23:23 <INFO> Writing JSON config file to /mnt/c/Users/ucsaheu/python_projects/DENV_Drug_Discovery/05_Generative_AI_REINVENT/REINVENT4-main/experiments/runs/run2_corrected_smarts/_run2_corrected.json
18:23:23 <INFO> Starting 1 stage of Reinforcement Learning
18:23:23 <INFO> /mnt/c/Users/ucsaheu/python_projects/DENV_Drug_Discovery/05_Generative_AI_REINVENT/REINVENT4-main/priors/denv_ultra_clean_model.model has valid hash:
{ 'comments': ['TL'],
  'creation_date': 0,
  'date_format': 'UNIX epoch',
  'hash_id': 'aa84c49218d99ea72a8ba83042edd9fb',
  'hash_id_format': 'xxhash.xxh3_128_hex 3.5.0',
  'model_id': '55d68f8a81c04f5a86304ebe1723a0ea',
  'model_id_format': 'uuid.uuid4 3.10.12',
  'origina_data_source': 'ChEMBL 25',
  'updates': [1759055541.6721017]}
18:23:24 <INFO> Number of network parameters: 5,805,602
18:23:24 <INFO> Network architecture:
RNN(
  (_embedding): Embedding(34, 256)
  (_rnn): LSTM(256, 512, num_layers=3, batch_first=True)
  (_linear): Linear(in_features=512, out_features=34, bias=True)
)
18:23:24 <INFO> /mnt/c/Users/ucsaheu/python_projects/DENV_Drug_Discovery/05_Generative_AI_REINVENT/REINVENT4-main/priors/denv_ultra_clean_model.model has valid hash:
{ 'comments': ['TL'],
  'creation_date': 0,
  'date_format': 'UNIX epoch',
  'hash_id': 'aa84c49218d99ea72a8ba83042edd9fb',
  'hash_id_format': 'xxhash.xxh3_128_hex 3.5.0',
  'model_id': '55d68f8a81c04f5a86304ebe1723a0ea',
  'model_id_format': 'uuid.uuid4 3.10.12',
  'origina_data_source': 'ChEMBL 25',
  'updates': [1759055541.6721017]}
18:23:24 <INFO> Number of network parameters: 5,805,602
18:23:24 <INFO> Network architecture:
RNN(
  (_embedding): Embedding(34, 256)
  (_rnn): LSTM(256, 512, num_layers=3, batch_first=True)
  (_linear): Linear(in_features=512, out_features=34, bias=True)
)
18:23:24 <INFO> Using generator Reinvent
18:23:24 <INFO> Prior read from ../../../priors/denv_ultra_clean_model.model
18:23:24 <INFO> Agent read from ../../../priors/denv_ultra_clean_model.model
18:23:24 <INFO> Using reward strategy dap
18:23:24 <INFO> Using diversity filter IdenticalMurckoScaffold
18:23:24 <INFO> Purging diversity filter memories after each stage
18:23:24 <INFO> Inception SMILES read from ../../../data/denv_scaffolds_training.smi
18:23:24 <INFO> Global SMILES deduplication for inception memory
18:23:24 <INFO> Using inception memory
18:23:24 <ERRO> Component reinvent_plugins.components.OpenEye.comp_rocs could not be imported: No module named 'openeye'
18:23:24 <INFO> Registered scoring component GroupCount
18:23:24 <INFO> Registered scoring component FragmentQed
18:23:24 <INFO> Registered scoring component FragmentSlogP
18:23:24 <INFO> Registered scoring component FragmentMolecularWeight
18:23:24 <INFO> Registered scoring component FragmentTPSA
18:23:24 <INFO> Registered scoring component FragmentDistanceMatrix
18:23:24 <INFO> Registered scoring component FragmentNumAtomStereoCenters
18:23:24 <INFO> Registered scoring component FragmentHBondAcceptors
18:23:24 <INFO> Registered scoring component FragmentHBondDonors
18:23:24 <INFO> Registered scoring component FragmentNumRotBond
18:23:24 <INFO> Registered scoring component FragmentCsp3
18:23:24 <INFO> Registered scoring component Fragmentnumsp
18:23:24 <INFO> Registered scoring component Fragmentnumsp2
18:23:24 <INFO> Registered scoring component Fragmentnumsp3
18:23:24 <INFO> Registered scoring component FragmentEffectiveLength
18:23:24 <INFO> Registered scoring component FragmentGraphLength
18:23:24 <INFO> Registered scoring component FragmentLengthRatio
18:23:24 <INFO> Registered scoring component FragmentNumHeavyAtoms
18:23:24 <INFO> Registered scoring component FragmentNumHeteroAtoms
18:23:24 <INFO> Registered scoring component FragmentNumRings
18:23:24 <INFO> Registered scoring component FragmentNumAromaticRings
18:23:24 <INFO> Registered scoring component FragmentNumAliphaticRings
18:23:24 <INFO> Registered scoring component FragmentSlogP
18:23:24 <INFO> Registered scoring component MatchingSubstructure
18:23:24 <INFO> Registered scoring component MolVolume
18:23:24 <INFO> Registered scoring component Qed
18:23:24 <INFO> Registered scoring component LargestRingSize
18:23:24 <INFO> Registered scoring component MolecularWeight
18:23:24 <INFO> Registered scoring component GraphLength
18:23:24 <INFO> Registered scoring component NumAtomStereoCenters
18:23:24 <INFO> Registered scoring component HBondAcceptors
18:23:24 <INFO> Registered scoring component HBondDonors
18:23:24 <INFO> Registered scoring component NumRotBond
18:23:24 <INFO> Registered scoring component Csp3
18:23:24 <INFO> Registered scoring component numsp
18:23:24 <INFO> Registered scoring component numsp2
18:23:24 <INFO> Registered scoring component numsp3
18:23:24 <INFO> Registered scoring component NumHeavyAtoms
18:23:24 <INFO> Registered scoring component NumHeteroAtoms
18:23:24 <INFO> Registered scoring component NumRings
18:23:24 <INFO> Registered scoring component NumAromaticRings
18:23:24 <INFO> Registered scoring component NumAliphaticRings
18:23:24 <INFO> Registered scoring component SlogP
18:23:24 <INFO> Registered scoring component LargestRingSize
18:23:24 <INFO> Registered scoring component PMI
18:23:24 <INFO> Registered scoring component RDKitDescriptors
18:23:24 <INFO> Registered scoring component TanimotoSimilarity
18:23:24 <INFO> Registered scoring component TanimotoDistance
18:23:24 <INFO> Registered scoring component TPSA
18:23:24 <INFO> Registered scoring component SAScore
18:23:24 <INFO> Registered scoring component Cazp
18:23:24 <INFO> Registered scoring component ChemProp
18:23:24 <INFO> Registered scoring component CustomAlerts
18:23:24 <INFO> Registered scoring component DockStream
18:23:24 <INFO> Registered scoring component ExternalProcess
18:23:24 <INFO> Registered scoring component REST
18:23:24 <INFO> Registered scoring component Icolos
18:23:24 <INFO> Registered scoring component Maize
18:23:24 <INFO> Registered scoring component MMP
18:23:24 <INFO> Registered scoring component Qptuna
18:23:24 <INFO> Registered scoring component QSARScorer
18:23:24 <INFO> Registered scoring component ReactionFilter
18:23:24 <INFO> Registered scoring component ScaffoldMatcher
18:23:24 <INFO> Registered scoring component RingPrecedence
18:23:24 <INFO> Creating penalty component MatchingSubstructure
18:23:24 <INFO> Creating penalty component MatchingSubstructure
18:23:24 <INFO> Creating penalty component MatchingSubstructure
18:23:24 <INFO> Creating penalty component MatchingSubstructure
18:23:25 <INFO> Creating scoring component QSARScorer
18:23:25 <INFO> Creating scoring component Qed
18:23:25 <INFO> Creating scoring component SAScore
18:23:25 <INFO> Creating scoring component MolecularWeight
18:23:25 <INFO> Creating filter component CustomAlerts
18:23:25 <INFO> Writing tabular data for stage to run2_corrected_1.csv
18:23:25 <INFO> Starting stage 1 <<<
18:23:25 <INFO> Current GPU memory usage: 900 MiB used, 3195 MiB free
18:23:29 <INFO> Score: 0.12 Agent NLL: 19.53 Valid: 100% Step: 1
 | Agent Prior Target Score SMILES SMILES_state Scaffold DENV_Activity DENV_Activity (raw) Drug_Likeness Drug_Likeness (raw) Synthetic_Accessibility Synthetic_Accessibility (raw) Molecular_Weight Molecular_Weight (raw) Pyrrolidine_Core Pyrrolidine_Core (raw) Cyclobutane_Core Cyclobutane_Core (raw) Amide_Sidechain Amide_Sidechain (raw) Phenyl_Ring Phenyl_Ring (raw) Unwanted_Structures Unwanted_Structures (raw) matchting_patterns (Unwanted_Structures)
 | 15.0418 15.0418 -10.3769 0.0388740 CCOC(=O)C(C#N)=C1C=CC=CN1C 1 C=C1C=CC=CN1 0.7431855 7.4806 0.3867378 0.3867 0.8975474 3.1805 0.0406308 204.2290 0.5000000 0.5000 0.5000000 0.5000 0.5000000 0.5000 0.5000000 0.5000 1.0000000 1.0000 []
 | 16.7046 16.7046 -5.8239 0.0906730 O=C(O)CSc1ccc([N+](=O)[O-])c2cccnc12 1 c1ccc2ncccc2c1 0.7278761 7.4080 0.5171293 0.5171 0.9742942 2.2899 0.7281356 264.2620 0.5000000 0.5000 0.5000000 0.5000 0.5000000 0.5000 1.0000000 1.0000 1.0000000 1.0000 []
 | 16.8710 16.8710 3.0145 0.1657120 COC(=O)c1sc(N2C(=O)C(O)=C(C(=O)c3cccs3)C2c2ccc([N+](=O)[O-])cc2)nc1C 1 O=C(C1=CC(=O)N(c2nccs2)C1c1ccccc1)c1cccs1 0.7227448 7.6158 0.2391778 0.2392 0.9164149 3.0441 0.7313915 485.4990 0.5000000 0.5000 0.5000000 0.5000 1.0000000 1.0000 1.0000000 1.0000 1.0000000 1.0000 []
 | 20.6298 20.6298 -2.5732 0.1504716 O=C(Cc1ccccc1[N+](=O)[O-])Nc1sc(SCc2ccccc2)nc1S(=O)(=O)c1ccccc1 1 O=C(Cc1ccccc1)Nc1sc(SCc2ccccc2)nc1S(=O)(=O)c1ccccc1 0.7380969 7.5438 0.1774915 0.1775 0.9639114 2.5027 0.1454598 525.6330 0.5000000 0.5000 0.5000000 0.5000 1.0000000 1.0000 1.0000000 1.0000 1.0000000 1.0000 []
 | 8.3342 8.3342 14.9891 0.1943610 CCOc1ccc(N2C(=O)C(Cl)=C(N3CCOCC3)C2=O)cc1 1 O=C1C=C(N2CCOCC2)C(=O)N1c1ccccc1 0.6779292 7.8131 0.7838660 0.7839 0.9775466 2.2056 0.9975131 336.7750 0.5000000 0.5000 0.5000000 0.5000 1.0000000 1.0000 1.0000000 1.0000 1.0000000 1.0000 []
 | 16.1277 16.1277 4.2741 0.1700146 CCCCCCCCNC(=O)Oc1ccc(N)cc1 1 c1ccccc1 0.6297352 8.0099 0.5553224 0.5553 0.9875370 1.8415 0.7295962 264.3690 0.5000000 0.5000 0.5000000 0.5000 1.0000000 1.0000 1.0000000 1.0000 1.0000000 1.0000 []
 | 13.9125 13.9125 7.4522 0.1780390 O=C(O)c1ccc(NC(=O)C(Cc2ccccc2)NC(=O)c2ccccc2)cc1 1 O=C(NC(Cc1ccccc1)C(=O)Nc1ccccc1)c1ccccc1 0.6277213 8.0178 0.5782842 0.5783 0.9805788 2.1155 0.9995508 388.4230 0.5000000 0.5000 0.5000000 0.5000 1.0000000 1.0000 1.0000000 1.0000 1.0000000 1.0000 []
 | 18.4150 18.4150 -6.7910 0.0968666 CCCCCCCN(c1ccc(O)c(C(C)C)c1)c1ccccn1 1 c1ccc(Nc2ccccn2)cc1 0.7461437 7.5050 0.5724138 0.5724 0.9710292 2.3646 0.9949502 326.4840 0.5000000 0.5000 0.5000000 0.5000 0.5000000 0.5000 1.0000000 1.0000 1.0000000 1.0000 []
 | 28.1687 28.1687 -16.0365 0.1011019 Cc1cc(=O)oc2cc(C(C)(O)C3CCC(C(=O)O)CC3)ccc12 1 O=c1ccc2ccc(CC3CCCCC3)cc2o1 0.7289032 7.5872 0.8438755 0.8439 0.9241659 2.9798 0.9961371 330.3800 0.5000000 0.5000 0.5000000 0.5000 0.5000000 0.5000 1.0000000 1.0000 1.0000000 1.0000 []
 | 16.8122 16.8122 -5.2083 0.0966991 O=C1CN(C(=O)c2ccc(N3CC(F)(F)C3)c(OCC3CC3)n2)CCN1 1 O=C1CN(C(=O)c2ccc(N3CCC3)c(OCC3CC3)n2)CCN1 0.6650072 7.8672 0.8381130 0.8381 0.9305773 2.9218 0.9996773 366.3680 0.5000000 0.5000 0.5000000 0.5000 1.0000000 1.0000 0.5000000 0.5000 1.0000000 1.0000 []
18:23:33 <INFO> Score: 0.13 Agent NLL: 18.11 Valid:  98% Step: 2
 | Agent Prior Target Score SMILES SMILES_state Scaffold DENV_Activity DENV_Activity (raw) Drug_Likeness Drug_Likeness (raw) Synthetic_Accessibility Synthetic_Accessibility (raw) Molecular_Weight Molecular_Weight (raw) Pyrrolidine_Core Pyrrolidine_Core (raw) Cyclobutane_Core Cyclobutane_Core (raw) Amide_Sidechain Amide_Sidechain (raw) Phenyl_Ring Phenyl_Ring (raw) Unwanted_Structures Unwanted_Structures (raw) matchting_patterns (Unwanted_Structures)
 | 22.3244 22.3349 -11.2147 0.0926678 Cc1ccc(C(=O)Oc2ccc(Sc3ccccc3C(=O)O)cc2C)cc1 1 O=C(Oc1ccc(Sc2ccccc2)cc1)c1ccccc1 0.7130246 7.6601 0.4774405 0.4774 0.9835851 2.0114 0.9997744 378.4490 0.5000000 0.5000 0.5000000 0.5000 0.5000000 0.5000 1.0000000 1.0000 1.0000000 1.0000 []
 | 27.3198 27.4456 -16.4546 0.0915913 CC(=O)c1c(O)cc2c(c1O)CC1C(C)(CCC(C)CO)CCCC1(C)O2 1 c1ccc2c(c1)CC1CCCCC1O2 0.7434376 7.4819 0.6702664 0.6703 0.5703564 4.3277 0.9998029 376.4930 0.5000000 0.5000 0.5000000 0.5000 0.5000000 0.5000 1.0000000 1.0000 1.0000000 1.0000 []
 | 41.9647 41.8433 -36.6726 0.0430896 COC12C(=O)C(C)(O)C(C)(C)C1(O)C=C(C(C)C)C2C=C(C)CCC=C(C)C 1 O=C1CCC2C=CCC12 0.7298234 7.5829 0.6611397 0.6611 0.3408026 4.9011 0.9994792 390.5640 0.5000000 0.5000 0.5000000 0.5000 0.5000000 0.5000 0.5000000 0.5000 1.0000000 1.0000 []
 | 16.8818 16.9887 -6.9804 0.0834025 O=C(O)c1cccc2c1NC(C(=O)O)C1CC(Sc3ccccc3[N+](=O)[O-])C(Cl)C21 1 c1ccc(SC2CC3CNc4ccccc4C3C2)cc1 0.7119571 7.3351 0.3546233 0.3546 0.6619513 4.0914 0.9715562 448.8840 0.5000000 0.5000 0.5000000 0.5000 0.5000000 0.5000 1.0000000 1.0000 1.0000000 1.0000 []
 | 22.0845 22.1389 -0.1300 0.1834079 CCCCC1C2C(CN1CCCc1ccccc1)c1cc(O)ccc1OC2(C)C 1 c1ccc(CCCN2CC3COc4ccccc4C3C2)cc1 0.6863524 7.7773 0.6480233 0.6480 0.8186446 3.5836 0.9993590 393.5710 1.0000000 1.0000 0.5000000 0.5000 0.5000000 0.5000 1.0000000 1.0000 1.0000000 1.0000 []
 | 34.2551 34.3135 -16.7199 0.1466140 NCCCNCCCCNCCCNC(=O)c1c(O)cc(O)c(C23CC4CC(CC(C4)C2)C3)c1O 1 c1ccc(C23CC4CC(CC(C4)C2)C3)cc1 0.6759705 7.8214 0.1997858 0.1998 0.6593009 4.0986 0.6862060 488.6730 0.5000000 0.5000 0.5000000 0.5000 1.0000000 1.0000 1.0000000 1.0000 1.0000000 1.0000 []
 | 14.9467 15.0294 -4.5414 0.0874000 CN1C(=O)C(=Cc2ccccn2)C(=O)N(C)C1=O 1 O=C1NC(=O)C(=Cc2ccccn2)C(=O)N1 0.7391383 7.5388 0.5337797 0.5338 0.9667318 2.4514 0.4184968 245.2380 0.5000000 0.5000 0.5000000 0.5000 1.0000000 1.0000 0.5000000 0.5000 1.0000000 1.0000 []
 | 7.7884 7.7729 16.2274 0.2000028 Cc1ccc(C)c(S(=O)(=O)ON2C(=O)c3ccccc3C2=O)c1 1 O=C1c2ccccc2C(=O)N1OS(=O)(=O)c1ccccc1 0.7121890 7.3362 0.8056853 0.8057 0.9749699 2.2733 0.9963863 331.3490 0.5000000 0.5000 0.5000000 0.5000 1.0000000 1.0000 1.0000000 1.0000 1.0000000 1.0000 []
 | 16.9414 16.9527 -5.7854 0.0930605 CC1(C)CC(=O)C(C(c2ccc(OCC#N)cc2)C2C(=O)CC(C)(C)CC2=O)C(=O)C1 1 O=C1CCCC(=O)C1C(c1ccccc1)C1C(=O)CCCC1=O 0.6783496 7.8114 0.6673946 0.6674 0.9009984 3.1573 0.9949526 423.5090 0.5000000 0.5000 0.5000000 0.5000 0.5000000 0.5000 1.0000000 1.0000 1.0000000 1.0000 []
 | 24.7523 24.7329 -12.3970 0.1027989 Oc1cc(SC2CCCC2)c(O)n1-c1ccc(Br)cc1 1 c1ccc(-n2ccc(SC3CCCC3)c2)cc1 0.7468033 7.5018 0.8408951 0.8409 0.9500648 2.7089 0.9992560 354.2690 0.5000000 0.5000 0.5000000 0.5000 0.5000000 0.5000 1.0000000 1.0000 1.0000000 1.0000 []
18:23:37 <INFO> Score: 0.12 Agent NLL: 18.84 Valid:  97% Step: 3
 | Agent Prior Target Score SMILES SMILES_state Scaffold DENV_Activity DENV_Activity (raw) Drug_Likeness Drug_Likeness (raw) Synthetic_Accessibility Synthetic_Accessibility (raw) Molecular_Weight Molecular_Weight (raw) Pyrrolidine_Core Pyrrolidine_Core (raw) Cyclobutane_Core Cyclobutane_Core (raw) Amide_Sidechain Amide_Sidechain (raw) Phenyl_Ring Phenyl_Ring (raw) Unwanted_Structures Unwanted_Structures (raw) matchting_patterns (Unwanted_Structures)
 | 17.9482 17.9267 -8.1620 0.0813727 N=c1[nH]cnc2c1c(C(N)=O)cn2C1OC(CO)C(O)C1O 1 N=c1[nH]cnc2c1ccn2C1CCCO1 0.6890017 7.7659 0.3673464 0.3673 0.6134739 4.2191 0.9836180 309.2820 0.5000000 0.5000 0.5000000 0.5000 1.0000000 1.0000 0.5000000 0.5000 1.0000000 1.0000 []
 | 19.5514 19.4749 -7.3222 0.1012722 CCOC(=O)C1C(C)=NC(C)=C(C(=O)OC)C1c1ccc(O)c(OC)c1 1 C1=CC(c2ccccc2)CC=N1 0.7450347 7.4896 0.8102560 0.8103 0.9123381 3.0757 0.9995450 361.3940 0.5000000 0.5000 0.5000000 0.5000 0.5000000 0.5000 1.0000000 1.0000 1.0000000 1.0000 []
 | 26.4780 26.5417 -20.4840 0.0504812 CC(C)c1nc(CS(=O)(=O)Cc2cccnc2)no1 1 O=S(=O)(Cc1cccnc1)Cc1ncon1 0.7423570 7.5234 0.8287974 0.8288 0.9593571 2.5778 0.8970329 281.3370 0.5000000 0.5000 0.5000000 0.5000 0.5000000 0.5000 0.5000000 0.5000 1.0000000 1.0000 []
 | 19.6640 19.7601 -7.9410 0.0984924 O=C(O)c1cc(-c2cccc(OCc3ccccc3)c2)ccc1O 1 c1ccc(COc2cccc(-c3ccccc3)c2)cc1 0.7112932 7.6679 0.7337956 0.7338 0.9897696 1.7201 0.9923030 320.3440 0.5000000 0.5000 0.5000000 0.5000 0.5000000 0.5000 1.0000000 1.0000 1.0000000 1.0000 []
 | 9.3426 9.3328 11.7390 0.1755980 O=C(O)C(Cc1ccccc1)N1C(=O)C=CC1=O 1 O=C1C=CC(=O)N1CCc1ccccc1 0.6642884 7.8702 0.7884089 0.7884 0.9507302 2.7003 0.4184294 245.2340 0.5000000 0.5000 0.5000000 0.5000 1.0000000 1.0000 1.0000000 1.0000 1.0000000 1.0000 []
 | 14.5150 14.4811 -2.9944 0.0957229 CC(C)C(=O)C1C(=O)CC(c2ccccc2)CC1=O 1 O=C1CC(=O)CC(c2ccccc2)C1 0.7309407 7.5777 0.7827900 0.7828 0.9696674 2.3934 0.6398048 258.3170 0.5000000 0.5000 0.5000000 0.5000 0.5000000 0.5000 1.0000000 1.0000 1.0000000 1.0000 []
 | 11.3584 11.2571 11.9766 0.1936136 CC(=O)N(C(C)=O)C1=C(Cl)C(=O)c2ccccc2C1=O 1 O=C1C=CC(=O)c2ccccc21 0.6845063 7.2148 0.7921935 0.7922 0.9602972 2.5630 0.9468410 291.6900 0.5000000 0.5000 0.5000000 0.5000 1.0000000 1.0000 1.0000000 1.0000 1.0000000 1.0000 []
 | 23.3646 23.3190 1.1004 0.2034954 CN(C)CC1c2ccccc2NC(=O)CN1C(=O)c1cccc(Cl)c1 1 O=C1CN(C(=O)c2ccccc2)Cc2ccccc2N1 0.7083565 7.6810 0.9181957 0.9182 0.9407305 2.8191 0.9994186 357.8410 0.5000000 0.5000 0.5000000 0.5000 1.0000000 1.0000 1.0000000 1.0000 1.0000000 1.0000 []
 | 27.9229 27.7918 -17.7932 0.0833212 CC(=O)N(C(C)=O)C1C2C=C(C)CC1C(C)(O)CC2 1 C1=CC2CCCC(C1)C2 0.7320123 7.5726 0.7364127 0.7364 0.2766888 5.0843 0.7427952 265.3530 0.5000000 0.5000 0.5000000 0.5000 1.0000000 1.0000 0.5000000 0.5000 1.0000000 1.0000 []
 | 21.9502 22.0650 -10.4643 0.0966718 O=[N+]([O-])c1ccc(N2CCNCC2)cc1N1CCOCC1 1 c1cc(N2CCNCC2)cc(N2CCOCC2)c1 0.7232244 7.6136 0.6574191 0.6574 0.9746222 2.2819 0.9490528 292.3390 0.5000000 0.5000 0.5000000 0.5000 0.5000000 0.5000 1.0000000 1.0000 1.0000000 1.0000 []
18:23:42 <INFO> Score: 0.12 Agent NLL: 18.46 Valid: 100% Step: 4
 | Agent Prior Target Score SMILES SMILES_state Scaffold DENV_Activity DENV_Activity (raw) Drug_Likeness Drug_Likeness (raw) Synthetic_Accessibility Synthetic_Accessibility (raw) Molecular_Weight Molecular_Weight (raw) Pyrrolidine_Core Pyrrolidine_Core (raw) Cyclobutane_Core Cyclobutane_Core (raw) Amide_Sidechain Amide_Sidechain (raw) Phenyl_Ring Phenyl_Ring (raw) Unwanted_Structures Unwanted_Structures (raw) matchting_patterns (Unwanted_Structures)
 | 21.6053 21.3417 -12.5988 0.0728576 Nc1ccc(S(=O)(=O)Nc2ccc(Oc3ccc(Br)cc3Br)c(Br)c2)cc1 1 O=S(=O)(Nc1ccc(Oc2ccccc2)cc1)c1ccccc1 0.6682587 7.8537 0.3570571 0.3571 0.9783856 2.1819 0.0048432 577.0920 0.5000000 0.5000 0.5000000 0.5000 0.5000000 0.5000 1.0000000 1.0000 1.0000000 1.0000 []
 | 19.3665 19.2924 -13.6376 0.0471231 CCCCOc1ccc(C#CC2(O)CCCCC2)cn1 1 C(#CC1CCCCC1)c1cccnc1 0.7091813 7.6773 0.6757730 0.6758 0.9595947 2.5741 0.8340708 273.3760 0.5000000 0.5000 0.5000000 0.5000 0.5000000 0.5000 0.5000000 0.5000 1.0000000 1.0000 []
 | 24.0845 24.2235 -13.9224 0.0858424 CCCCC=CC(=O)OCC1OC(Oc2ccc(C(C)=O)cc2)C(O)C(O)C1O 1 c1ccc(OC2CCCCO2)cc1 0.7416829 7.4734 0.2423195 0.2423 0.8026195 3.6471 0.9982109 408.4470 0.5000000 0.5000 0.5000000 0.5000 0.5000000 0.5000 1.0000000 1.0000 1.0000000 1.0000 []
 | 21.8809 21.9924 -11.2700 0.0893536 OC(c1ccccc1)(c1ccccc1)C(c1ccc(-c2cccnc2)cc1)n1ccnc1 1 c1ccc(C(c2ccccc2)C(c2ccc(-c3cccnc3)cc2)n2ccnc2)cc1 0.7053335 7.6945 0.3985150 0.3985 0.9344571 2.8844 0.9966587 417.5120 0.5000000 0.5000 0.5000000 0.5000 0.5000000 0.5000 1.0000000 1.0000 1.0000000 1.0000 []
 | 7.6522 7.6144 14.8688 0.1873599 O=C1NC(=O)C(=Cc2c[nH]nc2-c2ccccc2)C(=O)N1 1 O=C1NC(=O)C(=Cc2c[nH]nc2-c2ccccc2)C(=O)N1 0.7290655 7.5865 0.5601358 0.5601 0.9474762 2.7413 0.9027686 282.2590 0.5000000 0.5000 0.5000000 0.5000 1.0000000 1.0000 1.0000000 1.0000 1.0000000 1.0000 []
 | 12.3977 12.3161 10.7268 0.1920243 O=C1NC(=O)C(=Cc2ccc(-c3ccc(C(=O)O)cc3)o2)C(=O)N1 1 O=C1NC(=O)C(=Cc2ccc(-c3ccccc3)o2)C(=O)N1 0.7314003 7.4245 0.5779172 0.5779 0.9733547 2.3123 0.9948732 326.2640 0.5000000 0.5000 0.5000000 0.5000 1.0000000 1.0000 1.0000000 1.0000 1.0000000 1.0000 []
 | 7.0201 6.9787 16.0307 0.1917456 NS(=O)(=O)c1ccc(-c2ccc(C=C3C(=O)NC(=O)NC3=O)o2)cc1 1 O=C1NC(=O)C(=Cc2ccc(-c3ccccc3)o2)C(=O)N1 0.7457719 7.5068 0.5301831 0.5302 0.9681009 2.4250 0.9995432 361.3350 0.5000000 0.5000 0.5000000 0.5000 1.0000000 1.0000 1.0000000 1.0000 1.0000000 1.0000 []
 | 16.2284 16.1200 -11.4215 0.0391541 CC1C(=O)C(C)(C)C(=O)C(C)(O)C1=O 1 O=C1CC(=O)CC(=O)C1 0.7424335 7.4770 0.5610784 0.5611 0.7227664 3.9174 0.0271997 198.2180 0.5000000 0.5000 0.5000000 0.5000 0.5000000 0.5000 0.5000000 0.5000 1.0000000 1.0000 []
 | 16.0441 16.2617 -11.7553 0.0375537 N#CC1C(=O)C=C(O)C1=O 1 O=C1C=CC(=O)C1 0.7464597 7.5035 0.4654960 0.4655 0.6743959 4.0573 0.0004099 137.0940 0.5000000 0.5000 0.5000000 0.5000 0.5000000 0.5000 0.5000000 0.5000 1.0000000 1.0000 []
 | 26.1534 26.2015 -21.2794 0.0410173 CCC(CCC(C)C1CC=C2C3CC=C4CC(=O)CCC4(C)C3CCC21C)C(C)C 1 O=C1CCC2C(=CCC3C4=CCCC4CCC23)C1 0.7247289 7.6066 0.4036346 0.4036 0.4591626 4.5995 0.9979123 410.6860 0.5000000 0.5000 0.5000000 0.5000 0.5000000 0.5000 0.5000000 0.5000 1.0000000 1.0000 []
18:23:46 <INFO> Score: 0.13 Agent NLL: 17.88 Valid: 100% Step: 5
 | Agent Prior Target Score SMILES SMILES_state Scaffold DENV_Activity DENV_Activity (raw) Drug_Likeness Drug_Likeness (raw) Synthetic_Accessibility Synthetic_Accessibility (raw) Molecular_Weight Molecular_Weight (raw) Pyrrolidine_Core Pyrrolidine_Core (raw) Cyclobutane_Core Cyclobutane_Core (raw) Amide_Sidechain Amide_Sidechain (raw) Phenyl_Ring Phenyl_Ring (raw) Unwanted_Structures Unwanted_Structures (raw) matchting_patterns (Unwanted_Structures)
 | 14.8450 14.9406 -3.6022 0.0944864 NS(=O)(=O)c1ccc(N=Nc2c(O)c(C(=O)O)c(O)c3ccccc23)cc1 1 c1ccc(N=Nc2cccc3ccccc23)cc1 0.7387154 7.5409 0.5027453 0.5027 0.9539637 2.6570 0.9995822 387.3730 0.5000000 0.5000 0.5000000 0.5000 0.5000000 0.5000 1.0000000 1.0000 1.0000000 1.0000 []
 | 19.3284 19.6199 -10.9674 0.0721042 N=C(N)NCCCOCc1ccccc1 1 c1ccccc1 0.6413486 7.9636 0.3711077 0.3711 0.9874243 1.8470 0.0496798 207.2770 0.5000000 0.5000 0.5000000 0.5000 0.5000000 0.5000 1.0000000 1.0000 1.0000000 1.0000 []
 | 14.9418 14.8393 7.8296 0.1889071 Cc1cc(N2C(=O)C(O)=C(C(=O)c3ccc(C)o3)C2c2cccc(OC(C)C)c2)no1 1 O=C(C1=CC(=O)N(c2ccon2)C1c1ccccc1)c1ccco1 0.7225552 7.6166 0.5848481 0.5848 0.9133666 3.0679 0.9953111 422.4370 0.5000000 0.5000 0.5000000 0.5000 1.0000000 1.0000 1.0000000 1.0000 1.0000000 1.0000 []
 | 15.4555 15.1810 7.7849 0.1913824 O=C1Nc2cc(Cl)ccc2C1=Cc1ccccc1 1 O=C1Nc2ccccc2C1=Cc1ccccc1 0.7385309 7.5417 0.7711626 0.7712 0.9859439 1.9156 0.5972496 255.7040 0.5000000 0.5000 0.5000000 0.5000 1.0000000 1.0000 1.0000000 1.0000 1.0000000 1.0000 []
 | 16.1295 16.0001 5.3459 0.1778833 O=C1NC(=S)SC1=Cc1ccccc1[N+](=O)[O-] 1 O=C1NC(=S)SC1=Cc1ccccc1 0.7435361 7.5177 0.3838473 0.3838 0.9684318 2.4185 0.7551318 266.3030 0.5000000 0.5000 0.5000000 0.5000 1.0000000 1.0000 1.0000000 1.0000 1.0000000 1.0000 []
 | 27.1700 26.5887 -15.7781 0.0900882 CCCCCCSc1cccc2c1C(=O)c1c(cc3ccccc3c1C(=O)O)C2=O 1 O=C1c2ccccc2C(=O)c2cc3ccccc3cc21 0.7422824 7.5237 0.2949579 0.2950 0.9651908 2.4799 0.9964201 418.5140 0.5000000 0.5000 0.5000000 0.5000 0.5000000 0.5000 1.0000000 1.0000 1.0000000 1.0000 []
 | 43.0184 42.9777 -38.2443 0.0394447 CC(=O)OC1=CC2(O)C=C3C(=O)C(O)=C(C(OC(C)=O)C13)C2OC(C)=O 1 O=C1C=C2CC3C=CC(C2)C1=C3 0.7350401 7.4417 0.5231770 0.5232 0.0999332 5.8364 0.9996278 364.3060 0.5000000 0.5000 0.5000000 0.5000 0.5000000 0.5000 0.5000000 0.5000 1.0000000 1.0000 []
 | 25.0488 24.8303 -12.7013 0.1010750 COc1cc(OC)c2ccc(=O)oc2c1C1=CCC(C)(C)CC1 1 O=c1ccc2cccc(C3=CCCCC3)c2o1 0.7438124 7.4837 0.7876965 0.7877 0.9428131 2.7960 0.9884253 314.3810 0.5000000 0.5000 0.5000000 0.5000 0.5000000 0.5000 1.0000000 1.0000 1.0000000 1.0000 []
 | 7.2113 7.2626 16.3623 0.1968746 O=C1C(Cl)=C(N2CCOCC2)C(=O)N1c1ccccc1 1 O=C1C=C(N2CCOCC2)C(=O)N1c1ccccc1 0.7087349 7.6793 0.7720987 0.7721 0.9799984 2.1338 0.9503169 292.7220 0.5000000 0.5000 0.5000000 0.5000 1.0000000 1.0000 1.0000000 1.0000 1.0000000 1.0000 []
 | 16.1944 16.3602 -5.0661 0.0941178 COc1ccc(Sc2nc(N)cc(=O)[nH]2)cc1 1 O=c1ccnc(Sc2ccccc2)[nH]1 0.7305257 7.5796 0.8058102 0.8058 0.9697573 2.3915 0.4878275 249.2950 0.5000000 0.5000 0.5000000 0.5000 0.5000000 0.5000 1.0000000 1.0000 1.0000000 1.0000 []
18:23:50 <INFO> Score: 0.12 Agent NLL: 20.04 Valid: 100% Step: 6
 | Agent Prior Target Score SMILES SMILES_state Scaffold DENV_Activity DENV_Activity (raw) Drug_Likeness Drug_Likeness (raw) Synthetic_Accessibility Synthetic_Accessibility (raw) Molecular_Weight Molecular_Weight (raw) Pyrrolidine_Core Pyrrolidine_Core (raw) Cyclobutane_Core Cyclobutane_Core (raw) Amide_Sidechain Amide_Sidechain (raw) Phenyl_Ring Phenyl_Ring (raw) Unwanted_Structures Unwanted_Structures (raw) matchting_patterns (Unwanted_Structures)
 | 25.1617 25.0127 -13.7531 0.0938299 CCOC(=O)C1(C)CCc2c([nH]c3ccccc23)C(c2ccc(CO)cc2)N1 1 c1ccc(C2NCCCc3c2[nH]c2ccccc32)cc1 0.7182965 7.6362 0.6065498 0.6065 0.8651840 3.3697 0.9997740 378.4720 0.5000000 0.5000 0.5000000 0.5000 0.5000000 0.5000 1.0000000 1.0000 1.0000000 1.0000 []
 | 18.9446 18.7400 -7.2142 0.0960485 O=C(O)c1ccc(NS(=O)(=O)c2ccc(Cl)c([N+](=O)[O-])c2)cc1 1 O=S(=O)(Nc1ccccc1)c1ccccc1 0.7114218 7.6673 0.6260271 0.6260 0.9867229 1.8805 0.9993728 356.7430 0.5000000 0.5000 0.5000000 0.5000 0.5000000 0.5000 1.0000000 1.0000 1.0000000 1.0000 []
 | 30.1122 30.4112 -20.7796 0.0802637 O=C(CC1CCCCN1Cc1ccccc1)C1=CC=C2c3cc(O)ccc3Sc3c1cccc32 1 O=C(CC1CCCCN1Cc1ccccc1)C1=CC=C2c3ccccc3Sc3c1cccc32 0.7163189 7.6452 0.3560399 0.3560 0.5168171 4.4591 0.9149028 465.6180 0.5000000 0.5000 0.5000000 0.5000 0.5000000 0.5000 1.0000000 1.0000 1.0000000 1.0000 []
 | 23.2370 23.3355 -1.8970 0.1786541 CCCCNC(=O)C1CCCCN1c1ccc(C(O)(C(F)(F)F)C(F)(F)F)cc1 1 c1ccc(N2CCCCC2)cc1 0.6645867 7.8689 0.5277048 0.5277 0.9264483 2.9597 0.9938433 426.4010 0.5000000 0.5000 0.5000000 0.5000 1.0000000 1.0000 1.0000000 1.0000 1.0000000 1.0000 []
 | 17.8641 17.5941 -5.4121 0.1015170 CCCCn1c(=S)[nH]c2cc(OC)c(OC)cc2c1=O 1 O=c1[nH]c(=S)[nH]c2ccccc12 0.7223194 7.6177 0.8615322 0.8615 0.9797217 2.1423 0.9554421 294.3760 0.5000000 0.5000 0.5000000 0.5000 0.5000000 0.5000 1.0000000 1.0000 1.0000000 1.0000 []
 | 7.3462 7.2477 4.6943 0.0995165 O=C(O)c1ccc(NC2=C(Cl)C(=O)c3ccccc3C2=O)cc1 1 O=C1C=C(Nc2ccccc2)C(=O)c2ccccc21 0.6709118 7.1574 0.9030747 0.9031 0.9826062 2.0472 0.9953625 327.7230 0.5000000 0.5000 0.5000000 0.5000 0.5000000 0.5000 1.0000000 1.0000 1.0000000 1.0000 []
 | 22.4797 22.4842 13.2590 0.2978601 CCOC(=O)C1=C(S(=O)(=O)c2ccccc2)SC2C(=O)N(NC(=O)c3ccccc3)C(=O)C2C1=O 1 O=C(NN1C(=O)C2SC(S(=O)(=O)c3ccccc3)=CC(=O)C2C1=O)c1ccccc1 0.7184618 7.6354 0.2605805 0.2606 0.8000644 3.6569 0.2681205 514.5370 1.0000000 1.0000 0.5000000 0.5000 1.0000000 1.0000 1.0000000 1.0000 1.0000000 1.0000 []
 | 15.2737 15.0456 -4.7784 0.0855599 O=c1c(=O)c2cc([N+](=O)[O-])cc([N+](=O)[O-])c2c1=O 1 O=c1c(=O)c2ccccc2c1=O 0.7427860 7.4787 0.4015237 0.4015 0.9563015 2.6238 0.5021067 250.1220 0.5000000 0.5000 0.5000000 0.5000 0.5000000 0.5000 1.0000000 1.0000 1.0000000 1.0000 []
 | 19.3341 19.3156 -8.4444 0.0905928 O=C1C(O)=CC(=NCc2ccc(O)c(O)c2O)C(Cl)=C1Cl 1 O=C1C=CC(=NCc2ccccc2)C=C1 0.7115430 7.3333 0.4917272 0.4917 0.8620171 3.3860 0.9960681 330.1230 0.5000000 0.5000 0.5000000 0.5000 0.5000000 0.5000 1.0000000 1.0000 1.0000000 1.0000 []
 | 38.4844 38.1343 -28.7605 0.0781144 CN1c2c(cc(O)c(N=C3C=CC(=N)C=C3)c2O)C2C(O)C3OC3C(O)C21 1 N=C1C=CC(=Nc2ccc3c(c2)NC2CC4OC4CC32)C=C1 0.7444736 7.5131 0.3659446 0.3659 0.2191677 5.2725 0.9997378 369.3770 0.5000000 0.5000 0.5000000 0.5000 0.5000000 0.5000 1.0000000 1.0000 1.0000000 1.0000 []
18:23:54 <INFO> Score: 0.12 Agent NLL: 19.71 Valid:  97% Step: 7
 | Agent Prior Target Score SMILES SMILES_state Scaffold DENV_Activity DENV_Activity (raw) Drug_Likeness Drug_Likeness (raw) Synthetic_Accessibility Synthetic_Accessibility (raw) Molecular_Weight Molecular_Weight (raw) Pyrrolidine_Core Pyrrolidine_Core (raw) Cyclobutane_Core Cyclobutane_Core (raw) Amide_Sidechain Amide_Sidechain (raw) Phenyl_Ring Phenyl_Ring (raw) Unwanted_Structures Unwanted_Structures (raw) matchting_patterns (Unwanted_Structures)
 | 25.9237 25.6924 -16.2720 0.0785035 CCCCCCCN(CCCC)CC(O)c1cc(-c2ccccc2)cc(-c2ccc(C(C)(C)C)cc2)c1 1 c1ccc(-c2cccc(-c3ccccc3)c2)cc1 0.7053927 7.6942 0.2232603 0.2233 0.9370823 2.8578 0.5037476 499.7830 0.5000000 0.5000 0.5000000 0.5000 0.5000000 0.5000 1.0000000 1.0000 1.0000000 1.0000 []
 | 12.7114 12.7817 9.9611 0.1895234 Cc1ccc(C(=O)C2=C(O)C(=O)N(c3nccs3)C2c2cccc(OCC(=O)O)c2)o1 1 O=C(C1=CC(=O)N(c2nccs2)C1c1ccccc1)c1ccco1 0.7445183 7.5129 0.5354219 0.5354 0.9179616 3.0317 0.9839323 440.4330 0.5000000 0.5000 0.5000000 0.5000 1.0000000 1.0000 1.0000000 1.0000 1.0000000 1.0000 []
 | 16.0422 15.7260 8.0432 0.1980765 O=C1CN(c2ccccc2)C12C(=O)Nc1ccc(Cl)cc12 1 O=C1CN(c2ccccc2)C12C(=O)Nc1ccccc12 0.7314409 7.5753 0.8233376 0.8233 0.8510208 3.4405 0.9666275 298.7290 0.5000000 0.5000 0.5000000 0.5000 1.0000000 1.0000 1.0000000 1.0000 1.0000000 1.0000 []
 | 14.7538 14.9246 5.3475 0.1689338 COc1cccc(N2C(=O)C=CC2=O)c1 1 O=C1C=CC(=O)N1c1ccccc1 0.7214094 7.6219 0.6765917 0.6766 0.9817327 2.0776 0.0379413 203.1970 0.5000000 0.5000 0.5000000 0.5000 1.0000000 1.0000 1.0000000 1.0000 1.0000000 1.0000 []
 | 7.0658 7.0373 4.3473 0.0948719 COc1ccc(C(C2C(=O)CC(C)(C)CC2=O)C2C(=O)CC(C)(C)CC2=O)cc1 1 O=C1CCCC(=O)C1C(c1ccccc1)C1C(=O)CCCC1=O 0.6801731 7.8036 0.7183957 0.7184 0.9251134 2.9715 0.9990993 398.4990 0.5000000 0.5000 0.5000000 0.5000 0.5000000 0.5000 1.0000000 1.0000 1.0000000 1.0000 []
 | 19.9333 19.8456 -14.2076 0.0469832 CCC(=O)OCC1C=CC(n2cc(C)c(=O)[nH]c2=O)O1 1 O=c1ccn(C2C=CCO2)c(=O)[nH]1 0.7458379 7.5065 0.6304686 0.6305 0.8216407 3.5713 0.8900907 280.2800 0.5000000 0.5000 0.5000000 0.5000 0.5000000 0.5000 0.5000000 0.5000 1.0000000 1.0000 []
 | 25.4156 25.7275 -14.5444 0.0931925 CC1CCCCCC1N1CCN(CCC(c2ccccc2)c2ccccc2)CC1 1 c1ccc(C(CCN2CCN(C3CCCCCC3)CC2)c2ccccc2)cc1 0.6995983 7.7198 0.5756244 0.5756 0.9397605 2.8296 0.9994773 390.6150 0.5000000 0.5000 0.5000000 0.5000 0.5000000 0.5000 1.0000000 1.0000 1.0000000 1.0000 []
 | 24.0258 24.1924 -12.6863 0.0958835 Cc1ccc(NC2CCCc3cc(C)ccc32)cc1 1 c1ccc(NC2CCCc3ccccc32)cc1 0.7466436 7.4974 0.8086017 0.8086 0.9742755 2.2903 0.5236931 251.3730 0.5000000 0.5000 0.5000000 0.5000 0.5000000 0.5000 1.0000000 1.0000 1.0000000 1.0000 []
 | 43.3613 42.9951 -32.6031 0.0865994 C=C1C(=O)OC(OC(=O)c2ccccc2)(C(O)COc2ccc(S(=O)(=O)F)cc2)C1C 1 C=C1CC(CCOc2ccccc2)(OC(=O)c2ccccc2)OC1=O 0.7331774 7.5672 0.3883702 0.3884 0.7151656 3.9403 0.9684305 450.4400 0.5000000 0.5000 0.5000000 0.5000 0.5000000 0.5000 1.0000000 1.0000 1.0000000 1.0000 []
 | 18.2620 18.6453 4.3465 0.1915977 CCc1ccc(NC(=O)c2nc(S(=O)(=O)Cc3ccccc3)ncc2Cl)cc1 1 O=C(Nc1ccccc1)c1ccnc(S(=O)(=O)Cc2ccccc2)n1 0.7136850 7.3429 0.6161304 0.6161 0.9788995 2.1670 0.9970094 415.9020 0.5000000 0.5000 0.5000000 0.5000 1.0000000 1.0000 1.0000000 1.0000 1.0000000 1.0000 []
18:23:58 <INFO> Score: 0.12 Agent NLL: 18.54 Valid: 100% Step: 8
 | Agent Prior Target Score SMILES SMILES_state Scaffold DENV_Activity DENV_Activity (raw) Drug_Likeness Drug_Likeness (raw) Synthetic_Accessibility Synthetic_Accessibility (raw) Molecular_Weight Molecular_Weight (raw) Pyrrolidine_Core Pyrrolidine_Core (raw) Cyclobutane_Core Cyclobutane_Core (raw) Amide_Sidechain Amide_Sidechain (raw) Phenyl_Ring Phenyl_Ring (raw) Unwanted_Structures Unwanted_Structures (raw) matchting_patterns (Unwanted_Structures)
 | 31.3613 32.2181 -22.9492 0.0772402 CCCCCCCCCCCC(=O)OC1C2CC3Oc4c(O)cccc4C(=O)C3(O2)C1C 1 O=C1c2ccccc2OC2CC3CCC12O3 0.7411172 7.5293 0.3661321 0.3661 0.2000664 5.3426 0.9787331 444.5680 0.5000000 0.5000 0.5000000 0.5000 0.5000000 0.5000 1.0000000 1.0000 1.0000000 1.0000 []
 | 18.1297 18.6557 -13.9183 0.0394787 CCCCCC1CCNCC1C(=O)O 1 C1CCNCC1 0.6659310 7.8634 0.6645730 0.6646 0.9138117 3.0644 0.0292370 199.2940 0.5000000 0.5000 0.5000000 0.5000 0.5000000 0.5000 0.5000000 0.5000 1.0000000 1.0000 []
 | 19.7369 19.7851 1.9680 0.1812755 Nc1ccc(C(=O)Nc2ccc(C(F)(F)F)cc2[N+](=O)[O-])cc1 1 O=C(Nc1ccccc1)c1ccccc1 0.6726191 7.8355 0.5127961 0.5128 0.9852462 1.9455 0.9945017 325.2460 0.5000000 0.5000 0.5000000 0.5000 1.0000000 1.0000 1.0000000 1.0000 1.0000000 1.0000 []
 | 10.4840 10.5118 -2.3299 0.0681826 Nc1ccc(C(=O)Oc2cc(N)n(S(=O)(=O)c3ccc(Oc4ccccc4)cc3)n2)cc1 1 O=C(Oc1ccn(S(=O)(=O)c2ccc(Oc3ccccc3)cc2)n1)c1ccccc1 0.4179014 8.8058 0.3368476 0.3368 0.9674035 2.4386 0.9683543 450.4760 0.5000000 0.5000 0.5000000 0.5000 0.5000000 0.5000 1.0000000 1.0000 1.0000000 1.0000 []
 | 21.1478 21.3858 -11.6324 0.0812788 CC1(C)CC(=O)C(C(c2cccc([N+](=O)[O-])c2)c2c(-c3ccccc3)oc3ccccc3c2=O)=C(O)C1 1 O=C1CCCC=C1C(c1ccccc1)c1c(-c2ccccc2)oc2ccccc2c1=O 0.7385566 7.5416 0.2435558 0.2436 0.8825980 3.2735 0.5765697 495.5310 0.5000000 0.5000 0.5000000 0.5000 0.5000000 0.5000 1.0000000 1.0000 1.0000000 1.0000 []
 | 36.2476 35.9238 -18.4152 0.1459046 COc1cc2c(c(Cl)c1OC)C(Nc1ccc3c(c1)nc(C)n3Cc1cccc(F)c1)N1C(=O)C=CC(=O)C1C2 1 O=C1C=CC(=O)N2C1Cc1ccccc1C2Nc1ccc2c(c1)ncn2Cc1ccccc1 0.7355520 7.5559 0.3485772 0.3486 0.7344609 3.8814 0.0145626 561.0130 0.5000000 0.5000 0.5000000 0.5000 1.0000000 1.0000 1.0000000 1.0000 1.0000000 1.0000 []
 | 15.3365 15.2189 7.5631 0.1898500 O=C(O)CN1C(=O)c2ccc(S(=O)(=O)O)cc2C1=O 1 O=C1NC(=O)c2ccccc21 0.7309902 7.5774 0.5712740 0.5713 0.9811172 2.0981 0.9193694 285.2330 0.5000000 0.5000 0.5000000 0.5000 1.0000000 1.0000 1.0000000 1.0000 1.0000000 1.0000 []
 | 7.8026 7.8105 3.9576 0.0980680 Cc1ccc(SC2=C(N(C)C)C(=O)c3ccccc3C2=O)cc1 1 O=C1C=C(Sc2ccccc2)C(=O)c2ccccc21 0.6691822 7.1502 0.8572474 0.8572 0.9693575 2.3998 0.9937658 323.4170 0.5000000 0.5000 0.5000000 0.5000 0.5000000 0.5000 1.0000000 1.0000 1.0000000 1.0000 []
 | 25.2138 25.3093 21.4506 0.3896664 CC(C)(C)c1cccc(C(=O)Nc2cccc(N3CCC(N4CCCCC4)C3)c2)c1 1 O=C(Nc1cccc(N2CCC(N3CCCCC3)C2)c1)c1ccccc1 0.6974692 7.7291 0.7495521 0.7496 0.9591482 2.5811 0.9985313 405.5860 1.0000000 1.0000 0.5000000 0.5000 1.0000000 1.0000 1.0000000 1.0000 1.0000000 1.0000 []
 | 18.3044 18.4745 3.7564 0.1852577 CC1CCc2c(sc(NC(=O)c3ccc(S(=O)(=O)N4CCCCCC4)cc3)c2C(N)=O)C1 1 O=C(Nc1cc2c(s1)CCCC2)c1ccc(S(=O)(=O)N2CCCCCC2)cc1 0.6838884 7.7878 0.6854882 0.6855 0.9480398 2.7344 0.8433022 475.6360 0.5000000 0.5000 0.5000000 0.5000 1.0000000 1.0000 1.0000000 1.0000 1.0000000 1.0000 []
18:24:03 <INFO> Score: 0.12 Agent NLL: 18.75 Valid: 100% Step: 9
 | Agent Prior Target Score SMILES SMILES_state Scaffold DENV_Activity DENV_Activity (raw) Drug_Likeness Drug_Likeness (raw) Synthetic_Accessibility Synthetic_Accessibility (raw) Molecular_Weight Molecular_Weight (raw) Pyrrolidine_Core Pyrrolidine_Core (raw) Cyclobutane_Core Cyclobutane_Core (raw) Amide_Sidechain Amide_Sidechain (raw) Phenyl_Ring Phenyl_Ring (raw) Unwanted_Structures Unwanted_Structures (raw) matchting_patterns (Unwanted_Structures)
 | 33.4758 33.3761 -22.7801 0.0883000 Cc1c(C(=O)CC(=O)C(=O)O)ccc2c1C(=O)OC1(O2)c2ccccc2-c2ccccc21 1 O=C1OC2(Oc3ccccc31)c1ccccc1-c1ccccc12 0.7411636 7.5291 0.2925065 0.2925 0.8784977 3.2972 0.9929400 428.3960 0.5000000 0.5000 0.5000000 0.5000 0.5000000 0.5000 1.0000000 1.0000 1.0000000 1.0000 []
 | 23.9954 24.2143 0.6352 0.2070795 CCC(=O)N(Cc1cccc(O)c1)c1ccc(C(=O)O)cc1 1 c1ccc(CNc2ccccc2)cc1 0.7384446 7.5421 0.8892275 0.8892 0.9844958 1.9761 0.9679325 299.3260 0.5000000 0.5000 0.5000000 0.5000 1.0000000 1.0000 1.0000000 1.0000 1.0000000 1.0000 []
 | 27.1192 27.5180 -7.4963 0.1668473 CC1(C(=O)NCC2CCOCC2)CC(=O)NC1=O 1 O=C1CC(C(=O)NCC2CCOCC2)C(=O)N1 0.6792821 7.8074 0.5290761 0.5291 0.8661140 3.3648 0.5734806 254.2860 1.0000000 1.0000 0.5000000 0.5000 1.0000000 1.0000 0.5000000 0.5000 1.0000000 1.0000 []
 | 23.6566 23.5603 -3.6925 0.1655649 CC(C)(C)c1ccc(CNCCCNc2cc(O)c(CNNC(=O)c3ccccc3)cc2O)cc1 1 O=C(NNCc1ccc(NCCCNCc2ccccc2)cc1)c1ccccc1 0.7334480 7.5659 0.1059208 0.1059 0.9618459 2.5378 0.8340994 476.6210 0.5000000 0.5000 0.5000000 0.5000 1.0000000 1.0000 1.0000000 1.0000 1.0000000 1.0000 []
 | 30.2094 29.9458 -8.4492 0.1791381 COc1ccc(-c2cc(C(=O)Nc3cccc(C(=O)O)c3)nc(-c3ccccc3)c2OC)cc1 1 O=C(Nc1ccccc1)c1cc(-c2ccccc2)cc(-c2ccccc2)n1 0.7073915 7.6853 0.3889256 0.3889 0.9788412 2.1687 0.9586824 454.4820 0.5000000 0.5000 0.5000000 0.5000 1.0000000 1.0000 1.0000000 1.0000 1.0000000 1.0000 []
 | 10.1887 10.2600 1.4501 0.0975837 NS(=O)(=O)c1ccc(N=Nc2c(O)c(C(=O)O)cc3ccccc23)cc1 1 c1ccc(N=Nc2cccc3ccccc23)cc1 0.7467517 7.4980 0.6029882 0.6030 0.9656349 2.4718 0.9997717 371.3740 0.5000000 0.5000 0.5000000 0.5000 0.5000000 0.5000 1.0000000 1.0000 1.0000000 1.0000 []
 | 8.8147 8.5553 2.9045 0.0954980 COc1cc(C(C2C(=O)CC(C)(C)CC2=O)C2C(=O)CC(C)(C)CC2=O)ccc1O 1 O=C1CCCC(=O)C1C(c1ccccc1)C1C(=O)CCCC1=O 0.6820885 7.7955 0.7557293 0.7557 0.9064344 3.1193 0.9972851 414.4980 0.5000000 0.5000 0.5000000 0.5000 0.5000000 0.5000 1.0000000 1.0000 1.0000000 1.0000 []
 | 27.2976 27.4854 -4.6437 0.1903470 CCCCC(=O)NNc1ccc(C(=O)O)c(-c2ccc(C(C)(C)C)cc2)n1 1 c1ccc(-c2ccccn2)cc1 0.7009673 7.7138 0.6301807 0.6302 0.9732112 2.3156 0.9997395 369.4650 0.5000000 0.5000 0.5000000 0.5000 1.0000000 1.0000 1.0000000 1.0000 1.0000000 1.0000 []
 | 20.9081 21.3475 -16.3708 0.0414721 COC1=C(C)C(=O)c2sccc2C1=O 1 O=C1C=CC(=O)c2sccc21 0.6958731 7.2639 0.7089782 0.7090 0.9435533 2.7876 0.0529093 208.2380 0.5000000 0.5000 0.5000000 0.5000 0.5000000 0.5000 0.5000000 0.5000 1.0000000 1.0000 []
 | 19.2121 19.3511 -8.0479 0.0941939 Cc1cc(=O)oc2cc(O)c3c(c12)OC(C)(C)C=C3 1 O=c1ccc2c3c(ccc2o1)C=CCO3 0.7350035 7.4415 0.7378399 0.7378 0.9285822 2.9404 0.6391044 258.2730 0.5000000 0.5000 0.5000000 0.5000 0.5000000 0.5000 1.0000000 1.0000 1.0000000 1.0000 []
18:24:07 <INFO> Score: 0.12 Agent NLL: 17.38 Valid:  97% Step: 10
 | Agent Prior Target Score SMILES SMILES_state Scaffold DENV_Activity DENV_Activity (raw) Drug_Likeness Drug_Likeness (raw) Synthetic_Accessibility Synthetic_Accessibility (raw) Molecular_Weight Molecular_Weight (raw) Pyrrolidine_Core Pyrrolidine_Core (raw) Cyclobutane_Core Cyclobutane_Core (raw) Amide_Sidechain Amide_Sidechain (raw) Phenyl_Ring Phenyl_Ring (raw) Unwanted_Structures Unwanted_Structures (raw) matchting_patterns (Unwanted_Structures)
 | 11.8709 11.5013 -0.5887 0.0909384 Cc1ccc(C(c2c(C)[nH]n(-c3ncc(-c4ccccc4)s3)c2=O)C(C#N)C#N)o1 1 O=c1c(Cc2ccco2)c[nH]n1-c1ncc(-c2ccccc2)s1 0.7208636 7.3756 0.5224007 0.5224 0.8066124 3.6317 0.9970955 415.4780 0.5000000 0.5000 0.5000000 0.5000 0.5000000 0.5000 1.0000000 1.0000 1.0000000 1.0000 []
 | 23.9850 24.4605 -3.4685 0.1749337 COc1ccc(C(=O)CCC(=O)Nc2ccc(S(=O)(=O)Nc3ccccc3C(=O)O)cc2)cc1 1 O=C(CCC(=O)c1ccccc1)Nc1ccc(S(=O)(=O)Nc2ccccc2)cc1 0.7186727 7.6344 0.3736319 0.3736 0.9837037 2.0069 0.7699253 482.5140 0.5000000 0.5000 0.5000000 0.5000 1.0000000 1.0000 1.0000000 1.0000 1.0000000 1.0000 []
 | 28.9465 29.2000 -29.2000 0.0000000 C(C(=O)NCCC1=CCCCC1)Oc1c2c(ccccc2)nc(C)c1 0 -- 0.0000000 0.0000 0.0000000 0.0000 0.0000000 0.0000 0.0000000 0.0000 0.0000000 0.0000 0.0000000 0.0000 0.0000000 0.0000 0.0000000 0.0000 0.0000000 0.0000 None
 | 27.3409 27.5498 -16.0369 0.0959409 CC1(C(=O)OCCCc2ccccc2)COC2(CCCCC2)OC1 1 O=C(OCCCc1ccccc1)C1COC2(CCCCC2)OC1 0.7342417 7.5621 0.6062762 0.6063 0.9220713 2.9977 0.9966477 332.4400 0.5000000 0.5000 0.5000000 0.5000 0.5000000 0.5000 1.0000000 1.0000 1.0000000 1.0000 []
 | 16.2491 16.4874 -11.1165 0.0447575 CCCCCCCCCCCC(=O)OC1CC(=O)OC1CO 1 O=C1CCCO1 0.7006403 7.7152 0.4424065 0.4424 0.9120600 3.0778 0.9884575 314.4220 0.5000000 0.5000 0.5000000 0.5000 0.5000000 0.5000 0.5000000 0.5000 1.0000000 1.0000 []
 | 18.3442 18.2463 3.8839 0.1844188 O=C(Nc1cccnc1)c1ccc(NS(=O)(=O)c2ccc(C(F)(F)F)cc2)cc1 1 O=C(Nc1cccnc1)c1ccc(NS(=O)(=O)c2ccccc2)cc1 0.6501355 7.9282 0.6478161 0.6478 0.9848051 1.9637 0.9956338 421.4000 0.5000000 0.5000 0.5000000 0.5000 1.0000000 1.0000 1.0000000 1.0000 1.0000000 1.0000 []
 | 9.0935 9.0535 2.8885 0.0995165 O=C(O)c1ccc(NC2=C(Cl)C(=O)c3ccccc3C2=O)cc1 1 O=C1C=C(Nc2ccccc2)C(=O)c2ccccc21 0.6709118 7.1574 0.9030747 0.9031 0.9826062 2.0472 0.9953625 327.7230 0.5000000 0.5000 0.5000000 0.5000 0.5000000 0.5000 1.0000000 1.0000 1.0000000 1.0000 []
 | 8.2305 8.2027 14.4392 0.1886821 O=C1NC(=O)C(=Cc2coc3ccc(O)cc3c2=O)C(=O)N1 1 O=C1NC(=O)C(=Cc2coc3ccccc3c2=O)C(=O)N1 0.7399746 7.5348 0.5116644 0.5117 0.9525771 2.6759 0.9698070 300.2260 0.5000000 0.5000 0.5000000 0.5000 1.0000000 1.0000 1.0000000 1.0000 1.0000000 1.0000 []
 | 20.1186 20.1313 -14.7353 0.0449668 CC(C)c1cc(O)n(C2CCCCC2)c1O 1 c1ccn(C2CCCCC2)c1 0.7453168 7.4910 0.8052640 0.8053 0.9523990 2.6783 0.1366655 223.3160 0.5000000 0.5000 0.5000000 0.5000 0.5000000 0.5000 0.5000000 0.5000 1.0000000 1.0000 []
 | 7.8960 7.6021 3.1834 0.0898794 Cc1cc(C(C2C(=O)CC(C)(C)CC2=O)C2C(=O)CC(C)(C)CC2=O)cc(C)c1OC(F)F 1 O=C1CCCC(=O)C1C(c1ccccc1)C1C(=O)CCCC1=O 0.6871462 7.7739 0.5666531 0.5667 0.8708005 3.3399 0.9300937 462.5330 0.5000000 0.5000 0.5000000 0.5000 0.5000000 0.5000 1.0000000 1.0000 1.0000000 1.0000 []
18:24:11 <INFO> Score: 0.12 Agent NLL: 18.80 Valid:  97% Step: 11
 | Agent Prior Target Score SMILES SMILES_state Scaffold DENV_Activity DENV_Activity (raw) Drug_Likeness Drug_Likeness (raw) Synthetic_Accessibility Synthetic_Accessibility (raw) Molecular_Weight Molecular_Weight (raw) Pyrrolidine_Core Pyrrolidine_Core (raw) Cyclobutane_Core Cyclobutane_Core (raw) Amide_Sidechain Amide_Sidechain (raw) Phenyl_Ring Phenyl_Ring (raw) Unwanted_Structures Unwanted_Structures (raw) matchting_patterns (Unwanted_Structures)
 | 18.0689 18.2658 5.1610 0.1952234 O=C1CCc2cc(Br)cc(S(=O)(=O)Nc3ccc(C(=O)O)cc3)c2N1 1 O=C1CCc2cccc(S(=O)(=O)Nc3ccccc3)c2N1 0.7157381 7.6478 0.6976020 0.6976 0.9692810 2.4013 0.9943073 425.2600 0.5000000 0.5000 0.5000000 0.5000 1.0000000 1.0000 1.0000000 1.0000 1.0000000 1.0000 []
 | 25.3790 26.4173 -7.9756 0.1536808 CCCC(=O)Nc1ccc(C(C(=O)Nc2nc3cc(O)c(O)cc3s2)c2ccccc2)cc1 1 O=C(Nc1nc2ccccc2s1)C(c1ccccc1)c1ccccc1 0.5744275 8.2232 0.2821496 0.2821 0.9417820 2.8076 0.9344114 461.5430 0.5000000 0.5000 0.5000000 0.5000 1.0000000 1.0000 1.0000000 1.0000 1.0000000 1.0000 []
 | 21.5529 21.9956 -16.7162 0.0439950 CCCCC=CC(=O)C1=CC(=O)C(OC)=C(OC)C1=O 1 O=C1C=CC(=O)C=C1 0.7434484 7.5181 0.3076608 0.3077 0.9219465 2.9988 0.8760093 278.3040 0.5000000 0.5000 0.5000000 0.5000 0.5000000 0.5000 0.5000000 0.5000 1.0000000 1.0000 []
 | 21.4388 21.7735 -9.7139 0.1004964 CCc1cc(C)n2nc(OCc3ccccc3Cl)nc2n1 1 c1ccc(COc2nc3ncccn3n2)cc1 0.7470901 7.5004 0.7422729 0.7423 0.9664723 2.4563 0.9745405 302.7650 0.5000000 0.5000 0.5000000 0.5000 0.5000000 0.5000 1.0000000 1.0000 1.0000000 1.0000 []
 | 27.7321 27.8430 -16.0751 0.0980658 CCc1nc(-c2ccc(-c3ccc(C(O)CNC)cc3)cc2)no1 1 c1ccc(-c2ccc(-c3ncon3)cc2)cc1 0.7143759 7.6540 0.7286334 0.7286 0.9605351 2.5592 0.9937569 323.3960 0.5000000 0.5000 0.5000000 0.5000 0.5000000 0.5000 1.0000000 1.0000 1.0000000 1.0000 []
 | 14.7731 14.8925 8.2782 0.1930895 O=C1NN(c2ccccc2)C(=O)C1=Cc1ccccc1Cl 1 O=C1NN(c2ccccc2)C(=O)C1=Cc1ccccc1 0.7068480 7.6878 0.6844657 0.6845 0.9821831 2.0621 0.9666275 298.7290 0.5000000 0.5000 0.5000000 0.5000 1.0000000 1.0000 1.0000000 1.0000 1.0000000 1.0000 []
 | 26.3971 26.3621 -4.9201 0.1786831 O=C1C(=Cc2ccc3sc4ccccc4c3c2)C(C(F)(F)F)=NN1c1ccccc1 1 O=C1C(=Cc2ccc3sc4ccccc4c3c2)C=NN1c1ccccc1 0.7161216 7.6461 0.3440167 0.3440 0.9624829 2.5272 0.9953130 422.4310 0.5000000 0.5000 0.5000000 0.5000 1.0000000 1.0000 1.0000000 1.0000 1.0000000 1.0000 []
 | 20.9900 21.4923 -1.2866 0.1683805 O=C1Nc2cc3c(cc2C1=O)NCCC3=O 1 O=C1Nc2cc3c(cc2C1=O)NCCC3=O 0.7351369 7.4421 0.6293797 0.6294 0.9365922 2.8628 0.0882576 216.1960 0.5000000 0.5000 0.5000000 0.5000 1.0000000 1.0000 1.0000000 1.0000 1.0000000 1.0000 []
 | 19.5727 19.0158 -1.0656 0.1495845 CNc1ccc(N2C(=O)C(c3ccc(OC)cc3)=C(C(=O)c3ccc(OC)cc3)C2c2ccc(OC)cc2)cc1 1 O=C(C1=C(c2ccccc2)C(=O)N(c2ccccc2)C1c1ccccc1)c1ccccc1 0.7246706 7.6069 0.2585995 0.2586 0.9351149 2.8778 0.0838683 534.6120 0.5000000 0.5000 0.5000000 0.5000 1.0000000 1.0000 1.0000000 1.0000 1.0000000 1.0000 []
 | 20.3706 20.1789 -9.4893 0.0890803 CC1CCC2(CC1)NC(=O)C(Cl)=C2C(=O)O 1 O=C1C=CC2(CCCCC2)N1 0.7345683 7.5606 0.7359018 0.7359 0.8412838 3.4860 0.3927233 243.6900 0.5000000 0.5000 0.5000000 0.5000 1.0000000 1.0000 0.5000000 0.5000 1.0000000 1.0000 []
18:24:15 <INFO> Score: 0.12 Agent NLL: 18.46 Valid:  98% Step: 12
 | Agent Prior Target Score SMILES SMILES_state Scaffold DENV_Activity DENV_Activity (raw) Drug_Likeness Drug_Likeness (raw) Synthetic_Accessibility Synthetic_Accessibility (raw) Molecular_Weight Molecular_Weight (raw) Pyrrolidine_Core Pyrrolidine_Core (raw) Cyclobutane_Core Cyclobutane_Core (raw) Amide_Sidechain Amide_Sidechain (raw) Phenyl_Ring Phenyl_Ring (raw) Unwanted_Structures Unwanted_Structures (raw) matchting_patterns (Unwanted_Structures)
 | 22.0520 21.7722 -11.9851 0.0815589 CCCCCC(=O)c1ccc(C#CC2(O)CCC3C4CCc5cc(O)ccc5C4CCC32C)cc1 1 C(#CC1CCC2C1CCC1c3ccccc3CCC12)c1ccccc1 0.7127411 7.6614 0.2871706 0.2872 0.7097173 3.9564 0.8836253 470.6530 0.5000000 0.5000 0.5000000 0.5000 0.5000000 0.5000 1.0000000 1.0000 1.0000000 1.0000 []
 | 26.5844 26.4447 -7.4403 0.1583695 CCc1c(C)n(Cc2ccccc2)c2nc(C(C)C)nc(SCC(=O)Nc3ccc(CN)cc3)c12 1 O=C(CSc1ncnc2c1ccn2Cc1ccccc1)Nc1ccccc1 0.6659775 7.8632 0.2348752 0.2349 0.9593033 2.5786 0.7008857 487.6730 0.5000000 0.5000 0.5000000 0.5000 1.0000000 1.0000 1.0000000 1.0000 1.0000000 1.0000 []
 | 33.3969 32.6370 -15.7450 0.1407671 COc1cc(C(CC(C)C)C2C(=O)c3ccccc3N(Cc3cccc(OC(F)(F)F)c3)C2=O)ccc1NS(C)(=O)=O 1 O=C1c2ccccc2N(Cc2ccccc2)C(=O)C1Cc1ccccc1 0.7061509 7.6909 0.2791248 0.2791 0.8031956 3.6449 0.0007249 604.6470 0.5000000 0.5000 0.5000000 0.5000 1.0000000 1.0000 1.0000000 1.0000 1.0000000 1.0000 []
 | 18.8671 19.7169 -9.5881 0.0844068 Cc1ccccc1CCN 1 c1ccccc1 0.7331349 7.5674 0.6530000 0.6530 0.9921916 1.5544 0.0003599 135.2100 0.5000000 0.5000 0.5000000 0.5000 0.5000000 0.5000 1.0000000 1.0000 1.0000000 1.0000 []
 | 19.3884 19.8542 -0.0259 0.1652356 N=C(N)c1cccc(NC(=O)c2ccc(Nc3ccccc3N)cc2)c1 1 O=C(Nc1ccccc1)c1ccc(Nc2ccccc2)cc1 0.6349475 7.9892 0.2760284 0.2760 0.9863013 1.8997 0.9986284 345.4060 0.5000000 0.5000 0.5000000 0.5000 1.0000000 1.0000 1.0000000 1.0000 1.0000000 1.0000 []
 | 27.6277 28.0584 -4.4399 0.1968206 CNC(=O)COC(=O)c1cccc(S(=O)(=O)Nc2ccc(OC)cc2)c1 1 O=S(=O)(Nc1ccccc1)c1ccccc1 0.7190435 7.6328 0.7047855 0.7048 0.9869300 1.8708 0.9997751 378.4060 0.5000000 0.5000 0.5000000 0.5000 1.0000000 1.0000 1.0000000 1.0000 1.0000000 1.0000 []
 | 17.1715 17.3909 -9.1903 0.0683389 N=C(N)NOC(=O)c1ccc(N)cc1 1 c1ccccc1 0.6516473 7.9220 0.2142044 0.2142 0.9633138 2.5130 0.0207358 194.1940 0.5000000 0.5000 0.5000000 0.5000 0.5000000 0.5000 1.0000000 1.0000 1.0000000 1.0000 []
 | 7.8703 7.9119 13.9195 0.1819286 Cc1ccc(S(=O)(=O)Oc2ccccc2C=C2C(=O)N(C)C(=O)N(C)C2=O)cc1 1 O=C1NC(=O)C(=Cc2ccccc2OS(=O)(=O)c2ccccc2)C(=O)N1 0.7079518 7.6828 0.4318815 0.4319 0.9694287 2.3983 0.9972961 414.4390 0.5000000 0.5000 0.5000000 0.5000 1.0000000 1.0000 1.0000000 1.0000 1.0000000 1.0000 []
 | 23.7305 23.6466 0.4582 0.2008739 CC(=O)c1ccc(N2CC(=O)c3c(C(=O)NC4CCCCC4)cccc3C2=O)cc1 1 O=C(NC1CCCCC1)c1cccc2c1C(=O)CN(c1ccccc1)C2=O 0.7252682 7.6041 0.7860370 0.7860 0.9723126 2.3363 0.9986405 404.4660 0.5000000 0.5000 0.5000000 0.5000 1.0000000 1.0000 1.0000000 1.0000 1.0000000 1.0000 []
 | 10.2528 10.2034 10.4048 0.1717344 O=C1NC(=O)C(=Cc2ccccc2[N+](=O)[O-])C(=O)N1 1 O=C1NC(=O)C(=Cc2ccccc2)C(=O)N1 0.7255968 7.6026 0.3442400 0.3442 0.9723845 2.3346 0.6842093 261.1930 0.5000000 0.5000 0.5000000 0.5000 1.0000000 1.0000 1.0000000 1.0000 1.0000000 1.0000 []
18:24:19 <INFO> Score: 0.13 Agent NLL: 16.84 Valid:  98% Step: 13
 | Agent Prior Target Score SMILES SMILES_state Scaffold DENV_Activity DENV_Activity (raw) Drug_Likeness Drug_Likeness (raw) Synthetic_Accessibility Synthetic_Accessibility (raw) Molecular_Weight Molecular_Weight (raw) Pyrrolidine_Core Pyrrolidine_Core (raw) Cyclobutane_Core Cyclobutane_Core (raw) Amide_Sidechain Amide_Sidechain (raw) Phenyl_Ring Phenyl_Ring (raw) Unwanted_Structures Unwanted_Structures (raw) matchting_patterns (Unwanted_Structures)
 | 27.8244 28.8840 -24.1032 0.0398401 O=C(O)C1C2CC3C(C(=O)O)C3(O)C(C(=O)O)C21 1 C1C2CC3CC3CC12 0.7354206 7.4435 0.5139550 0.5140 0.4482378 4.6263 0.6056279 256.2100 0.5000000 0.5000 0.5000000 0.5000 0.5000000 0.5000 0.5000000 0.5000 1.0000000 1.0000 []
 | 17.5115 17.3513 -12.0004 0.0445908 CCCCCCCCC1C(=O)OC1CCCCCCC(=O)O 1 O=C1CCO1 0.7169294 7.6424 0.3727039 0.3727 0.9213501 3.0038 0.9867953 312.4500 0.5000000 0.5000 0.5000000 0.5000 0.5000000 0.5000 0.5000000 0.5000 1.0000000 1.0000 []
 | 23.1117 23.3629 -1.7955 0.1797287 O=C(N=c1[nH]c2cc(O)c(O)cc2s1)C(c1ccccc1)c1ccccc1 1 O=C(N=c1[nH]c2ccccc2s1)C(c1ccccc1)c1ccccc1 0.6830868 7.7912 0.4741281 0.4741 0.9485863 2.7276 0.9998037 376.4370 0.5000000 0.5000 0.5000000 0.5000 1.0000000 1.0000 1.0000000 1.0000 1.0000000 1.0000 []
 | 10.6835 11.0331 0.4627 0.0957982 COC(=O)c1ccc(NC2=CC(=O)C(=O)c3ccccc32)cc1 1 O=C1C=C(Nc2ccccc2)c2ccccc2C1=O 0.6892310 7.2351 0.6969798 0.6970 0.9813154 2.0915 0.9812657 307.3050 0.5000000 0.5000 0.5000000 0.5000 0.5000000 0.5000 1.0000000 1.0000 1.0000000 1.0000 []
 | 16.9667 16.8629 -6.3977 0.0872094 COC(=O)C1=C(C(=O)OC)C(c2cc(Br)ccc2O)c2sc(SC)nc2S1 1 C1=CC(c2ccccc2)c2scnc2S1 0.7351241 7.5579 0.5072676 0.5073 0.8008830 3.6538 0.6901637 488.4060 0.5000000 0.5000 0.5000000 0.5000 0.5000000 0.5000 1.0000000 1.0000 1.0000000 1.0000 []
 | 9.8229 9.7332 14.2672 0.2000028 Cc1ccc(C)c(S(=O)(=O)ON2C(=O)c3ccccc3C2=O)c1 1 O=C1c2ccccc2C(=O)N1OS(=O)(=O)c1ccccc1 0.7121890 7.3362 0.8056853 0.8057 0.9749699 2.2733 0.9963863 331.3490 0.5000000 0.5000 0.5000000 0.5000 1.0000000 1.0000 1.0000000 1.0000 1.0000000 1.0000 []
 | 12.2907 12.3119 9.4724 0.1815364 O=C(O)CCn1cc(C=C2C(=O)NC(=S)NC2=O)c2ccccc21 1 O=C1NC(=S)NC(=O)C1=Cc1c[nH]c2ccccc12 0.7048128 7.6968 0.4373200 0.4373 0.9629683 2.5189 0.9984210 343.3640 0.5000000 0.5000 0.5000000 0.5000 1.0000000 1.0000 1.0000000 1.0000 1.0000000 1.0000 []
 | 15.6079 15.7466 8.7271 0.2039475 CC(=O)NC1=C(N2CCOCC2)C(=O)c2ccccc2C1=O 1 O=C1C=C(N2CCOCC2)C(=O)c2ccccc21 0.7244489 7.3921 0.8718597 0.8719 0.9725867 2.3300 0.9699846 300.3140 0.5000000 0.5000 0.5000000 0.5000 1.0000000 1.0000 1.0000000 1.0000 1.0000000 1.0000 []
 | 15.3160 15.3977 -10.6431 0.0396212 NCC1OC(OC2C(N)CC(N)C(O)C2O)CC(O)C1O 1 C1CCC(OC2CCCCO2)CC1 0.7337627 7.5644 0.2731108 0.2731 0.4501017 4.6218 0.9813190 307.3470 0.5000000 0.5000 0.5000000 0.5000 0.5000000 0.5000 0.5000000 0.5000 1.0000000 1.0000 []
 | 10.1922 10.0593 -2.0577 0.0666806 O=C(O)CC1OCC=C2CN3CCC45C6=CC(=O)C(O)=C([N+](=O)[O-])C6=NC4C1C2CC35 1 O=C1C=CC2=NC3C4COCC=C5CN6CCC3(C2=C1)C6CC54 0.6541889 7.0883 0.2924150 0.2924 0.0369737 6.4820 0.9934005 427.4130 1.0000000 1.0000 0.5000000 0.5000 0.5000000 0.5000 0.5000000 0.5000 1.0000000 1.0000 []
18:24:23 <INFO> Score: 0.12 Agent NLL: 18.83 Valid: 100% Step: 14
 | Agent Prior Target Score SMILES SMILES_state Scaffold DENV_Activity DENV_Activity (raw) Drug_Likeness Drug_Likeness (raw) Synthetic_Accessibility Synthetic_Accessibility (raw) Molecular_Weight Molecular_Weight (raw) Pyrrolidine_Core Pyrrolidine_Core (raw) Cyclobutane_Core Cyclobutane_Core (raw) Amide_Sidechain Amide_Sidechain (raw) Phenyl_Ring Phenyl_Ring (raw) Unwanted_Structures Unwanted_Structures (raw) matchting_patterns (Unwanted_Structures)
 | 23.9809 23.2772 -2.6061 0.1722587 Cc1ccccc1NC(=O)c1ccc(C(c2c(C)n[nH]c2O)C(C#N)c2ccc(Cl)cc2)cc1 1 O=C(Nc1ccccc1)c1ccc(C(Cc2ccccc2)c2cn[nH]c2)cc1 0.7287877 7.5878 0.3176186 0.3176 0.8599373 3.3966 0.8814269 470.9600 0.5000000 0.5000 0.5000000 0.5000 1.0000000 1.0000 1.0000000 1.0000 1.0000000 1.0000 []
 | 25.2226 25.7676 -14.0508 0.0976393 COc1cccc(C(c2nnnn2CC2CCCCO2)N2CCC(C)CC2)c1 1 c1ccc(C(c2nnnn2CC2CCCCO2)N2CCCCC2)cc1 0.7111006 7.6687 0.7613888 0.7614 0.9044374 3.1335 0.9996325 385.5120 0.5000000 0.5000 0.5000000 0.5000 0.5000000 0.5000 1.0000000 1.0000 1.0000000 1.0000 []
 | 18.8697 19.3518 5.0377 0.2032465 CCCC(=O)N=c1nc(-c2ccccc2)cc(-c2ccccc2)[nH]1 1 N=c1nc(-c2ccccc2)cc(-c2ccccc2)[nH]1 0.7435664 7.4825 0.7912387 0.7912 0.9672991 2.4406 0.9905782 317.3920 0.5000000 0.5000 0.5000000 0.5000 1.0000000 1.0000 1.0000000 1.0000 1.0000000 1.0000 []
 | 19.2450 20.3225 2.5884 0.1909241 O=C(COc1ccccc1)NCCSc1ccccc1 1 O=C(COc1ccccc1)NCCSc1ccccc1 0.7150461 7.6509 0.6282850 0.6283 0.9908822 1.6494 0.9297199 287.3840 0.5000000 0.5000 0.5000000 0.5000 1.0000000 1.0000 1.0000000 1.0000 1.0000000 1.0000 []
 | 27.4281 26.9591 -2.9051 0.2004502 CCOC(=O)c1c(NC(=O)Cc2ccc(C)cc2)sc2c1CCN(CC)C2 1 O=C(Cc1ccccc1)Nc1cc2c(s1)CNCC2 0.7265875 7.5980 0.7675829 0.7676 0.9782690 2.1853 0.9996061 386.5170 0.5000000 0.5000 0.5000000 0.5000 1.0000000 1.0000 1.0000000 1.0000 1.0000000 1.0000 []
 | 21.2929 21.5365 -10.1130 0.0951961 CCOc1nn(C)c(-c2ccc(Br)cc2)c1C(=O)c1ccc(Cl)cc1 1 O=C(c1ccccc1)c1cn[nH]c1-c1ccccc1 0.7323314 7.5711 0.5383328 0.5383 0.9743447 2.2886 0.9961141 419.7060 0.5000000 0.5000 0.5000000 0.5000 0.5000000 0.5000 1.0000000 1.0000 1.0000000 1.0000 []
 | 15.7250 16.7887 7.4214 0.2017511 O=C1C(Cl)=C(N2CCCCC2)C(=O)N1c1ccc(Cl)c(Cl)c1 1 O=C1C=C(N2CCCCC2)C(=O)N1c1ccccc1 0.7410691 7.5296 0.7541230 0.7541 0.9760011 2.2470 0.9994864 359.6400 0.5000000 0.5000 0.5000000 0.5000 1.0000000 1.0000 1.0000000 1.0000 1.0000000 1.0000 []
 | 26.3572 26.1359 -21.1374 0.0416541 COC(=O)C=CC1=C(O)C(=O)C2C=CC(C)C(=O)C2O1 1 O=C1C=COC2C(=O)CC=CC12 0.7464021 7.4963 0.4571996 0.4572 0.4713791 4.5697 0.8756790 278.2600 0.5000000 0.5000 0.5000000 0.5000 0.5000000 0.5000 0.5000000 0.5000 1.0000000 1.0000 []
 | 23.9495 23.0621 0.5843 0.1970534 CC(C)(C)c1ccc(C(=O)N2CCC3(CC2)OC(=O)c2ccccc23)cc1 1 O=C1OC2(CCN(C(=O)c3ccccc3)CC2)c2ccccc21 0.7284127 7.5895 0.7103998 0.7104 0.9511907 2.6943 0.9996055 363.4570 0.5000000 0.5000 0.5000000 0.5000 1.0000000 1.0000 1.0000000 1.0000 1.0000000 1.0000 []
 | 22.8974 22.8403 -13.5668 0.0772792 CC(C)C1Nc2c(O)cc(Cl)c([N+](=O)[O-])c2N2C1C=C1C(=O)c3ccccc3C2C1(C)C 1 O=C1C2=CC3CNc4ccccc4N3C(C2)c2ccccc21 0.7356661 7.4446 0.3547082 0.3547 0.2508120 5.1653 0.9601772 453.9260 0.5000000 0.5000 0.5000000 0.5000 0.5000000 0.5000 1.0000000 1.0000 1.0000000 1.0000 []
18:24:28 <INFO> Score: 0.12 Agent NLL: 18.78 Valid: 100% Step: 15
 | Agent Prior Target Score SMILES SMILES_state Scaffold DENV_Activity DENV_Activity (raw) Drug_Likeness Drug_Likeness (raw) Synthetic_Accessibility Synthetic_Accessibility (raw) Molecular_Weight Molecular_Weight (raw) Pyrrolidine_Core Pyrrolidine_Core (raw) Cyclobutane_Core Cyclobutane_Core (raw) Amide_Sidechain Amide_Sidechain (raw) Phenyl_Ring Phenyl_Ring (raw) Unwanted_Structures Unwanted_Structures (raw) matchting_patterns (Unwanted_Structures)
 | 12.0363 12.6947 -0.5824 0.1009358 Cc1[nH]n(-c2ccccc2)c(=O)c1C(c1ccccc1)C(C#N)C#N 1 O=c1c(Cc2ccccc2)c[nH]n1-c1ccccc1 0.7447666 7.5117 0.7972911 0.7973 0.9143729 3.0601 0.9955657 328.3750 0.5000000 0.5000 0.5000000 0.5000 0.5000000 0.5000 1.0000000 1.0000 1.0000000 1.0000 []
 | 36.1096 36.7278 -32.0513 0.0389708 CC12CC(C(=O)O)C3(Cl)C(=C(Cl)C3Br)C1CC1C(=O)C(=O)CCC12O 1 O=C1CCC2C(CC3C4=CCC4CCC32)C1=O 0.7189462 7.6332 0.4719064 0.4719 0.1994166 5.3451 0.9646641 452.1280 0.5000000 0.5000 0.5000000 0.5000 0.5000000 0.5000 0.5000000 0.5000 1.0000000 1.0000 []
 | 19.5433 19.6057 -7.5644 0.1003443 CC(C)(C)c1ccc(-c2nc3c(C(=O)O)cccc3[nH]2)cc1 1 c1ccc(-c2nc3ccccc3[nH]2)cc1 0.7441469 7.5147 0.7431232 0.7431 0.9826049 2.0473 0.9553774 294.3540 0.5000000 0.5000 0.5000000 0.5000 0.5000000 0.5000 1.0000000 1.0000 1.0000000 1.0000 []
 | 39.9020 39.8124 -34.6326 0.0431654 C=CCC1CC(O)OC2(C)CC3C4=CC=C(c5cccnc5)C4(C)CCC3(C)C12 1 C1=C(c2cccnc2)C2CCC3C(CC4OCCCC43)C2=C1 0.7413726 7.4719 0.6882709 0.6883 0.2717958 5.0992 0.9994423 391.5550 0.5000000 0.5000 0.5000000 0.5000 0.5000000 0.5000 0.5000000 0.5000 1.0000000 1.0000 []
 | 22.0210 22.4502 -17.4649 0.0415437 CCCC(CNOC)C1CCCCC1 1 C1CCCCC1 0.7307135 7.5787 0.6635525 0.6636 0.8951119 3.1964 0.0293234 199.3380 0.5000000 0.5000 0.5000000 0.5000 0.5000000 0.5000 0.5000000 0.5000 1.0000000 1.0000 []
 | 20.3032 21.0724 0.6583 0.1810891 NCCCCCCNC(=O)NCCC(c1ccccc1)c1ccccc1 1 c1ccc(Cc2ccccc2)cc1 0.6634735 7.8735 0.5340360 0.5340 0.9844222 1.9791 0.9992160 353.5100 0.5000000 0.5000 0.5000000 0.5000 1.0000000 1.0000 1.0000000 1.0000 1.0000000 1.0000 []
 | 20.3351 19.8855 -8.4153 0.0955853 O=c1c(C(c2ccccc2)c2ccccc2)c(O)oc2cc(O)ccc12 1 O=c1c(C(c2ccccc2)c2ccccc2)coc2ccccc12 0.7240062 7.6100 0.5783417 0.5783 0.9747612 2.2784 0.9985263 344.3660 0.5000000 0.5000 0.5000000 0.5000 0.5000000 0.5000 1.0000000 1.0000 1.0000000 1.0000 []
 | 21.6495 21.8941 2.8070 0.2058431 CC(C)(C)OC(=O)Nc1cnn(CC(=O)O)c(=O)c1Cc1ccccc1 1 O=c1[nH]nccc1Cc1ccccc1 0.7410310 7.5297 0.8471405 0.8471 0.9703633 2.3789 0.9994772 359.3820 0.5000000 0.5000 0.5000000 0.5000 1.0000000 1.0000 1.0000000 1.0000 1.0000000 1.0000 []
 | 19.4282 19.0799 5.3136 0.2032795 Cc1ccc(Cl)c(N2C(=O)C(Cl)=C(Oc3ccccc3)C2=O)c1 1 O=C1C=C(Oc2ccccc2)C(=O)N1c1ccccc1 0.7412425 7.5287 0.7864768 0.7865 0.9766412 2.2302 0.9988678 348.1850 0.5000000 0.5000 0.5000000 0.5000 1.0000000 1.0000 1.0000000 1.0000 1.0000000 1.0000 []
 | 13.4972 13.1670 9.1735 0.1861706 CCn1cc(C=C2C(=O)NC(=S)NC2=O)c2ccccc21 1 O=C1NC(=S)NC(=O)C1=Cc1c[nH]c2ccccc12 0.7218496 7.6199 0.5025801 0.5026 0.9654485 2.4752 0.9679947 299.3550 0.5000000 0.5000 0.5000000 0.5000 1.0000000 1.0000 1.0000000 1.0000 1.0000000 1.0000 []
18:24:32 <INFO> Score: 0.12 Agent NLL: 19.47 Valid:  94% Step: 16
 | Agent Prior Target Score SMILES SMILES_state Scaffold DENV_Activity DENV_Activity (raw) Drug_Likeness Drug_Likeness (raw) Synthetic_Accessibility Synthetic_Accessibility (raw) Molecular_Weight Molecular_Weight (raw) Pyrrolidine_Core Pyrrolidine_Core (raw) Cyclobutane_Core Cyclobutane_Core (raw) Amide_Sidechain Amide_Sidechain (raw) Phenyl_Ring Phenyl_Ring (raw) Unwanted_Structures Unwanted_Structures (raw) matchting_patterns (Unwanted_Structures)
 | 14.6269 15.0699 -15.0699 0.0000000 C(=O)(O)CSc1cc(O)n2nc(-c3ccccc3)ccc2n1 0 -- 0.0000000 0.0000 0.0000000 0.0000 0.0000000 0.0000 0.0000000 0.0000 0.0000000 0.0000 0.0000000 0.0000 0.0000000 0.0000 0.0000000 0.0000 0.0000000 0.0000 None
 | 25.6111 26.5929 -17.6880 0.0742080 CCC(C)C(CN)C1NCCNC1=O 1 O=C1CNCCN1 0.7006173 7.7153 0.5819093 0.5819 0.6305969 4.1748 0.0292449 199.2980 0.5000000 0.5000 0.5000000 0.5000 1.0000000 1.0000 0.5000000 0.5000 1.0000000 1.0000 []
 | 25.5366 26.0944 -21.0937 0.0416727 CCC=CCC=CCCCCCCCCN=C=S 1  0.7406686 7.5315 0.1898094 0.1898 0.9276651 2.9487 0.7442837 265.4660 0.5000000 0.5000 0.5000000 0.5000 0.5000000 0.5000 0.5000000 0.5000 1.0000000 1.0000 []
 | 15.9042 16.4197 5.3447 0.1813700 O=C(NC(=O)c1ccccc1)c1ccccc1 1 O=C(NC(=O)c1ccccc1)c1ccccc1 0.7443871 7.5135 0.7966723 0.7967 0.9948123 1.3041 0.1531796 225.2470 0.5000000 0.5000 0.5000000 0.5000 1.0000000 1.0000 1.0000000 1.0000 1.0000000 1.0000 []
 | 13.0515 13.3137 9.2255 0.1878263 O=C1NC(=O)C(=Cc2ccc3ccccc3n2)C(=O)N1 1 O=C1NC(=O)C(=Cc2ccc3ccccc3n2)C(=O)N1 0.7415113 7.4726 0.5952841 0.5953 0.9713259 2.3582 0.7669507 267.2440 0.5000000 0.5000 0.5000000 0.5000 1.0000000 1.0000 1.0000000 1.0000 1.0000000 1.0000 []
 | 9.7407 10.1622 11.9717 0.1844490 CN(C)c1ccc(C=C2C(=O)NC(=O)NC2=O)cc1 1 O=C1NC(=O)C(=Cc2ccccc2)C(=O)N1 0.7374147 7.5471 0.5986383 0.5986 0.9754543 2.2611 0.6547545 259.2650 0.5000000 0.5000 0.5000000 0.5000 1.0000000 1.0000 1.0000000 1.0000 1.0000000 1.0000 []
 | 7.0304 6.9787 16.0307 0.1917456 NS(=O)(=O)c1ccc(-c2ccc(C=C3C(=O)NC(=O)NC3=O)o2)cc1 1 O=C1NC(=O)C(=Cc2ccc(-c3ccccc3)o2)C(=O)N1 0.7457719 7.5068 0.5301831 0.5302 0.9681009 2.4250 0.9995432 361.3350 0.5000000 0.5000 0.5000000 0.5000 1.0000000 1.0000 1.0000000 1.0000 1.0000000 1.0000 []
 | 11.7400 11.6686 10.0224 0.1807582 O=C1NC(=O)C(=Cc2coc3cc(O)c(O)cc3c2=O)C(=O)N1 1 O=C1NC(=O)C(=Cc2coc3ccccc3c2=O)C(=O)N1 0.7428436 7.4790 0.3276248 0.3276 0.9429308 2.7947 0.9897954 316.2250 0.5000000 0.5000 0.5000000 0.5000 1.0000000 1.0000 1.0000000 1.0000 1.0000000 1.0000 []
 | 22.5975 22.3049 -17.5362 0.0397389 CC(=O)C1C(=O)C(=O)C2C(=COC2C2CC2)C1=O 1 O=C1CC(=O)C2=COC(C3CC3)C2C1=O 0.7385594 7.5416 0.5157898 0.5158 0.5253122 4.4384 0.4695399 248.2340 0.5000000 0.5000 0.5000000 0.5000 0.5000000 0.5000 0.5000000 0.5000 1.0000000 1.0000 []
 | 16.3837 16.7136 -6.5835 0.0844175 CC1(C)N=C(N)C(Nc2ccc(CN)cc2)=N1 1 C1=NCN=C1Nc1ccccc1 0.6860937 7.7784 0.7107327 0.7107 0.9355856 2.8731 0.2155917 231.3030 0.5000000 0.5000 0.5000000 0.5000 0.5000000 0.5000 1.0000000 1.0000 1.0000000 1.0000 []
18:24:36 <INFO> Score: 0.14 Agent NLL: 18.48 Valid: 100% Step: 17
 | Agent Prior Target Score SMILES SMILES_state Scaffold DENV_Activity DENV_Activity (raw) Drug_Likeness Drug_Likeness (raw) Synthetic_Accessibility Synthetic_Accessibility (raw) Molecular_Weight Molecular_Weight (raw) Pyrrolidine_Core Pyrrolidine_Core (raw) Cyclobutane_Core Cyclobutane_Core (raw) Amide_Sidechain Amide_Sidechain (raw) Phenyl_Ring Phenyl_Ring (raw) Unwanted_Structures Unwanted_Structures (raw) matchting_patterns (Unwanted_Structures)
 | 24.4188 23.6882 -3.8294 0.1654905 COc1ccc(-c2ccc(C(=O)NCCc3ccc4c(c3)NC(Cc3ccccc3)C(=O)N4)cc2)cc1 1 O=C(NCCc1ccc2c(c1)NC(Cc1ccccc1)C(=O)N2)c1ccc(-c2ccccc2)cc1 0.7059197 7.6919 0.3121411 0.3121 0.9499165 2.7108 0.6412683 491.5910 0.5000000 0.5000 0.5000000 0.5000 1.0000000 1.0000 1.0000000 1.0000 1.0000000 1.0000 []
 | 17.3962 18.7952 4.0499 0.1903762 O=C1C(=O)N(CCc2ccccc2)c2ccccc21 1 O=C1C(=O)N(CCc2ccccc2)c2ccccc21 0.7402518 7.4665 0.7857255 0.7857 0.9904251 1.6794 0.5221766 251.2850 0.5000000 0.5000 0.5000000 0.5000 1.0000000 1.0000 1.0000000 1.0000 1.0000000 1.0000 []
 | 11.6898 11.8500 -0.1400 0.0975837 NS(=O)(=O)c1ccc(N=Nc2c(O)c(C(=O)O)cc3ccccc23)cc1 1 c1ccc(N=Nc2cccc3ccccc23)cc1 0.7467517 7.4980 0.6029882 0.6030 0.9656349 2.4718 0.9997717 371.3740 0.5000000 0.5000 0.5000000 0.5000 0.5000000 0.5000 1.0000000 1.0000 1.0000000 1.0000 []
 | 26.2465 26.3592 -14.7623 0.0966412 O=C(O)c1[nH]c2ccccc2c1C(O)c1cc(Cl)sc1Cl 1 c1ccc2c(Cc3ccsc3)c[nH]c2c1 0.7273349 7.5945 0.6637848 0.6638 0.9126737 3.0732 0.9982893 342.2030 0.5000000 0.5000 0.5000000 0.5000 0.5000000 0.5000 1.0000000 1.0000 1.0000000 1.0000 []
 | 41.0002 39.6855 -21.2715 0.1534502 Cc1cccc(COc2cc(C(=O)NC(C)C(=O)O)ccc2C(=O)Oc2ccc(C(=N)N)cc2)c1 1 O=C(Oc1ccccc1)c1ccccc1OCc1ccccc1 0.6291175 8.0123 0.1603632 0.1604 0.9501138 2.7083 0.8445304 475.5010 0.5000000 0.5000 0.5000000 0.5000 1.0000000 1.0000 1.0000000 1.0000 1.0000000 1.0000 []
 | 23.6336 23.8628 -13.5511 0.0859303 Cc1cc2c(cc1O)OC1=CC(=O)C(=O)C1(C)C2=O 1 O=C1C=C2Oc3ccccc3C(=O)C2C1=O 0.7103455 7.3279 0.5603352 0.5603 0.7972218 3.6676 0.6384030 258.2290 0.5000000 0.5000 0.5000000 0.5000 0.5000000 0.5000 1.0000000 1.0000 1.0000000 1.0000 []
 | 23.6160 25.5832 -2.0009 0.1965191 NCCCCC(=O)N1CCC(N2C(=O)OCc3ccccc32)CC1 1 O=C1OCc2ccccc2N1C1CCNCC1 0.6765975 7.8188 0.8398540 0.8399 0.9716546 2.3510 0.9964029 331.4160 0.5000000 0.5000 0.5000000 0.5000 1.0000000 1.0000 1.0000000 1.0000 1.0000000 1.0000 []
 | 9.1688 9.5501 12.6806 0.1852563 O=C(O)CCn1cc(C=C2C(=O)NC(=S)NC2=O)c(-c2ccccc2)n1 1 O=C1NC(=S)NC(=O)C1=Cc1c[nH]nc1-c1ccccc1 0.7409164 7.4697 0.4100960 0.4101 0.9610469 2.5509 0.9997556 370.3900 0.5000000 0.5000 0.5000000 0.5000 1.0000000 1.0000 1.0000000 1.0000 1.0000000 1.0000 []
 | 31.7029 31.0894 -31.0894 0.0000000 CCC(=O)OC1(C)c2c3ccc(O)c2OC2OC(C)(C)OC24C(C3)C(C)CCC4C1C 1 c1cc2c3c(c1)OC1OCOC14C(CCCC4C2)CC3 0.0000000 0.0000 0.0000000 0.0000 0.0000000 0.0000 0.0000000 0.0000 0.0000000 0.0000 0.0000000 0.0000 0.0000000 0.0000 0.0000000 0.0000 0.0000000 0.0000 ['[*;r8]']
 | 18.5688 19.8760 4.6481 0.2043670 Cc1ccccc1NC1CCCN(C(=O)c2ccccc2)C1 1 O=C(c1ccccc1)N1CCCC(Nc2ccccc2)C1 0.7072899 7.6858 0.9356038 0.9356 0.9794372 2.1509 0.9555068 294.3980 0.5000000 0.5000 0.5000000 0.5000 1.0000000 1.0000 1.0000000 1.0000 1.0000000 1.0000 []
18:24:40 <INFO> Score: 0.12 Agent NLL: 18.76 Valid:  98% Step: 18
 | Agent Prior Target Score SMILES SMILES_state Scaffold DENV_Activity DENV_Activity (raw) Drug_Likeness Drug_Likeness (raw) Synthetic_Accessibility Synthetic_Accessibility (raw) Molecular_Weight Molecular_Weight (raw) Pyrrolidine_Core Pyrrolidine_Core (raw) Cyclobutane_Core Cyclobutane_Core (raw) Amide_Sidechain Amide_Sidechain (raw) Phenyl_Ring Phenyl_Ring (raw) Unwanted_Structures Unwanted_Structures (raw) matchting_patterns (Unwanted_Structures)
 | 22.6272 23.5470 -12.9974 0.0879131 O=C(O)c1ccc(C2=CC3CCC(O3)C2C=Cc2ccc(-c3ccccc3)cn2)cc1 1 C(=CC1C(c2ccccc2)=CC2CCC1O2)c1ccc(-c2ccccc2)cn1 0.7291610 7.5860 0.5853707 0.5854 0.5326827 4.4204 0.9980782 409.4850 0.5000000 0.5000 0.5000000 0.5000 0.5000000 0.5000 1.0000000 1.0000 1.0000000 1.0000 []
 | 17.1187 16.8289 -4.7334 0.1007960 Cc1ccc(S(=O)(=O)NC(C(=O)O)c2cccs2)cc1 1 O=S(=O)(NCc1cccs1)c1ccccc1 0.7022390 7.7082 0.8860832 0.8861 0.9626339 2.5246 0.9858006 311.3840 0.5000000 0.5000 0.5000000 0.5000 0.5000000 0.5000 1.0000000 1.0000 1.0000000 1.0000 []
 | 32.1215 31.6782 -21.6250 0.0837770 CCc1sc2nc(OS(=O)(=O)c3ccc(N)cc3)nc(SC(C)CC)c2c1C 1 O=S(=O)(Oc1ncc2ccsc2n1)c1ccccc1 0.7015982 7.7110 0.2453435 0.2453 0.8462322 3.4631 0.9867394 437.6120 0.5000000 0.5000 0.5000000 0.5000 0.5000000 0.5000 1.0000000 1.0000 1.0000000 1.0000 []
 | 17.9025 19.3055 2.4890 0.1816206 O=C(COc1ccc([N+](=O)[O-])cc1)Nc1ccccc1C(=O)Nc1ccccc1 1 O=C(COc1ccccc1)Nc1ccccc1C(=O)Nc1ccccc1 0.6875904 7.7720 0.4692276 0.4692 0.9891723 1.7550 0.9994489 391.3830 0.5000000 0.5000 0.5000000 0.5000 1.0000000 1.0000 1.0000000 1.0000 1.0000000 1.0000 []
 | 17.2314 18.6887 4.6671 0.1946311 O=C(Nc1ccc(S(=O)(=O)Nc2ccccn2)cc1)c1cccc(Cl)c1 1 O=C(Nc1ccc(S(=O)(=O)Nc2ccccn2)cc1)c1ccccc1 0.7058080 7.6924 0.6967265 0.6967 0.9876765 1.8346 0.9995682 387.8480 0.5000000 0.5000 0.5000000 0.5000 1.0000000 1.0000 1.0000000 1.0000 1.0000000 1.0000 []
 | 9.6667 9.6455 13.0727 0.1893180 CC(=O)n1cc(C=C2C(=O)NC(=O)NC2=O)c2ccccc21 1 O=C1NC(=O)C(=Cc2c[nH]c3ccccc23)C(=O)N1 0.7112108 7.6682 0.6070251 0.6070 0.9633495 2.5124 0.9632188 297.2700 0.5000000 0.5000 0.5000000 0.5000 1.0000000 1.0000 1.0000000 1.0000 1.0000000 1.0000 []
 | 7.4319 7.2477 4.6943 0.0995165 O=C(O)c1ccc(NC2=C(Cl)C(=O)c3ccccc3C2=O)cc1 1 O=C1C=C(Nc2ccccc2)C(=O)c2ccccc21 0.6709118 7.1574 0.9030747 0.9031 0.9826062 2.0472 0.9953625 327.7230 0.5000000 0.5000 0.5000000 0.5000 0.5000000 0.5000 1.0000000 1.0000 1.0000000 1.0000 []
 | 28.6251 29.0123 -24.9678 0.0337038 C=C(C(=O)O)C1C2=CCC(=O)C3C2CC2C1C23 1 O=C1CC=C2CC3C4CC2C1C34 0.7222090 7.6182 0.5794343 0.5794 0.0546697 6.2330 0.2036909 230.2630 0.5000000 0.5000 0.5000000 0.5000 0.5000000 0.5000 0.5000000 0.5000 1.0000000 1.0000 []
 | 28.8984 29.1231 -17.2759 0.0987269 COc1cc(OC)nc(OC(C2=C(O)C(=O)C(=O)c3ccccc32)C2CC2)n1 1 O=C1C=C(C(Oc2ncccn2)C2CC2)c2ccccc2C1=O 0.7389842 7.5396 0.7589618 0.7590 0.8615837 3.3882 0.9997042 382.3720 0.5000000 0.5000 0.5000000 0.5000 0.5000000 0.5000 1.0000000 1.0000 1.0000000 1.0000 []
 | 17.8311 17.8849 -6.1981 0.0973900 O=C1C(Br)=C(Br)c2ccccc21 1 O=C1C=Cc2ccccc21 0.7187515 7.3659 0.7152183 0.7152 0.9705823 2.3742 0.9321796 287.9380 0.5000000 0.5000 0.5000000 0.5000 0.5000000 0.5000 1.0000000 1.0000 1.0000000 1.0000 []
18:24:44 <INFO> Score: 0.15 Agent NLL: 18.46 Valid: 100% Step: 19
 | Agent Prior Target Score SMILES SMILES_state Scaffold DENV_Activity DENV_Activity (raw) Drug_Likeness Drug_Likeness (raw) Synthetic_Accessibility Synthetic_Accessibility (raw) Molecular_Weight Molecular_Weight (raw) Pyrrolidine_Core Pyrrolidine_Core (raw) Cyclobutane_Core Cyclobutane_Core (raw) Amide_Sidechain Amide_Sidechain (raw) Phenyl_Ring Phenyl_Ring (raw) Unwanted_Structures Unwanted_Structures (raw) matchting_patterns (Unwanted_Structures)
 | 19.1752 19.5338 4.5611 0.2007913 CC(=O)N1c2ccc(S(=O)(=O)Nc3ccc(C(=O)O)cc3)cc2CCC1C 1 O=S(=O)(Nc1ccccc1)c1ccc2c(c1)CCCN2 0.7109773 7.6693 0.8381291 0.8381 0.9578772 2.6005 0.9995500 388.4450 0.5000000 0.5000 0.5000000 0.5000 1.0000000 1.0000 1.0000000 1.0000 1.0000000 1.0000 []
 | 12.4062 12.3976 -2.2836 0.0842834 N=C(N)Nc1ccc(OC(=O)c2ccc(NC(=N)N)cc2)cc1 1 O=C(Oc1ccccc1)c1ccccc1 0.6828390 7.7923 0.2179098 0.2179 0.9782504 2.1858 0.9866896 312.3330 0.5000000 0.5000 0.5000000 0.5000 0.5000000 0.5000 1.0000000 1.0000 1.0000000 1.0000 []
 | 21.5162 21.7091 -11.0537 0.0887954 CCCCCCCC(=O)Oc1cccc2c1OC(=Cc1ccccc1)C2=O 1 O=C1C(=Cc2ccccc2)Oc2ccccc21 0.7298889 7.5826 0.2659218 0.2659 0.9757404 2.2538 0.9996313 364.4410 0.5000000 0.5000 0.5000000 0.5000 0.5000000 0.5000 1.0000000 1.0000 1.0000000 1.0000 []
 | 23.8000 23.2524 -0.6023 0.1887511 O=C(NC(Cc1ccccc1)C(=O)O)c1nccc(-c2ccc(Cl)cc2)n1 1 O=C(NCCc1ccccc1)c1nccc(-c2ccccc2)n1 0.6739004 7.8301 0.6835274 0.6835 0.9649582 2.4841 0.9997153 381.8190 0.5000000 0.5000 0.5000000 0.5000 1.0000000 1.0000 1.0000000 1.0000 1.0000000 1.0000 []
 | 22.5877 22.6467 -12.1657 0.0873417 Oc1cccc(CCCCCCCCCl)c1O 1 c1ccccc1 0.7347601 7.4403 0.4153569 0.4154 0.9807490 2.1101 0.6148778 256.7730 0.5000000 0.5000 0.5000000 0.5000 0.5000000 0.5000 1.0000000 1.0000 1.0000000 1.0000 []
 | 22.8087 22.6217 -1.4785 0.1761932 NC(N)=NC(=O)c1ccc2cc(-c3ccc(OCc4ccccc4)cc3)oc2c1 1 c1ccc(COc2ccc(-c3cc4ccccc4o3)cc2)cc1 0.6753049 7.8242 0.3976581 0.3977 0.9780237 2.1922 0.9996348 385.4230 0.5000000 0.5000 0.5000000 0.5000 1.0000000 1.0000 1.0000000 1.0000 1.0000000 1.0000 []
 | 22.2382 22.2787 1.6389 0.1993130 Cc1nccn1S(=O)(=O)c1ccc(NC(=O)c2ccccc2Cl)cc1 1 O=C(Nc1ccc(S(=O)(=O)n2ccnc2)cc1)c1ccccc1 0.7203616 7.6267 0.7578885 0.7579 0.9828762 2.0375 0.9998116 375.8370 0.5000000 0.5000 0.5000000 0.5000 1.0000000 1.0000 1.0000000 1.0000 1.0000000 1.0000 []
 | 7.0147 6.9787 16.0307 0.1917456 NS(=O)(=O)c1ccc(-c2ccc(C=C3C(=O)NC(=O)NC3=O)o2)cc1 1 O=C1NC(=O)C(=Cc2ccc(-c3ccccc3)o2)C(=O)N1 0.7457719 7.5068 0.5301831 0.5302 0.9681009 2.4250 0.9995432 361.3350 0.5000000 0.5000 0.5000000 0.5000 1.0000000 1.0000 1.0000000 1.0000 1.0000000 1.0000 []
 | 9.1584 8.8648 38.6289 0.3957803 COc1ccccc1N(O)C1CC(=O)N(c2ccc(F)cc2)C1=O 1 O=C1CC(Nc2ccccc2)C(=O)N1c1ccccc1 0.7428743 7.5209 0.6883050 0.6883 0.9497849 2.7125 0.9961197 330.3150 1.0000000 1.0000 0.5000000 0.5000 1.0000000 1.0000 1.0000000 1.0000 1.0000000 1.0000 []
 | 47.9559 48.0612 -41.4463 0.0551246 CC1(C)C(O)C(OC(=O)c2ccccc2)=C2C3CC(O)C4C(C)(C)C(O)C(OC5OC(CO)C(O)C(O)C5O)(CC21)C4(C)O3 1 O=C(OC1=C2C(CC1)CC1(OC3CCCCO3)CCC3CCC2OC31)c1ccccc1 0.7077180 7.6839 0.2181445 0.2181 0.0499279 6.2912 0.0002394 620.6920 0.5000000 0.5000 0.5000000 0.5000 0.5000000 0.5000 1.0000000 1.0000 1.0000000 1.0000 []
18:24:48 <INFO> Score: 0.12 Agent NLL: 20.04 Valid:  98% Step: 20
 | Agent Prior Target Score SMILES SMILES_state Scaffold DENV_Activity DENV_Activity (raw) Drug_Likeness Drug_Likeness (raw) Synthetic_Accessibility Synthetic_Accessibility (raw) Molecular_Weight Molecular_Weight (raw) Pyrrolidine_Core Pyrrolidine_Core (raw) Cyclobutane_Core Cyclobutane_Core (raw) Amide_Sidechain Amide_Sidechain (raw) Phenyl_Ring Phenyl_Ring (raw) Unwanted_Structures Unwanted_Structures (raw) matchting_patterns (Unwanted_Structures)
 | 22.6238 22.4051 -0.2772 0.1843994 O=C(NC1CC(C(=O)O)Oc2ccccc21)c1ccc2cc(O)c(O)cc2c1 1 O=C(NC1CCOc2ccccc21)c1ccc2ccccc2c1 0.7144077 7.6538 0.5201257 0.5201 0.8997796 3.1655 0.9997596 379.3680 0.5000000 0.5000 0.5000000 0.5000 1.0000000 1.0000 1.0000000 1.0000 1.0000000 1.0000 []
 | 31.9646 31.9516 -9.6020 0.1862461 Cc1ccccc1OC(=O)C1CCCN1C1CCCCC1 1 O=C(Oc1ccccc1)C1CCCN1C1CCCCC1 0.6900395 7.7614 0.6269237 0.6269 0.9599889 2.5679 0.9298058 287.4030 1.0000000 1.0000 0.5000000 0.5000 0.5000000 0.5000 1.0000000 1.0000 1.0000000 1.0000 []
 | 15.9793 16.2449 -16.2449 0.0000000 CCCCSSc1ccc([N+](=O)[O-])cc1 1 c1ccccc1 0.0000000 0.0000 0.0000000 0.0000 0.0000000 0.0000 0.0000000 0.0000 0.0000000 0.0000 0.0000000 0.0000 0.0000000 0.0000 0.0000000 0.0000 0.0000000 0.0000 ['[#16][#16]']
 | 24.4226 23.4576 -0.5368 0.1910068 C#CCNC(=O)c1cc2nc3c(C)cccc3nc2n(CCC)c1=O 1 O=c1ccc2nc3ccccc3nc2[nH]1 0.7255234 7.6029 0.5849069 0.5849 0.9575367 2.6056 0.9970667 334.3790 0.5000000 0.5000 0.5000000 0.5000 1.0000000 1.0000 1.0000000 1.0000 1.0000000 1.0000 []
 | 29.8744 29.9519 -18.7802 0.0930978 O=C(OCCO[N+](=O)[O-])n1c(=O)c(O)c(-c2ccccc2)c2ccccc21 1 O=c1cc(-c2ccccc2)c2ccccc2[nH]1 0.7462234 7.5046 0.4160598 0.4161 0.9590527 2.5825 0.9997544 370.3170 0.5000000 0.5000 0.5000000 0.5000 0.5000000 0.5000 1.0000000 1.0000 1.0000000 1.0000 []
 | 21.3974 22.3397 0.1232 0.1871911 N=C(Nc1ccccc1)N1CCN(C(=O)NCc2ccccc2)CC1 1 N=C(Nc1ccccc1)N1CCN(C(=O)NCc2ccccc2)CC1 0.6884090 7.7684 0.5953409 0.5953 0.9802334 2.1264 0.9976223 337.4270 0.5000000 0.5000 0.5000000 0.5000 1.0000000 1.0000 1.0000000 1.0000 1.0000000 1.0000 []
 | 22.8973 23.6852 -11.6165 0.1005727 CCOC(=O)c1c(C)nc(N2CCOCC2C)nc1-c1ccc(C)cc1 1 c1ccc(-c2ccnc(N3CCOCC3)n2)cc1 0.7357066 7.5552 0.7851657 0.7852 0.9410843 2.8152 0.9993136 355.4380 0.5000000 0.5000 0.5000000 0.5000 0.5000000 0.5000 1.0000000 1.0000 1.0000000 1.0000 []
 | 33.9835 33.4637 -23.4048 0.0838239 N#CN(CC1CC1)CC1OC(OC(=O)c2ccccc2O)C(N)C(O)C1O 1 O=C(OC1CCCC(CNCC2CC2)O1)c1ccccc1 0.7463377 7.5041 0.2926560 0.2927 0.6120637 4.2227 0.9997902 377.3970 0.5000000 0.5000 0.5000000 0.5000 0.5000000 0.5000 1.0000000 1.0000 1.0000000 1.0000 []
 | 13.3577 14.4519 9.4149 0.1988901 O=C1Nc2ccccc2C1=C(c1ccccc1)c1ccccc1 1 O=C1Nc2ccccc2C1=C(c1ccccc1)c1ccccc1 0.7470351 7.4993 0.6882333 0.6882 0.9857872 1.9225 0.9634312 297.3570 0.5000000 0.5000 0.5000000 0.5000 1.0000000 1.0000 1.0000000 1.0000 1.0000000 1.0000 []
 | 7.0041 6.9787 16.0307 0.1917456 NS(=O)(=O)c1ccc(-c2ccc(C=C3C(=O)NC(=O)NC3=O)o2)cc1 1 O=C1NC(=O)C(=Cc2ccc(-c3ccccc3)o2)C(=O)N1 0.7457719 7.5068 0.5301831 0.5302 0.9681009 2.4250 0.9995432 361.3350 0.5000000 0.5000 0.5000000 0.5000 1.0000000 1.0000 1.0000000 1.0000 1.0000000 1.0000 []
18:24:51 <INFO> Score: 0.13 Agent NLL: 18.73 Valid:  97% Step: 21
 | Agent Prior Target Score SMILES SMILES_state Scaffold DENV_Activity DENV_Activity (raw) Drug_Likeness Drug_Likeness (raw) Synthetic_Accessibility Synthetic_Accessibility (raw) Molecular_Weight Molecular_Weight (raw) Pyrrolidine_Core Pyrrolidine_Core (raw) Cyclobutane_Core Cyclobutane_Core (raw) Amide_Sidechain Amide_Sidechain (raw) Phenyl_Ring Phenyl_Ring (raw) Unwanted_Structures Unwanted_Structures (raw) matchting_patterns (Unwanted_Structures)
 | 26.6227 26.4421 -3.1146 0.1943965 CCOC(=O)C1(CC)NC(=O)C(Cc2c[nH]c3ccccc23)N=C1C 1 O=C1NCC=NC1Cc1c[nH]c2ccccc12 0.7205273 7.6260 0.8191545 0.8192 0.7741393 3.7510 0.9981933 341.4110 0.5000000 0.5000 0.5000000 0.5000 1.0000000 1.0000 1.0000000 1.0000 1.0000000 1.0000 []
 | 44.0244 44.6579 -10.2065 0.2870947 O=C(CCNCc1ccccc1)Nc1ccc(NCCN2CCCC2)c2c(O)c(S(=O)(=O)c3ccccc3)c(O)nc12 1 O=C(CCNCc1ccccc1)Nc1ccc(NCCN2CCCC2)c2cc(S(=O)(=O)c3ccccc3)cnc12 0.7322147 7.5717 0.1543013 0.1543 0.9355738 2.8732 0.0020304 589.7180 1.0000000 1.0000 0.5000000 0.5000 1.0000000 1.0000 1.0000000 1.0000 1.0000000 1.0000 []
 | 10.6819 10.3090 11.2244 0.1794455 CCCc1nnc(NC(=O)c2nc(S(=O)(=O)Cc3ccc(C)cc3)ncc2Cl)s1 1 O=C(Nc1nncs1)c1ccnc(S(=O)(=O)Cc2ccccc2)n1 0.6606028 7.1146 0.5465423 0.5465 0.9607988 2.5549 0.9650552 451.9610 0.5000000 0.5000 0.5000000 0.5000 1.0000000 1.0000 1.0000000 1.0000 1.0000000 1.0000 []
 | 12.8580 13.1761 6.5676 0.1645311 O=C1NC(=O)C(=Cc2ccccc2O)C(=O)N1 1 O=C1NC(=O)C(=Cc2ccccc2)C(=O)N1 0.7216364 7.6209 0.4737952 0.4738 0.9743131 2.2894 0.2261945 232.1950 0.5000000 0.5000 0.5000000 0.5000 1.0000000 1.0000 1.0000000 1.0000 1.0000000 1.0000 []
 | 22.9652 23.6123 -0.4682 0.1928671 COc1cccc2c1CCN(C1=C(Cl)C(=O)N(c3ccc(Br)cc3)C(=O)C1)C2 1 O=C1C=C(N2CCc3ccccc3C2)CC(=O)N1c1ccccc1 0.7345179 7.5608 0.6420360 0.6420 0.9502558 2.7065 0.9335595 461.7430 0.5000000 0.5000 0.5000000 0.5000 1.0000000 1.0000 1.0000000 1.0000 1.0000000 1.0000 []
 | 27.0474 27.3814 -16.2131 0.0930692 C=C1C=CC(=O)c2c(c(O)c3c(O)cc(O)c4c3c2CCC4=O)C1=O 1 C=C1C=CC(=O)c2c(cc3cccc4c3c2CCC4=O)C1=O 0.6969484 7.2686 0.6375615 0.6376 0.8671538 3.3594 0.9974301 336.2990 0.5000000 0.5000 0.5000000 0.5000 0.5000000 0.5000 1.0000000 1.0000 1.0000000 1.0000 []
 | 26.8094 26.9929 -17.1260 0.0822246 CCCC(=O)OC=c1c(C)c(O)c2c(c1O)NC1C=CCC=21 1 C=c1ccc2c(c1)NC1C=CCC=21 0.7413917 7.4720 0.3402473 0.3402 0.5056123 4.4864 0.9719844 301.3420 0.5000000 0.5000 0.5000000 0.5000 0.5000000 0.5000 1.0000000 1.0000 1.0000000 1.0000 []
 | 11.5056 11.4667 -2.4327 0.0752830 Brc1ccc(-c2ncc(OCC3CCNCC3)nc2-c2ccc(Br)cc2)cc1 1 c1ccc(-c2ncc(OCC3CCNCC3)nc2-c2ccccc2)cc1 0.5758784 8.2177 0.4846930 0.4847 0.9666386 2.4532 0.4443136 503.2380 0.5000000 0.5000 0.5000000 0.5000 0.5000000 0.5000 1.0000000 1.0000 1.0000000 1.0000 []
 | 23.4902 24.7975 -6.5979 0.1516631 COC(=O)C(CCCCN)NC(=O)C(Cc1ccccc1)NC(=O)C(N)Cc1ccccc1 1 O=C(CCc1ccccc1)NCCc1ccccc1 0.5663202 8.2537 0.2639850 0.2640 0.9223921 2.9950 0.9584382 454.5710 0.5000000 0.5000 0.5000000 0.5000 1.0000000 1.0000 1.0000000 1.0000 1.0000000 1.0000 []
 | 20.4458 22.7082 -0.9837 0.1810379 Cc1cccc(NC(=O)CCC(=O)O)c1C 1 c1ccccc1 0.7422744 7.4762 0.8178172 0.8178 0.9916784 1.5934 0.1207268 221.2560 0.5000000 0.5000 0.5000000 0.5000 1.0000000 1.0000 1.0000000 1.0000 1.0000000 1.0000 []
18:24:55 <WARN> Found 1 of 63 smilies incompatible with the prior for the inception filter
18:24:55 <INFO> Score: 0.12 Agent NLL: 19.48 Valid:  98% Step: 22
 | Agent Prior Target Score SMILES SMILES_state Scaffold DENV_Activity DENV_Activity (raw) Drug_Likeness Drug_Likeness (raw) Synthetic_Accessibility Synthetic_Accessibility (raw) Molecular_Weight Molecular_Weight (raw) Pyrrolidine_Core Pyrrolidine_Core (raw) Cyclobutane_Core Cyclobutane_Core (raw) Amide_Sidechain Amide_Sidechain (raw) Phenyl_Ring Phenyl_Ring (raw) Unwanted_Structures Unwanted_Structures (raw) matchting_patterns (Unwanted_Structures)
 | 23.7973 24.8724 -13.8802 0.0916018 Cc1n[nH]c(C)c1C(c1ccccc1Cl)c1c(C)[nH]n(-c2ccccc2C(=O)O)c1=O 1 O=c1c(C(c2ccccc2)c2cn[nH]c2)c[nH]n1-c1ccccc1 0.7390693 7.5392 0.4323756 0.4324 0.8939887 3.2036 0.9873687 436.8990 0.5000000 0.5000 0.5000000 0.5000 0.5000000 0.5000 1.0000000 1.0000 1.0000000 1.0000 []
 | 18.0417 19.6925 -8.1085 0.0965334 NS(=O)(=O)c1ccc(Nc2ccccc2C(=O)O)c([N+](=O)[O-])c1 1 c1ccc(Nc2ccccc2)cc1 0.7438150 7.4837 0.5538690 0.5539 0.9829589 2.0345 0.9976036 337.3130 0.5000000 0.5000 0.5000000 0.5000 0.5000000 0.5000 1.0000000 1.0000 1.0000000 1.0000 []
 | 19.4160 19.4373 2.9611 0.1866526 CCCCN(CC)c1ccc(C=C2C(=O)NC(=S)NC2=O)cc1 1 O=C1NC(=S)NC(=O)C1=Cc1ccccc1 0.7282990 7.5900 0.4766607 0.4767 0.9653679 2.4767 0.9964090 331.4410 0.5000000 0.5000 0.5000000 0.5000 1.0000000 1.0000 1.0000000 1.0000 1.0000000 1.0000 []
 | 24.1787 24.9416 -14.2033 0.0894857 CCCCCCCCn1cc(CCN)c2cc(C=Cc3ccc(O)cc3)ccc21 1 C(=Cc1ccc2[nH]ccc2c1)c1ccccc1 0.7318737 7.5733 0.2947423 0.2947 0.9696647 2.3935 0.9994789 390.5710 0.5000000 0.5000 0.5000000 0.5000 0.5000000 0.5000 1.0000000 1.0000 1.0000000 1.0000 []
 | 16.9711 17.5417 -8.3392 0.0766869 CCCCNC(=O)C1OC1C(=O)O 1 C1CO1 0.7013957 7.7119 0.4593958 0.4594 0.9269456 2.9552 0.0128889 187.1950 0.5000000 0.5000 0.5000000 0.5000 1.0000000 1.0000 0.5000000 0.5000 1.0000000 1.0000 []
 | 22.5705 24.0198 -19.0349 0.0415406 CC(=NOCC(=O)O)c1cccs1 1 c1ccsc1 0.7353182 7.5570 0.5911604 0.5912 0.9681534 2.4240 0.0291138 199.2310 0.5000000 0.5000 0.5000000 0.5000 0.5000000 0.5000 0.5000000 0.5000 1.0000000 1.0000 []
 | 25.1335 29.1031 -8.6508 0.1704357 O=C(OCCc1ccc(N2C(=O)SC(=Cc3ccccc3)C2=O)cc1)c1ccccc1[N+](=O)[O-] 1 O=C(OCCc1ccc(N2C(=O)SC(=Cc3ccccc3)C2=O)cc1)c1ccccc1 0.7304809 7.5798 0.1995594 0.1996 0.9729256 2.3223 0.8534466 474.4940 0.5000000 0.5000 0.5000000 0.5000 1.0000000 1.0000 1.0000000 1.0000 1.0000000 1.0000 []
 | 22.2863 21.1282 -9.6471 0.0956754 COc1cc(C(=O)OCc2nc(-c3ccc(Cl)cc3)oc2C)cc(OC)c1OC 1 O=C(OCc1coc(-c2ccccc2)n1)c1ccccc1 0.7453586 7.5088 0.5158000 0.5158 0.9791930 2.1583 0.9965813 417.8450 0.5000000 0.5000 0.5000000 0.5000 0.5000000 0.5000 1.0000000 1.0000 1.0000000 1.0000 []
 | 10.8251 11.3111 8.6032 0.1659524 O=C1NC(=O)C(=Cc2ccc(O)cc2)C(=O)N1 1 O=C1NC(=O)C(=Cc2ccccc2)C(=O)N1 0.7312549 7.5762 0.4737952 0.4738 0.9766194 2.2308 0.2261945 232.1950 0.5000000 0.5000 0.5000000 0.5000 1.0000000 1.0000 1.0000000 1.0000 1.0000000 1.0000 []
 | 15.1441 13.9900 9.1614 0.1929287 CCC1(c2ccc(C(C)(C)C)cc2)NC(=O)NC1=O 1 O=C1NC(=O)C(c2ccccc2)N1 0.7370379 7.5489 0.8023081 0.8023 0.9388261 2.8396 0.6712965 260.3370 0.5000000 0.5000 0.5000000 0.5000 1.0000000 1.0000 1.0000000 1.0000 1.0000000 1.0000 []
18:24:59 <INFO> Score: 0.13 Agent NLL: 18.10 Valid:  98% Step: 23
 | Agent Prior Target Score SMILES SMILES_state Scaffold DENV_Activity DENV_Activity (raw) Drug_Likeness Drug_Likeness (raw) Synthetic_Accessibility Synthetic_Accessibility (raw) Molecular_Weight Molecular_Weight (raw) Pyrrolidine_Core Pyrrolidine_Core (raw) Cyclobutane_Core Cyclobutane_Core (raw) Amide_Sidechain Amide_Sidechain (raw) Phenyl_Ring Phenyl_Ring (raw) Unwanted_Structures Unwanted_Structures (raw) matchting_patterns (Unwanted_Structures)
 | 20.8252 23.5284 -2.2383 0.1774170 CCCCC(NC(=O)Cc1ccccc1)C(=O)O 1 c1ccccc1 0.6588907 7.8924 0.7762430 0.7762 0.9830500 2.0312 0.4880863 249.3100 0.5000000 0.5000 0.5000000 0.5000 1.0000000 1.0000 1.0000000 1.0000 1.0000000 1.0000 []
 | 19.0624 19.7436 -8.3917 0.0945987 O=C(O)c1ccc2nc(N=c3cccc[nH]3)sc2c1 1 c1ccc(=Nc2nc3ccccc3s2)[nH]c1 0.7006325 7.7153 0.7514647 0.7515 0.9316750 2.9114 0.8132732 271.3010 0.5000000 0.5000 0.5000000 0.5000 0.5000000 0.5000 1.0000000 1.0000 1.0000000 1.0000 []
 | 14.7248 15.0753 -5.1832 0.0824340 NC(=S)N=Nc1ccc(O)c(C(=O)O)c1 1 c1ccccc1 0.7316848 7.5742 0.5206176 0.5206 0.9420835 2.8042 0.1530185 225.2290 0.5000000 0.5000 0.5000000 0.5000 0.5000000 0.5000 1.0000000 1.0000 1.0000000 1.0000 []
 | 16.9398 16.9569 -5.5541 0.0950234 Nc1ccc(S(=O)(=O)NC(C(=O)O)c2ccccc2)cc1 1 O=S(=O)(NCc1ccccc1)c1ccccc1 0.6720243 7.8380 0.7227932 0.7228 0.9726801 2.3279 0.9800043 306.3430 0.5000000 0.5000 0.5000000 0.5000 0.5000000 0.5000 1.0000000 1.0000 1.0000000 1.0000 []
 | 22.8036 22.9827 -0.7742 0.1850709 COc1ccc2c(O)c(C(=O)NCCCCN)ccc2c1O 1 c1ccc2ccccc2c1 0.6730781 7.8336 0.6083166 0.6083 0.9796389 2.1448 0.9771143 304.3460 0.5000000 0.5000 0.5000000 0.5000 1.0000000 1.0000 1.0000000 1.0000 1.0000000 1.0000 []
 | 23.5025 23.5539 -12.3439 0.0934169 CCCCn1c(NC)c(S(=O)(=O)c2ccc(C(F)(F)F)cc2)c2cccnc21 1 O=S(=O)(c1ccccc1)c1c[nH]c2ncccc12 0.6782662 7.8117 0.6369950 0.6370 0.9564208 2.6221 0.9977995 411.4490 0.5000000 0.5000 0.5000000 0.5000 0.5000000 0.5000 1.0000000 1.0000 1.0000000 1.0000 []
 | 21.8140 21.6367 0.6773 0.1859503 Cc1noc(C)c1Cn1c(SCC(=O)Nc2ccccc2)nc2ccccc21 1 O=C(CSc1nc2ccccc2n1Cc1cnoc1)Nc1ccccc1 0.7134397 7.6582 0.4918456 0.4918 0.9808980 2.1052 0.9994053 392.4840 0.5000000 0.5000 0.5000000 0.5000 1.0000000 1.0000 1.0000000 1.0000 1.0000000 1.0000 []
 | 15.9575 16.1632 6.3410 0.1875356 CC(C)Nc1ccc(C=C2C(=O)NC(=O)NC2=O)cc1 1 O=C1NC(=O)C(=Cc2ccccc2)C(=O)N1 0.7335201 7.5655 0.5712117 0.5712 0.9737971 2.3018 0.8332661 273.2920 0.5000000 0.5000 0.5000000 0.5000 1.0000000 1.0000 1.0000000 1.0000 1.0000000 1.0000 []
 | 10.9855 11.0825 11.7482 0.1902563 O=C1NC(=O)C(=Cc2c(Cl)cccc2Cl)C(=O)N1 1 O=C1NC(=O)C(=Cc2ccccc2)C(=O)N1 0.7241029 7.6095 0.6093211 0.6093 0.9709226 2.3669 0.9186134 285.0860 0.5000000 0.5000 0.5000000 0.5000 1.0000000 1.0000 1.0000000 1.0000 1.0000000 1.0000 []
 | 15.7824 16.4853 -11.9989 0.0373868 NC1C=CC(C(=O)O)C1 1 C1=CCCC1 0.7330803 7.5676 0.4861907 0.4862 0.6808320 4.0394 0.0002062 127.1430 0.5000000 0.5000 0.5000000 0.5000 0.5000000 0.5000 0.5000000 0.5000 1.0000000 1.0000 []
18:25:03 <INFO> Score: 0.12 Agent NLL: 18.91 Valid:  98% Step: 24
 | Agent Prior Target Score SMILES SMILES_state Scaffold DENV_Activity DENV_Activity (raw) Drug_Likeness Drug_Likeness (raw) Synthetic_Accessibility Synthetic_Accessibility (raw) Molecular_Weight Molecular_Weight (raw) Pyrrolidine_Core Pyrrolidine_Core (raw) Cyclobutane_Core Cyclobutane_Core (raw) Amide_Sidechain Amide_Sidechain (raw) Phenyl_Ring Phenyl_Ring (raw) Unwanted_Structures Unwanted_Structures (raw) matchting_patterns (Unwanted_Structures)
 | 31.9951 32.0421 -21.6335 0.0867388 CC(=O)C(=O)c1nnc(Cc2cccc(C3OC(CO)C(O)C(O)C3O)c2)s1 1 c1cc(Cc2nncs2)cc(C2CCCCO2)c1 0.7447374 7.5118 0.3633399 0.3633 0.6882983 4.0183 0.9982128 408.4320 0.5000000 0.5000 0.5000000 0.5000 0.5000000 0.5000 1.0000000 1.0000 1.0000000 1.0000 []
 | 25.7556 25.4239 -13.8141 0.0967483 CCC(C)(CC)c1nc(O)c(C(O)Nc2ccccc2)s1 1 c1ccc(NCc2cncs2)cc1 0.7394262 7.4625 0.7049998 0.7050 0.8352186 3.5132 0.9801230 306.4310 0.5000000 0.5000 0.5000000 0.5000 0.5000000 0.5000 1.0000000 1.0000 1.0000000 1.0000 []
 | 27.4206 28.1018 -17.7401 0.0863471 O=C(CCc1ccccc1)C1OC1C(O)C1OC(CO)C(O)C1O 1 O=C(CCc1ccccc1)C1OC1CC1CCCO1 0.7185404 7.6351 0.4609498 0.4609 0.6437038 4.1404 0.9977698 338.3560 0.5000000 0.5000 0.5000000 0.5000 0.5000000 0.5000 1.0000000 1.0000 1.0000000 1.0000 []
 | 22.8302 23.4876 -17.6084 0.0489938 CC(=O)CSc1ccc2nnc(-c3ccccn3)n2n1 1 c1ccc(-c2nnc3cccnn23)nc1 0.7429724 7.5204 0.6812944 0.6813 0.9636624 2.5070 0.9198748 285.3320 0.5000000 0.5000 0.5000000 0.5000 0.5000000 0.5000 0.5000000 0.5000 1.0000000 1.0000 []
 | 22.1722 21.1024 -10.5491 0.0879439 Cc1nnc(-c2ccc(C(C)(C)C)cc2)o1 1 c1ccc(-c2nnco2)cc1 0.7414693 7.5276 0.7334398 0.7334 0.9850984 1.9517 0.0887480 216.2840 0.5000000 0.5000 0.5000000 0.5000 0.5000000 0.5000 1.0000000 1.0000 1.0000000 1.0000 []
 | 20.5954 21.3569 -16.0864 0.0439210 CCc1sc(C(C2C(=O)CC(C)(C)CC2=O)n2ccccc2=O)cc1[N+](=O)[O-] 1 O=C1CCCC(=O)C1C(c1cccs1)n1ccccc1=O 0.7247585 7.3935 0.4325906 0.4326 0.7357768 3.8773 0.9988152 402.4720 0.5000000 0.5000 0.5000000 0.5000 0.5000000 0.5000 0.5000000 0.5000 1.0000000 1.0000 []
 | 20.5421 19.6896 -9.2127 0.0873077 Cc1ccc(S(=O)(=O)Oc2ccccc2C=C2C(=O)C(C(C)C)C(=O)CC2C)cc1 1 O=C1CCC(=Cc2ccccc2OS(=O)(=O)c2ccccc2)C(=O)C1 0.7024783 7.7071 0.3967757 0.3968 0.8390149 3.4962 0.9937868 426.5340 0.5000000 0.5000 0.5000000 0.5000 0.5000000 0.5000 1.0000000 1.0000 1.0000000 1.0000 []
 | 9.6365 10.0142 1.1746 0.0932399 CC(C)(C)c1ccc(C(=O)CC(Sc2ccc(Cl)cc2)C(=O)O)cc1 1 O=C(CCSc1ccccc1)c1ccccc1 0.7077272 7.3162 0.5371527 0.5372 0.9596909 2.5726 0.9997972 376.9050 0.5000000 0.5000 0.5000000 0.5000 0.5000000 0.5000 1.0000000 1.0000 1.0000000 1.0000 []
 | 7.8623 8.0661 3.3207 0.0948893 CC1(C)CC(=O)C=C(NC2=CC3OC(c4ccccc4)OCC3OC2=O)C1 1 O=C1C=C(NC2=CC3OC(c4ccccc4)OCC3OC2=O)CCC1 0.7213715 7.3779 0.8261964 0.8262 0.6363317 4.1598 0.9997385 369.4170 0.5000000 0.5000 0.5000000 0.5000 0.5000000 0.5000 1.0000000 1.0000 1.0000000 1.0000 []
 | 6.6617 7.5105 2.8155 0.0860497 Cc1coc2c1C(=O)C(=O)c1c-2ccc2c1CCCC2(C)C 1 O=C1C(=O)c2c(ccc3c2CCCC3)-c2occc21 0.5733982 6.7729 0.6824207 0.6824 0.9268888 2.9557 0.9553657 294.3500 0.5000000 0.5000 0.5000000 0.5000 0.5000000 0.5000 1.0000000 1.0000 1.0000000 1.0000 []
18:25:07 <INFO> Score: 0.13 Agent NLL: 19.39 Valid: 100% Step: 25
 | Agent Prior Target Score SMILES SMILES_state Scaffold DENV_Activity DENV_Activity (raw) Drug_Likeness Drug_Likeness (raw) Synthetic_Accessibility Synthetic_Accessibility (raw) Molecular_Weight Molecular_Weight (raw) Pyrrolidine_Core Pyrrolidine_Core (raw) Cyclobutane_Core Cyclobutane_Core (raw) Amide_Sidechain Amide_Sidechain (raw) Phenyl_Ring Phenyl_Ring (raw) Unwanted_Structures Unwanted_Structures (raw) matchting_patterns (Unwanted_Structures)
 | 18.7273 17.6881 -6.2636 0.0952040 O=C(O)c1ccc2c(=O)c3ccccc3sc2c1O 1 O=c1c2ccccc2sc2ccccc12 0.7232841 7.6133 0.6678829 0.6679 0.9763477 2.2380 0.8233364 272.2810 0.5000000 0.5000 0.5000000 0.5000 0.5000000 0.5000 1.0000000 1.0000 1.0000000 1.0000 []
 | 16.4359 16.9566 -12.6055 0.0362592 N=C(N)SCCCCCCN 1  0.6801026 7.8039 0.3216479 0.3216 0.9592623 2.5793 0.0057088 175.3010 0.5000000 0.5000 0.5000000 0.5000 0.5000000 0.5000 0.5000000 0.5000 1.0000000 1.0000 []
 | 19.3057 18.7749 -7.0554 0.0976626 COc1ccc(Cl)cc1-n1cc(C(O)O)cc1O 1 c1ccc(-n2cccc2)cc1 0.7463749 7.5039 0.7433401 0.7433 0.9489157 2.7235 0.7957144 269.6840 0.5000000 0.5000 0.5000000 0.5000 0.5000000 0.5000 1.0000000 1.0000 1.0000000 1.0000 []
 | 16.8733 17.6585 -5.8593 0.0983263 CCOC(=O)c1ccc(NC2=NC(C)(C)N=C(N)N2)cc1 1 C1=NCN=C(Nc2ccccc2)N1 0.7300397 7.5819 0.7277286 0.7277 0.9587749 2.5868 0.9380480 289.3390 0.5000000 0.5000 0.5000000 0.5000 0.5000000 0.5000 1.0000000 1.0000 1.0000000 1.0000 []
 | 14.8064 14.2506 8.6417 0.1907689 CCOc1cccc(C2C(C(=O)c3ccc(C)o3)=C(O)C(=O)N2c2cc(C)on2)c1 1 O=C(C1=CC(=O)N(c2ccon2)C1c1ccccc1)c1ccco1 0.7234756 7.6124 0.6129785 0.6130 0.9228422 2.9912 0.9982155 408.4100 0.5000000 0.5000 0.5000000 0.5000 1.0000000 1.0000 1.0000000 1.0000 1.0000000 1.0000 []
 | 7.5929 7.6144 14.8688 0.1873599 O=C1NC(=O)C(=Cc2c[nH]nc2-c2ccccc2)C(=O)N1 1 O=C1NC(=O)C(=Cc2c[nH]nc2-c2ccccc2)C(=O)N1 0.7290655 7.5865 0.5601358 0.5601 0.9474762 2.7413 0.9027686 282.2590 0.5000000 0.5000 0.5000000 0.5000 1.0000000 1.0000 1.0000000 1.0000 1.0000000 1.0000 []
 | 14.9365 15.4760 4.7917 0.1688972 CN1C(=O)C=CC1=C(C#N)c1ccccc1 1 O=C1C=CC(=Cc2ccccc2)N1 0.7300255 7.5820 0.6648008 0.6648 0.9464262 2.7540 0.0602676 210.2360 0.5000000 0.5000 0.5000000 0.5000 1.0000000 1.0000 1.0000000 1.0000 1.0000000 1.0000 []
 | 33.1377 34.6757 -12.5145 0.1846761 CC(O)(c1ccccc1)c1cc(Nc2cccc(N3C(=O)C=CC3=O)c2)c2ccccc2c1 1 O=C1C=CC(=O)N1c1cccc(Nc2cc(Cc3ccccc3)cc3ccccc23)c1 0.7446558 7.4878 0.4200908 0.4201 0.9267218 2.9572 0.9892806 434.4950 0.5000000 0.5000 0.5000000 0.5000 1.0000000 1.0000 1.0000000 1.0000 1.0000000 1.0000 []
 | 18.7371 18.7900 -7.1783 0.0967638 COc1cc(O)c2c(c1)C(=O)c1c(O)cc(C)cc1C2=O 1 O=C1c2ccccc2C(=O)c2ccccc21 0.7123423 7.3369 0.7152892 0.7153 0.9741364 2.2937 0.9142823 284.2670 0.5000000 0.5000 0.5000000 0.5000 0.5000000 0.5000 1.0000000 1.0000 1.0000000 1.0000 []
 | 9.4814 9.6590 2.1305 0.0982459 O=C1C(C2=C(O)c3ccccc3C2=O)=Nc2ccccc21 1 O=C1C(C2=Nc3ccccc3C2=O)=Cc2ccccc21 0.6972080 7.2697 0.8690492 0.8690 0.9659346 2.4663 0.8513345 275.2630 0.5000000 0.5000 0.5000000 0.5000 0.5000000 0.5000 1.0000000 1.0000 1.0000000 1.0000 []
18:25:11 <INFO> Score: 0.15 Agent NLL: 17.54 Valid: 100% Step: 26
 | Agent Prior Target Score SMILES SMILES_state Scaffold DENV_Activity DENV_Activity (raw) Drug_Likeness Drug_Likeness (raw) Synthetic_Accessibility Synthetic_Accessibility (raw) Molecular_Weight Molecular_Weight (raw) Pyrrolidine_Core Pyrrolidine_Core (raw) Cyclobutane_Core Cyclobutane_Core (raw) Amide_Sidechain Amide_Sidechain (raw) Phenyl_Ring Phenyl_Ring (raw) Unwanted_Structures Unwanted_Structures (raw) matchting_patterns (Unwanted_Structures)
 | 24.7315 22.7065 -1.8728 0.1736139 COc1ccc(C2C(C(=O)c3ccco3)C(=O)CN2c2ccc(C(=O)O)c(Br)c2)cc1 1 O=C1CN(c2ccccc2)C(c2ccccc2)C1C(=O)c1ccco1 0.7380573 7.5440 0.4098780 0.4099 0.8470207 3.4594 0.7473218 484.3020 1.0000000 1.0000 0.5000000 0.5000 0.5000000 0.5000 1.0000000 1.0000 1.0000000 1.0000 []
 | 24.2264 23.4494 -12.5661 0.0906941 COc1cc(C=CC(=O)c2ccc(Br)s2)c([N+](=O)[O-])cc1OC 1 O=C(C=Cc1ccccc1)c1cccs1 0.7432437 7.4809 0.3132643 0.3133 0.9694026 2.3989 0.9991156 398.2340 0.5000000 0.5000 0.5000000 0.5000 0.5000000 0.5000 1.0000000 1.0000 1.0000000 1.0000 []
 | 16.0849 15.1635 6.8534 0.1834749 O=C1NC(=O)C(=Cc2ccc(Oc3cccc([N+](=O)[O-])c3)cc2)C(=O)N1 1 O=C1NC(=O)C(=Cc2ccc(Oc3ccccc3)cc2)C(=O)N1 0.7363342 7.5522 0.3750325 0.3750 0.9743760 2.2879 0.9992040 353.2900 0.5000000 0.5000 0.5000000 0.5000 1.0000000 1.0000 1.0000000 1.0000 1.0000000 1.0000 []
 | 15.2552 14.3255 27.8696 0.3516258 O=C1NC(=O)C(=Cc2ccc(Oc3ccc([N+](=O)[O-])cc3)cc2)C1=O 1 O=C1NC(=O)C(=Cc2ccc(Oc3ccccc3)cc2)C1=O 0.7301817 7.5812 0.2275685 0.2276 0.9759887 2.2474 0.9977573 338.2750 1.0000000 1.0000 0.5000000 0.5000 1.0000000 1.0000 1.0000000 1.0000 1.0000000 1.0000 []
 | 22.5547 23.4845 -13.1725 0.0859339 O=C1CC(CO)CC(Cc2ccccc2)O1 1 O=C1CCCC(Cc2ccccc2)O1 0.7060940 7.6911 0.7859363 0.7859 0.9249049 2.9733 0.1136676 220.2680 0.5000000 0.5000 0.5000000 0.5000 0.5000000 0.5000 1.0000000 1.0000 1.0000000 1.0000 []
 | 8.3381 7.9156 3.6121 0.0960641 O=C1C(=NCCc2cc(Br)c(O)c(Br)c2)C=C(O)c2cccnc21 1 O=C1C(=NCCc2ccccc2)C=Cc2cccnc21 0.7014676 7.2884 0.7355806 0.7356 0.9139405 3.0634 0.9647253 452.1020 0.5000000 0.5000 0.5000000 0.5000 0.5000000 0.5000 1.0000000 1.0000 1.0000000 1.0000 []
 | 27.0556 27.7815 -16.5790 0.0933539 CC(=O)OC1C(C)OC(Oc2c(C)cccc2C(C)=O)C(O)C1OC(C)=O 1 c1ccc(OC2CCCCO2)cc1 0.7330668 7.4323 0.6053630 0.6054 0.7856013 3.7104 0.9997420 380.3930 0.5000000 0.5000 0.5000000 0.5000 0.5000000 0.5000 1.0000000 1.0000 1.0000000 1.0000 []
 | 14.7909 16.0723 2.6028 0.1556255 O=C(NCC1CCNCC1)c1cc2cc(-c3ccc(Oc4ccccc4)cc3)ccc2[nH]1 1 O=C(NCC1CCNCC1)c1cc2cc(-c3ccc(Oc4ccccc4)cc3)ccc2[nH]1 0.5317549 8.3826 0.3897686 0.3898 0.9749484 2.2738 0.9941999 425.5320 0.5000000 0.5000 0.5000000 0.5000 1.0000000 1.0000 1.0000000 1.0000 1.0000000 1.0000 []
 | 8.0064 10.8991 12.6275 0.1960555 CCc1ccc(N2C(=O)C(Cl)=C(N3CCOCC3)C2=O)cc1 1 O=C1C=C(N2CCOCC2)C(=O)N1c1ccccc1 0.6864438 7.7769 0.7982838 0.7983 0.9770830 2.2183 0.9925276 320.7760 0.5000000 0.5000 0.5000000 0.5000 1.0000000 1.0000 1.0000000 1.0000 1.0000000 1.0000 []
 | 19.0858 21.1643 -10.5095 0.0887903 CCOc1cc(C2C(C(=O)OC)=C(C(=O)OC)N=C(C)C2C(=O)OC)ccc1OC(C)=O 1 C1=CC(c2ccccc2)CC=N1 0.7374936 7.5467 0.3500123 0.3500 0.8609200 3.3916 0.9741868 447.4400 0.5000000 0.5000 0.5000000 0.5000 0.5000000 0.5000 1.0000000 1.0000 1.0000000 1.0000 []
18:25:15 <INFO> Score: 0.12 Agent NLL: 20.06 Valid:  94% Step: 27
 | Agent Prior Target Score SMILES SMILES_state Scaffold DENV_Activity DENV_Activity (raw) Drug_Likeness Drug_Likeness (raw) Synthetic_Accessibility Synthetic_Accessibility (raw) Molecular_Weight Molecular_Weight (raw) Pyrrolidine_Core Pyrrolidine_Core (raw) Cyclobutane_Core Cyclobutane_Core (raw) Amide_Sidechain Amide_Sidechain (raw) Phenyl_Ring Phenyl_Ring (raw) Unwanted_Structures Unwanted_Structures (raw) matchting_patterns (Unwanted_Structures)
 | 25.3662 25.6145 -15.1446 0.0872486 CCCCOC(=O)C(=O)CC(=O)c1ccc(-c2ccccc2)cc1 1 c1ccc(-c2ccccc2)cc1 0.7135847 7.6575 0.2432920 0.2433 0.9857430 1.9244 0.9941632 324.3760 0.5000000 0.5000 0.5000000 0.5000 0.5000000 0.5000 1.0000000 1.0000 1.0000000 1.0000 []
 | 26.4955 26.6886 -6.4151 0.1689457 CCCCNC(=O)C(Cc1ccccc1)NC(=O)C(NC(=O)c1ccco1)c1ccccc1 1 O=C(NC(C(=O)NCCc1ccccc1)c1ccccc1)c1ccco1 0.6405170 7.9669 0.3923521 0.3924 0.9386392 2.8415 0.9740213 447.5350 0.5000000 0.5000 0.5000000 0.5000 1.0000000 1.0000 1.0000000 1.0000 1.0000000 1.0000 []
 | 13.5108 14.1775 -2.9901 0.0932284 O=C(O)c1ccc2nc(-c3ccco3)c(-c3ccco3)nc2c1 1 c1coc(-c2nc3ccccc3nc2-c2ccco2)c1 0.6807964 7.1990 0.6180892 0.6181 0.9738017 2.3017 0.9799147 306.2770 0.5000000 0.5000 0.5000000 0.5000 0.5000000 0.5000 1.0000000 1.0000 1.0000000 1.0000 []
 | 22.4275 22.5053 -17.1695 0.0444654 CC(=O)OCC1OC2OC3OC(C)(C)OC3C(O)C2C2OC(C)(C)OC12 1 C1OC2CC3C(OCC4OCOC43)OC2O1 0.7403305 7.4669 0.6828451 0.6828 0.4226087 4.6897 0.9998146 374.3860 0.5000000 0.5000 0.5000000 0.5000 0.5000000 0.5000 0.5000000 0.5000 1.0000000 1.0000 []
 | 7.5652 7.6144 14.8688 0.1873599 O=C1NC(=O)C(=Cc2c[nH]nc2-c2ccccc2)C(=O)N1 1 O=C1NC(=O)C(=Cc2c[nH]nc2-c2ccccc2)C(=O)N1 0.7290655 7.5865 0.5601358 0.5601 0.9474762 2.7413 0.9027686 282.2590 0.5000000 0.5000 0.5000000 0.5000 1.0000000 1.0000 1.0000000 1.0000 1.0000000 1.0000 []
 | 26.7117 25.5986 -25.5986 0.0000000 C1(=O)C(Br)=C(O)C(=O)C1=c1c(O)c2c(c(O)c1=C)c(O)c(O)c2O 0 -- 0.0000000 0.0000 0.0000000 0.0000 0.0000000 0.0000 0.0000000 0.0000 0.0000000 0.0000 0.0000000 0.0000 0.0000000 0.0000 0.0000000 0.0000 0.0000000 0.0000 None
 | 22.3412 21.4195 -9.8903 0.0960767 COC1=C(C)C(=O)C(O)=C(Oc2ccc(CN)cc2)C1=O 1 O=C1C=CC(=O)C(Oc2ccccc2)=C1 0.6711520 7.8416 0.8120722 0.8121 0.9528547 2.6722 0.9378389 289.2870 0.5000000 0.5000 0.5000000 0.5000 0.5000000 0.5000 1.0000000 1.0000 1.0000000 1.0000 []
 | 14.2731 14.9748 -4.3584 0.0884700 CC(C)C1Nc2cc(Cl)c(Cl)c([N+](=O)[O-])c2C(=O)C1Cl 1 O=C1CCNc2ccccc21 0.7275295 7.4064 0.4998671 0.4999 0.6760767 4.0526 0.9976489 337.5900 0.5000000 0.5000 0.5000000 0.5000 0.5000000 0.5000 1.0000000 1.0000 1.0000000 1.0000 []
 | 8.3553 7.9156 3.6121 0.0960641 O=C1C(=NCCc2cc(Br)c(O)c(Br)c2)C=C(O)c2cccnc21 1 O=C1C(=NCCc2ccccc2)C=Cc2cccnc21 0.7014676 7.2884 0.7355806 0.7356 0.9139405 3.0634 0.9647253 452.1020 0.5000000 0.5000 0.5000000 0.5000 0.5000000 0.5000 1.0000000 1.0000 1.0000000 1.0000 []
 | 8.8583 12.4067 11.6613 0.2005664 CCc1ccc(N2C(=O)C(Cl)=C(N3CCCCC3)C2=O)cc1 1 O=C1C=C(N2CCCCC2)C(=O)N1c1ccccc1 0.7164822 7.6444 0.8042481 0.8042 0.9795891 2.1463 0.9914464 318.8040 0.5000000 0.5000 0.5000000 0.5000 1.0000000 1.0000 1.0000000 1.0000 1.0000000 1.0000 []
18:25:19 <INFO> Score: 0.14 Agent NLL: 17.54 Valid:  98% Step: 28
 | Agent Prior Target Score SMILES SMILES_state Scaffold DENV_Activity DENV_Activity (raw) Drug_Likeness Drug_Likeness (raw) Synthetic_Accessibility Synthetic_Accessibility (raw) Molecular_Weight Molecular_Weight (raw) Pyrrolidine_Core Pyrrolidine_Core (raw) Cyclobutane_Core Cyclobutane_Core (raw) Amide_Sidechain Amide_Sidechain (raw) Phenyl_Ring Phenyl_Ring (raw) Unwanted_Structures Unwanted_Structures (raw) matchting_patterns (Unwanted_Structures)
 | 15.7574 16.3039 7.2653 0.1964107 O=C(NC(Cc1ccccc1)C(=O)O)OCc1ccccc1 1 O=C(NCCc1ccccc1)OCc1ccccc1 0.6717658 7.8391 0.8594123 0.8594 0.9837539 2.0050 0.9679325 299.3260 0.5000000 0.5000 0.5000000 0.5000 1.0000000 1.0000 1.0000000 1.0000 1.0000000 1.0000 []
 | 25.2804 25.9485 -14.7099 0.0936550 CN(CCO)c1nc(-c2ccc(-c3ccc(O)cc3)cc2)cc(-c2ccccc2O)n1 1 c1ccc(-c2ccc(-c3cc(-c4ccccc4)ncn3)cc2)cc1 0.7448176 7.4885 0.4362783 0.4363 0.9708540 2.3684 0.9974695 413.4770 0.5000000 0.5000 0.5000000 0.5000 0.5000000 0.5000 1.0000000 1.0000 1.0000000 1.0000 []
 | 16.9225 17.4288 6.2534 0.1973519 CC(C)(C)c1ccc(-c2cccc(N3C(=O)C=CC3=O)c2)cc1 1 O=C1C=CC(=O)N1c1cccc(-c2ccccc2)c1 0.7026538 7.7064 0.7839853 0.7840 0.9795769 2.1467 0.9786538 305.3770 0.5000000 0.5000 0.5000000 0.5000 1.0000000 1.0000 1.0000000 1.0000 1.0000000 1.0000 []
 | 24.4914 25.3961 -20.5535 0.0403552 CC12C(=O)CC=C1C1CC3OC34C(C)(C)C(=O)CCC4(C)C1CC2O 1 O=C1CCC2C3CCC4C(=O)CC=C4C3CC3OC32C1 0.7444630 7.5132 0.5419430 0.5419 0.1402944 5.6022 0.9985350 344.4510 0.5000000 0.5000 0.5000000 0.5000 0.5000000 0.5000 0.5000000 0.5000 1.0000000 1.0000 []
 | 18.0801 17.4109 -6.2984 0.0926039 O=C1C(=O)c2ccc([N+](=O)[O-])cc2-c2ccc([N+](=O)[O-])cc21 1 O=C1C(=O)c2ccccc2-c2ccccc21 0.7209165 7.3758 0.4768818 0.4769 0.9769855 2.2210 0.9654514 298.2100 0.5000000 0.5000 0.5000000 0.5000 0.5000000 0.5000 1.0000000 1.0000 1.0000000 1.0000 []
 | 8.8737 8.8265 2.7063 0.0961063 O=C1C=C(Nc2cccc3cccnc23)c2ccccc2C1=O 1 O=C1C=C(Nc2cccc3cccnc23)c2ccccc2C1=O 0.6844966 7.2148 0.7363774 0.7364 0.9749132 2.2747 0.9699905 300.3170 0.5000000 0.5000 0.5000000 0.5000 0.5000000 0.5000 1.0000000 1.0000 1.0000000 1.0000 []
 | 7.6637 7.6000 2.6562 0.0854685 Cn1c2ccccc2c2ccc3c(c21)C(=O)C=CC3=O 1 O=C1C=CC(=O)c2c1ccc1c2[nH]c2ccccc21 0.6274261 6.9810 0.6226978 0.6227 0.9699485 2.3876 0.6855065 261.2800 0.5000000 0.5000 0.5000000 0.5000 0.5000000 0.5000 1.0000000 1.0000 1.0000000 1.0000 []
 | 20.5028 20.1731 3.1852 0.1946523 Nc1ccc(N2CCCC2)c2c1-c1ccccc1C(=O)C2=O 1 O=C1C(=O)c2c(cccc2N2CCCC2)-c2ccccc21 0.7355033 7.4438 0.6481588 0.6482 0.9754898 2.2602 0.9490495 292.3380 1.0000000 1.0000 0.5000000 0.5000 0.5000000 0.5000 1.0000000 1.0000 1.0000000 1.0000 []
 | 14.9913 15.8351 6.6142 0.1870775 CC1=NN(C(N)=O)C(=O)C1=Cc1ccc(N(C)C)c([N+](=O)[O-])c1 1 O=C1NN=CC1=Cc1ccccc1 0.7277480 7.5926 0.5118077 0.5118 0.9393864 2.8336 0.9905220 317.3050 0.5000000 0.5000 0.5000000 0.5000 1.0000000 1.0000 1.0000000 1.0000 1.0000000 1.0000 []
 | 18.4267 20.4369 -10.1094 0.0860629 CN1C2CCCC1CC(NC(=O)C1CC1)C2 1 O=C(NC1CC2CCCC(C1)N2)C1CC1 0.7419437 7.5254 0.7681848 0.7682 0.8082469 3.6253 0.1288419 222.3320 0.5000000 0.5000 0.5000000 0.5000 1.0000000 1.0000 0.5000000 0.5000 1.0000000 1.0000 []
