11:56:47 <INFO> Started REINVENT 4.6.27 (C) AstraZeneca 2017, 2023 on 2025-09-29
11:56:47 <INFO> Command line: /home/cheriong/miniconda3/envs/reinvent4-gpu/bin/reinvent -l logs/libinvent_training.log configs/libinvent_transfer_learning.toml
11:56:47 <INFO> Reading run configuration from /mnt/c/Users/ucsaheu/python_projects/DENV_Drug_Discovery/05_Generative_AI_REINVENT/REINVENT4-main/configs/libinvent_transfer_learning.toml using format toml
11:56:47 <INFO> User cheriong on host CS00050812
11:56:47 <INFO> Python version 3.10.18
11:56:47 <INFO> PyTorch version 2.5.1, git a8d6afb511a69687bbb2b7e88a3cf67917e1697e
11:56:47 <INFO> PyTorch compiled with CUDA version 11.8
11:56:47 <INFO> RDKit version 2025.03.2
11:56:47 <INFO> Platform Linux-5.10.102.1-microsoft-standard-WSL2-x86_64-with-glibc2.39
11:56:48 <INFO> Number of PyTorch CUDA devices 1
11:56:48 <WARN> 'use_cuda' is deprecated, use 'device' instead
11:56:48 <INFO> Using CUDA device:0 NVIDIA T1200 Laptop GPU
11:56:48 <INFO> GPU memory: 3295 MiB free, 4095 MiB total
11:56:48 <INFO> Writing TensorBoard summary to /mnt/c/Users/ucsaheu/python_projects/DENV_Drug_Discovery/05_Generative_AI_REINVENT/REINVENT4-main/tb_libinvent_denv
11:56:48 <INFO> Starting Transfer Learning
11:56:48 <INFO> /mnt/c/Users/ucsaheu/python_projects/DENV_Drug_Discovery/05_Generative_AI_REINVENT/REINVENT4-main/priors/libinvent.prior has valid hash:
{ 'comments': [],
  'creation_date': 0,
  'date_format': 'UNIX epoch',
  'hash_id': '99944413c8f0b152c2bca0dca31aa6d3',
  'hash_id_format': 'xxhash.xxh3_128_hex 3.4.1',
  'model_id': '558e4fbd038c4b0ba67b03a025e657c4',
  'model_id_format': 'uuid.uuid4 3.10.12',
  'origina_data_source': 'ChEMBL 27',
  'updates': []}
11:56:48 <INFO> Number of network parameters: 23,686,692
11:56:48 <INFO> Network architecture:
Decorator(
  (_encoder): Encoder(
    (_embedding): Sequential(
      (0): Embedding(38, 512)
      (1): Dropout(p=0.2, inplace=False)
    )
    (_rnn): LSTM(512, 512, num_layers=3, batch_first=True, dropout=0.2, bidirectional=True)
  )
  (_decoder): Decoder(
    (_embedding): Sequential(
      (0): Embedding(36, 512)
      (1): Dropout(p=0.2, inplace=False)
    )
    (_rnn): LSTM(512, 512, num_layers=3, batch_first=True, dropout=0.2)
    (_attention): AttentionLayer(
      (_attention_linear): Sequential(
        (0): Linear(in_features=1024, out_features=512, bias=True)
        (1): Tanh()
      )
    )
    (_linear): Linear(in_features=512, out_features=36, bias=True)
  )
)
11:56:48 <INFO> Using generator Libinvent
11:56:48 <INFO> Read 800 input SMILES from /mnt/c/Users/ucsaheu/python_projects/DENV_Drug_Discovery/05_Generative_AI_REINVENT/REINVENT4-main/data/libinvent_final_format.smi
11:56:48 <INFO> Read 800 validation SMILES from /mnt/c/Users/ucsaheu/python_projects/DENV_Drug_Discovery/05_Generative_AI_REINVENT/REINVENT4-main/data/libinvent_final_format.smi
11:59:15 <INFO> Best validation loss (6.063) was at epoch 50
11:59:15 <WARN> No clear minimum found in validation loss. Consider training your model for additional epochs.
11:59:15 <INFO> Peak main memory usage: 1512.488 MiB
11:59:15 <INFO> Finished REINVENT on 2025-09-29
