11:50:27 <INFO> Started REINVENT 4.6.27 (C) AstraZeneca 2017, 2023 on 2025-10-04
11:50:27 <INFO> Command line: /home/cheriong/miniconda3/envs/reinvent4-gpu/bin/reinvent configs/final_rl_scaffold_constrained.toml
11:50:27 <INFO> Reading run configuration from /mnt/c/Users/ucsaheu/python_projects/DENV_Drug_Discovery/05_Generative_AI_REINVENT/REINVENT4-main/configs/final_rl_scaffold_constrained.toml using format toml
11:50:27 <INFO> User cheriong on host CS00050812
11:50:27 <INFO> Python version 3.10.18
11:50:27 <INFO> PyTorch version 2.5.1, git a8d6afb511a69687bbb2b7e88a3cf67917e1697e
11:50:27 <INFO> PyTorch compiled with CUDA version 11.8
11:50:27 <INFO> RDKit version 2025.03.2
11:50:27 <INFO> Platform Linux-5.10.102.1-microsoft-standard-WSL2-x86_64-with-glibc2.39
11:50:28 <INFO> Number of PyTorch CUDA devices 1
11:50:28 <WARN> 'use_cuda' is deprecated, use 'device' instead
11:50:28 <INFO> Using CUDA device:0 NVIDIA T1200 Laptop GPU
11:50:28 <INFO> GPU memory: 3295 MiB free, 4095 MiB total
11:50:28 <INFO> Writing TensorBoard summary to /mnt/c/Users/ucsaheu/python_projects/DENV_Drug_Discovery/05_Generative_AI_REINVENT/REINVENT4-main/tb_denv_scaffold_constrained
11:50:28 <INFO> Writing JSON config file to /mnt/c/Users/ucsaheu/python_projects/DENV_Drug_Discovery/05_Generative_AI_REINVENT/REINVENT4-main/_scaffold_constrained.json
11:50:28 <INFO> Starting 1 stage of Reinforcement Learning
11:50:28 <INFO> /mnt/c/Users/ucsaheu/python_projects/DENV_Drug_Discovery/05_Generative_AI_REINVENT/REINVENT4-main/priors/denv_ultra_clean_model.model has valid hash:
{ 'comments': ['TL'],
  'creation_date': 0,
  'date_format': 'UNIX epoch',
  'hash_id': 'aa84c49218d99ea72a8ba83042edd9fb',
  'hash_id_format': 'xxhash.xxh3_128_hex 3.5.0',
  'model_id': '55d68f8a81c04f5a86304ebe1723a0ea',
  'model_id_format': 'uuid.uuid4 3.10.12',
  'origina_data_source': 'ChEMBL 25',
  'updates': [1759055541.6721017]}
11:50:28 <INFO> Number of network parameters: 5,805,602
11:50:28 <INFO> Network architecture:
RNN(
  (_embedding): Embedding(34, 256)
  (_rnn): LSTM(256, 512, num_layers=3, batch_first=True)
  (_linear): Linear(in_features=512, out_features=34, bias=True)
)
11:50:28 <INFO> /mnt/c/Users/ucsaheu/python_projects/DENV_Drug_Discovery/05_Generative_AI_REINVENT/REINVENT4-main/priors/denv_ultra_clean_model.model has valid hash:
{ 'comments': ['TL'],
  'creation_date': 0,
  'date_format': 'UNIX epoch',
  'hash_id': 'aa84c49218d99ea72a8ba83042edd9fb',
  'hash_id_format': 'xxhash.xxh3_128_hex 3.5.0',
  'model_id': '55d68f8a81c04f5a86304ebe1723a0ea',
  'model_id_format': 'uuid.uuid4 3.10.12',
  'origina_data_source': 'ChEMBL 25',
  'updates': [1759055541.6721017]}
11:50:28 <INFO> Number of network parameters: 5,805,602
11:50:28 <INFO> Network architecture:
RNN(
  (_embedding): Embedding(34, 256)
  (_rnn): LSTM(256, 512, num_layers=3, batch_first=True)
  (_linear): Linear(in_features=512, out_features=34, bias=True)
)
11:50:28 <INFO> Using generator Reinvent
11:50:28 <INFO> Prior read from priors/denv_ultra_clean_model.model
11:50:28 <INFO> Agent read from priors/denv_ultra_clean_model.model
11:50:28 <INFO> Using reward strategy dap
11:50:28 <INFO> Using diversity filter IdenticalMurckoScaffold
11:50:28 <INFO> Diversity filter memories are retained between stages
11:50:28 <INFO> Inception SMILES read from data/denv_scaffolds_training.smi
11:50:28 <INFO> Global SMILES deduplication for inception memory
11:50:28 <INFO> Using inception memory
11:50:29 <ERRO> Component reinvent_plugins.components.OpenEye.comp_rocs could not be imported: No module named 'openeye'
11:50:29 <INFO> Registered scoring component GroupCount
11:50:29 <INFO> Registered scoring component FragmentQed
11:50:29 <INFO> Registered scoring component FragmentSlogP
11:50:29 <INFO> Registered scoring component FragmentMolecularWeight
11:50:29 <INFO> Registered scoring component FragmentTPSA
11:50:29 <INFO> Registered scoring component FragmentDistanceMatrix
11:50:29 <INFO> Registered scoring component FragmentNumAtomStereoCenters
11:50:29 <INFO> Registered scoring component FragmentHBondAcceptors
11:50:29 <INFO> Registered scoring component FragmentHBondDonors
11:50:29 <INFO> Registered scoring component FragmentNumRotBond
11:50:29 <INFO> Registered scoring component FragmentCsp3
11:50:29 <INFO> Registered scoring component Fragmentnumsp
11:50:29 <INFO> Registered scoring component Fragmentnumsp2
11:50:29 <INFO> Registered scoring component Fragmentnumsp3
11:50:29 <INFO> Registered scoring component FragmentEffectiveLength
11:50:29 <INFO> Registered scoring component FragmentGraphLength
11:50:29 <INFO> Registered scoring component FragmentLengthRatio
11:50:29 <INFO> Registered scoring component FragmentNumHeavyAtoms
11:50:29 <INFO> Registered scoring component FragmentNumHeteroAtoms
11:50:29 <INFO> Registered scoring component FragmentNumRings
11:50:29 <INFO> Registered scoring component FragmentNumAromaticRings
11:50:29 <INFO> Registered scoring component FragmentNumAliphaticRings
11:50:29 <INFO> Registered scoring component FragmentSlogP
11:50:29 <INFO> Registered scoring component MatchingSubstructure
11:50:29 <INFO> Registered scoring component MolVolume
11:50:29 <INFO> Registered scoring component Qed
11:50:29 <INFO> Registered scoring component LargestRingSize
11:50:29 <INFO> Registered scoring component MolecularWeight
11:50:29 <INFO> Registered scoring component GraphLength
11:50:29 <INFO> Registered scoring component NumAtomStereoCenters
11:50:29 <INFO> Registered scoring component HBondAcceptors
11:50:29 <INFO> Registered scoring component HBondDonors
11:50:29 <INFO> Registered scoring component NumRotBond
11:50:29 <INFO> Registered scoring component Csp3
11:50:29 <INFO> Registered scoring component numsp
11:50:29 <INFO> Registered scoring component numsp2
11:50:29 <INFO> Registered scoring component numsp3
11:50:29 <INFO> Registered scoring component NumHeavyAtoms
11:50:29 <INFO> Registered scoring component NumHeteroAtoms
11:50:29 <INFO> Registered scoring component NumRings
11:50:29 <INFO> Registered scoring component NumAromaticRings
11:50:29 <INFO> Registered scoring component NumAliphaticRings
11:50:29 <INFO> Registered scoring component SlogP
11:50:29 <INFO> Registered scoring component LargestRingSize
11:50:29 <INFO> Registered scoring component PMI
11:50:29 <INFO> Registered scoring component RDKitDescriptors
11:50:29 <INFO> Registered scoring component TanimotoSimilarity
11:50:29 <INFO> Registered scoring component TanimotoDistance
11:50:29 <INFO> Registered scoring component TPSA
11:50:29 <INFO> Registered scoring component SAScore
11:50:29 <INFO> Registered scoring component Cazp
11:50:29 <INFO> Registered scoring component ChemProp
11:50:29 <INFO> Registered scoring component CustomAlerts
11:50:29 <INFO> Registered scoring component DockStream
11:50:29 <INFO> Registered scoring component ExternalProcess
11:50:29 <INFO> Registered scoring component REST
11:50:29 <INFO> Registered scoring component Icolos
11:50:29 <INFO> Registered scoring component Maize
11:50:29 <INFO> Registered scoring component MMP
11:50:29 <INFO> Registered scoring component Qptuna
11:50:29 <INFO> Registered scoring component QSARScorer
11:50:29 <INFO> Registered scoring component ReactionFilter
11:50:29 <INFO> Registered scoring component RingPrecedence
Traceback (most recent call last):
  File "/home/cheriong/miniconda3/envs/reinvent4-gpu/bin/reinvent", line 7, in <module>
    sys.exit(main_script())
  File "/mnt/c/Users/ucsaheu/python_projects/DENV_Drug_Discovery/05_Generative_AI_REINVENT/REINVENT4-main/reinvent/Reinvent.py", line 194, in main_script
    main(args)
  File "/mnt/c/Users/ucsaheu/python_projects/DENV_Drug_Discovery/05_Generative_AI_REINVENT/REINVENT4-main/reinvent/Reinvent.py", line 163, in main
    runner(
  File "/mnt/c/Users/ucsaheu/python_projects/DENV_Drug_Discovery/05_Generative_AI_REINVENT/REINVENT4-main/reinvent/runmodes/RL/run_staged_learning.py", line 298, in run_staged_learning
    packages = create_packages(reward_strategy, stages, rdkit_smiles_flags2)
  File "/mnt/c/Users/ucsaheu/python_projects/DENV_Drug_Discovery/05_Generative_AI_REINVENT/REINVENT4-main/reinvent/runmodes/RL/run_staged_learning.py", line 158, in create_packages
    scoring_function = Scorer(stage.scoring)
  File "/mnt/c/Users/ucsaheu/python_projects/DENV_Drug_Discovery/05_Generative_AI_REINVENT/REINVENT4-main/reinvent/scoring/scorer.py", line 103, in __init__
    self.components = get_components(config.component)
  File "/mnt/c/Users/ucsaheu/python_projects/DENV_Drug_Discovery/05_Generative_AI_REINVENT/REINVENT4-main/reinvent/scoring/config.py", line 97, in get_components
    component_params = ComponentParams(**collected_params)
  File "/home/cheriong/miniconda3/envs/reinvent4-gpu/lib/python3.10/site-packages/pydantic/_internal/_dataclasses.py", line 123, in __init__
    s.__pydantic_validator__.validate_python(ArgsKwargs(args, kwargs), self_instance=s)
pydantic_core._pydantic_core.ValidationError: 2 validation errors for Parameters
smarts.0
  Input should be a valid string [type=string_type, input_value=['c1ccccc1C2CCNC2', 'c1ccccc1C1CCC1'], input_type=list]
    For further information visit https://errors.pydantic.dev/2.11/v/string_type
use_chirality
  Field required [type=missing, input_value=ArgsKwargs((), {'smarts':...2', 'c1ccccc1C1CCC1']]}), input_type=ArgsKwargs]
    For further information visit https://errors.pydantic.dev/2.11/v/missing
