18:30:42 <INFO> Started REINVENT 4.6.27 (C) AstraZeneca 2017, 2023 on 2025-09-28
18:30:42 <INFO> Command line: /home/cheriong/miniconda3/envs/reinvent4-gpu/bin/reinvent -l logs/ultra_clean_training.log configs/ultra_clean_training.toml
18:30:42 <INFO> Reading run configuration from /mnt/c/Users/ucsaheu/python_projects/DENV_Drug_Discovery/05_Generative_AI_REINVENT/REINVENT4-main/configs/ultra_clean_training.toml using format toml
18:30:42 <INFO> User cheriong on host CS00050812
18:30:42 <INFO> Python version 3.10.18
18:30:42 <INFO> PyTorch version 2.5.1, git a8d6afb511a69687bbb2b7e88a3cf67917e1697e
18:30:42 <INFO> PyTorch compiled with CUDA version 11.8
18:30:42 <INFO> RDKit version 2025.03.2
18:30:42 <INFO> Platform Linux-5.10.102.1-microsoft-standard-WSL2-x86_64-with-glibc2.39
18:30:43 <INFO> Number of PyTorch CUDA devices 1
18:30:43 <WARN> 'use_cuda' is deprecated, use 'device' instead
18:30:43 <INFO> Using CUDA device:0 NVIDIA T1200 Laptop GPU
18:30:44 <INFO> GPU memory: 3295 MiB free, 4095 MiB total
18:30:44 <INFO> Writing TensorBoard summary to /mnt/c/Users/ucsaheu/python_projects/DENV_Drug_Discovery/05_Generative_AI_REINVENT/REINVENT4-main/tb_ultra_clean
18:30:44 <INFO> Starting Transfer Learning
18:30:44 <INFO> /mnt/c/Users/ucsaheu/python_projects/DENV_Drug_Discovery/05_Generative_AI_REINVENT/REINVENT4-main/priors/reinvent.prior has valid hash:
{ 'comments': [],
  'creation_date': 0,
  'date_format': 'UNIX epoch',
  'hash_id': '173568c36e1fc3d95cab289c7d31ce0b',
  'hash_id_format': 'xxhash.xxh3_128_hex 3.4.1',
  'model_id': '55d68f8a81c04f5a86304ebe1723a0ea',
  'model_id_format': 'uuid.uuid4 3.10.12',
  'origina_data_source': 'ChEMBL 25',
  'updates': []}
18:30:44 <INFO> Number of network parameters: 5,805,602
18:30:44 <INFO> Network architecture:
RNN(
  (_embedding): Embedding(34, 256)
  (_rnn): LSTM(256, 512, num_layers=3, batch_first=True)
  (_linear): Linear(in_features=512, out_features=34, bias=True)
)
18:30:44 <INFO> Using generator Reinvent
18:30:44 <INFO> Applying filter default to input SMILES
18:30:44 <WARN> "default" filter: Cc1ccc(NC(S)=NNc2ccc([N+](=O)[O-])cc2S(=O)(=O)Nc2ccccc2C(=O)O)cc1C is invalid
18:30:44 <WARN> "default" filter: CCC(=O)Nc1ccc2nc3c(O)nc(S)nc3nc2c1 is invalid
18:30:44 <WARN> "default" filter: Oc1nc(S)nc2c1C(c1ccc(Br)cc1)c1c(O)nc(S)nc1O2 is invalid
18:30:44 <WARN> "default" filter: O=C1NC(=S)NC(=O)C12C(c1ccccc1)N=C(S)NC2c1ccccc1 is invalid
18:30:45 <WARN> "default" filter: CSc1nc(S)c2[nH]c(S)nc2n1 is invalid
18:30:45 <WARN> "default" filter: COc1ccc(NC(S)=NNc2ccc(S(=O)(=O)Nc3ccccc3C(=O)O)cc2[N+](=O)[O-])cc1 is invalid
18:30:45 <WARN> "default" filter: O=C(O)c1ccccc1NS(=O)(=O)c1ccc(NN=C(S)Nc2ccc(OC(F)F)cc2)c([N+](=O)[O-])c1 is invalid
18:30:45 <INFO> Read 722 input SMILES from /mnt/c/Users/ucsaheu/python_projects/DENV_Drug_Discovery/05_Generative_AI_REINVENT/REINVENT4-main/data/denv_ultra_clean.tsv
18:30:45 <WARN> "default" filter: Cc1ccc(NC(S)=NNc2ccc([N+](=O)[O-])cc2S(=O)(=O)Nc2ccccc2C(=O)O)cc1C is invalid
18:30:45 <WARN> "default" filter: CCC(=O)Nc1ccc2nc3c(O)nc(S)nc3nc2c1 is invalid
18:30:45 <WARN> "default" filter: Oc1nc(S)nc2c1C(c1ccc(Br)cc1)c1c(O)nc(S)nc1O2 is invalid
18:30:45 <WARN> "default" filter: O=C1NC(=S)NC(=O)C12C(c1ccccc1)N=C(S)NC2c1ccccc1 is invalid
18:30:46 <WARN> "default" filter: CSc1nc(S)c2[nH]c(S)nc2n1 is invalid
18:30:46 <WARN> "default" filter: COc1ccc(NC(S)=NNc2ccc(S(=O)(=O)Nc3ccccc3C(=O)O)cc2[N+](=O)[O-])cc1 is invalid
18:30:46 <WARN> "default" filter: O=C(O)c1ccccc1NS(=O)(=O)c1ccc(NN=C(S)Nc2ccc(OC(F)F)cc2)c([N+](=O)[O-])c1 is invalid
18:30:46 <INFO> Read 722 validation SMILES from /mnt/c/Users/ucsaheu/python_projects/DENV_Drug_Discovery/05_Generative_AI_REINVENT/REINVENT4-main/data/denv_ultra_clean.tsv
18:32:21 <INFO> Best validation loss (26.862) was at epoch 20
18:32:21 <INFO> Peak main memory usage: 1249.418 MiB
18:32:21 <INFO> Finished REINVENT on 2025-09-28
