18:28:25 <INFO> Started REINVENT 4.6.27 (C) AstraZeneca 2017, 2023 on 2025-10-04
18:28:25 <INFO> Command line: /home/cheriong/miniconda3/envs/reinvent4-gpu/bin/reinvent config.toml
18:28:25 <INFO> Reading run configuration from /mnt/c/Users/ucsaheu/python_projects/DENV_Drug_Discovery/05_Generative_AI_REINVENT/REINVENT4-main/experiments/runs/run2_corrected_smarts/config.toml using format toml
18:28:25 <INFO> User cheriong on host CS00050812
18:28:25 <INFO> Python version 3.10.18
18:28:25 <INFO> PyTorch version 2.5.1, git a8d6afb511a69687bbb2b7e88a3cf67917e1697e
18:28:25 <INFO> PyTorch compiled with CUDA version 11.8
18:28:25 <INFO> RDKit version 2025.03.2
18:28:25 <INFO> Platform Linux-5.10.102.1-microsoft-standard-WSL2-x86_64-with-glibc2.39
18:28:26 <INFO> Number of PyTorch CUDA devices 1
18:28:26 <WARN> 'use_cuda' is deprecated, use 'device' instead
18:28:26 <INFO> Using CUDA device:0 NVIDIA T1200 Laptop GPU
18:28:26 <INFO> GPU memory: 3295 MiB free, 4095 MiB total
18:28:26 <INFO> Writing TensorBoard summary to /mnt/c/Users/ucsaheu/python_projects/DENV_Drug_Discovery/05_Generative_AI_REINVENT/REINVENT4-main/experiments/runs/run2_corrected_smarts/tb_run2_corrected
18:28:26 <INFO> Writing JSON config file to /mnt/c/Users/ucsaheu/python_projects/DENV_Drug_Discovery/05_Generative_AI_REINVENT/REINVENT4-main/experiments/runs/run2_corrected_smarts/_run2_corrected.json
18:28:26 <INFO> Starting 1 stage of Reinforcement Learning
18:28:26 <INFO> /mnt/c/Users/ucsaheu/python_projects/DENV_Drug_Discovery/05_Generative_AI_REINVENT/REINVENT4-main/priors/denv_ultra_clean_model.model has valid hash:
{ 'comments': ['TL'],
  'creation_date': 0,
  'date_format': 'UNIX epoch',
  'hash_id': 'aa84c49218d99ea72a8ba83042edd9fb',
  'hash_id_format': 'xxhash.xxh3_128_hex 3.5.0',
  'model_id': '55d68f8a81c04f5a86304ebe1723a0ea',
  'model_id_format': 'uuid.uuid4 3.10.12',
  'origina_data_source': 'ChEMBL 25',
  'updates': [1759055541.6721017]}
18:28:26 <INFO> Number of network parameters: 5,805,602
18:28:26 <INFO> Network architecture:
RNN(
  (_embedding): Embedding(34, 256)
  (_rnn): LSTM(256, 512, num_layers=3, batch_first=True)
  (_linear): Linear(in_features=512, out_features=34, bias=True)
)
18:28:26 <INFO> /mnt/c/Users/ucsaheu/python_projects/DENV_Drug_Discovery/05_Generative_AI_REINVENT/REINVENT4-main/priors/denv_ultra_clean_model.model has valid hash:
{ 'comments': ['TL'],
  'creation_date': 0,
  'date_format': 'UNIX epoch',
  'hash_id': 'aa84c49218d99ea72a8ba83042edd9fb',
  'hash_id_format': 'xxhash.xxh3_128_hex 3.5.0',
  'model_id': '55d68f8a81c04f5a86304ebe1723a0ea',
  'model_id_format': 'uuid.uuid4 3.10.12',
  'origina_data_source': 'ChEMBL 25',
  'updates': [1759055541.6721017]}
18:28:26 <INFO> Number of network parameters: 5,805,602
18:28:26 <INFO> Network architecture:
RNN(
  (_embedding): Embedding(34, 256)
  (_rnn): LSTM(256, 512, num_layers=3, batch_first=True)
  (_linear): Linear(in_features=512, out_features=34, bias=True)
)
18:28:26 <INFO> Using generator Reinvent
18:28:26 <INFO> Prior read from ../../../priors/denv_ultra_clean_model.model
18:28:26 <INFO> Agent read from ../../../priors/denv_ultra_clean_model.model
18:28:26 <INFO> Using reward strategy dap
18:28:26 <INFO> Using diversity filter IdenticalMurckoScaffold
18:28:26 <INFO> Purging diversity filter memories after each stage
18:28:26 <INFO> Inception SMILES read from ../../../data/denv_scaffolds_training.smi
18:28:26 <INFO> Global SMILES deduplication for inception memory
18:28:26 <INFO> Using inception memory
18:28:26 <ERRO> Component reinvent_plugins.components.OpenEye.comp_rocs could not be imported: No module named 'openeye'
18:28:26 <INFO> Registered scoring component GroupCount
18:28:26 <INFO> Registered scoring component FragmentQed
18:28:26 <INFO> Registered scoring component FragmentSlogP
18:28:26 <INFO> Registered scoring component FragmentMolecularWeight
18:28:26 <INFO> Registered scoring component FragmentTPSA
18:28:26 <INFO> Registered scoring component FragmentDistanceMatrix
18:28:26 <INFO> Registered scoring component FragmentNumAtomStereoCenters
18:28:26 <INFO> Registered scoring component FragmentHBondAcceptors
18:28:26 <INFO> Registered scoring component FragmentHBondDonors
18:28:26 <INFO> Registered scoring component FragmentNumRotBond
18:28:26 <INFO> Registered scoring component FragmentCsp3
18:28:26 <INFO> Registered scoring component Fragmentnumsp
18:28:26 <INFO> Registered scoring component Fragmentnumsp2
18:28:26 <INFO> Registered scoring component Fragmentnumsp3
18:28:26 <INFO> Registered scoring component FragmentEffectiveLength
18:28:26 <INFO> Registered scoring component FragmentGraphLength
18:28:26 <INFO> Registered scoring component FragmentLengthRatio
18:28:26 <INFO> Registered scoring component FragmentNumHeavyAtoms
18:28:26 <INFO> Registered scoring component FragmentNumHeteroAtoms
18:28:26 <INFO> Registered scoring component FragmentNumRings
18:28:26 <INFO> Registered scoring component FragmentNumAromaticRings
18:28:26 <INFO> Registered scoring component FragmentNumAliphaticRings
18:28:26 <INFO> Registered scoring component FragmentSlogP
18:28:26 <INFO> Registered scoring component MatchingSubstructure
18:28:26 <INFO> Registered scoring component MolVolume
18:28:26 <INFO> Registered scoring component Qed
18:28:26 <INFO> Registered scoring component LargestRingSize
18:28:26 <INFO> Registered scoring component MolecularWeight
18:28:26 <INFO> Registered scoring component GraphLength
18:28:26 <INFO> Registered scoring component NumAtomStereoCenters
18:28:26 <INFO> Registered scoring component HBondAcceptors
18:28:26 <INFO> Registered scoring component HBondDonors
18:28:26 <INFO> Registered scoring component NumRotBond
18:28:26 <INFO> Registered scoring component Csp3
18:28:26 <INFO> Registered scoring component numsp
18:28:26 <INFO> Registered scoring component numsp2
18:28:26 <INFO> Registered scoring component numsp3
18:28:26 <INFO> Registered scoring component NumHeavyAtoms
18:28:26 <INFO> Registered scoring component NumHeteroAtoms
18:28:26 <INFO> Registered scoring component NumRings
18:28:26 <INFO> Registered scoring component NumAromaticRings
18:28:26 <INFO> Registered scoring component NumAliphaticRings
18:28:26 <INFO> Registered scoring component SlogP
18:28:26 <INFO> Registered scoring component LargestRingSize
18:28:26 <INFO> Registered scoring component PMI
18:28:26 <INFO> Registered scoring component RDKitDescriptors
18:28:26 <INFO> Registered scoring component TanimotoSimilarity
18:28:26 <INFO> Registered scoring component TanimotoDistance
18:28:26 <INFO> Registered scoring component TPSA
18:28:26 <INFO> Registered scoring component SAScore
18:28:26 <INFO> Registered scoring component Cazp
18:28:27 <INFO> Registered scoring component ChemProp
18:28:27 <INFO> Registered scoring component CustomAlerts
18:28:27 <INFO> Registered scoring component DockStream
18:28:27 <INFO> Registered scoring component ExternalProcess
18:28:27 <INFO> Registered scoring component REST
18:28:27 <INFO> Registered scoring component Icolos
18:28:27 <INFO> Registered scoring component Maize
18:28:27 <INFO> Registered scoring component MMP
18:28:27 <INFO> Registered scoring component Qptuna
18:28:27 <INFO> Registered scoring component QSARScorer
18:28:27 <INFO> Registered scoring component ReactionFilter
18:28:27 <INFO> Registered scoring component ScaffoldMatcher
18:28:27 <INFO> Registered scoring component RingPrecedence
18:28:27 <INFO> Creating penalty component MatchingSubstructure
18:28:27 <INFO> Creating penalty component MatchingSubstructure
18:28:27 <INFO> Creating penalty component MatchingSubstructure
18:28:27 <INFO> Creating penalty component MatchingSubstructure
18:28:27 <INFO> Creating scoring component QSARScorer
18:28:27 <INFO> Creating scoring component Qed
18:28:27 <INFO> Creating scoring component SAScore
18:28:27 <INFO> Creating scoring component MolecularWeight
18:28:27 <INFO> Creating filter component CustomAlerts
18:28:27 <INFO> Writing tabular data for stage to run2_corrected_1.csv
18:28:27 <INFO> Starting stage 1 <<<
18:28:27 <INFO> Current GPU memory usage: 900 MiB used, 3195 MiB free
18:28:32 <INFO> Score: 0.14 Agent NLL: 19.46 Valid: 100% Step: 1
 | Agent Prior Target Score SMILES SMILES_state Scaffold DENV_Activity DENV_Activity (raw) Drug_Likeness Drug_Likeness (raw) Synthetic_Accessibility Synthetic_Accessibility (raw) Molecular_Weight Molecular_Weight (raw) Pyrrolidine_Core Pyrrolidine_Core (raw) Cyclobutane_Core Cyclobutane_Core (raw) Amide_Sidechain Amide_Sidechain (raw) Phenyl_Ring Phenyl_Ring (raw) Unwanted_Structures Unwanted_Structures (raw) matchting_patterns (Unwanted_Structures)
 | 25.3552 25.3552 -19.9696 0.0448805 CCC(=O)OC1OCC(OC(C)=O)C(OC(C)=O)C1OC(=O)CC 1 C1CCOCC1 0.7200628 7.3719 0.5000547 0.5001 0.7727552 3.7558 0.9987133 346.3320 0.5000000 0.5000 0.5000000 0.5000 0.5000000 0.5000 0.5000000 0.5000 1.0000000 1.0000 []
 | 14.8002 14.8002 -4.8038 0.0833035 CCCCC(=O)Oc1ccccc1C(=O)O 1 c1ccccc1 0.7053776 7.6943 0.6136618 0.6137 0.9900464 1.7033 0.1281303 222.2400 0.5000000 0.5000 0.5000000 0.5000 0.5000000 0.5000 1.0000000 1.0000 1.0000000 1.0000 []
 | 18.2146 18.2146 -7.7723 0.0870186 CCCCC1C(C(=O)OCC)C(c2ccccc2)C(C(=O)OC)=C(C)N1c1ccccc1 1 C1=CN(c2ccccc2)CCC1c1ccccc1 0.6564514 7.9024 0.5143772 0.5144 0.8529886 3.4310 0.9884686 435.5640 0.5000000 0.5000 0.5000000 0.5000 0.5000000 0.5000 1.0000000 1.0000 1.0000000 1.0000 []
 | 23.4495 23.4495 -13.6441 0.0817122 CC12CN3CC(=O)C(N4CCCCC4)(C1)CC2(C)C3 1 O=C1CN2CC3CC1(N1CCCCC1)CC3C2 0.7415972 7.4730 0.7210945 0.7211 0.2036778 5.3290 0.7018985 262.3970 1.0000000 1.0000 0.5000000 0.5000 0.5000000 0.5000 0.5000000 0.5000 1.0000000 1.0000 []
 | 7.1725 7.1725 39.0031 0.3847966 O=C1C=CC(=O)N1N(c1ccccc1)c1ccccc1 1 O=C1C=CC(=O)N1N(c1ccccc1)c1ccccc1 0.7159069 7.3530 0.8001594 0.8002 0.9635772 2.5085 0.7284364 264.2840 1.0000000 1.0000 0.5000000 0.5000 1.0000000 1.0000 1.0000000 1.0000 1.0000000 1.0000 []
 | 32.3731 32.3731 -9.3816 0.1915963 CN1c2ccccc2C2(NC(=O)N(c3cc(Cl)ccc3Cl)C2=O)S1(=O)=O 1 O=C1NC2(C(=O)N1c1ccccc1)c1ccccc1NS2(=O)=O 0.7421688 7.5243 0.7301981 0.7302 0.7289633 3.8985 0.9976740 412.2540 0.5000000 0.5000 0.5000000 0.5000 1.0000000 1.0000 1.0000000 1.0000 1.0000000 1.0000 []
 | 19.3664 19.3664 25.8938 0.3771685 CCc1ccc(NC(=O)C2CCCN2C(=O)c2cccs2)cc1 1 O=C(Nc1ccccc1)C1CCCN1C(=O)c1cccs1 0.5884658 8.1700 0.9328417 0.9328 0.9722877 2.3368 0.9955847 328.4370 1.0000000 1.0000 0.5000000 0.5000 1.0000000 1.0000 1.0000000 1.0000 1.0000000 1.0000 []
 | 20.0209 20.0209 4.4388 0.2038314 CC1(C)CC1C(=O)C(=O)Nc1ccc(Cl)cc1C(=O)O 1 O=C(Nc1ccccc1)C(=O)C1CC1 0.7459032 7.5062 0.8363431 0.8363 0.9414545 2.8112 0.9592370 295.7220 0.5000000 0.5000 0.5000000 0.5000 1.0000000 1.0000 1.0000000 1.0000 1.0000000 1.0000 []
 | 23.0516 23.0516 -0.7494 0.1858511 Cc1sc2ccc(O)c(O)c2c1C(=O)Nc1ccccc1 1 O=C(Nc1ccccc1)c1csc2ccccc12 0.6743958 7.8280 0.6290306 0.6290 0.9767190 2.2281 0.9679861 299.3510 0.5000000 0.5000 0.5000000 0.5000 1.0000000 1.0000 1.0000000 1.0000 1.0000000 1.0000 []
 | 19.9034 19.9034 28.8249 0.4060697 CC(C)C1CC(O)C(=O)N1c1ccc(Cl)c(Cl)c1 1 O=C1CCCN1c1ccccc1 0.7387264 7.5408 0.9079841 0.9080 0.8768344 3.3066 0.9332032 288.1740 1.0000000 1.0000 0.5000000 0.5000 1.0000000 1.0000 1.0000000 1.0000 1.0000000 1.0000 []
18:28:36 <INFO> Score: 0.15 Agent NLL: 17.64 Valid: 100% Step: 2
 | Agent Prior Target Score SMILES SMILES_state Scaffold DENV_Activity DENV_Activity (raw) Drug_Likeness Drug_Likeness (raw) Synthetic_Accessibility Synthetic_Accessibility (raw) Molecular_Weight Molecular_Weight (raw) Pyrrolidine_Core Pyrrolidine_Core (raw) Cyclobutane_Core Cyclobutane_Core (raw) Amide_Sidechain Amide_Sidechain (raw) Phenyl_Ring Phenyl_Ring (raw) Unwanted_Structures Unwanted_Structures (raw) matchting_patterns (Unwanted_Structures)
 | 27.8234 27.7860 -7.8647 0.1660110 NC(=S)Nc1ccc(Cc2ccc(N=Nc3c(O)[nH]c4ccc([N+](=O)[O-])cc34)cc2)cc1 1 c1ccc(Cc2ccc(N=Nc3c[nH]c4ccccc34)cc2)cc1 0.7038486 7.7011 0.1343531 0.1344 0.9430873 2.7929 0.9757833 446.4920 1.0000000 1.0000 0.5000000 0.5000 0.5000000 0.5000 1.0000000 1.0000 1.0000000 1.0000 []
 | 34.3512 34.4040 -17.6561 0.1395659 Cc1ccc(NC(=O)Nc2ccc(OCCOc3nc(=Nc4ccc(OC(F)(F)F)cc4)nc(C(C)C)[nH]3)cc2)c(C)c1 1 O=C(Nc1ccccc1)Nc1ccc(OCCOc2nc(=Nc3ccccc3)nc[nH]2)cc1 0.7029822 7.7049 0.1735978 0.1736 0.9141533 3.0618 0.0012622 596.6100 0.5000000 0.5000 0.5000000 0.5000 1.0000000 1.0000 1.0000000 1.0000 1.0000000 1.0000 []
 | 17.5376 17.5242 6.4702 0.1999536 COCCNC(=O)c1ccccc1C(=O)Nc1ccccc1 1 O=C(Nc1ccccc1)c1ccccc1 0.7139744 7.6558 0.8042369 0.8042 0.9917325 1.5894 0.9657543 298.3420 0.5000000 0.5000 0.5000000 0.5000 1.0000000 1.0000 1.0000000 1.0000 1.0000000 1.0000 []
 | 15.2950 15.2810 -3.1868 0.1007848 N#Cc1ccc(NC2=C(Cl)C(=O)c3ccccc3C2=O)cc1 1 O=C1C=C(Nc2ccccc2)C(=O)c2ccccc21 0.6865094 7.2234 0.9214824 0.9215 0.9788747 2.1677 0.9829852 308.7240 0.5000000 0.5000 0.5000000 0.5000 0.5000000 0.5000 1.0000000 1.0000 1.0000000 1.0000 []
 | 7.5703 7.6098 -1.7070 0.0491905 Cc1ccc(C(C2C(=O)CC(C)(C)CC2=O)C2C(=O)CC(C)(C)CC2=O)s1 1 O=C1CCCC(=O)C1C(c1cccs1)C1C(=O)CCCC1=O 0.7417845 7.4739 0.7245632 0.7246 0.8755218 3.3140 0.9995474 388.5290 0.5000000 0.5000 0.5000000 0.5000 0.5000000 0.5000 0.5000000 0.5000 1.0000000 1.0000 []
 | 32.1113 32.1002 -10.9468 0.1762789 C=CC1CC(N)(C(=O)O)CN1C(=O)OCC1(C)C(=O)CCC1=O 1 O=C1CCC(=O)C1COC(=O)N1CCCC1 0.7303799 7.5803 0.5544475 0.5544 0.5819365 4.2989 0.9941459 324.3330 1.0000000 1.0000 0.5000000 0.5000 1.0000000 1.0000 0.5000000 0.5000 1.0000000 1.0000 []
 | 25.6388 25.4841 -2.3969 0.1923929 CC(C)c1ccc(N2C(=O)N(Cc3ccc(O)c(CN4CCOCC4)c3)C(C)(C)C2=O)cc1 1 O=C1CN(Cc2cccc(CN3CCOCC3)c2)C(=O)N1c1ccccc1 0.7122123 7.6637 0.6698413 0.6698 0.9620384 2.5346 0.9659616 451.5670 0.5000000 0.5000 0.5000000 0.5000 1.0000000 1.0000 1.0000000 1.0000 1.0000000 1.0000 []
 | 14.8016 14.7290 9.6572 0.2032182 COc1ccc(C(=O)c2c(O)n3c(nc2=O)CCC3)cc1 1 O=C(c1ccccc1)c1cn2c(nc1=O)CCC2 0.7354175 7.5566 0.8554936 0.8555 0.9662563 2.4603 0.9246044 286.2870 1.0000000 1.0000 0.5000000 0.5000 0.5000000 0.5000 1.0000000 1.0000 1.0000000 1.0000 []
 | 8.3615 8.3636 38.5500 0.3909466 COc1ccc(N2C(=O)C(Cl)=C(N3CCOCC3)C2=O)cc1 1 O=C1C=C(N2CCOCC2)C(=O)N1c1ccccc1 0.6856093 7.7805 0.7862759 0.7863 0.9787948 2.1701 0.9934729 322.7480 1.0000000 1.0000 0.5000000 0.5000 1.0000000 1.0000 1.0000000 1.0000 1.0000000 1.0000 []
 | 19.2259 19.2141 -1.3846 0.1485789 COc1ccc(S(=O)(=O)n2c3ccccc3c3cc(-c4cccc(C(O)=NO)c4)ccc32)cc1 1 O=S(=O)(c1ccccc1)n1c2ccccc2c2cc(-c3ccccc3)ccc21 0.5868975 8.1759 0.1543442 0.1543 0.9655755 2.4729 0.8696778 472.5220 1.0000000 1.0000 0.5000000 0.5000 0.5000000 0.5000 1.0000000 1.0000 1.0000000 1.0000 []
18:28:40 <INFO> Score: 0.16 Agent NLL: 18.31 Valid: 100% Step: 3
 | Agent Prior Target Score SMILES SMILES_state Scaffold DENV_Activity DENV_Activity (raw) Drug_Likeness Drug_Likeness (raw) Synthetic_Accessibility Synthetic_Accessibility (raw) Molecular_Weight Molecular_Weight (raw) Pyrrolidine_Core Pyrrolidine_Core (raw) Cyclobutane_Core Cyclobutane_Core (raw) Amide_Sidechain Amide_Sidechain (raw) Phenyl_Ring Phenyl_Ring (raw) Unwanted_Structures Unwanted_Structures (raw) matchting_patterns (Unwanted_Structures)
 | 22.9862 23.1747 -18.3869 0.0398985 C=C(C)C1CCC2(C(=O)O)CCC3(C)C(CCC4C5(C)CC(O)C(O)C(C)(C)C5CCC43C)C12 1 C1CCC2C(C1)CCC1C2CCC2C3CCCC3CCC21 0.7395835 7.5367 0.4269260 0.4269 0.3507887 4.8743 0.8681989 472.7100 0.5000000 0.5000 0.5000000 0.5000 0.5000000 0.5000 0.5000000 0.5000 1.0000000 1.0000 []
 | 29.7732 29.8358 -24.6596 0.0431348 CCCCCCCCCCCC[N+](C)(CC)CC(C)(CO)CO 1  0.7010959 7.7132 0.3258794 0.3259 0.8749561 3.3171 0.9961891 330.5770 0.5000000 0.5000 0.5000000 0.5000 0.5000000 0.5000 0.5000000 0.5000 1.0000000 1.0000 []
 | 22.6832 22.5983 -0.0857 0.1876053 CC(C)C(C(=O)Nc1ccc(CN)cc1)c1ccc(O)cc1 1 O=C(Cc1ccccc1)Nc1ccccc1 0.6349524 7.9892 0.7929743 0.7930 0.9686635 2.4138 0.9658546 298.3860 0.5000000 0.5000 0.5000000 0.5000 1.0000000 1.0000 1.0000000 1.0000 1.0000000 1.0000 []
 | 22.5874 22.6792 0.4712 0.1929204 O=C(Cc1ccc(NC(=O)N2CCCCc3ccccc32)cc1)Nc1cccnc1 1 O=C(Cc1ccc(NC(=O)N2CCCCc3ccccc32)cc1)Nc1cccnc1 0.7040665 7.7001 0.6700898 0.6701 0.9817637 2.0765 0.9989672 400.4820 0.5000000 0.5000 0.5000000 0.5000 1.0000000 1.0000 1.0000000 1.0000 1.0000000 1.0000 []
 | 20.4927 20.4874 -14.7819 0.0475460 CCOC(=O)C1C(C)=NC(C(=O)OC)=C(C(=O)OC)C1c1ccco1 1 C1=CC(c2ccco2)CC=N1 0.7464683 7.4966 0.5873456 0.5873 0.8523117 3.4342 0.9989543 349.3390 0.5000000 0.5000 0.5000000 0.5000 0.5000000 0.5000 0.5000000 0.5000 1.0000000 1.0000 []
 | 13.5278 13.4354 32.5136 0.3829087 O=C1NC(=O)C(=Cc2cccn2-c2ccc(C(=O)O)cc2)C(=O)N1 1 O=C1NC(=O)C(=Cc2cccn2-c2ccccc2)C(=O)N1 0.7307063 7.4212 0.5729126 0.5729 0.9670920 2.4446 0.9945146 325.2800 1.0000000 1.0000 0.5000000 0.5000 1.0000000 1.0000 1.0000000 1.0000 1.0000000 1.0000 []
 | 7.5266 7.3768 10.7458 0.1510215 O=C(O)CN1C(=O)C=CC1=O 1 O=C1C=CC(=O)N1 0.6569496 7.9004 0.5185692 0.5186 0.9647431 2.4880 0.0014212 155.1090 1.0000000 1.0000 0.5000000 0.5000 1.0000000 1.0000 0.5000000 0.5000 1.0000000 1.0000 []
 | 7.2165 7.2626 39.9873 0.3937493 O=C1C(Cl)=C(N2CCOCC2)C(=O)N1c1ccccc1 1 O=C1C=C(N2CCOCC2)C(=O)N1c1ccccc1 0.7087349 7.6793 0.7720987 0.7721 0.9799984 2.1338 0.9503169 292.7220 1.0000000 1.0000 0.5000000 0.5000 1.0000000 1.0000 1.0000000 1.0000 1.0000000 1.0000 []
 | 14.7434 14.7860 -3.7388 0.0920600 COC(=O)C1=C(C)N(C)C(C)=C(C(=O)OC)C1c1cccc([N+](=O)[O-])c1 1 C1=CC(c2ccccc2)C=CN1 0.7138271 7.6565 0.4619907 0.4620 0.9672682 2.4412 0.9995116 360.3660 0.5000000 0.5000 0.5000000 0.5000 0.5000000 0.5000 1.0000000 1.0000 1.0000000 1.0000 []
 | 18.1648 18.0529 6.3555 0.2034033 COc1cc(Cl)c(CNc2ccc(N3CCCC3)cc2)cc1OC 1 c1ccc(CNc2ccc(N3CCCC3)cc2)cc1 0.7249625 7.3945 0.8303429 0.8303 0.9862825 1.9006 0.9987592 346.8580 1.0000000 1.0000 0.5000000 0.5000 0.5000000 0.5000 1.0000000 1.0000 1.0000000 1.0000 []
18:28:44 <INFO> Score: 0.13 Agent NLL: 17.83 Valid: 100% Step: 4
 | Agent Prior Target Score SMILES SMILES_state Scaffold DENV_Activity DENV_Activity (raw) Drug_Likeness Drug_Likeness (raw) Synthetic_Accessibility Synthetic_Accessibility (raw) Molecular_Weight Molecular_Weight (raw) Pyrrolidine_Core Pyrrolidine_Core (raw) Cyclobutane_Core Cyclobutane_Core (raw) Amide_Sidechain Amide_Sidechain (raw) Phenyl_Ring Phenyl_Ring (raw) Unwanted_Structures Unwanted_Structures (raw) matchting_patterns (Unwanted_Structures)
 | 7.4014 7.3694 1.1764 0.0712153 COC(=O)CCC(=O)OC1(C)C(=O)C2=CN(Cc3ccccc3)C(c3ccc(OC)cc3)=CC2=C(Br)C1=O 1 O=C1C=C2C=C(c3ccccc3)N(Cc3ccccc3)C=C2C(=O)C1 0.6969788 7.7313 0.3329389 0.3329 0.8128979 3.6069 0.0038494 580.4310 0.5000000 0.5000 0.5000000 0.5000 0.5000000 0.5000 1.0000000 1.0000 1.0000000 1.0000 []
 | 19.3572 19.2734 2.1437 0.1784763 Cc1ccc(NC(=O)CSc2nc(N)cc(=O)[nH]2)c([N+](=O)[O-])c1 1 O=C(CSc1nccc(=O)[nH]1)Nc1ccccc1 0.7201571 7.6277 0.3230654 0.3231 0.9664989 2.4558 0.9972555 335.3450 0.5000000 0.5000 0.5000000 0.5000 1.0000000 1.0000 1.0000000 1.0000 1.0000000 1.0000 []
 | 12.5706 12.4059 -1.1140 0.0940988 CCCC(=O)C1=C(O)C(=O)c2ccccc2C1=O 1 O=C1C=CC(=O)c2ccccc21 0.7397254 7.4640 0.8275561 0.8276 0.9714803 2.3548 0.4019199 244.2460 0.5000000 0.5000 0.5000000 0.5000 0.5000000 0.5000 1.0000000 1.0000 1.0000000 1.0000 []
 | 13.9413 13.9456 -2.9581 0.0915630 COc1cc(N)c(Cl)cc1C(=O)OCC1CCNCC1 1 O=C(OCC1CCNCC1)c1ccccc1 0.6465942 7.9425 0.6575511 0.6576 0.9726958 2.3276 0.9667187 298.7700 0.5000000 0.5000 0.5000000 0.5000 0.5000000 0.5000 1.0000000 1.0000 1.0000000 1.0000 []
 | 17.1882 17.1741 -5.6938 0.0956694 OCC1OC(c2ccc(Cl)c(Cc3ccccc3F)c2)C(O)C(O)C1O 1 c1ccc(Cc2cccc(C3CCCCO3)c2)cc1 0.7394418 7.4626 0.6444277 0.6444 0.8379360 3.5011 0.9996950 382.8150 0.5000000 0.5000 0.5000000 0.5000 0.5000000 0.5000 1.0000000 1.0000 1.0000000 1.0000 []
 | 17.1241 17.0979 4.5203 0.1801516 Cc1ccc(Sc2ccc(C(=O)Nc3ccccc3N)cc2[N+](=O)[O-])cc1 1 O=C(Nc1ccccc1)c1ccc(Sc2ccccc2)cc1 0.7106487 7.6708 0.3735653 0.3736 0.9823853 2.0550 0.9997584 379.4410 0.5000000 0.5000 0.5000000 0.5000 1.0000000 1.0000 1.0000000 1.0000 1.0000000 1.0000 []
 | 21.3247 21.4359 -8.9850 0.1037574 Cn1c(=CC(=O)C(C)(C)C)sc(=Cc2ccccc2O)c1=O 1 C=c1[nH]c(=O)c(=Cc2ccccc2)s1 0.7396147 7.5365 0.9101264 0.9101 0.9487427 2.7257 0.9905900 317.4100 0.5000000 0.5000 0.5000000 0.5000 0.5000000 0.5000 1.0000000 1.0000 1.0000000 1.0000 []
 | 7.9190 7.8672 2.9994 0.0905548 CC1(C)CC(=O)C(C(C2=C(O)CC(C)(C)CC2=O)c2ccc(O)c([N+](=O)[O-])c2)=C(O)C1 1 O=C1CCCC=C1C(C1=CCCCC1=O)c1ccccc1 0.7136431 7.6573 0.4620274 0.4620 0.8919626 3.2165 0.9924010 429.4690 0.5000000 0.5000 0.5000000 0.5000 0.5000000 0.5000 1.0000000 1.0000 1.0000000 1.0000 []
 | 24.8131 24.6194 -1.0985 0.1960072 O=C1C(O)=C(N(Cc2ccc(C(F)(F)F)cc2)C(=O)C2CCCCC2)C(=O)c2ccccc21 1 O=C1C=C(N(Cc2ccccc2)C(=O)C2CCCCC2)C(=O)c2ccccc21 0.7453894 7.5087 0.6614411 0.6614 0.9578642 2.6007 0.9497595 457.4480 0.5000000 0.5000 0.5000000 0.5000 1.0000000 1.0000 1.0000000 1.0000 1.0000000 1.0000 []
 | 24.5361 24.3638 -1.9117 0.1871009 CCOC(=O)C12C(=O)OCC=C1N(c1cccc(F)c1)C(C)=C2C(C)=O 1 O=C1OCC=C2C1C=CN2c1ccccc1 0.7311046 7.5769 0.6075231 0.6075 0.8010699 3.6530 0.9994763 359.3530 1.0000000 1.0000 0.5000000 0.5000 0.5000000 0.5000 1.0000000 1.0000 1.0000000 1.0000 []
18:28:48 <INFO> Score: 0.15 Agent NLL: 18.48 Valid:  98% Step: 5
 | Agent Prior Target Score SMILES SMILES_state Scaffold DENV_Activity DENV_Activity (raw) Drug_Likeness Drug_Likeness (raw) Synthetic_Accessibility Synthetic_Accessibility (raw) Molecular_Weight Molecular_Weight (raw) Pyrrolidine_Core Pyrrolidine_Core (raw) Cyclobutane_Core Cyclobutane_Core (raw) Amide_Sidechain Amide_Sidechain (raw) Phenyl_Ring Phenyl_Ring (raw) Unwanted_Structures Unwanted_Structures (raw) matchting_patterns (Unwanted_Structures)
 | 22.4508 22.3066 26.2539 0.4046707 COc1cc(NC(=O)CN2CCCC2)ccc1NC(=O)c1ccccc1 1 O=C(CN1CCCC1)Nc1ccc(NC(=O)c2ccccc2)cc1 0.7137541 7.6568 0.8375385 0.8375 0.9901453 1.6971 0.9992111 353.4220 1.0000000 1.0000 0.5000000 0.5000 1.0000000 1.0000 1.0000000 1.0000 1.0000000 1.0000 []
 | 36.1965 35.8293 -25.4527 0.0864724 CC1(C)CSC(CC2=C(C(=O)O)C(CO)C(c3cccc(O)c3)C2C(=O)O)=N1 1 C1=C(CC2=NCCS2)CC(c2ccccc2)C1 0.7100212 7.6736 0.5724275 0.5724 0.5424863 4.3964 0.9985428 405.4720 0.5000000 0.5000 0.5000000 0.5000 0.5000000 0.5000 1.0000000 1.0000 1.0000000 1.0000 []
 | 14.1020 14.2219 -9.6180 0.0383659 CCCC1COC(=N)N1 1 N=C1NCCO1 0.7387370 7.5407 0.5749196 0.5749 0.6544428 4.1117 0.0002214 128.1750 0.5000000 0.5000 0.5000000 0.5000 0.5000000 0.5000 0.5000000 0.5000 1.0000000 1.0000 []
 | 20.8947 20.8491 -16.1486 0.0391705 CCCCCCC1=CC(O)C(O)C(O)O1 1 C1=COCCC1 0.7205242 7.6260 0.5974069 0.5974 0.7151579 3.9403 0.0887089 216.2770 0.5000000 0.5000 0.5000000 0.5000 0.5000000 0.5000 0.5000000 0.5000 1.0000000 1.0000 []
 | 33.7923 33.8732 -14.4978 0.1614615 CC(=N)NC1=CCC(=C(c2ccc(C(=O)NCCCCCN)cc2)c2cccc(O)c2)CC1 1 C1=CCC(=C(c2ccccc2)c2ccccc2)CC1 0.6501920 7.9279 0.2181914 0.2182 0.9167902 3.0411 0.9756147 446.5950 0.5000000 0.5000 0.5000000 0.5000 1.0000000 1.0000 1.0000000 1.0000 1.0000000 1.0000 []
 | 21.4913 21.4015 0.8040 0.1850463 COc1ccc(S(=O)(=O)Nc2cnc3ccccc3c2C(=O)Nc2cccs2)cc1 1 O=C(Nc1cccs1)c1c(NS(=O)(=O)c2ccccc2)cnc2ccccc12 0.7210175 7.6237 0.4652802 0.4653 0.9721575 2.3398 0.9849015 439.5180 0.5000000 0.5000 0.5000000 0.5000 1.0000000 1.0000 1.0000000 1.0000 1.0000000 1.0000 []
 | 11.9899 12.0430 -1.7085 0.0861213 Cc1ccsc1C=C1C(=O)NC(=O)NC1=O 1 O=C1NC(=O)C(=Cc2cccs2)C(=O)N1 0.7432719 7.4811 0.5592585 0.5593 0.9549978 2.6425 0.2789495 236.2520 0.5000000 0.5000 0.5000000 0.5000 1.0000000 1.0000 0.5000000 0.5000 1.0000000 1.0000 []
 | 7.6739 7.6144 14.8688 0.1873599 O=C1NC(=O)C(=Cc2c[nH]nc2-c2ccccc2)C(=O)N1 1 O=C1NC(=O)C(=Cc2c[nH]nc2-c2ccccc2)C(=O)N1 0.7290655 7.5865 0.5601358 0.5601 0.9474762 2.7413 0.9027686 282.2590 0.5000000 0.5000 0.5000000 0.5000 1.0000000 1.0000 1.0000000 1.0000 1.0000000 1.0000 []
 | 9.1947 9.0657 37.7631 0.3902405 COc1ccccc1N(O)C1CC(=O)N(c2ccc(Br)cc2)C1=O 1 O=C1CC(Nc2ccccc2)C(=O)N1c1ccccc1 0.7390444 7.4607 0.6412262 0.6412 0.9457064 2.7626 0.9994550 391.2210 1.0000000 1.0000 0.5000000 0.5000 1.0000000 1.0000 1.0000000 1.0000 1.0000000 1.0000 []
 | 25.7208 25.8743 11.5318 0.3117177 COc1cc(NC2=C(Br)C(=O)N3C(=O)C(Br)=CC23CCC(C)C)c2cccnc2c1 1 O=C1C=CC2C(Nc3cccc4ncccc34)=CC(=O)N12 0.7303261 7.5806 0.5220108 0.5220 0.7564912 3.8108 0.0806152 535.2360 1.0000000 1.0000 0.5000000 0.5000 1.0000000 1.0000 1.0000000 1.0000 1.0000000 1.0000 []
18:28:52 <INFO> Score: 0.14 Agent NLL: 19.67 Valid:  97% Step: 6
 | Agent Prior Target Score SMILES SMILES_state Scaffold DENV_Activity DENV_Activity (raw) Drug_Likeness Drug_Likeness (raw) Synthetic_Accessibility Synthetic_Accessibility (raw) Molecular_Weight Molecular_Weight (raw) Pyrrolidine_Core Pyrrolidine_Core (raw) Cyclobutane_Core Cyclobutane_Core (raw) Amide_Sidechain Amide_Sidechain (raw) Phenyl_Ring Phenyl_Ring (raw) Unwanted_Structures Unwanted_Structures (raw) matchting_patterns (Unwanted_Structures)
 | 7.3944 7.3694 1.1764 0.0712153 COC(=O)CCC(=O)OC1(C)C(=O)C2=CN(Cc3ccccc3)C(c3ccc(OC)cc3)=CC2=C(Br)C1=O 1 O=C1C=C2C=C(c3ccccc3)N(Cc3ccccc3)C=C2C(=O)C1 0.6969788 7.7313 0.3329389 0.3329 0.8128979 3.6069 0.0038494 580.4310 0.5000000 0.5000 0.5000000 0.5000 0.5000000 0.5000 1.0000000 1.0000 1.0000000 1.0000 []
 | 8.9257 8.9811 2.0618 0.0920241 CC1(C)CC(=O)C(C(c2ccc(Br)cc2)C2C(=O)CC(C)(C)CC2=O)C(=O)C1 1 O=C1CCCC(=O)C1C(c1ccccc1)C1C(=O)CCCC1=O 0.6760230 7.8212 0.6313518 0.6314 0.9142921 3.0607 0.9743099 447.3690 0.5000000 0.5000 0.5000000 0.5000 0.5000000 0.5000 1.0000000 1.0000 1.0000000 1.0000 []
 | 17.7880 17.4115 -6.7895 0.0885172 O=C(Cc1cc(O)ccc1O)c1ccc(O)c(O)c1O 1 O=C(Cc1ccccc1)c1ccccc1 0.7341892 7.4376 0.3302136 0.3302 0.9691691 2.4036 0.8597084 276.2440 0.5000000 0.5000 0.5000000 0.5000 0.5000000 0.5000 1.0000000 1.0000 1.0000000 1.0000 []
 | 27.8432 27.7448 -4.6820 0.1921900 N#CC1(n2cc(C(N)=O)c(N=c3cc(-c4ccc(F)cc4)[nH]o3)n2)CC1 1 c1ccc(-c2cc(=Nc3ccn(C4CC4)n3)o[nH]2)cc1 0.7271721 7.5953 0.7438952 0.7439 0.7830038 3.7198 0.9991493 352.3290 0.5000000 0.5000 0.5000000 0.5000 1.0000000 1.0000 1.0000000 1.0000 1.0000000 1.0000 []
 | 13.4790 13.4268 -8.6209 0.0400494 CCC(C)CCCCCCCCC(=O)O 1  0.6937784 7.7452 0.5522438 0.5522 0.9744700 2.2856 0.0785159 214.3490 0.5000000 0.5000 0.5000000 0.5000 0.5000000 0.5000 0.5000000 0.5000 1.0000000 1.0000 []
 | 26.7522 26.8114 -16.0116 0.0899990 CCCCN=c1c(C(=O)c2cccc(OC)c2OC)c[nH]c2cc(C(=O)O)ccc12 1 N=c1c(C(=O)c2ccccc2)c[nH]c2ccccc12 0.6970454 7.7310 0.4359170 0.4359 0.9524693 2.6774 0.9982101 408.4540 0.5000000 0.5000 0.5000000 0.5000 0.5000000 0.5000 1.0000000 1.0000 1.0000000 1.0000 []
 | 24.3884 24.4843 18.3908 0.3572930 O=C(O)c1ccccc1NC(=O)C1C2C=CC(C3C=CC32)C1C(=O)O 1 O=C(Nc1ccccc1)C1CC2C=CC1C1C=CC21 0.7283893 7.5896 0.7301134 0.7301 0.4309161 4.6691 0.9979170 339.3470 0.5000000 0.5000 1.0000000 1.0000 1.0000000 1.0000 1.0000000 1.0000 1.0000000 1.0000 []
 | 29.7775 30.0529 -7.4986 0.1879522 CC(=NC(C)(C)C)Nc1cn(Cc2cccc(Cl)c2)c2ccccc12 1 c1ccc(Cn2ccc3ccccc32)cc1 0.7447416 7.5118 0.4556953 0.4557 0.9628833 2.5204 0.9992366 353.8970 1.0000000 1.0000 0.5000000 0.5000 0.5000000 0.5000 1.0000000 1.0000 1.0000000 1.0000 []
 | 12.1085 12.2619 -2.5675 0.0807867 O=C1NC(=O)C(=Cc2ccco2)C(=O)N1 1 O=C1NC(=O)C(=Cc2ccco2)C(=O)N1 0.7298101 7.4170 0.5007619 0.5008 0.9651270 2.4811 0.0461519 206.1570 0.5000000 0.5000 0.5000000 0.5000 1.0000000 1.0000 0.5000000 0.5000 1.0000000 1.0000 []
 | 7.5816 7.6266 15.2023 0.1902401 O=C1NC(=O)C(=Cc2csc3ccccc23)C(=O)N1 1 O=C1NC(=O)C(=Cc2csc3ccccc23)C(=O)N1 0.7442303 7.4857 0.6119730 0.6120 0.9631220 2.5163 0.8233765 272.2850 0.5000000 0.5000 0.5000000 0.5000 1.0000000 1.0000 1.0000000 1.0000 1.0000000 1.0000 []
18:28:56 <INFO> Score: 0.15 Agent NLL: 19.05 Valid:  95% Step: 7
 | Agent Prior Target Score SMILES SMILES_state Scaffold DENV_Activity DENV_Activity (raw) Drug_Likeness Drug_Likeness (raw) Synthetic_Accessibility Synthetic_Accessibility (raw) Molecular_Weight Molecular_Weight (raw) Pyrrolidine_Core Pyrrolidine_Core (raw) Cyclobutane_Core Cyclobutane_Core (raw) Amide_Sidechain Amide_Sidechain (raw) Phenyl_Ring Phenyl_Ring (raw) Unwanted_Structures Unwanted_Structures (raw) matchting_patterns (Unwanted_Structures)
 | 22.0892 22.2887 0.2656 0.1879527 CCC(CNC1CCC(N)CC1)NC(=O)c1ccc(-c2ccccc2)cc1 1 O=C(NCCNC1CCCCC1)c1ccc(-c2ccccc2)cc1 0.6640114 7.8713 0.7004140 0.7004 0.9594204 2.5768 0.9996579 365.5210 0.5000000 0.5000 0.5000000 0.5000 1.0000000 1.0000 1.0000000 1.0000 1.0000000 1.0000 []
 | 22.3627 22.1157 -0.6268 0.1790736 CCOC(=O)c1c(-c2ccc(C)cc2)csc1NC(=O)c1ccc(Cl)cc1[N+](=O)[O-] 1 O=C(Nc1cc(-c2ccccc2)cs1)c1ccccc1 0.7337406 7.5645 0.2978126 0.2978 0.9775028 2.2068 0.9782563 444.8960 0.5000000 0.5000 0.5000000 0.5000 1.0000000 1.0000 1.0000000 1.0000 1.0000000 1.0000 []
 | 22.4204 22.2028 -10.8010 0.0950151 Nc1cc(OC(=O)c2c(Cl)cccc2Cl)nc2ccnn12 1 O=C(Oc1ccn2nccc2n1)c1ccccc1 0.6713712 7.8407 0.7333720 0.7334 0.9512223 2.6939 0.9936458 323.1390 0.5000000 0.5000 0.5000000 0.5000 0.5000000 0.5000 1.0000000 1.0000 1.0000000 1.0000 []
 | 8.0864 7.9787 1.3228 0.0775123 NCc1ccc(-c2ncc(NCC3CCNCC3)nc2-c2ccc(-c3ccoc3)cc2)cc1 1 c1ccc(-c2ncc(NCC3CCNCC3)nc2-c2ccc(-c3ccoc3)cc2)cc1 0.5395758 8.3536 0.3779209 0.3779 0.9512138 2.6940 0.9848552 439.5630 0.5000000 0.5000 0.5000000 0.5000 0.5000000 0.5000 1.0000000 1.0000 1.0000000 1.0000 []
 | 15.3703 15.2223 -4.3590 0.0905276 COc1cc(C(C2C(=O)CC(C)(C)CC2=O)C2C(=O)CC(C)(C)CC2=O)cc(OC)c1OC 1 O=C1CCCC(=O)C1C(c1ccccc1)C1C(=O)CCCC1=O 0.6741469 7.8291 0.5957659 0.5958 0.9062350 3.1207 0.9459968 458.5510 0.5000000 0.5000 0.5000000 0.5000 0.5000000 0.5000 1.0000000 1.0000 1.0000000 1.0000 []
 | 16.6739 18.0991 26.1370 0.3686343 Nc1ccc(S(=O)(=O)Nc2ccccc2C(=O)NN2C(=O)C=CC2=O)cc1 1 O=C(NN1C(=O)C=CC1=O)c1ccccc1NS(=O)(=O)c1ccccc1 0.7005211 7.7158 0.5090484 0.5090 0.9635910 2.5082 0.9996096 386.3890 1.0000000 1.0000 0.5000000 0.5000 1.0000000 1.0000 1.0000000 1.0000 1.0000000 1.0000 []
 | 32.7208 32.5777 -20.9259 0.0970990 COc1ccc2c(c1)C(=O)c1c(OC)cc3c(c1-2)C(=O)OCO3 1 O=C1c2ccccc2-c2c1ccc1c2C(=O)OCO1 0.7183163 7.3639 0.6768167 0.6768 0.9636625 2.5070 0.9866388 312.2770 0.5000000 0.5000 0.5000000 0.5000 0.5000000 0.5000 1.0000000 1.0000 1.0000000 1.0000 []
 | 14.3719 14.2451 -2.8089 0.0953018 Cc1ccc(C(C2C(=O)CC(C)(C)CC2=O)C2C(=O)CC(C)(C)CC2=O)cc1C 1 O=C1CCCC(=O)C1C(c1ccccc1)C1C(=O)CCCC1=O 0.6945645 7.7418 0.7037863 0.7038 0.9125363 3.0742 0.9992139 396.5270 0.5000000 0.5000 0.5000000 0.5000 0.5000000 0.5000 1.0000000 1.0000 1.0000000 1.0000 []
 | 16.4912 16.6722 7.5621 0.2019521 CC(=O)N1CCC(N(C)Cc2ccc(Cl)cc2)CC1 1 c1ccc(CNC2CCNCC2)cc1 0.7291037 7.5863 0.8499936 0.8500 0.9859149 1.9169 0.8935494 280.7990 0.5000000 0.5000 0.5000000 0.5000 1.0000000 1.0000 1.0000000 1.0000 1.0000000 1.0000 []
 | 8.2991 8.2889 -3.2420 0.0420574 N#Cc1c(N)sc(=S)c2c1CCCCC2 1 S=c1sccc2c1CCCCC2 0.7198478 7.3709 0.5556458 0.5556 0.9378172 2.8502 0.2805223 236.3650 0.5000000 0.5000 0.5000000 0.5000 0.5000000 0.5000 0.5000000 0.5000 1.0000000 1.0000 []
18:29:00 <INFO> Score: 0.14 Agent NLL: 17.47 Valid:  98% Step: 8
 | Agent Prior Target Score SMILES SMILES_state Scaffold DENV_Activity DENV_Activity (raw) Drug_Likeness Drug_Likeness (raw) Synthetic_Accessibility Synthetic_Accessibility (raw) Molecular_Weight Molecular_Weight (raw) Pyrrolidine_Core Pyrrolidine_Core (raw) Cyclobutane_Core Cyclobutane_Core (raw) Amide_Sidechain Amide_Sidechain (raw) Phenyl_Ring Phenyl_Ring (raw) Unwanted_Structures Unwanted_Structures (raw) matchting_patterns (Unwanted_Structures)
 | 7.3741 7.3694 1.1764 0.0712153 COC(=O)CCC(=O)OC1(C)C(=O)C2=CN(Cc3ccccc3)C(c3ccc(OC)cc3)=CC2=C(Br)C1=O 1 O=C1C=C2C=C(c3ccccc3)N(Cc3ccccc3)C=C2C(=O)C1 0.6969788 7.7313 0.3329389 0.3329 0.8128979 3.6069 0.0038494 580.4310 0.5000000 0.5000 0.5000000 0.5000 0.5000000 0.5000 1.0000000 1.0000 1.0000000 1.0000 []
 | 20.9779 21.1283 2.0591 0.1932283 CC(=O)Nc1ccc(-c2ccc(NC(=O)c3ccccc3C(=O)O)cc2)cc1 1 O=C(Nc1ccc(-c2ccccc2)cc1)c1ccccc1 0.7201149 7.6279 0.6216264 0.6216 0.9898391 1.7159 0.9998147 374.3960 0.5000000 0.5000 0.5000000 0.5000 1.0000000 1.0000 1.0000000 1.0000 1.0000000 1.0000 []
 | 20.4331 20.6977 -9.2644 0.0952778 CC(=O)c1ccc(NC2=C(Nc3ccccc3)C(=O)c3ccccc3C2=O)cc1 1 O=C1C(Nc2ccccc2)=C(Nc2ccccc2)C(=O)c2ccccc21 0.7026200 7.2935 0.6255714 0.6256 0.9784334 2.1806 0.9997032 382.4190 0.5000000 0.5000 0.5000000 0.5000 0.5000000 0.5000 1.0000000 1.0000 1.0000000 1.0000 []
 | 30.4201 30.6010 -25.9695 0.0385952 CCC1C2C=CC(=O)C2C(=O)CC1(C)C 1 O=C1C=CC2CCCC(=O)C12 0.7364974 7.4486 0.6172042 0.6172 0.6000069 4.2535 0.0465427 206.2850 0.5000000 0.5000 0.5000000 0.5000 0.5000000 0.5000 0.5000000 0.5000 1.0000000 1.0000 []
 | 19.5930 19.6735 -8.4148 0.0938223 CCCC(CC)c1ccc(OCC(=O)O)c(C)c1 1 c1ccccc1 0.7254344 7.6034 0.8012359 0.8012 0.9651054 2.4815 0.5058367 250.3380 0.5000000 0.5000 0.5000000 0.5000 0.5000000 0.5000 1.0000000 1.0000 1.0000000 1.0000 []
 | 8.4710 8.4398 34.1234 0.3546929 CCCCCOc1ccc(C2C(C(=O)c3ccc(C)o3)=C(O)C(=O)N2c2cc(C)on2)cc1 1 O=C(C1=CC(=O)N(c2ccon2)C1c1ccccc1)c1ccco1 0.7203385 7.6268 0.3510646 0.3511 0.9220121 2.9982 0.9683226 450.4910 1.0000000 1.0000 0.5000000 0.5000 1.0000000 1.0000 1.0000000 1.0000 1.0000000 1.0000 []
 | 16.7005 16.7386 7.2139 0.1996034 CC(C)(C)c1ccc(NC(=O)c2n[nH]c(=O)c3ccccc23)cc1 1 O=C(Nc1ccccc1)c1n[nH]c(=O)c2ccccc12 0.7229596 7.6148 0.7586461 0.7586 0.9852625 1.9448 0.9928308 321.3800 0.5000000 0.5000 0.5000000 0.5000 1.0000000 1.0000 1.0000000 1.0000 1.0000000 1.0000 []
 | 29.7136 29.6369 -17.7659 0.0989254 CC(C)c1nn2ccccc2c1C(=O)NCc1cccc(C(F)(F)F)n1 1 O=C(NCc1ccccn1)c1cnn2ccccc12 0.7136942 7.6571 0.7679672 0.7680 0.9559768 2.6285 0.9995742 362.3550 0.5000000 0.5000 0.5000000 0.5000 1.0000000 1.0000 0.5000000 0.5000 1.0000000 1.0000 []
 | 7.2250 7.0738 -1.2387 0.0486255 Cc1ccc(C(C2=C(O)CC(C)(C)CC2=O)C2C(=O)CC(C)(C)CC2=O)s1 1 O=C1CCCC=C1C(c1cccs1)C1C(=O)CCCC1=O 0.7381324 7.4564 0.7464883 0.7465 0.8007920 3.6541 0.9995474 388.5290 0.5000000 0.5000 0.5000000 0.5000 0.5000000 0.5000 0.5000000 0.5000 1.0000000 1.0000 []
 | 23.2209 23.4521 -3.9316 0.1626709 O=C1NC(=O)C2(Cc3ccccc3C(O)C2)N1 1 O=C1NC(=O)C2(CCc3ccccc3C2)N1 0.7414851 7.4724 0.5607401 0.5607 0.7405761 3.8622 0.2267268 232.2390 0.5000000 0.5000 0.5000000 0.5000 1.0000000 1.0000 1.0000000 1.0000 1.0000000 1.0000 []
18:29:04 <INFO> Score: 0.15 Agent NLL: 19.44 Valid:  98% Step: 9
 | Agent Prior Target Score SMILES SMILES_state Scaffold DENV_Activity DENV_Activity (raw) Drug_Likeness Drug_Likeness (raw) Synthetic_Accessibility Synthetic_Accessibility (raw) Molecular_Weight Molecular_Weight (raw) Pyrrolidine_Core Pyrrolidine_Core (raw) Cyclobutane_Core Cyclobutane_Core (raw) Amide_Sidechain Amide_Sidechain (raw) Phenyl_Ring Phenyl_Ring (raw) Unwanted_Structures Unwanted_Structures (raw) matchting_patterns (Unwanted_Structures)
 | 29.4877 29.2807 -24.6159 0.0388733 O=CCC(=CCC(=O)O)C(=O)O 1  0.7319974 7.5727 0.4515838 0.4516 0.8854023 3.2568 0.0045928 172.1360 0.5000000 0.5000 0.5000000 0.5000 0.5000000 0.5000 0.5000000 0.5000 1.0000000 1.0000 []
 | 23.8075 23.7028 -23.7028 0.0000000 C(=COc1ccc(C=C2C(=O)NC(=O)NC2=O)cc1)(=O)c1ccc(OC)cc1 0 -- 0.0000000 0.0000 0.0000000 0.0000 0.0000000 0.0000 0.0000000 0.0000 0.0000000 0.0000 0.0000000 0.0000 0.0000000 0.0000 0.0000000 0.0000 0.0000000 0.0000 None
 | 9.7508 9.8022 1.3852 0.0932284 O=C(O)c1ccc2nc(-c3ccco3)c(-c3ccco3)nc2c1 1 c1coc(-c2nc3ccccc3nc2-c2ccco2)c1 0.6807964 7.1990 0.6180892 0.6181 0.9738017 2.3017 0.9799147 306.2770 0.5000000 0.5000 0.5000000 0.5000 0.5000000 0.5000 1.0000000 1.0000 1.0000000 1.0000 []
 | 27.4264 27.1904 -6.6580 0.1711033 CCOc1ccc(-c2nnc(SCC(=O)Nc3cccc(S(N)(=O)=O)c3)n2CC)cc1OC 1 O=C(CSc1nnc(-c2ccccc2)[nH]1)Nc1ccccc1 0.7059233 7.6919 0.4129196 0.4129 0.9755241 2.2593 0.6412047 491.5950 0.5000000 0.5000 0.5000000 0.5000 1.0000000 1.0000 1.0000000 1.0000 1.0000000 1.0000 []
 | 33.8215 33.9529 -11.6649 0.1857333 C#CCOc1c(C)cc(C(=O)c2ccc(C(C)(C)C)cc2)c(C(C)C)c1OC(=O)NC 1 O=C(c1ccccc1)c1ccccc1 0.7205251 7.6260 0.5025392 0.5025 0.9379621 2.8487 0.9955925 421.5370 0.5000000 0.5000 0.5000000 0.5000 1.0000000 1.0000 1.0000000 1.0000 1.0000000 1.0000 []
 | 20.3142 21.5350 1.1352 0.1889183 O=C1C=CC(=O)c2cc3c(cc21)c1ccccc1n3CCOc1ccccc1 1 O=C1C=CC(=O)c2cc3c(cc21)c1ccccc1n3CCOc1ccccc1 0.7271909 7.4048 0.5200778 0.5201 0.9739558 2.2980 0.9996996 367.4040 1.0000000 1.0000 0.5000000 0.5000 0.5000000 0.5000 1.0000000 1.0000 1.0000000 1.0000 []
 | 18.6046 19.3374 25.8272 0.3763719 COCCOc1ccc(N2CCC(Oc3ccc(C(C)NC(C)=O)cc3)C2)cc1 1 c1ccc(OC2CCN(c3ccccc3)C2)cc1 0.6870425 7.7743 0.6546510 0.6547 0.9369735 2.8589 0.9990991 398.5030 1.0000000 1.0000 0.5000000 0.5000 1.0000000 1.0000 1.0000000 1.0000 1.0000000 1.0000 []
 | 30.2779 30.1474 -12.0894 0.1504831 CCOC(=O)C(C)NC(=O)c1nc(-c2ccc(Oc3ccc(C(F)(F)F)cc3)cc2)cc(N2CCOCC2)n1 1 c1ccc(Oc2ccc(-c3cc(N4CCOCC4)ncn3)cc2)cc1 0.6922755 7.7518 0.4146573 0.4147 0.9156097 3.0504 0.0441071 544.5300 0.5000000 0.5000 0.5000000 0.5000 1.0000000 1.0000 1.0000000 1.0000 1.0000000 1.0000 []
 | 24.0006 23.8879 -13.8165 0.0839287 O=[N+]([O-])c1cc(C=Cc2oc(O)c(O)c2O)cc(O)c1O 1 C(=Cc1ccco1)c1ccccc1 0.6693993 7.1511 0.3259664 0.3260 0.8960846 3.1901 0.9578118 295.2030 0.5000000 0.5000 0.5000000 0.5000 0.5000000 0.5000 1.0000000 1.0000 1.0000000 1.0000 []
 | 7.7783 7.3768 10.7458 0.1510215 O=C(O)CN1C(=O)C=CC1=O 1 O=C1C=CC(=O)N1 0.6569496 7.9004 0.5185692 0.5186 0.9647431 2.4880 0.0014212 155.1090 1.0000000 1.0000 0.5000000 0.5000 1.0000000 1.0000 0.5000000 0.5000 1.0000000 1.0000 []
18:29:08 <INFO> Score: 0.15 Agent NLL: 18.73 Valid:  95% Step: 10
 | Agent Prior Target Score SMILES SMILES_state Scaffold DENV_Activity DENV_Activity (raw) Drug_Likeness Drug_Likeness (raw) Synthetic_Accessibility Synthetic_Accessibility (raw) Molecular_Weight Molecular_Weight (raw) Pyrrolidine_Core Pyrrolidine_Core (raw) Cyclobutane_Core Cyclobutane_Core (raw) Amide_Sidechain Amide_Sidechain (raw) Phenyl_Ring Phenyl_Ring (raw) Unwanted_Structures Unwanted_Structures (raw) matchting_patterns (Unwanted_Structures)
 | 27.2847 27.2178 -8.1569 0.1588413 CC(C)(C)c1ccc(-n2c3c(c(-c4ccc(OCCCC(=O)O)cc4)c(C(N)=O)c2=O)C(=O)CCC3)cc1 1 O=C1CCCc2c1c(-c1ccccc1)cc(=O)n2-c1ccccc1 0.7023247 7.7078 0.4190303 0.4190 0.9503331 2.7055 0.2411706 516.5940 0.5000000 0.5000 0.5000000 0.5000 1.0000000 1.0000 1.0000000 1.0000 1.0000000 1.0000 []
 | 14.1142 14.2926 10.6386 0.2077604 Cc1cccc(C(=O)Nc2sc3c(c2C(=O)O)CCCC3)c1 1 O=C(Nc1cc2c(s1)CCCC2)c1ccccc1 0.7347125 7.5599 0.9028463 0.9028 0.9839011 1.9994 0.9891990 315.3940 0.5000000 0.5000 0.5000000 0.5000 1.0000000 1.0000 1.0000000 1.0000 1.0000000 1.0000 []
 | 8.4655 8.4055 3.1420 0.0962295 O=C(O)c1cccc(Nc2cc(Cl)c3nonc3c2[N+](=O)[O-])c1 1 c1ccc(Nc2ccc3nonc3c2)cc1 0.7464576 7.4965 0.5486702 0.5487 0.9634960 2.5099 0.9971259 334.6750 0.5000000 0.5000 0.5000000 0.5000 0.5000000 0.5000 1.0000000 1.0000 1.0000000 1.0000 []
 | 17.4417 17.3874 4.6436 0.1835916 CCOC(=O)c1cccc(NC(=O)C2C3C=CC(C3)C2C(=O)O)c1 1 O=C(Nc1ccccc1)C1CC2C=CC1C2 0.7166258 7.6438 0.6386892 0.6387 0.7243748 3.9125 0.9958540 329.3520 0.5000000 0.5000 0.5000000 0.5000 1.0000000 1.0000 1.0000000 1.0000 1.0000000 1.0000 []
 | 17.4999 17.4914 3.3131 0.1733713 Cc1[nH]c2ccccc2c1C(=O)c1ccc(Sc2ccc(Cl)cc2)c([N+](=O)[O-])c1 1 O=C(c1ccc(Sc2ccccc2)cc1)c1c[nH]c2ccccc12 0.7133614 7.6586 0.2285063 0.2285 0.9739163 2.2990 0.9951618 422.8930 1.0000000 1.0000 0.5000000 0.5000 0.5000000 0.5000 1.0000000 1.0000 1.0000000 1.0000 []
 | 22.8035 23.1076 -3.9373 0.1597522 N=C(N)Nc1ccc(C(=O)Nc2cccc(SC(=N)N)c2)cc1 1 O=C(Nc1ccccc1)c1ccccc1 0.5954603 8.1432 0.2898915 0.2899 0.9712893 2.3590 0.9955736 328.4010 0.5000000 0.5000 0.5000000 0.5000 1.0000000 1.0000 1.0000000 1.0000 1.0000000 1.0000 []
 | 17.5221 17.0194 -5.1454 0.0989503 CCC(C1=C(O)C(=O)C(Cl)=C(Nc2ccccc2)C1=O)c1ccccc1 1 O=C1C=C(Cc2ccccc2)C(=O)C(Nc2ccccc2)=C1 0.7255450 7.3972 0.7511061 0.7511 0.9338561 2.8903 0.9997082 367.8320 0.5000000 0.5000 0.5000000 0.5000 0.5000000 0.5000 1.0000000 1.0000 1.0000000 1.0000 []
 | 18.5302 18.0292 -13.7519 0.0356440 CC1C(=O)OC(C)(O)C1O 1 O=C1CCCO1 0.7272192 7.4049 0.4410873 0.4411 0.5705440 4.3273 0.0007655 146.1420 0.5000000 0.5000 0.5000000 0.5000 0.5000000 0.5000 0.5000000 0.5000 1.0000000 1.0000 []
 | 7.7684 7.8105 3.9576 0.0980680 Cc1ccc(SC2=C(N(C)C)C(=O)c3ccccc3C2=O)cc1 1 O=C1C=C(Sc2ccccc2)C(=O)c2ccccc21 0.6691822 7.1502 0.8572474 0.8572 0.9693575 2.3998 0.9937658 323.4170 0.5000000 0.5000 0.5000000 0.5000 0.5000000 0.5000 1.0000000 1.0000 1.0000000 1.0000 []
 | 32.7326 32.8142 -10.0235 0.1899228 CC(C)CC(=O)N1CCC2C(CCN2C(=O)N(C)C)C1 1 C1CC2NCCC2CN1 0.6912987 7.7560 0.7720610 0.7721 0.8973927 3.1815 0.8974342 281.4000 1.0000000 1.0000 0.5000000 0.5000 1.0000000 1.0000 0.5000000 0.5000 1.0000000 1.0000 []
18:29:12 <INFO> Score: 0.13 Agent NLL: 18.99 Valid:  97% Step: 11
 | Agent Prior Target Score SMILES SMILES_state Scaffold DENV_Activity DENV_Activity (raw) Drug_Likeness Drug_Likeness (raw) Synthetic_Accessibility Synthetic_Accessibility (raw) Molecular_Weight Molecular_Weight (raw) Pyrrolidine_Core Pyrrolidine_Core (raw) Cyclobutane_Core Cyclobutane_Core (raw) Amide_Sidechain Amide_Sidechain (raw) Phenyl_Ring Phenyl_Ring (raw) Unwanted_Structures Unwanted_Structures (raw) matchting_patterns (Unwanted_Structures)
 | 11.7688 11.5013 -0.5887 0.0909384 Cc1ccc(C(c2c(C)[nH]n(-c3ncc(-c4ccccc4)s3)c2=O)C(C#N)C#N)o1 1 O=c1c(Cc2ccco2)c[nH]n1-c1ncc(-c2ccccc2)s1 0.7208636 7.3756 0.5224007 0.5224 0.8066124 3.6317 0.9970955 415.4780 0.5000000 0.5000 0.5000000 0.5000 0.5000000 0.5000 1.0000000 1.0000 1.0000000 1.0000 []
 | 23.4837 23.0603 -18.2866 0.0397814 CC1C(Cl)(Cl)C1(C)CC(=O)CCl 1 C1CC1 0.7202420 7.6273 0.6801079 0.6801 0.5986178 4.2570 0.1956446 229.5340 0.5000000 0.5000 0.5000000 0.5000 0.5000000 0.5000 0.5000000 0.5000 1.0000000 1.0000 []
 | 23.8667 24.2101 -0.3769 0.1986101 CCCC(=O)Nc1nc(=O)c2c(C)cc(C)cc2[nH]1 1 O=c1nc[nH]c2ccccc12 0.7437520 7.5166 0.8875325 0.8875 0.9724067 2.3341 0.6554408 259.3090 0.5000000 0.5000 0.5000000 0.5000 1.0000000 1.0000 1.0000000 1.0000 1.0000000 1.0000 []
 | 14.1031 14.3817 30.6017 0.3748613 O=C(O)c1[nH]c2ccccc2c1C(=O)Nc1ccccc1 1 O=C(Nc1ccccc1)c1c[nH]c2ccccc12 0.6785954 7.8103 0.6890098 0.6890 0.9870495 1.8651 0.8901109 280.2830 1.0000000 1.0000 0.5000000 0.5000 1.0000000 1.0000 1.0000000 1.0000 1.0000000 1.0000 []
 | 29.1624 28.5628 -6.8961 0.1805559 COC(=O)CCN1C(=O)C(=Cc2ccc(OC)cc2)C(=O)N(CC(C)O)C1=O 1 O=C1NC(=O)C(=Cc2ccccc2)C(=O)N1 0.7119899 7.6647 0.4163621 0.4164 0.9349802 2.8791 0.9994853 390.3920 0.5000000 0.5000 0.5000000 0.5000 1.0000000 1.0000 1.0000000 1.0000 1.0000000 1.0000 []
 | 19.0085 18.6684 6.1091 0.2064788 CCOC(=O)c1cc(C)sc1NC(=O)C1COc2ccccc2O1 1 O=C(Nc1cccs1)C1COc2ccccc2O1 0.7468014 7.5018 0.8608173 0.8608 0.9492989 2.7187 0.9988040 347.3920 0.5000000 0.5000 0.5000000 0.5000 1.0000000 1.0000 1.0000000 1.0000 1.0000000 1.0000 []
 | 9.2237 8.8478 -3.6191 0.0435729 CCc1sc(C(C2C(=O)CC(C)(C)CC2=O)C2C(=O)CC(C)(C)CC2=O)cc1[N+](=O)[O-] 1 O=C1CCCC(=O)C1C(c1cccs1)C1C(=O)CCCC1=O 0.7212555 7.3774 0.3744091 0.3744 0.8026570 3.6470 0.9739897 447.5530 0.5000000 0.5000 0.5000000 0.5000 0.5000000 0.5000 0.5000000 0.5000 1.0000000 1.0000 []
 | 19.5466 19.3467 3.7046 0.1920938 CCn1c2ccccc2c2cc(C3=CCN(C)CC3)ccc21 1 C1=C(c2ccc3[nH]c4ccccc4c3c2)CCNC1 0.7101475 7.6730 0.6727715 0.6728 0.9758583 2.2507 0.9422107 290.4100 1.0000000 1.0000 0.5000000 0.5000 0.5000000 0.5000 1.0000000 1.0000 1.0000000 1.0000 []
 | 29.4754 30.2359 -30.2359 0.0000000 C1=CC(=O)c2c([nH]c3c(-c4ccccc4)cc4c(cccc4)n23)C1=O 0 -- 0.0000000 0.0000 0.0000000 0.0000 0.0000000 0.0000 0.0000000 0.0000 0.0000000 0.0000 0.0000000 0.0000 0.0000000 0.0000 0.0000000 0.0000 0.0000000 0.0000 None
 | 23.9414 23.7023 -12.1661 0.0961354 Cc1ccc(S(=O)(=O)N2CCC(c3nccn3Cc3ccccc3)CC2)cc1 1 O=S(=O)(c1ccccc1)N1CCC(c2nccn2Cc2ccccc2)CC1 0.7029088 7.7052 0.6601071 0.6601 0.9808226 2.1077 0.9992663 395.5280 0.5000000 0.5000 0.5000000 0.5000 0.5000000 0.5000 1.0000000 1.0000 1.0000000 1.0000 []
18:29:17 <INFO> Score: 0.13 Agent NLL: 18.00 Valid:  98% Step: 12
 | Agent Prior Target Score SMILES SMILES_state Scaffold DENV_Activity DENV_Activity (raw) Drug_Likeness Drug_Likeness (raw) Synthetic_Accessibility Synthetic_Accessibility (raw) Molecular_Weight Molecular_Weight (raw) Pyrrolidine_Core Pyrrolidine_Core (raw) Cyclobutane_Core Cyclobutane_Core (raw) Amide_Sidechain Amide_Sidechain (raw) Phenyl_Ring Phenyl_Ring (raw) Unwanted_Structures Unwanted_Structures (raw) matchting_patterns (Unwanted_Structures)
 | 18.3123 18.4391 5.4661 0.1992100 CCC(=O)N1CCC1(C)C(=O)Nc1ccccc1C 1 O=C(Nc1ccccc1)C1CCN1 0.7442763 7.4859 0.9064646 0.9065 0.9510821 2.6958 0.6712965 260.3370 0.5000000 0.5000 0.5000000 0.5000 1.0000000 1.0000 1.0000000 1.0000 1.0000000 1.0000 []
 | 20.3936 20.1581 2.6106 0.1897393 CCOc1ccc(NC(O)c2cc(O)n(-c3ccc(OC)cc3)c2)cc1 1 c1ccc(NCc2ccn(-c3ccccc3)c2)cc1 0.7306473 7.5791 0.5642750 0.5643 0.9282421 2.9435 0.9992630 354.4060 1.0000000 1.0000 0.5000000 0.5000 0.5000000 0.5000 1.0000000 1.0000 1.0000000 1.0000 []
 | 13.9006 14.0160 -4.6847 0.0777611 NCc1ccc(-c2ccc(NCC3CCNCC3)nc2-c2ccc(-c3ccoc3)cc2)cc1 1 c1ccc(-c2ccc(NCC3CCNCC3)nc2-c2ccc(-c3ccoc3)cc2)cc1 0.5495989 8.3163 0.3528677 0.3529 0.9576364 2.6041 0.9858402 438.5750 0.5000000 0.5000 0.5000000 0.5000 0.5000000 0.5000 1.0000000 1.0000 1.0000000 1.0000 []
 | 20.6638 21.2474 3.2592 0.2042220 O=C(c1ccccc1)N1CCN(S(=O)(=O)c2ccccc2)CC1 1 O=C(c1ccccc1)N1CCN(S(=O)(=O)c2ccccc2)CC1 0.7191972 7.6321 0.8626454 0.8626 0.9915896 1.5999 0.9961448 330.4090 0.5000000 0.5000 0.5000000 0.5000 1.0000000 1.0000 1.0000000 1.0000 1.0000000 1.0000 []
 | 30.5858 31.1693 -20.4975 0.0889312 NCC1CCC(C(=O)NC2CCCC2C(=O)Nc2ccc([N+](=O)[O-])s2)CC1 1 O=C(NC1CCCC1C(=O)Nc1cccs1)C1CCCCC1 0.6878702 7.7708 0.5047334 0.5047 0.8423655 3.4810 0.9993167 394.4970 0.5000000 0.5000 0.5000000 0.5000 1.0000000 1.0000 0.5000000 0.5000 1.0000000 1.0000 []
 | 7.8821 7.7614 2.9875 0.0895745 N#CC(=C1C=C(Br)C(=NO)C=C1Cl)c1ccc(Cl)cc1 1 N=C1C=CC(=Cc2ccccc2)C=C1 0.7059673 7.6917 0.4360981 0.4361 0.8947126 3.1990 0.9997495 370.0330 0.5000000 0.5000 0.5000000 0.5000 0.5000000 0.5000 1.0000000 1.0000 1.0000000 1.0000 []
 | 9.1174 9.2730 14.3488 0.1968479 CCOc1c(Cl)cc(CNc2ccc(N3CCCC3)cc2)cc1OC 1 c1ccc(CNc2ccc(N3CCCC3)cc2)cc1 0.7027087 7.2939 0.7562322 0.7562 0.9847984 1.9640 0.9995288 360.8850 1.0000000 1.0000 0.5000000 0.5000 0.5000000 0.5000 1.0000000 1.0000 1.0000000 1.0000 []
 | 15.8506 15.8016 -5.4134 0.0865683 CSc1cc(N)nc(OC(=O)c2ccc([N+](=O)[O-])cc2)n1 1 O=C(Oc1ncccn1)c1ccccc1 0.6958455 7.7362 0.2987012 0.2987 0.9569314 2.6146 0.9799500 306.3030 0.5000000 0.5000 0.5000000 0.5000 0.5000000 0.5000 1.0000000 1.0000 1.0000000 1.0000 []
 | 21.6278 22.4759 -11.6797 0.0899678 Cc1[nH]c(=NC(=O)C2C3CCC(O3)C2C(=O)O)sc1C 1 O=C(N=c1[nH]ccs1)C1CC2CCC1O2 0.7456936 7.4928 0.8513151 0.8513 0.2770931 5.0830 0.9608946 296.3480 0.5000000 0.5000 0.5000000 0.5000 1.0000000 1.0000 0.5000000 0.5000 1.0000000 1.0000 []
 | 23.4971 23.2880 -12.6033 0.0890394 Cc1c(C)c2cc3oc(=O)cc(C)c3c(C)c2oc1=O 1 O=c1ccc2cc3oc(=O)ccc3cc2o1 0.7111930 7.3317 0.4648563 0.4649 0.9583092 2.5939 0.8023693 270.2840 0.5000000 0.5000 0.5000000 0.5000 0.5000000 0.5000 1.0000000 1.0000 1.0000000 1.0000 []
18:29:21 <INFO> Score: 0.14 Agent NLL: 19.27 Valid:  98% Step: 13
 | Agent Prior Target Score SMILES SMILES_state Scaffold DENV_Activity DENV_Activity (raw) Drug_Likeness Drug_Likeness (raw) Synthetic_Accessibility Synthetic_Accessibility (raw) Molecular_Weight Molecular_Weight (raw) Pyrrolidine_Core Pyrrolidine_Core (raw) Cyclobutane_Core Cyclobutane_Core (raw) Amide_Sidechain Amide_Sidechain (raw) Phenyl_Ring Phenyl_Ring (raw) Unwanted_Structures Unwanted_Structures (raw) matchting_patterns (Unwanted_Structures)
 | 26.6094 27.7767 18.3038 0.3840043 CC1=C(C(=O)[O-])N2C(=O)C(=Cc3ccccc3)SCC2C1C(=O)O 1 O=C1C(=Cc2ccccc2)SCC2CC=CN12 0.7216443 7.6208 0.8111980 0.8112 0.7149997 3.9408 0.9985266 344.3680 1.0000000 1.0000 0.5000000 0.5000 1.0000000 1.0000 1.0000000 1.0000 1.0000000 1.0000 []
 | 15.6349 15.5232 -3.8267 0.0974712 O=C(O)Cc1cccc2c1C(=O)c1ccccc1C2=O 1 O=C1c2ccccc2C(=O)c2ccccc21 0.7332298 7.4331 0.7705360 0.7705 0.9848047 1.9637 0.7544798 266.2520 0.5000000 0.5000 0.5000000 0.5000 0.5000000 0.5000 1.0000000 1.0000 1.0000000 1.0000 []
 | 16.1878 15.9591 -5.0265 0.0911055 CCOC(=O)c1sc2cc(O)ccc2c1C 1 c1ccc2sccc2c1 0.7226297 7.6163 0.8149006 0.8149 0.9815811 2.0827 0.2795057 236.2920 0.5000000 0.5000 0.5000000 0.5000 0.5000000 0.5000 1.0000000 1.0000 1.0000000 1.0000 []
 | 35.6944 35.3498 -16.9740 0.1531318 O=C(CNc1cc(C(F)(F)F)cc2c(=O)n(Cc3ccccc3)c(CO)nc12)Nc1ccccc1C(=O)O 1 O=C(CNc1cccc2c(=O)n(Cc3ccccc3)cnc12)Nc1ccccc1 0.7267931 7.5970 0.2751395 0.2751 0.9613529 2.5459 0.1384108 526.4710 0.5000000 0.5000 0.5000000 0.5000 1.0000000 1.0000 1.0000000 1.0000 1.0000000 1.0000 []
 | 14.8986 14.7726 -4.8733 0.0824946 CCN(CC)CCCOC(=O)c1ccc(NC(=N)N)cc1 1 c1ccccc1 0.6385550 7.9748 0.2943934 0.2944 0.9802333 2.1264 0.9491996 292.3830 0.5000000 0.5000 0.5000000 0.5000 0.5000000 0.5000 1.0000000 1.0000 1.0000000 1.0000 []
 | 11.9655 12.3708 10.6348 0.1917134 O=C1NC(=O)C(=Cc2ccc(-c3cccc(C(=O)O)c3)o2)C(=O)N1 1 O=C1NC(=O)C(=Cc2ccc(-c3ccccc3)o2)C(=O)N1 0.7297926 7.4169 0.5779172 0.5779 0.9709888 2.3655 0.9948732 326.2640 0.5000000 0.5000 0.5000000 0.5000 1.0000000 1.0000 1.0000000 1.0000 1.0000000 1.0000 []
 | 5.8507 7.1725 -7.1725 0.0000000 O=C1C=CC(=O)N1N(c1ccccc1)c1ccccc1 1 O=C1C=CC(=O)N1N(c1ccccc1)c1ccccc1 0.7159069 7.3530 0.8001594 0.8002 0.9635772 2.5085 0.7284364 264.2840 1.0000000 1.0000 0.5000000 0.5000 1.0000000 1.0000 1.0000000 1.0000 1.0000000 1.0000 []
 | 20.5714 20.1958 -8.5966 0.0966599 COC(=O)C1=C(OC(=O)c2ccccc2)CC(C)(C)CC1=O 1 O=C1C=C(OC(=O)c2ccccc2)CCC1 0.7275429 7.5936 0.6339275 0.6339 0.9686055 2.4150 0.9737771 302.3260 0.5000000 0.5000 0.5000000 0.5000 0.5000000 0.5000 1.0000000 1.0000 1.0000000 1.0000 []
 | 17.0738 17.0757 27.9183 0.3749495 O=C1NC(=O)C(N2C(=O)c3ccc(C(=O)O)cc3C2=O)C(=O)N1 1 O=C1NC(=O)C(N2C(=O)c3ccccc3C2=O)C(=O)N1 0.7444547 7.5132 0.4536009 0.4536 0.9602660 2.5635 0.9904622 317.2130 1.0000000 1.0000 0.5000000 0.5000 1.0000000 1.0000 1.0000000 1.0000 1.0000000 1.0000 []
 | 12.1735 12.5951 36.1222 0.4059775 O=C1c2ccccc2C(=O)N1OS(=O)(=O)C1CCCCC1 1 O=C1c2ccccc2C(=O)N1OS(=O)(=O)C1CCCCC1 0.7432382 7.4809 0.7963060 0.7963 0.9604067 2.5612 0.9836858 309.3430 1.0000000 1.0000 0.5000000 0.5000 1.0000000 1.0000 1.0000000 1.0000 1.0000000 1.0000 []
18:29:25 <INFO> Score: 0.15 Agent NLL: 20.83 Valid:  97% Step: 14
 | Agent Prior Target Score SMILES SMILES_state Scaffold DENV_Activity DENV_Activity (raw) Drug_Likeness Drug_Likeness (raw) Synthetic_Accessibility Synthetic_Accessibility (raw) Molecular_Weight Molecular_Weight (raw) Pyrrolidine_Core Pyrrolidine_Core (raw) Cyclobutane_Core Cyclobutane_Core (raw) Amide_Sidechain Amide_Sidechain (raw) Phenyl_Ring Phenyl_Ring (raw) Unwanted_Structures Unwanted_Structures (raw) matchting_patterns (Unwanted_Structures)
 | 26.9244 27.6362 -15.8970 0.0978267 O=C(O)c1cccc(Nc2nc(=O)c3ccccc3[nH]2)c1 1 O=c1nc(Nc2ccccc2)[nH]c2ccccc12 0.7384384 7.5422 0.6846871 0.6847 0.9851821 1.9482 0.8966111 281.2710 0.5000000 0.5000 0.5000000 0.5000 0.5000000 0.5000 1.0000000 1.0000 1.0000000 1.0000 []
 | 16.0670 15.8657 -3.5024 0.1030275 O=C(O)c1ccccc1C(=O)c1cc(Cl)cc(Cl)c1O 1 O=C(c1ccccc1)c1ccccc1 0.7409178 7.5303 0.8488939 0.8489 0.9847694 1.9651 0.9855431 311.1200 0.5000000 0.5000 0.5000000 0.5000 0.5000000 0.5000 1.0000000 1.0000 1.0000000 1.0000 []
 | 23.6454 23.7732 -1.4313 0.1861818 COc1cccc2c(C(=O)C(Cl)Cl)c[nH]c12 1 c1ccc2[nH]ccc2c1 0.7290653 7.5865 0.6782427 0.6782 0.9678062 2.4308 0.6364074 258.1040 1.0000000 1.0000 0.5000000 0.5000 0.5000000 0.5000 1.0000000 1.0000 1.0000000 1.0000 []
 | 20.5995 20.5333 1.3676 0.1825074 CCCSc1nnc(NC(=O)c2ccccc2[N+](=O)[O-])s1 1 O=C(Nc1nncs1)c1ccccc1 0.7277861 7.5924 0.3790617 0.3791 0.9790496 2.1625 0.9941676 324.3870 0.5000000 0.5000 0.5000000 0.5000 1.0000000 1.0000 1.0000000 1.0000 1.0000000 1.0000 []
 | 21.3612 21.4687 0.4254 0.1824506 Cc1cc(C)c(C#N)c(OC(C)C(=O)Nc2ccc(S(=O)(=O)Nc3ccccc3)cc2)n1 1 O=C(COc1ccccn1)Nc1ccc(S(=O)(=O)Nc2ccccc2)cc1 0.6785435 7.8105 0.5650404 0.5650 0.9491321 2.7208 0.9682611 450.5200 0.5000000 0.5000 0.5000000 0.5000 1.0000000 1.0000 1.0000000 1.0000 1.0000000 1.0000 []
 | 7.5508 7.2477 4.6943 0.0995165 O=C(O)c1ccc(NC2=C(Cl)C(=O)c3ccccc3C2=O)cc1 1 O=C1C=C(Nc2ccccc2)C(=O)c2ccccc21 0.6709118 7.1574 0.9030747 0.9031 0.9826062 2.0472 0.9953625 327.7230 0.5000000 0.5000 0.5000000 0.5000 0.5000000 0.5000 1.0000000 1.0000 1.0000000 1.0000 []
 | 26.7044 25.8495 13.2500 0.3258291 O=C1CC2(C(=O)N1)C(c1cccc(C(F)(F)F)c1)C1CCCN1C21C(=O)c2ccccc2C1=O 1 O=C1CC2(C(=O)N1)C(c1ccccc1)C1CCCN1C21C(=O)c2ccccc2C1=O 0.7042996 7.6991 0.5138335 0.5138 0.4413992 4.6432 0.8985038 468.4310 1.0000000 1.0000 0.5000000 0.5000 1.0000000 1.0000 1.0000000 1.0000 1.0000000 1.0000 []
 | 27.6095 27.2072 -14.9604 0.1020565 CC1=C(Nc2ccc(C(=O)O)cc2)C(Cl)=CC(=O)C1 1 O=C1C=CC(Nc2ccccc2)=CC1 0.7438563 7.5161 0.8904817 0.8905 0.9548950 2.6440 0.8714602 277.7070 0.5000000 0.5000 0.5000000 0.5000 0.5000000 0.5000 1.0000000 1.0000 1.0000000 1.0000 []
 | 16.5279 16.8772 6.0347 0.1909326 O=C1CC(c2ccc3c(c2)NC(=O)CO3)CC(=O)N1 1 O=C1CC(c2ccc3c(c2)NC(=O)CO3)CC(=O)N1 0.7442253 7.5143 0.7215870 0.7216 0.9598860 2.5695 0.6699536 260.2490 0.5000000 0.5000 0.5000000 0.5000 1.0000000 1.0000 1.0000000 1.0000 1.0000000 1.0000 []
 | 27.9678 28.5400 -23.5126 0.0418947 COC(=O)C1=CCC(OC)=C2C(=O)CC(C)C12 1 O=C1CCC2C=CCC=C12 0.7356154 7.5556 0.6834838 0.6835 0.7023492 3.9780 0.2791580 236.2670 0.5000000 0.5000 0.5000000 0.5000 0.5000000 0.5000 0.5000000 0.5000 1.0000000 1.0000 []
18:29:29 <INFO> Score: 0.13 Agent NLL: 18.44 Valid:  97% Step: 15
 | Agent Prior Target Score SMILES SMILES_state Scaffold DENV_Activity DENV_Activity (raw) Drug_Likeness Drug_Likeness (raw) Synthetic_Accessibility Synthetic_Accessibility (raw) Molecular_Weight Molecular_Weight (raw) Pyrrolidine_Core Pyrrolidine_Core (raw) Cyclobutane_Core Cyclobutane_Core (raw) Amide_Sidechain Amide_Sidechain (raw) Phenyl_Ring Phenyl_Ring (raw) Unwanted_Structures Unwanted_Structures (raw) matchting_patterns (Unwanted_Structures)
 | 25.6992 26.5298 -5.3382 0.1765971 COc1ccc(NS(=O)(=O)c2ccc(NC(=O)C3CCCCC3C(=O)O)cc2)cc1C(=O)O 1 O=C(Nc1ccc(S(=O)(=O)Nc2ccccc2)cc1)C1CCCCC1 0.7046797 7.6974 0.4523409 0.4523 0.9337558 2.8913 0.8351864 476.5070 0.5000000 0.5000 0.5000000 0.5000 1.0000000 1.0000 1.0000000 1.0000 1.0000000 1.0000 []
 | 21.7269 22.9700 -2.8867 0.1673612 CCCCCCC1=NN(c2ccc(C(C)(C)C)cc2)C(=O)C1N=C(N)N 1 O=C1CC=NN1c1ccccc1 0.6195241 8.0501 0.4449265 0.4449 0.8898256 3.2299 0.9994048 357.5020 0.5000000 0.5000 0.5000000 0.5000 1.0000000 1.0000 1.0000000 1.0000 1.0000000 1.0000 []
 | 22.8136 22.8792 -0.5702 0.1859085 CCCCCCOc1ccc(C(=O)n2c(C)c(CC(=O)O)c3ccccc32)cc1 1 O=C(c1ccccc1)n1ccc2ccccc21 0.7085923 7.6800 0.5058786 0.5059 0.9804386 2.1200 0.9993629 393.4830 1.0000000 1.0000 0.5000000 0.5000 0.5000000 0.5000 1.0000000 1.0000 1.0000000 1.0000 []
 | 21.9495 21.9745 -12.3474 0.0802255 CCCCCCCCCCCCC(=O)NCCCNCCCNCCCCNCCCN 1  0.6656381 7.8646 0.1203499 0.1203 0.9693535 2.3999 0.9549930 455.7760 0.5000000 0.5000 0.5000000 0.5000 1.0000000 1.0000 0.5000000 0.5000 1.0000000 1.0000 []
 | 12.0793 12.2861 -0.3965 0.0990795 COc1cc(NCCCCN)c2ncccc2c1OC 1 c1ccc2ncccc2c1 0.7423570 7.5234 0.7593484 0.7593 0.9781872 2.1876 0.8521108 275.3520 0.5000000 0.5000 0.5000000 0.5000 0.5000000 0.5000 1.0000000 1.0000 1.0000000 1.0000 []
 | 17.7075 18.2465 5.8762 0.2010225 COc1ccccc1OCC(=O)Nc1ccc(S(N)(=O)=O)cc1 1 O=C(COc1ccccc1)Nc1ccccc1 0.7076873 7.6840 0.8279286 0.8279 0.9907890 1.6557 0.9974425 336.3690 0.5000000 0.5000 0.5000000 0.5000 1.0000000 1.0000 1.0000000 1.0000 1.0000000 1.0000 []
 | 14.6457 14.3596 -4.5349 0.0818730 O=C(O)c1cc(O)ccc1O 1 c1ccccc1 0.7410022 7.5299 0.5224912 0.5225 0.9882728 1.8040 0.0013276 154.1210 0.5000000 0.5000 0.5000000 0.5000 0.5000000 0.5000 1.0000000 1.0000 1.0000000 1.0000 []
 | 18.4268 17.7591 1.1828 0.1578489 Cn1c([N+](=O)[O-])c(C=O)c2ccccc21 1 c1ccc2[nH]ccc2c1 0.7304003 7.4198 0.4259658 0.4260 0.9600784 2.5665 0.0405125 204.1850 1.0000000 1.0000 0.5000000 0.5000 0.5000000 0.5000 1.0000000 1.0000 1.0000000 1.0000 []
 | 34.8829 34.8594 -17.6501 0.1434108 COc1ccc(C(=O)O)cc1COc1ccc(NC(=O)COc2ccccc2CNCCc2ccccc2)cc1 1 O=C(COc1ccccc1CNCCc1ccccc1)Nc1ccc(OCc2ccccc2)cc1 0.6985008 7.7246 0.1858980 0.1859 0.9775757 2.2048 0.0570194 540.6160 0.5000000 0.5000 0.5000000 0.5000 1.0000000 1.0000 1.0000000 1.0000 1.0000000 1.0000 []
 | 7.7074 7.6144 14.8688 0.1873599 O=C1NC(=O)C(=Cc2c[nH]nc2-c2ccccc2)C(=O)N1 1 O=C1NC(=O)C(=Cc2c[nH]nc2-c2ccccc2)C(=O)N1 0.7290655 7.5865 0.5601358 0.5601 0.9474762 2.7413 0.9027686 282.2590 0.5000000 0.5000 0.5000000 0.5000 1.0000000 1.0000 1.0000000 1.0000 1.0000000 1.0000 []
18:29:33 <INFO> Score: 0.13 Agent NLL: 18.86 Valid:  98% Step: 16
 | Agent Prior Target Score SMILES SMILES_state Scaffold DENV_Activity DENV_Activity (raw) Drug_Likeness Drug_Likeness (raw) Synthetic_Accessibility Synthetic_Accessibility (raw) Molecular_Weight Molecular_Weight (raw) Pyrrolidine_Core Pyrrolidine_Core (raw) Cyclobutane_Core Cyclobutane_Core (raw) Amide_Sidechain Amide_Sidechain (raw) Phenyl_Ring Phenyl_Ring (raw) Unwanted_Structures Unwanted_Structures (raw) matchting_patterns (Unwanted_Structures)
 | 16.8203 17.3362 6.1537 0.1957488 N#Cc1ccc(-c2ccc(C(=O)Nc3ccc(O)cc3)o2)cc1 1 O=C(Nc1ccccc1)c1ccc(-c2ccccc2)o1 0.7108597 7.6698 0.7209604 0.7210 0.9855065 1.9345 0.9770508 304.3050 0.5000000 0.5000 0.5000000 0.5000 1.0000000 1.0000 1.0000000 1.0000 1.0000000 1.0000 []
 | 28.6310 28.7909 -18.7361 0.0837905 O=C1OC(CCCCCN2CCN(CC=Cc3ccccc3)CC2)(c2ccccc2)c2ccccc21 1 O=C1OC(CCCCCN2CCN(CC=Cc3ccccc3)CC2)(c2ccccc2)c2ccccc21 0.7162641 7.6454 0.2635117 0.2635 0.9153727 3.0523 0.7919158 480.6520 0.5000000 0.5000 0.5000000 0.5000 0.5000000 0.5000 1.0000000 1.0000 1.0000000 1.0000 []
 | 30.1708 30.7141 -8.9515 0.1813550 NC(=O)c1ccsc1NC(=O)c1cccn2nc(N3CCCC3C(=O)O)nc12 1 O=C(Nc1cccs1)c1cccn2nc(N3CCCC3)nc12 0.6703498 7.8450 0.5836521 0.5837 0.9039792 3.1367 0.9989716 400.4200 1.0000000 1.0000 0.5000000 0.5000 1.0000000 1.0000 0.5000000 0.5000 1.0000000 1.0000 []
 | 15.0418 14.7209 8.7064 0.1952279 Cc1noc(C)c1-c1ccc(C=C2C(=O)NC(=O)NC2=O)cc1 1 O=C1NC(=O)C(=Cc2ccc(-c3cnoc3)cc2)C(=O)N1 0.7342560 7.5621 0.6491706 0.6492 0.9669430 2.4474 0.9857163 311.2970 0.5000000 0.5000 0.5000000 0.5000 1.0000000 1.0000 1.0000000 1.0000 1.0000000 1.0000 []
 | 10.4208 10.4758 11.6581 0.1844490 CN(C)c1ccc(C=C2C(=O)NC(=O)NC2=O)cc1 1 O=C1NC(=O)C(=Cc2ccccc2)C(=O)N1 0.7374147 7.5471 0.5986383 0.5986 0.9754543 2.2611 0.6547545 259.2650 0.5000000 0.5000 0.5000000 0.5000 1.0000000 1.0000 1.0000000 1.0000 1.0000000 1.0000 []
 | 15.3185 15.3119 8.1748 0.1957221 Cc1nn(-c2ccccc2)c(C)c1C=C1C(=O)NC(=O)NC1=O 1 O=C1NC(=O)C(=Cc2cnn(-c3ccccc3)c2)C(=O)N1 0.7387688 7.5406 0.6444527 0.6445 0.9700018 2.3865 0.9847269 310.3130 0.5000000 0.5000 0.5000000 0.5000 1.0000000 1.0000 1.0000000 1.0000 1.0000000 1.0000 []
 | 7.3882 7.7309 -7.7309 0.0000000 O=C(O)Cn1cc(C=C2C(=O)NC(=O)NC2=O)c2ccccc21 1 O=C1NC(=O)C(=Cc2c[nH]c3ccccc23)C(=O)N1 0.6519088 7.9210 0.5623898 0.5624 0.9682956 2.4212 0.9875125 313.2690 1.0000000 1.0000 0.5000000 0.5000 1.0000000 1.0000 1.0000000 1.0000 1.0000000 1.0000 []
 | 22.2847 21.7043 -16.3039 0.0450038 O=C(O)C1=C(C(=O)O)C(C(=O)O)C2CCCCC12 1 C1=CC2CCCCC2C1 0.7344927 7.5609 0.6915002 0.6915 0.8121834 3.6097 0.5726695 254.2380 0.5000000 0.5000 0.5000000 0.5000 0.5000000 0.5000 0.5000000 0.5000 1.0000000 1.0000 []
 | 11.5105 11.0329 0.7597 0.0982716 N#CC(=C1C=C(Br)C(=O)C=C1Cl)c1ccc(Cl)cc1 1 O=C1C=CC(=Cc2ccccc2)C=C1 0.7351007 7.5581 0.6911761 0.6912 0.9365966 2.8628 0.9992934 355.0180 0.5000000 0.5000 0.5000000 0.5000 0.5000000 0.5000 1.0000000 1.0000 1.0000000 1.0000 []
 | 20.3903 20.9123 -8.5222 0.1032505 O=S(=O)(Nc1ccc(N2CCOCC2)cc1)c1cccs1 1 O=S(=O)(Nc1ccc(N2CCOCC2)cc1)c1cccs1 0.7128302 7.6609 0.9379991 0.9380 0.9842769 1.9848 0.9941836 324.4270 0.5000000 0.5000 0.5000000 0.5000 0.5000000 0.5000 1.0000000 1.0000 1.0000000 1.0000 []
18:29:37 <INFO> Score: 0.16 Agent NLL: 17.33 Valid:  97% Step: 17
 | Agent Prior Target Score SMILES SMILES_state Scaffold DENV_Activity DENV_Activity (raw) Drug_Likeness Drug_Likeness (raw) Synthetic_Accessibility Synthetic_Accessibility (raw) Molecular_Weight Molecular_Weight (raw) Pyrrolidine_Core Pyrrolidine_Core (raw) Cyclobutane_Core Cyclobutane_Core (raw) Amide_Sidechain Amide_Sidechain (raw) Phenyl_Ring Phenyl_Ring (raw) Unwanted_Structures Unwanted_Structures (raw) matchting_patterns (Unwanted_Structures)
 | 19.8743 19.2963 -8.9910 0.0858768 Cc1ccc(-c2sc3cc(O)c(O)cc3c2C(=O)c2ccc(Br)cc2)cc1 1 O=C(c1ccccc1)c1c(-c2ccccc2)sc2ccccc12 0.6828849 7.7921 0.2917969 0.2918 0.9729633 2.3214 0.9850935 439.3300 0.5000000 0.5000 0.5000000 0.5000 0.5000000 0.5000 1.0000000 1.0000 1.0000000 1.0000 []
 | 27.9755 26.9878 -16.2104 0.0898120 Cc1ccc(C(=O)C#CC(O)(CC(=O)O)C(=O)O)cc1 1 c1ccccc1 0.7456809 7.4927 0.4185041 0.4185 0.8856311 3.2555 0.8597084 276.2440 0.5000000 0.5000 0.5000000 0.5000 0.5000000 0.5000 1.0000000 1.0000 1.0000000 1.0000 []
 | 25.6432 27.6187 -3.8385 0.1981678 COc1ccc(N2N=C(C(F)(F)F)C(C(=O)C(C)(C)C)C2=O)cc1 1 O=C1CC=NN1c1ccccc1 0.7210224 7.6237 0.7928459 0.7928 0.9069113 3.1159 0.9983027 342.3170 0.5000000 0.5000 0.5000000 0.5000 1.0000000 1.0000 1.0000000 1.0000 1.0000000 1.0000 []
 | 15.3548 15.9940 29.2921 0.3773840 CCCCC(=O)c1c[nH]c(C(=O)Nc2ccccc2)c1 1 O=C(Nc1ccccc1)c1ccc[nH]1 0.6729335 7.8342 0.7870832 0.7871 0.9851589 1.9491 0.8028946 270.3320 1.0000000 1.0000 0.5000000 0.5000 1.0000000 1.0000 1.0000000 1.0000 1.0000000 1.0000 []
 | 13.2085 13.2422 -1.6037 0.0969873 Cc1ccc(S(=O)(=O)Nc2ccccc2Nc2ccc(C(=O)O)cc2)cc1 1 O=S(=O)(Nc1ccccc1Nc1ccccc1)c1ccccc1 0.7356683 7.5554 0.5926642 0.5927 0.9879515 1.8207 0.9997028 382.4410 0.5000000 0.5000 0.5000000 0.5000 0.5000000 0.5000 1.0000000 1.0000 1.0000000 1.0000 []
 | 7.7018 7.6144 14.8688 0.1873599 O=C1NC(=O)C(=Cc2c[nH]nc2-c2ccccc2)C(=O)N1 1 O=C1NC(=O)C(=Cc2c[nH]nc2-c2ccccc2)C(=O)N1 0.7290655 7.5865 0.5601358 0.5601 0.9474762 2.7413 0.9027686 282.2590 0.5000000 0.5000 0.5000000 0.5000 1.0000000 1.0000 1.0000000 1.0000 1.0000000 1.0000 []
 | 7.8993 7.7077 13.0963 0.1733663 CC(C)CN(CC(C)C)c1ccc(C=C2C(=O)NC(=S)NC2=O)cc1[N+](=O)[O-] 1 O=C1NC(=S)NC(=O)C1=Cc1ccccc1 0.7188782 7.3665 0.2379868 0.2380 0.9386341 2.8416 0.9986380 404.4920 0.5000000 0.5000 0.5000000 0.5000 1.0000000 1.0000 1.0000000 1.0000 1.0000000 1.0000 []
 | 24.3753 25.7955 -15.7812 0.0834526 O=C1C2=C3c4ccccc4OC3(N3CCCCC3)C(=O)C3c4ccccc4C(=O)C13CC2 1 O=C1C2=C3c4ccccc4OC3(N3CCCCC3)C(=O)C3c4ccccc4C(=O)C13CC2 0.7281357 7.5908 0.6481860 0.6482 0.2200325 5.2694 0.9942190 425.4840 0.5000000 0.5000 0.5000000 0.5000 0.5000000 0.5000 1.0000000 1.0000 1.0000000 1.0000 []
 | 19.2236 19.6309 -7.8337 0.0983104 Cc1ccc(C=C2CN(C)CC3=C2OC(=N)C(C#N)C3=O)cc1 1 N=C1CC(=O)C2=C(O1)C(=Cc1ccccc1)CNC2 0.7279514 7.5917 0.8632976 0.8633 0.7638264 3.7863 0.9813265 307.3530 0.5000000 0.5000 0.5000000 0.5000 0.5000000 0.5000 1.0000000 1.0000 1.0000000 1.0000 []
 | 5.7735 7.1725 -7.1725 0.0000000 O=C1C=CC(=O)N1N(c1ccccc1)c1ccccc1 1 O=C1C=CC(=O)N1N(c1ccccc1)c1ccccc1 0.7159069 7.3530 0.8001594 0.8002 0.9635772 2.5085 0.7284364 264.2840 1.0000000 1.0000 0.5000000 0.5000 1.0000000 1.0000 1.0000000 1.0000 1.0000000 1.0000 []
18:29:41 <INFO> Score: 0.14 Agent NLL: 18.69 Valid:  95% Step: 18
 | Agent Prior Target Score SMILES SMILES_state Scaffold DENV_Activity DENV_Activity (raw) Drug_Likeness Drug_Likeness (raw) Synthetic_Accessibility Synthetic_Accessibility (raw) Molecular_Weight Molecular_Weight (raw) Pyrrolidine_Core Pyrrolidine_Core (raw) Cyclobutane_Core Cyclobutane_Core (raw) Amide_Sidechain Amide_Sidechain (raw) Phenyl_Ring Phenyl_Ring (raw) Unwanted_Structures Unwanted_Structures (raw) matchting_patterns (Unwanted_Structures)
 | 12.5361 12.4894 -2.2803 0.0850761 Cc1ccc2c(c1Cl)NC(C(=O)O)C1CC(Sc3ccccc3[N+](=O)[O-])C(Cl)C21 1 c1ccc(SC2CC3CNc4ccccc4C3C2)cc1 0.7459206 7.4939 0.3705565 0.3706 0.6124536 4.2218 0.9616787 453.3470 0.5000000 0.5000 0.5000000 0.5000 0.5000000 0.5000 1.0000000 1.0000 1.0000000 1.0000 []
 | 18.6713 19.0999 -8.2896 0.0900855 CCCCCCCCCCCCCC(=O)NCC(=O)O 1  0.6911266 7.7567 0.4757957 0.4758 0.9878762 1.8245 0.9203623 285.4280 0.5000000 0.5000 0.5000000 0.5000 1.0000000 1.0000 0.5000000 0.5000 1.0000000 1.0000 []
 | 24.1920 24.9599 -13.4284 0.0960951 O=C(O)c1ccc(COc2nc3nccc(-c4ccccc4)n3n2)cc1 1 c1ccc(COc2nc3nccc(-c4ccccc4)n3n2)cc1 0.7246976 7.6068 0.5972246 0.5972 0.9759502 2.2484 0.9987146 346.3460 0.5000000 0.5000 0.5000000 0.5000 0.5000000 0.5000 1.0000000 1.0000 1.0000000 1.0000 []
 | 23.0656 23.4296 -3.2800 0.1679136 O=C(NC(Cc1ccccc1)C(=O)Nc1cc(-c2ccccc2)c[nH]c1=O)c1ccccc1 1 O=C(NC(Cc1ccccc1)C(=O)Nc1cc(-c2ccccc2)c[nH]c1=O)c1ccccc1 0.6184161 8.0544 0.4078293 0.4078 0.9646890 2.4889 0.9868412 437.4990 0.5000000 0.5000 0.5000000 0.5000 1.0000000 1.0000 1.0000000 1.0000 1.0000000 1.0000 []
 | 22.3751 22.8763 17.7345 0.3384232 CC(=O)Oc1ccc(N2C(=O)C=C(C)C2=O)cc1 1 O=C1C=CC(=O)N1c1ccccc1 0.7242954 7.6086 0.4489468 0.4489 0.9775996 2.2041 0.4184294 245.2340 1.0000000 1.0000 0.5000000 0.5000 1.0000000 1.0000 1.0000000 1.0000 1.0000000 1.0000 []
 | 9.0795 9.6429 -9.6429 0.0000000 O=C(O)Cn1cc(C=C2C(=O)NC(=O)NC2=O)c2ccccc21 1 O=C1NC(=O)C(=Cc2c[nH]c3ccccc23)C(=O)N1 0.6519088 7.9210 0.5623898 0.5624 0.9682956 2.4212 0.9875125 313.2690 1.0000000 1.0000 0.5000000 0.5000 1.0000000 1.0000 1.0000000 1.0000 1.0000000 1.0000 []
 | 11.8955 11.2571 11.9766 0.1936136 CC(=O)N(C(C)=O)C1=C(Cl)C(=O)c2ccccc2C1=O 1 O=C1C=CC(=O)c2ccccc21 0.6845063 7.2148 0.7921935 0.7922 0.9602972 2.5630 0.9468410 291.6900 0.5000000 0.5000 0.5000000 0.5000 1.0000000 1.0000 1.0000000 1.0000 1.0000000 1.0000 []
 | 24.1243 24.9801 23.0482 0.4002359 CCC1CC2(CN1c1ccccc1)NC(=O)c1ccccc1NC2=O 1 O=C1NC2(CCN(c3ccccc3)C2)C(=O)Nc2ccccc21 0.7388930 7.5400 0.8870519 0.8871 0.7755712 3.7460 0.9972672 335.4070 1.0000000 1.0000 0.5000000 0.5000 1.0000000 1.0000 1.0000000 1.0000 1.0000000 1.0000 []
 | 7.6534 7.7729 40.2278 0.4000055 Cc1ccc(C)c(S(=O)(=O)ON2C(=O)c3ccccc3C2=O)c1 1 O=C1c2ccccc2C(=O)N1OS(=O)(=O)c1ccccc1 0.7121890 7.3362 0.8056853 0.8057 0.9749699 2.2733 0.9963863 331.3490 1.0000000 1.0000 0.5000000 0.5000 1.0000000 1.0000 1.0000000 1.0000 1.0000000 1.0000 []
 | 25.8053 25.6674 -0.9620 0.2058779 Cc1nn(Cc2ccccc2)c(=O)c2c1NC(=O)NC2C(C)C 1 O=C1NCc2c(cnn(Cc3ccccc3)c2=O)N1 0.7402149 7.5337 0.9136678 0.9137 0.9007690 3.1588 0.9867258 312.3730 0.5000000 0.5000 0.5000000 0.5000 1.0000000 1.0000 1.0000000 1.0000 1.0000000 1.0000 []
18:29:45 <INFO> Score: 0.15 Agent NLL: 18.20 Valid:  98% Step: 19
 | Agent Prior Target Score SMILES SMILES_state Scaffold DENV_Activity DENV_Activity (raw) Drug_Likeness Drug_Likeness (raw) Synthetic_Accessibility Synthetic_Accessibility (raw) Molecular_Weight Molecular_Weight (raw) Pyrrolidine_Core Pyrrolidine_Core (raw) Cyclobutane_Core Cyclobutane_Core (raw) Amide_Sidechain Amide_Sidechain (raw) Phenyl_Ring Phenyl_Ring (raw) Unwanted_Structures Unwanted_Structures (raw) matchting_patterns (Unwanted_Structures)
 | 22.7234 24.3378 -2.8134 0.1793698 O=C(CSc1nc(-c2ccco2)cc(C2CC2)n1)Nc1ccccc1Cc1ccccc1 1 O=C(CSc1nc(-c2ccco2)cc(C2CC2)n1)Nc1ccccc1Cc1ccccc1 0.7457825 7.5068 0.2708595 0.2709 0.9707322 2.3710 0.9826587 441.5560 0.5000000 0.5000 0.5000000 0.5000 1.0000000 1.0000 1.0000000 1.0000 1.0000000 1.0000 []
 | 21.3039 20.7067 -9.5898 0.0926407 CCC(O)C1=C(Cl)c2ccccc2C(=O)C1=O 1 O=C1C=Cc2ccccc2C1=O 0.7124985 7.3376 0.8188070 0.8188 0.9234006 2.9864 0.5117583 250.6810 0.5000000 0.5000 0.5000000 0.5000 0.5000000 0.5000 1.0000000 1.0000 1.0000000 1.0000 []
 | 25.6445 25.4590 -2.4333 0.1918813 CCCCC1N=C(c2ccc3c(c2)C(=O)c2ccccc2C3=O)C(C(=O)O)NC1=O 1 O=C1CN=C(c2ccc3c(c2)C(=O)c2ccccc2C3=O)CN1 0.7338757 7.5639 0.6779716 0.6780 0.8323145 3.5259 0.9986446 404.4220 0.5000000 0.5000 0.5000000 0.5000 1.0000000 1.0000 1.0000000 1.0000 1.0000000 1.0000 []
 | 15.4418 15.7988 2.1931 0.1499320 COC(=O)c1c(NC(=O)c2nc(S(=O)(=O)Cc3ccc(C)cc3)ncc2Cl)sc2c1CCC(C)C2 1 O=C(Nc1cc2c(s1)CCCC2)c1ccnc(S(=O)(=O)Cc2ccccc2)n1 0.6994622 7.2796 0.3622965 0.3623 0.9071733 3.1140 0.0868503 534.0590 0.5000000 0.5000 0.5000000 0.5000 1.0000000 1.0000 1.0000000 1.0000 1.0000000 1.0000 []
 | 16.4569 16.8323 29.1333 0.3830465 COc1cc2c(cc1OC)C(=O)N1CCCC1C2=O 1 O=C1c2ccccc2C(=O)N2CCCC12 0.7171606 7.6413 0.8093075 0.8093 0.9560447 2.6275 0.6854620 261.2770 1.0000000 1.0000 0.5000000 0.5000 1.0000000 1.0000 1.0000000 1.0000 1.0000000 1.0000 []
 | 5.7630 7.1725 -7.1725 0.0000000 O=C1C=CC(=O)N1N(c1ccccc1)c1ccccc1 1 O=C1C=CC(=O)N1N(c1ccccc1)c1ccccc1 0.7159069 7.3530 0.8001594 0.8002 0.9635772 2.5085 0.7284364 264.2840 1.0000000 1.0000 0.5000000 0.5000 1.0000000 1.0000 1.0000000 1.0000 1.0000000 1.0000 []
 | 8.6588 9.0614 -9.0614 0.0000000 O=C(O)Cn1cc(C=C2C(=O)NC(=O)NC2=O)c2ccccc21 1 O=C1NC(=O)C(=Cc2c[nH]c3ccccc23)C(=O)N1 0.6519088 7.9210 0.5623898 0.5624 0.9682956 2.4212 0.9875125 313.2690 1.0000000 1.0000 0.5000000 0.5000 1.0000000 1.0000 1.0000000 1.0000 1.0000000 1.0000 []
 | 19.0452 18.6962 28.6727 0.3947412 Cc1cc(NC(=O)c2ccccc2)ccc1N1C(=O)c2ccccc2C1=O 1 O=C(Nc1ccc(N2C(=O)c3ccccc3C2=O)cc1)c1ccccc1 0.7175171 7.6397 0.7201771 0.7202 0.9885784 1.7878 0.9993569 356.3810 1.0000000 1.0000 0.5000000 0.5000 1.0000000 1.0000 1.0000000 1.0000 1.0000000 1.0000 []
 | 11.4585 12.1557 32.8016 0.3746435 CCS(=O)(=O)ON1C(=O)c2ccccc2C1=O 1 O=C1NC(=O)c2ccccc21 0.7263074 7.4007 0.7372070 0.7372 0.9702504 2.3812 0.5897003 255.2510 1.0000000 1.0000 0.5000000 0.5000 1.0000000 1.0000 1.0000000 1.0000 1.0000000 1.0000 []
 | 30.0372 30.4503 -10.1457 0.1692045 CC(C)(C)C(N)C(=O)Nc1nc2cc(OC(=O)c3ccc(Cl)cc3)ccc2s1 1 O=C(Oc1ccc2scnc2c1)c1ccccc1 0.6052385 8.1056 0.4817012 0.4817 0.9493282 2.7183 0.9965641 417.9180 0.5000000 0.5000 0.5000000 0.5000 1.0000000 1.0000 1.0000000 1.0000 1.0000000 1.0000 []
18:29:50 <INFO> Score: 0.15 Agent NLL: 20.38 Valid:  98% Step: 20
 | Agent Prior Target Score SMILES SMILES_state Scaffold DENV_Activity DENV_Activity (raw) Drug_Likeness Drug_Likeness (raw) Synthetic_Accessibility Synthetic_Accessibility (raw) Molecular_Weight Molecular_Weight (raw) Pyrrolidine_Core Pyrrolidine_Core (raw) Cyclobutane_Core Cyclobutane_Core (raw) Amide_Sidechain Amide_Sidechain (raw) Phenyl_Ring Phenyl_Ring (raw) Unwanted_Structures Unwanted_Structures (raw) matchting_patterns (Unwanted_Structures)
 | 17.3089 21.5509 1.7004 0.1937614 COc1ccc(N2N=C(c3ccccc3)C(C(C(=O)O)c3ccccc3)C2=O)cc1 1 O=C1C(Cc2ccccc2)C(c2ccccc2)=NN1c1ccccc1 0.7248152 7.6062 0.6799656 0.6800 0.9143154 3.0605 0.9989706 400.4340 0.5000000 0.5000 0.5000000 0.5000 1.0000000 1.0000 1.0000000 1.0000 1.0000000 1.0000 []
 | 36.2714 37.1389 -16.9439 0.1682914 C=C(C)c1ccc(-c2ccnc3c2CC(C)(C(=O)Nc2ccc(CNS(C)(=O)=O)cc2)O3)c(OC)c1 1 O=C(Nc1ccccc1)C1Cc2c(-c3ccccc3)ccnc2O1 0.7451351 7.5099 0.4740021 0.4740 0.8784901 3.2972 0.3714927 507.6120 0.5000000 0.5000 0.5000000 0.5000 1.0000000 1.0000 1.0000000 1.0000 1.0000000 1.0000 []
 | 15.3092 15.0563 -4.3615 0.0891233 COc1ccc(C(c2c(O)cc(O)cc2C(=O)O)c2c(C)[nH]n(-c3ccccc3)c2=O)cc1 1 O=c1c(C(c2ccccc2)c2ccccc2)c[nH]n1-c1ccccc1 0.7257719 7.6018 0.3573500 0.3574 0.9124483 3.0749 0.9758372 446.4590 0.5000000 0.5000 0.5000000 0.5000 0.5000000 0.5000 1.0000000 1.0000 1.0000000 1.0000 []
 | 8.5361 8.5486 13.9493 0.1874825 Cc1coc2c(O)cc3c(c12)OC1(N2CCCCC2)C(=O)NCCCC31 1 O=C1NCCCC2c3ccc4occc4c3OC12N1CCCCC1 0.6990504 7.2778 0.8215141 0.8215 0.6641781 4.0854 0.9993587 356.4220 0.5000000 0.5000 0.5000000 0.5000 1.0000000 1.0000 1.0000000 1.0000 1.0000000 1.0000 []
 | 14.0590 14.3709 7.1485 0.1793288 O=C1NC(=O)C(=Cc2cn(-c3ccccc3)nc2-c2ccc([N+](=O)[O-])cc2)C(=O)N1 1 O=C1NC(=O)C(=Cc2cn(-c3ccccc3)nc2-c2ccccc2)C(=O)N1 0.7343990 7.5614 0.2965765 0.2966 0.9681051 2.4249 0.9987409 403.3540 0.5000000 0.5000 0.5000000 0.5000 1.0000000 1.0000 1.0000000 1.0000 1.0000000 1.0000 []
 | 33.6033 31.9811 -26.7694 0.0434310 C=CC1(C)C(O)C(C)C(C)(CC2(C)CCC=C2C)C(O)C1OC 1 C1=CC(CC2CCCCC2)CC1 0.7368152 7.4501 0.7758548 0.7759 0.2126544 5.2959 0.9933560 322.4890 0.5000000 0.5000 0.5000000 0.5000 0.5000000 0.5000 0.5000000 0.5000 1.0000000 1.0000 []
 | 18.0018 17.5846 -6.1673 0.0951440 COC(=O)C1=C(C(=O)OC)C(c2ccc(OC)cc2)C2C(=O)CC(c3ccccc3)CC2=N1 1 O=C1CC(c2ccccc2)CC2=NC=CC(c3ccccc3)C12 0.7362535 7.5526 0.6507745 0.6508 0.8327764 3.5239 0.9741050 447.4870 0.5000000 0.5000 0.5000000 0.5000 0.5000000 0.5000 1.0000000 1.0000 1.0000000 1.0000 []
 | 18.2418 18.9768 -6.9556 0.1001763 Cc1ccc(NCc2ccc3c(c2)C=CC(C)(C)O3)cc1 1 C1=Cc2cc(CNc3ccccc3)ccc2OC1 0.7149600 7.3487 0.8717317 0.8717 0.9758443 2.2511 0.8838809 279.3830 0.5000000 0.5000 0.5000000 0.5000 0.5000000 0.5000 1.0000000 1.0000 1.0000000 1.0000 []
 | 28.6581 30.7351 -7.4066 0.1944049 CC1CN(C2CCN(c3ncc(C(N)=O)cc3Cl)C2)C(C)CN1 1 c1ccc(N2CCC(N3CCNCC3)C2)nc1 0.6990856 7.7221 0.8634916 0.8635 0.7997281 3.6581 0.9976914 337.8550 1.0000000 1.0000 0.5000000 0.5000 1.0000000 1.0000 0.5000000 0.5000 1.0000000 1.0000 []
 | 25.9852 26.7878 20.6657 0.3954460 Cc1ccc(C2=C(C3CC3)C(=O)N(CC(=O)N(C(C)C)C(C)C)C2=O)cc1 1 O=C1NC(=O)C(C2CC2)=C1c1ccccc1 0.7262110 7.5998 0.7248629 0.7249 0.9593611 2.5777 0.9997210 368.4770 1.0000000 1.0000 0.5000000 0.5000 1.0000000 1.0000 1.0000000 1.0000 1.0000000 1.0000 []
18:29:54 <INFO> Score: 0.16 Agent NLL: 18.23 Valid:  98% Step: 21
 | Agent Prior Target Score SMILES SMILES_state Scaffold DENV_Activity DENV_Activity (raw) Drug_Likeness Drug_Likeness (raw) Synthetic_Accessibility Synthetic_Accessibility (raw) Molecular_Weight Molecular_Weight (raw) Pyrrolidine_Core Pyrrolidine_Core (raw) Cyclobutane_Core Cyclobutane_Core (raw) Amide_Sidechain Amide_Sidechain (raw) Phenyl_Ring Phenyl_Ring (raw) Unwanted_Structures Unwanted_Structures (raw) matchting_patterns (Unwanted_Structures)
 | 34.5990 34.6364 -2.5592 0.2673095 Cc1cc(S(=O)(=O)N2CCCC2C(=O)NC(=O)Cc2ccc(NC(=O)C(N)Cc3c[nH]cn3)cc2)ccc1N 1 O=C(Cc1ccc(NC(=O)CCc2c[nH]cn2)cc1)NC(=O)C1CCCN1S(=O)(=O)c1ccccc1 0.6550586 7.9081 0.2405783 0.2406 0.8334900 3.5208 0.0239940 553.6450 1.0000000 1.0000 0.5000000 0.5000 1.0000000 1.0000 1.0000000 1.0000 1.0000000 1.0000 []
 | 37.6295 39.0356 -33.9724 0.0421933 CC1=CCC(C(C)=CC=C2CCCC=C2C=CC2=C(C)CC(=O)S2)CC1 1 O=C1CC=C(C=CC2=CCCCC2=CC=CC2CC=CCC2)S1 0.7167284 7.6433 0.4889137 0.4889 0.5082390 4.4800 0.9996818 366.5700 0.5000000 0.5000 0.5000000 0.5000 0.5000000 0.5000 0.5000000 0.5000 1.0000000 1.0000 []
 | 23.7492 23.8570 1.2185 0.2089627 COC(=O)N1CC=C(c2cccc(CCc3c(C)n[nH]c3C)c2)CC1 1 C1=C(c2cccc(CCc3cn[nH]c3)c2)CCNC1 0.7408374 7.5307 0.9245079 0.9245 0.9597705 2.5713 0.9979302 339.4390 0.5000000 0.5000 0.5000000 0.5000 1.0000000 1.0000 1.0000000 1.0000 1.0000000 1.0000 []
 | 28.2475 28.3285 -23.0917 0.0436398 CCCCN(C)CC(=O)OC1C(O)C(O)OC(CO)C1O 1 C1CCOCC1 0.7253207 7.6039 0.4011451 0.4011 0.7557262 3.8133 0.9813139 307.3430 0.5000000 0.5000 0.5000000 0.5000 0.5000000 0.5000 0.5000000 0.5000 1.0000000 1.0000 []
 | 9.9562 10.0056 12.4299 0.1869618 O=C1NN(c2ccccc2)C(=O)C1=Cc1ccccc1 1 O=C1NN(c2ccccc2)C(=O)C1=Cc1ccccc1 0.7152785 7.6499 0.6671134 0.6671 0.9854549 1.9367 0.7284364 264.2840 0.5000000 0.5000 0.5000000 0.5000 1.0000000 1.0000 1.0000000 1.0000 1.0000000 1.0000 []
 | 17.7100 17.9569 -6.4909 0.0955502 CC(C)CN1C(=O)NC(=O)C(=Cc2cccnc2)C1=O 1 O=C1NC(=O)C(=Cc2cccnc2)C(=O)N1 0.7298169 7.5829 0.6626129 0.6626 0.9696832 2.3931 0.8332661 273.2920 0.5000000 0.5000 0.5000000 0.5000 1.0000000 1.0000 0.5000000 0.5000 1.0000000 1.0000 []
 | 11.3276 11.3401 0.0466 0.0948893 CC1(C)CC(=O)C=C(NC2=CC3OC(c4ccccc4)OCC3OC2=O)C1 1 O=C1C=C(NC2=CC3OC(c4ccccc4)OCC3OC2=O)CCC1 0.7213715 7.3779 0.8261964 0.8262 0.6363317 4.1598 0.9997385 369.4170 0.5000000 0.5000 0.5000000 0.5000 0.5000000 0.5000 1.0000000 1.0000 1.0000000 1.0000 []
 | 7.7926 7.8105 3.9576 0.0980680 Cc1ccc(SC2=C(N(C)C)C(=O)c3ccccc3C2=O)cc1 1 O=C1C=C(Sc2ccccc2)C(=O)c2ccccc21 0.6691822 7.1502 0.8572474 0.8572 0.9693575 2.3998 0.9937658 323.4170 0.5000000 0.5000 0.5000000 0.5000 0.5000000 0.5000 1.0000000 1.0000 1.0000000 1.0000 []
 | 22.4083 22.9404 24.9527 0.3991094 O=C(NC1CCN2C(=O)C(O)CC2C1)c1cccc2ccccc12 1 O=C(NC1CCN2C(=O)CCC2C1)c1cccc2ccccc12 0.7055453 7.6935 0.8831632 0.8832 0.8926048 3.2125 0.9941648 324.3800 1.0000000 1.0000 0.5000000 0.5000 1.0000000 1.0000 1.0000000 1.0000 1.0000000 1.0000 []
 | 12.5686 12.7014 26.1941 0.3241295 O=C(NCC1CCNCC1)c1c[nH]c2cc(-c3ccoc3)c(-c3ccoc3)cc12 1 O=C(NCC1CCNCC1)c1c[nH]c2cc(-c3ccoc3)c(-c3ccoc3)cc12 0.5612642 8.2727 0.4718768 0.4719 0.9315243 2.9129 0.9995176 389.4550 1.0000000 1.0000 0.5000000 0.5000 1.0000000 1.0000 1.0000000 1.0000 1.0000000 1.0000 []
18:29:58 <INFO> Score: 0.14 Agent NLL: 19.10 Valid: 100% Step: 22
 | Agent Prior Target Score SMILES SMILES_state Scaffold DENV_Activity DENV_Activity (raw) Drug_Likeness Drug_Likeness (raw) Synthetic_Accessibility Synthetic_Accessibility (raw) Molecular_Weight Molecular_Weight (raw) Pyrrolidine_Core Pyrrolidine_Core (raw) Cyclobutane_Core Cyclobutane_Core (raw) Amide_Sidechain Amide_Sidechain (raw) Phenyl_Ring Phenyl_Ring (raw) Unwanted_Structures Unwanted_Structures (raw) matchting_patterns (Unwanted_Structures)
 | 21.5169 21.7225 -10.2250 0.0958123 CSc1sc(NC(=O)CCC(=O)O)c(C(=O)O)c1C(=O)O 1 c1ccsc1 0.7414161 7.5279 0.5521190 0.5521 0.9557688 2.6315 0.9968498 333.3430 0.5000000 0.5000 0.5000000 0.5000 1.0000000 1.0000 0.5000000 0.5000 1.0000000 1.0000 []
 | 29.0871 29.9210 -13.8857 0.1336280 Cc1ccc(-c2nc(OCCC3CCNCC3)cnc2-c2ccc(CNC(=O)CCNC(N)=O)cc2)cc1 1 c1ccc(-c2ncc(OCCC3CCNCC3)nc2-c2ccccc2)cc1 0.5572284 8.2878 0.3082087 0.3082 0.9527030 2.6742 0.2405138 516.6460 0.5000000 0.5000 0.5000000 0.5000 1.0000000 1.0000 1.0000000 1.0000 1.0000000 1.0000 []
 | 15.7380 15.5243 -2.8149 0.1059115 N=C(N)c1cccc(-c2ccc3c(c2)c2cc(-c4cccc(C(=N)N)c4)ccc2n3S(=O)(=O)c2ccc(C(F)(F)F)cc2)c1 1 O=S(=O)(c1ccccc1)n1c2ccc(-c3ccccc3)cc2c2cc(-c3ccccc3)ccc21 0.4710484 8.6070 0.1195356 0.1195 0.9434237 2.7891 0.0004471 611.6490 1.0000000 1.0000 0.5000000 0.5000 0.5000000 0.5000 1.0000000 1.0000 1.0000000 1.0000 []
 | 20.8603 24.5360 -13.1136 0.0951864 CN1C(=O)C=CC(=Cc2nc(O)c(C3=CCCCC3)s2)C1=O 1 O=C1C=CC(=Cc2ncc(C3=CCCCC3)s2)C(=O)N1 0.7300438 7.5819 0.6725655 0.6726 0.8192673 3.5811 0.9899043 316.3820 0.5000000 0.5000 0.5000000 0.5000 1.0000000 1.0000 0.5000000 0.5000 1.0000000 1.0000 []
 | 17.8155 20.3374 26.0055 0.3861909 CC(=O)N1N=C(N(C(C)=O)N2C(=O)C=CC2=O)CC1c1ccc(Cl)cc1 1 O=C1C=CC(=O)N1NC1=NNC(c2ccccc2)C1 0.7334909 7.5657 0.7356725 0.7357 0.7935309 3.6814 0.9998196 374.7840 1.0000000 1.0000 0.5000000 0.5000 1.0000000 1.0000 1.0000000 1.0000 1.0000000 1.0000 []
 | 7.2702 7.0373 4.3473 0.0948719 COc1ccc(C(C2C(=O)CC(C)(C)CC2=O)C2C(=O)CC(C)(C)CC2=O)cc1 1 O=C1CCCC(=O)C1C(c1ccccc1)C1C(=O)CCCC1=O 0.6801731 7.8036 0.7183957 0.7184 0.9251134 2.9715 0.9990993 398.4990 0.5000000 0.5000 0.5000000 0.5000 0.5000000 0.5000 1.0000000 1.0000 1.0000000 1.0000 []
 | 31.1214 31.0273 -20.7182 0.0859089 C=C(C)C1CCC(C)(OC(C)=O)C1C=Cc1ccccc1OCC=C(C)C 1 C(=CC1CCCC1)c1ccccc1 0.6988978 7.7229 0.4392826 0.4393 0.7193189 3.9278 0.9997218 368.5170 0.5000000 0.5000 0.5000000 0.5000 0.5000000 0.5000 1.0000000 1.0000 1.0000000 1.0000 []
 | 21.7640 21.9420 -10.7121 0.0935819 C=C1CCCCC1=NNc1ccccc1C(=O)O 1 C=C1CCCCC1=NNc1ccccc1 0.7432055 7.5193 0.8019231 0.8019 0.9619628 2.5359 0.4027172 244.2940 0.5000000 0.5000 0.5000000 0.5000 0.5000000 0.5000 1.0000000 1.0000 1.0000000 1.0000 []
 | 28.7411 28.7245 -23.6608 0.0421983 C=C1CC(=O)C2(OCCCO2)C(OC)=C1OC 1 C=C1C=CC2(OCCCO2)C(=O)C1 0.7267102 7.4026 0.7244350 0.7244 0.6733679 4.0601 0.3377895 240.2550 0.5000000 0.5000 0.5000000 0.5000 0.5000000 0.5000 0.5000000 0.5000 1.0000000 1.0000 []
 | 16.4003 17.0283 -6.9708 0.0838128 Cc1ccccc1NC1=NCCN1 1 c1ccc(NC2=NCCN2)cc1 0.7198873 7.3711 0.6759132 0.6759 0.9771603 2.2162 0.0056830 175.2350 0.5000000 0.5000 0.5000000 0.5000 0.5000000 0.5000 1.0000000 1.0000 1.0000000 1.0000 []
18:30:02 <INFO> Score: 0.16 Agent NLL: 19.16 Valid: 100% Step: 23
 | Agent Prior Target Score SMILES SMILES_state Scaffold DENV_Activity DENV_Activity (raw) Drug_Likeness Drug_Likeness (raw) Synthetic_Accessibility Synthetic_Accessibility (raw) Molecular_Weight Molecular_Weight (raw) Pyrrolidine_Core Pyrrolidine_Core (raw) Cyclobutane_Core Cyclobutane_Core (raw) Amide_Sidechain Amide_Sidechain (raw) Phenyl_Ring Phenyl_Ring (raw) Unwanted_Structures Unwanted_Structures (raw) matchting_patterns (Unwanted_Structures)
 | 7.8567 7.8518 16.0039 0.1987977 CC1=NN(Cc2ccccc2)C(=O)C1C(c1ccc(Cl)cc1)C(C#N)C#N 1 O=C1C(Cc2ccccc2)C=NN1Cc1ccccc1 0.7449591 7.4892 0.7865805 0.7866 0.8408669 3.4878 0.9997980 376.8470 0.5000000 0.5000 0.5000000 0.5000 1.0000000 1.0000 1.0000000 1.0000 1.0000000 1.0000 []
 | 26.8599 26.5294 18.4695 0.3749911 CCOC(=O)C1CC(C(=O)Nc2ccc(Cl)cc2)C2(C)C(=O)Nc3ccccc3C(=O)N12 1 O=C(Nc1ccccc1)C1CCN2C(=O)c3ccccc3NC(=O)C12 0.7106979 7.6705 0.6891690 0.6892 0.8198297 3.5787 0.9546294 455.8980 1.0000000 1.0000 0.5000000 0.5000 1.0000000 1.0000 1.0000000 1.0000 1.0000000 1.0000 []
 | 9.5388 9.1956 -0.5373 0.0721526 Cc1ccc(C(=O)Oc2cc(N)n(S(=O)(=O)c3ccc(C(F)(F)F)cc3)n2)cc1 1 O=C(Oc1ccn(S(=O)(=O)c2ccccc2)n1)c1ccccc1 0.3681518 8.9985 0.6437974 0.6438 0.9652312 2.4792 0.9942570 425.3880 0.5000000 0.5000 0.5000000 0.5000 0.5000000 0.5000 1.0000000 1.0000 1.0000000 1.0000 []
 | 12.0232 11.5601 -3.8056 0.0646215 Nc1cc(OC(=O)c2ccc([N+](=O)[O-])cc2)nn1S(=O)(=O)c1ccc(C(F)(F)F)cc1 1 O=C(Oc1ccn(S(=O)(=O)c2ccccc2)n1)c1ccccc1 0.3677725 9.0000 0.3501240 0.3501 0.9578348 2.6011 0.9532330 456.3580 0.5000000 0.5000 0.5000000 0.5000 0.5000000 0.5000 1.0000000 1.0000 1.0000000 1.0000 []
 | 22.8431 23.6410 -12.1045 0.0961379 CC1OC(OC(=O)Cc2ccccc2)CC(O)C1O 1 O=C(Cc1ccccc1)OC1CCCCO1 0.7386784 7.5410 0.7847346 0.7847 0.8742294 3.3211 0.7550039 266.2930 0.5000000 0.5000 0.5000000 0.5000 0.5000000 0.5000 1.0000000 1.0000 1.0000000 1.0000 []
 | 7.2197 6.9787 16.0307 0.1917456 NS(=O)(=O)c1ccc(-c2ccc(C=C3C(=O)NC(=O)NC3=O)o2)cc1 1 O=C1NC(=O)C(=Cc2ccc(-c3ccccc3)o2)C(=O)N1 0.7457719 7.5068 0.5301831 0.5302 0.9681009 2.4250 0.9995432 361.3350 0.5000000 0.5000 0.5000000 0.5000 1.0000000 1.0000 1.0000000 1.0000 1.0000000 1.0000 []
 | 15.6433 17.4721 30.3955 0.3988972 O=C1C=C(N(Cc2ccccc2)N2C(=O)C=CC2=O)C(=O)c2ccccc21 1 O=C1C=C(N(Cc2ccccc2)N2C(=O)C=CC2=O)C(=O)c2ccccc21 0.7247025 7.3933 0.7842066 0.7842 0.9376407 2.8520 0.9994387 358.3530 1.0000000 1.0000 0.5000000 0.5000 1.0000000 1.0000 1.0000000 1.0000 1.0000000 1.0000 []
 | 8.5227 9.0614 -9.0614 0.0000000 O=C(O)Cn1cc(C=C2C(=O)NC(=O)NC2=O)c2ccccc21 1 O=C1NC(=O)C(=Cc2c[nH]c3ccccc23)C(=O)N1 0.6519088 7.9210 0.5623898 0.5624 0.9682956 2.4212 0.9875125 313.2690 1.0000000 1.0000 0.5000000 0.5000 1.0000000 1.0000 1.0000000 1.0000 1.0000000 1.0000 []
 | 21.9324 23.7978 18.9822 0.3564996 CC(=O)NN1C(=O)CC2(C1=O)c1cc(Cl)ccc1NC(=O)C2Cl 1 O=C1CC2(CC(=O)Nc3ccccc32)C(=O)N1 0.7361090 7.5533 0.5785295 0.5785 0.5796635 4.3046 0.9993473 356.1650 1.0000000 1.0000 0.5000000 0.5000 1.0000000 1.0000 1.0000000 1.0000 1.0000000 1.0000 []
 | 11.5683 11.0415 10.3874 0.1785744 CN(C)c1ccc(C=C2C(=O)NC(=S)NC2=O)cc1[N+](=O)[O-] 1 O=C1NC(=S)NC(=O)C1=Cc1ccccc1 0.7399988 7.4653 0.2773920 0.2774 0.9555507 2.6347 0.9922956 320.3300 0.5000000 0.5000 0.5000000 0.5000 1.0000000 1.0000 1.0000000 1.0000 1.0000000 1.0000 []
18:30:06 <INFO> Score: 0.16 Agent NLL: 19.43 Valid:  98% Step: 24
 | Agent Prior Target Score SMILES SMILES_state Scaffold DENV_Activity DENV_Activity (raw) Drug_Likeness Drug_Likeness (raw) Synthetic_Accessibility Synthetic_Accessibility (raw) Molecular_Weight Molecular_Weight (raw) Pyrrolidine_Core Pyrrolidine_Core (raw) Cyclobutane_Core Cyclobutane_Core (raw) Amide_Sidechain Amide_Sidechain (raw) Phenyl_Ring Phenyl_Ring (raw) Unwanted_Structures Unwanted_Structures (raw) matchting_patterns (Unwanted_Structures)
 | 14.5274 15.0874 33.0827 0.4014181 O=C(O)CN1C(=O)C(=O)c2cc(Br)ccc21 1 O=C1Nc2ccccc2C1=O 0.7259318 7.6010 0.8240075 0.8240 0.9820046 2.0683 0.9131824 284.0650 1.0000000 1.0000 0.5000000 0.5000 1.0000000 1.0000 1.0000000 1.0000 1.0000000 1.0000 []
 | 21.3825 22.4409 -12.1284 0.0859374 CCCCC(=O)Sc1ccc(S(=O)(=O)Nc2ccccc2S(N)(=O)=O)cc1[N+](=O)[O-] 1 O=S(=O)(Nc1ccccc1)c1ccccc1 0.7035697 7.7023 0.3183536 0.3184 0.9582531 2.5948 0.8613832 473.5540 0.5000000 0.5000 0.5000000 0.5000 0.5000000 0.5000 1.0000000 1.0000 1.0000000 1.0000 []
 | 27.9156 27.4274 -11.7800 0.1303946 CCCCC1C(C(=O)OCC)C(COC(C)=O)=C(C(=O)OCC)N2C(=O)C(NC(=O)C(C)CC)=C(Cl)C12 1 O=C1C=CC2CCC=CN12 0.6798555 7.8050 0.2950551 0.2951 0.5607818 4.3514 0.0554612 541.0410 1.0000000 1.0000 0.5000000 0.5000 1.0000000 1.0000 0.5000000 0.5000 1.0000000 1.0000 []
 | 20.1873 20.1107 -9.8519 0.0854899 COc1cc(CC#N)ccc1O 1 c1ccccc1 0.7289411 7.4130 0.7177276 0.7177 0.9839073 1.9991 0.0024786 163.1760 0.5000000 0.5000 0.5000000 0.5000 0.5000000 0.5000 1.0000000 1.0000 1.0000000 1.0000 []
 | 27.4561 27.4161 15.1247 0.3545069 CC1(CC(=O)NC(Cc2ccccc2)C(O)C2CC(O)CN2)CCCc2ccccc21 1 O=C(CC1CCCc2ccccc21)NC(Cc1ccccc1)CC1CCCN1 0.7028580 7.7055 0.5526488 0.5526 0.7128634 3.9471 0.9952684 422.5690 1.0000000 1.0000 0.5000000 0.5000 1.0000000 1.0000 1.0000000 1.0000 1.0000000 1.0000 []
 | 22.7496 22.9944 -17.9196 0.0422899 CCOC(=O)c1c([N+](=O)[O-])nn2c1C(C)(C)C1C=C(C)CCC1C2(C)C 1 C1=CC2Cc3ccnn3CC2CC1 0.7386528 7.5412 0.3517757 0.3518 0.6079862 4.2332 0.9995465 361.4420 0.5000000 0.5000 0.5000000 0.5000 0.5000000 0.5000 0.5000000 0.5000 1.0000000 1.0000 []
 | 30.9650 31.6591 -25.8780 0.0481759 CCCCn1c(=CSC)c(=O)n(O)c(=O)c1=CC(C)C 1 C=c1[nH]c(=C)c(=O)[nH]c1=O 0.7193507 7.6313 0.8079955 0.8080 0.7710066 3.7619 0.9659047 298.4080 0.5000000 0.5000 0.5000000 0.5000 0.5000000 0.5000 0.5000000 0.5000 1.0000000 1.0000 []
 | 24.2244 23.8494 -12.3272 0.0960182 COc1ccc(C(=O)c2cc(O)ccc2O)c2ccccc12 1 O=C(c1ccccc1)c1cccc2ccccc12 0.7379869 7.4557 0.5729596 0.5730 0.9849059 1.9596 0.9552358 294.3060 0.5000000 0.5000 0.5000000 0.5000 0.5000000 0.5000 1.0000000 1.0000 1.0000000 1.0000 []
 | 20.5041 21.1824 28.1703 0.4112728 O=C(C=Cc1ccc(F)cc1)Nc1cccc2c1CNC2=O 1 O=C(C=Cc1ccccc1)Nc1cccc2c1CNC2=O 0.7427217 7.5216 0.8556316 0.8556 0.9768584 2.2244 0.9607725 296.3010 1.0000000 1.0000 0.5000000 0.5000 1.0000000 1.0000 1.0000000 1.0000 1.0000000 1.0000 []
 | 11.5725 11.7709 11.8104 0.1965110 O=C1NC(=O)C(=Cc2ccc(Oc3ccccc3)cc2)C(=O)N1 1 O=C1NC(=O)C(=Cc2ccc(Oc3ccccc3)cc2)C(=O)N1 0.7322208 7.5717 0.6724390 0.6724 0.9825603 2.0489 0.9824800 308.2930 0.5000000 0.5000 0.5000000 0.5000 1.0000000 1.0000 1.0000000 1.0000 1.0000000 1.0000 []
