18:36:17 <INFO> Started REINVENT 4.6.27 (C) AstraZeneca 2017, 2023 on 2025-10-04
18:36:17 <INFO> Command line: /home/cheriong/miniconda3/envs/reinvent4-gpu/bin/reinvent config.toml
18:36:17 <INFO> Reading run configuration from /mnt/c/Users/ucsaheu/python_projects/DENV_Drug_Discovery/05_Generative_AI_REINVENT/REINVENT4-main/experiments/runs/run2_corrected_smarts/config.toml using format toml
18:36:17 <INFO> User cheriong on host CS00050812
18:36:17 <INFO> Python version 3.10.18
18:36:17 <INFO> PyTorch version 2.5.1, git a8d6afb511a69687bbb2b7e88a3cf67917e1697e
18:36:17 <INFO> PyTorch compiled with CUDA version 11.8
18:36:17 <INFO> RDKit version 2025.03.2
18:36:17 <INFO> Platform Linux-5.10.102.1-microsoft-standard-WSL2-x86_64-with-glibc2.39
18:36:18 <INFO> Number of PyTorch CUDA devices 1
18:36:18 <WARN> 'use_cuda' is deprecated, use 'device' instead
18:36:18 <INFO> Using CUDA device:0 NVIDIA T1200 Laptop GPU
18:36:19 <INFO> GPU memory: 3295 MiB free, 4095 MiB total
18:36:19 <INFO> Writing TensorBoard summary to /mnt/c/Users/ucsaheu/python_projects/DENV_Drug_Discovery/05_Generative_AI_REINVENT/REINVENT4-main/experiments/runs/run2_corrected_smarts/tb_run2_corrected
18:36:19 <INFO> Writing JSON config file to /mnt/c/Users/ucsaheu/python_projects/DENV_Drug_Discovery/05_Generative_AI_REINVENT/REINVENT4-main/experiments/runs/run2_corrected_smarts/_run2_corrected.json
18:36:19 <INFO> Starting 1 stage of Reinforcement Learning
18:36:19 <INFO> /mnt/c/Users/ucsaheu/python_projects/DENV_Drug_Discovery/05_Generative_AI_REINVENT/REINVENT4-main/priors/denv_ultra_clean_model.model has valid hash:
{ 'comments': ['TL'],
  'creation_date': 0,
  'date_format': 'UNIX epoch',
  'hash_id': 'aa84c49218d99ea72a8ba83042edd9fb',
  'hash_id_format': 'xxhash.xxh3_128_hex 3.5.0',
  'model_id': '55d68f8a81c04f5a86304ebe1723a0ea',
  'model_id_format': 'uuid.uuid4 3.10.12',
  'origina_data_source': 'ChEMBL 25',
  'updates': [1759055541.6721017]}
18:36:19 <INFO> Number of network parameters: 5,805,602
18:36:19 <INFO> Network architecture:
RNN(
  (_embedding): Embedding(34, 256)
  (_rnn): LSTM(256, 512, num_layers=3, batch_first=True)
  (_linear): Linear(in_features=512, out_features=34, bias=True)
)
18:36:19 <INFO> /mnt/c/Users/ucsaheu/python_projects/DENV_Drug_Discovery/05_Generative_AI_REINVENT/REINVENT4-main/priors/denv_ultra_clean_model.model has valid hash:
{ 'comments': ['TL'],
  'creation_date': 0,
  'date_format': 'UNIX epoch',
  'hash_id': 'aa84c49218d99ea72a8ba83042edd9fb',
  'hash_id_format': 'xxhash.xxh3_128_hex 3.5.0',
  'model_id': '55d68f8a81c04f5a86304ebe1723a0ea',
  'model_id_format': 'uuid.uuid4 3.10.12',
  'origina_data_source': 'ChEMBL 25',
  'updates': [1759055541.6721017]}
18:36:19 <INFO> Number of network parameters: 5,805,602
18:36:19 <INFO> Network architecture:
RNN(
  (_embedding): Embedding(34, 256)
  (_rnn): LSTM(256, 512, num_layers=3, batch_first=True)
  (_linear): Linear(in_features=512, out_features=34, bias=True)
)
18:36:19 <INFO> Using generator Reinvent
18:36:19 <INFO> Prior read from ../../../priors/denv_ultra_clean_model.model
18:36:19 <INFO> Agent read from ../../../priors/denv_ultra_clean_model.model
18:36:19 <INFO> Using reward strategy dap
18:36:19 <INFO> Using diversity filter IdenticalMurckoScaffold
18:36:19 <INFO> Purging diversity filter memories after each stage
18:36:19 <INFO> Inception SMILES read from ../../../data/denv_scaffolds_training.smi
18:36:19 <INFO> Global SMILES deduplication for inception memory
18:36:19 <INFO> Using inception memory
18:36:19 <ERRO> Component reinvent_plugins.components.OpenEye.comp_rocs could not be imported: No module named 'openeye'
18:36:19 <INFO> Registered scoring component GroupCount
18:36:19 <INFO> Registered scoring component FragmentQed
18:36:19 <INFO> Registered scoring component FragmentSlogP
18:36:19 <INFO> Registered scoring component FragmentMolecularWeight
18:36:19 <INFO> Registered scoring component FragmentTPSA
18:36:19 <INFO> Registered scoring component FragmentDistanceMatrix
18:36:19 <INFO> Registered scoring component FragmentNumAtomStereoCenters
18:36:19 <INFO> Registered scoring component FragmentHBondAcceptors
18:36:19 <INFO> Registered scoring component FragmentHBondDonors
18:36:19 <INFO> Registered scoring component FragmentNumRotBond
18:36:19 <INFO> Registered scoring component FragmentCsp3
18:36:19 <INFO> Registered scoring component Fragmentnumsp
18:36:19 <INFO> Registered scoring component Fragmentnumsp2
18:36:19 <INFO> Registered scoring component Fragmentnumsp3
18:36:19 <INFO> Registered scoring component FragmentEffectiveLength
18:36:19 <INFO> Registered scoring component FragmentGraphLength
18:36:19 <INFO> Registered scoring component FragmentLengthRatio
18:36:19 <INFO> Registered scoring component FragmentNumHeavyAtoms
18:36:19 <INFO> Registered scoring component FragmentNumHeteroAtoms
18:36:19 <INFO> Registered scoring component FragmentNumRings
18:36:19 <INFO> Registered scoring component FragmentNumAromaticRings
18:36:19 <INFO> Registered scoring component FragmentNumAliphaticRings
18:36:19 <INFO> Registered scoring component FragmentSlogP
18:36:19 <INFO> Registered scoring component MatchingSubstructure
18:36:19 <INFO> Registered scoring component MolVolume
18:36:19 <INFO> Registered scoring component Qed
18:36:19 <INFO> Registered scoring component LargestRingSize
18:36:19 <INFO> Registered scoring component MolecularWeight
18:36:19 <INFO> Registered scoring component GraphLength
18:36:19 <INFO> Registered scoring component NumAtomStereoCenters
18:36:19 <INFO> Registered scoring component HBondAcceptors
18:36:19 <INFO> Registered scoring component HBondDonors
18:36:19 <INFO> Registered scoring component NumRotBond
18:36:19 <INFO> Registered scoring component Csp3
18:36:19 <INFO> Registered scoring component numsp
18:36:19 <INFO> Registered scoring component numsp2
18:36:19 <INFO> Registered scoring component numsp3
18:36:19 <INFO> Registered scoring component NumHeavyAtoms
18:36:19 <INFO> Registered scoring component NumHeteroAtoms
18:36:19 <INFO> Registered scoring component NumRings
18:36:19 <INFO> Registered scoring component NumAromaticRings
18:36:19 <INFO> Registered scoring component NumAliphaticRings
18:36:19 <INFO> Registered scoring component SlogP
18:36:19 <INFO> Registered scoring component LargestRingSize
18:36:19 <INFO> Registered scoring component PMI
18:36:19 <INFO> Registered scoring component RDKitDescriptors
18:36:19 <INFO> Registered scoring component TanimotoSimilarity
18:36:19 <INFO> Registered scoring component TanimotoDistance
18:36:19 <INFO> Registered scoring component TPSA
18:36:19 <INFO> Registered scoring component SAScore
18:36:19 <INFO> Registered scoring component Cazp
18:36:19 <INFO> Registered scoring component ChemProp
18:36:19 <INFO> Registered scoring component CustomAlerts
18:36:19 <INFO> Registered scoring component DockStream
18:36:19 <INFO> Registered scoring component ExternalProcess
18:36:19 <INFO> Registered scoring component REST
18:36:19 <INFO> Registered scoring component Icolos
18:36:19 <INFO> Registered scoring component Maize
18:36:19 <INFO> Registered scoring component MMP
18:36:19 <INFO> Registered scoring component Qptuna
18:36:19 <INFO> Registered scoring component QSARScorer
18:36:20 <INFO> Registered scoring component ReactionFilter
18:36:20 <INFO> Registered scoring component ScaffoldMatcher
18:36:20 <INFO> Registered scoring component RingPrecedence
Traceback (most recent call last):
  File "/home/cheriong/miniconda3/envs/reinvent4-gpu/bin/reinvent", line 7, in <module>
    sys.exit(main_script())
  File "/mnt/c/Users/ucsaheu/python_projects/DENV_Drug_Discovery/05_Generative_AI_REINVENT/REINVENT4-main/reinvent/Reinvent.py", line 194, in main_script
    main(args)
  File "/mnt/c/Users/ucsaheu/python_projects/DENV_Drug_Discovery/05_Generative_AI_REINVENT/REINVENT4-main/reinvent/Reinvent.py", line 163, in main
    runner(
  File "/mnt/c/Users/ucsaheu/python_projects/DENV_Drug_Discovery/05_Generative_AI_REINVENT/REINVENT4-main/reinvent/runmodes/RL/run_staged_learning.py", line 298, in run_staged_learning
    packages = create_packages(reward_strategy, stages, rdkit_smiles_flags2)
  File "/mnt/c/Users/ucsaheu/python_projects/DENV_Drug_Discovery/05_Generative_AI_REINVENT/REINVENT4-main/reinvent/runmodes/RL/run_staged_learning.py", line 158, in create_packages
    scoring_function = Scorer(stage.scoring)
  File "/mnt/c/Users/ucsaheu/python_projects/DENV_Drug_Discovery/05_Generative_AI_REINVENT/REINVENT4-main/reinvent/scoring/scorer.py", line 103, in __init__
    self.components = get_components(config.component)
  File "/mnt/c/Users/ucsaheu/python_projects/DENV_Drug_Discovery/05_Generative_AI_REINVENT/REINVENT4-main/reinvent/scoring/config.py", line 99, in get_components
    component = Component(component_params)
  File "/mnt/c/Users/ucsaheu/python_projects/DENV_Drug_Discovery/05_Generative_AI_REINVENT/REINVENT4-main/reinvent_plugins/components/RDKit/comp_matching_substructure.py", line 50, in __init__
    raise ValueError(f"{__name__}: no valid SMARTS patterns found")
ValueError: reinvent_plugins.components.RDKit.comp_matching_substructure: no valid SMARTS patterns found
