18:13:21 <INFO> Started REINVENT 4.6.27 (C) AstraZeneca 2017, 2023 on 2025-10-04
18:13:21 <INFO> Command line: /home/cheriong/miniconda3/envs/reinvent4-gpu/bin/reinvent config.toml
18:13:21 <INFO> Reading run configuration from /mnt/c/Users/ucsaheu/python_projects/DENV_Drug_Discovery/05_Generative_AI_REINVENT/REINVENT4-main/experiments/runs/run2_corrected_smarts/config.toml using format toml
18:13:21 <INFO> User cheriong on host CS00050812
18:13:21 <INFO> Python version 3.10.18
18:13:21 <INFO> PyTorch version 2.5.1, git a8d6afb511a69687bbb2b7e88a3cf67917e1697e
18:13:21 <INFO> PyTorch compiled with CUDA version 11.8
18:13:21 <INFO> RDKit version 2025.03.2
18:13:21 <INFO> Platform Linux-5.10.102.1-microsoft-standard-WSL2-x86_64-with-glibc2.39
18:13:22 <INFO> Number of PyTorch CUDA devices 1
18:13:22 <WARN> 'use_cuda' is deprecated, use 'device' instead
18:13:22 <INFO> Using CUDA device:0 NVIDIA T1200 Laptop GPU
18:13:22 <INFO> GPU memory: 3295 MiB free, 4095 MiB total
18:13:22 <INFO> Writing TensorBoard summary to /mnt/c/Users/ucsaheu/python_projects/DENV_Drug_Discovery/05_Generative_AI_REINVENT/REINVENT4-main/experiments/runs/run2_corrected_smarts/tb_run2_corrected
18:13:22 <INFO> Writing JSON config file to /mnt/c/Users/ucsaheu/python_projects/DENV_Drug_Discovery/05_Generative_AI_REINVENT/REINVENT4-main/experiments/runs/run2_corrected_smarts/_run2_corrected.json
18:13:22 <INFO> Starting 1 stage of Reinforcement Learning
18:13:22 <CRIT> model file /mnt/c/Users/ucsaheu/python_projects/DENV_Drug_Discovery/05_Generative_AI_REINVENT/REINVENT4-main/experiments/runs/run2_corrected_smarts/priors/denv_ultra_clean_model.model is not accessible
Traceback (most recent call last):
  File "/home/cheriong/miniconda3/envs/reinvent4-gpu/bin/reinvent", line 7, in <module>
    sys.exit(main_script())
  File "/mnt/c/Users/ucsaheu/python_projects/DENV_Drug_Discovery/05_Generative_AI_REINVENT/REINVENT4-main/reinvent/Reinvent.py", line 194, in main_script
    main(args)
  File "/mnt/c/Users/ucsaheu/python_projects/DENV_Drug_Discovery/05_Generative_AI_REINVENT/REINVENT4-main/reinvent/Reinvent.py", line 163, in main
    runner(
  File "/mnt/c/Users/ucsaheu/python_projects/DENV_Drug_Discovery/05_Generative_AI_REINVENT/REINVENT4-main/reinvent/runmodes/RL/run_staged_learning.py", line 237, in run_staged_learning
    adapter, _, model_type = create_adapter(prior_model_filename, "inference", device)
  File "/mnt/c/Users/ucsaheu/python_projects/DENV_Drug_Discovery/05_Generative_AI_REINVENT/REINVENT4-main/reinvent/runmodes/create_adapter.py", line 30, in create_adapter
    dict_filename = resolve_model_filename(dict_filename)
  File "/mnt/c/Users/ucsaheu/python_projects/DENV_Drug_Discovery/05_Generative_AI_REINVENT/REINVENT4-main/reinvent/runmodes/create_adapter.py", line 81, in resolve_model_filename
    raise RuntimeError(msg)
RuntimeError: model file /mnt/c/Users/ucsaheu/python_projects/DENV_Drug_Discovery/05_Generative_AI_REINVENT/REINVENT4-main/experiments/runs/run2_corrected_smarts/priors/denv_ultra_clean_model.model is not accessible
